Building DAG of jobs...
Provided cores: 4
Rules claiming more threads will be scaled down.
Job stats:
job               count
--------------  -------
all                   1
inst_cap_table       56
total                57

Select jobs to execute...

[Wed Jun 12 20:07:57 2024]
rule inst_cap_table:
    input: resources/DE_20_1.0_wind_0.25_90_inv.nc
    output: results/data/DE/wind/DE_20_1.0_wind_0.25_90_inv.csv
    jobid: 20
    reason: Missing output files: results/data/DE/wind/DE_20_1.0_wind_0.25_90_inv.csv
    wildcards: country=DE, contingency=wind, buses=20, transmission_limit=1.0, reductionto=0.25, duration=90, model=inv
    resources: tmpdir=C:\Users\Jeremy\AppData\Local\Temp


[Wed Jun 12 20:07:57 2024]
rule inst_cap_table:
    input: resources/DE_20_1.5_wind_0.5_90_noinv.nc
    output: results/data/DE/wind/DE_20_1.5_wind_0.5_90_noinv.csv
    jobid: 135
    reason: Missing output files: results/data/DE/wind/DE_20_1.5_wind_0.5_90_noinv.csv
    wildcards: country=DE, contingency=wind, buses=20, transmission_limit=1.5, reductionto=0.5, duration=90, model=noinv
    resources: tmpdir=C:\Users\Jeremy\AppData\Local\Temp


[Wed Jun 12 20:07:57 2024]
rule inst_cap_table:
    input: resources/DE_20_1.0_wind_0.5_180_inv.nc
    output: results/data/DE/wind/DE_20_1.0_wind_0.5_180_inv.csv
    jobid: 28
    reason: Missing output files: results/data/DE/wind/DE_20_1.0_wind_0.5_180_inv.csv
    wildcards: country=DE, contingency=wind, buses=20, transmission_limit=1.0, reductionto=0.5, duration=180, model=inv
    resources: tmpdir=C:\Users\Jeremy\AppData\Local\Temp


[Wed Jun 12 20:07:57 2024]
rule inst_cap_table:
    input: resources/DE_20_1.0_wind_0.5_270_inv.nc
    output: results/data/DE/wind/DE_20_1.0_wind_0.5_270_inv.csv
    jobid: 30
    reason: Missing output files: results/data/DE/wind/DE_20_1.0_wind_0.5_270_inv.csv
    wildcards: country=DE, contingency=wind, buses=20, transmission_limit=1.0, reductionto=0.5, duration=270, model=inv
    resources: tmpdir=C:\Users\Jeremy\AppData\Local\Temp

[Wed Jun 12 20:08:06 2024]
Finished job 135.
1 of 57 steps (2%) done
Select jobs to execute...

[Wed Jun 12 20:08:06 2024]
rule inst_cap_table:
    input: resources/DE_20_1.0_wind_0.75_180_inv.nc
    output: results/data/DE/wind/DE_20_1.0_wind_0.75_180_inv.csv
    jobid: 34
    reason: Missing output files: results/data/DE/wind/DE_20_1.0_wind_0.75_180_inv.csv
    wildcards: country=DE, contingency=wind, buses=20, transmission_limit=1.0, reductionto=0.75, duration=180, model=inv
    resources: tmpdir=C:\Users\Jeremy\AppData\Local\Temp

[Wed Jun 12 20:08:06 2024]
Finished job 20.
2 of 57 steps (4%) done
Select jobs to execute...

[Wed Jun 12 20:08:06 2024]
rule inst_cap_table:
    input: resources/DE_20_1.5_wind_0.75_90_inv.nc
    output: results/data/DE/wind/DE_20_1.5_wind_0.75_90_inv.csv
    jobid: 105
    reason: Missing output files: results/data/DE/wind/DE_20_1.5_wind_0.75_90_inv.csv
    wildcards: country=DE, contingency=wind, buses=20, transmission_limit=1.5, reductionto=0.75, duration=90, model=inv
    resources: tmpdir=C:\Users\Jeremy\AppData\Local\Temp

[Wed Jun 12 20:08:06 2024]
Finished job 28.
3 of 57 steps (5%) done
Select jobs to execute...

[Wed Jun 12 20:08:06 2024]
rule inst_cap_table:
    input: resources/DE_20_1.5_pv_0.5_90_noinv.nc
    output: results/data/DE/pv/DE_20_1.5_pv_0.5_90_noinv.csv
    jobid: 123
    reason: Missing output files: results/data/DE/pv/DE_20_1.5_pv_0.5_90_noinv.csv
    wildcards: country=DE, contingency=pv, buses=20, transmission_limit=1.5, reductionto=0.5, duration=90, model=noinv
    resources: tmpdir=C:\Users\Jeremy\AppData\Local\Temp

[Wed Jun 12 20:08:06 2024]
Finished job 30.
4 of 57 steps (7%) done
Select jobs to execute...

[Wed Jun 12 20:08:06 2024]
rule inst_cap_table:
    input: resources/DE_20_1.0_wind_0.25_180_inv.nc
    output: results/data/DE/wind/DE_20_1.0_wind_0.25_180_inv.csv
    jobid: 22
    reason: Missing output files: results/data/DE/wind/DE_20_1.0_wind_0.25_180_inv.csv
    wildcards: country=DE, contingency=wind, buses=20, transmission_limit=1.0, reductionto=0.25, duration=180, model=inv
    resources: tmpdir=C:\Users\Jeremy\AppData\Local\Temp

[Wed Jun 12 20:08:14 2024]
Finished job 34.
5 of 57 steps (9%) done
Select jobs to execute...

[Wed Jun 12 20:08:14 2024]
rule inst_cap_table:
    input: resources/DE_20_1.5_wind_0.75_180_inv.nc
    output: results/data/DE/wind/DE_20_1.5_wind_0.75_180_inv.csv
    jobid: 107
    reason: Missing output files: results/data/DE/wind/DE_20_1.5_wind_0.75_180_inv.csv
    wildcards: country=DE, contingency=wind, buses=20, transmission_limit=1.5, reductionto=0.75, duration=180, model=inv
    resources: tmpdir=C:\Users\Jeremy\AppData\Local\Temp

[Wed Jun 12 20:08:14 2024]
Finished job 105.
6 of 57 steps (11%) done
Select jobs to execute...

[Wed Jun 12 20:08:14 2024]
rule inst_cap_table:
    input: resources/DE_20_1.0_pv_0.5_180_inv.nc
    output: results/data/DE/pv/DE_20_1.0_pv_0.5_180_inv.csv
    jobid: 16
    reason: Missing output files: results/data/DE/pv/DE_20_1.0_pv_0.5_180_inv.csv
    wildcards: country=DE, contingency=pv, buses=20, transmission_limit=1.0, reductionto=0.5, duration=180, model=inv
    resources: tmpdir=C:\Users\Jeremy\AppData\Local\Temp

[Wed Jun 12 20:08:14 2024]
Finished job 22.
7 of 57 steps (12%) done
Select jobs to execute...

[Wed Jun 12 20:08:14 2024]
rule inst_cap_table:
    input: resources/DE_20_1.5_pv_0_90_noinv.nc
    output: results/data/DE/pv/DE_20_1.5_pv_0_90_noinv.csv
    jobid: 111
    reason: Missing output files: results/data/DE/pv/DE_20_1.5_pv_0_90_noinv.csv
    wildcards: country=DE, contingency=pv, buses=20, transmission_limit=1.5, reductionto=0, duration=90, model=noinv
    resources: tmpdir=C:\Users\Jeremy\AppData\Local\Temp

[Wed Jun 12 20:08:14 2024]
Finished job 123.
8 of 57 steps (14%) done
Select jobs to execute...

[Wed Jun 12 20:08:14 2024]
rule inst_cap_table:
    input: resources/DE_20_1.5_wind_0.25_90_inv.nc
    output: results/data/DE/wind/DE_20_1.5_wind_0.25_90_inv.csv
    jobid: 93
    reason: Missing output files: results/data/DE/wind/DE_20_1.5_wind_0.25_90_inv.csv
    wildcards: country=DE, contingency=wind, buses=20, transmission_limit=1.5, reductionto=0.25, duration=90, model=inv
    resources: tmpdir=C:\Users\Jeremy\AppData\Local\Temp

[Wed Jun 12 20:08:22 2024]
Finished job 107.
9 of 57 steps (16%) done
Select jobs to execute...

[Wed Jun 12 20:08:22 2024]
rule inst_cap_table:
    input: resources/DE_20_1.5_wind_0.75_90_noinv.nc
    output: results/data/DE/wind/DE_20_1.5_wind_0.75_90_noinv.csv
    jobid: 141
    reason: Missing output files: results/data/DE/wind/DE_20_1.5_wind_0.75_90_noinv.csv
    wildcards: country=DE, contingency=wind, buses=20, transmission_limit=1.5, reductionto=0.75, duration=90, model=noinv
    resources: tmpdir=C:\Users\Jeremy\AppData\Local\Temp

[Wed Jun 12 20:08:22 2024]
Finished job 16.
10 of 57 steps (18%) done
Select jobs to execute...

[Wed Jun 12 20:08:22 2024]
rule inst_cap_table:
    input: resources/DE_20_1.5_wind_0.5_270_inv.nc
    output: results/data/DE/wind/DE_20_1.5_wind_0.5_270_inv.csv
    jobid: 103
    reason: Missing output files: results/data/DE/wind/DE_20_1.5_wind_0.5_270_inv.csv
    wildcards: country=DE, contingency=wind, buses=20, transmission_limit=1.5, reductionto=0.5, duration=270, model=inv
    resources: tmpdir=C:\Users\Jeremy\AppData\Local\Temp

[Wed Jun 12 20:08:23 2024]
Finished job 111.
11 of 57 steps (19%) done
Select jobs to execute...

[Wed Jun 12 20:08:23 2024]
rule inst_cap_table:
    input: resources/DE_20_1.5_pv_0.25_180_inv.nc
    output: results/data/DE/pv/DE_20_1.5_pv_0.25_180_inv.csv
    jobid: 83
    reason: Missing output files: results/data/DE/pv/DE_20_1.5_pv_0.25_180_inv.csv
    wildcards: country=DE, contingency=pv, buses=20, transmission_limit=1.5, reductionto=0.25, duration=180, model=inv
    resources: tmpdir=C:\Users\Jeremy\AppData\Local\Temp

[Wed Jun 12 20:08:23 2024]
Finished job 93.
12 of 57 steps (21%) done
Select jobs to execute...

[Wed Jun 12 20:08:23 2024]
rule inst_cap_table:
    input: resources/DE_20_1.5_pv_0_180_noinv.nc
    output: results/data/DE/pv/DE_20_1.5_pv_0_180_noinv.csv
    jobid: 113
    reason: Missing output files: results/data/DE/pv/DE_20_1.5_pv_0_180_noinv.csv
    wildcards: country=DE, contingency=pv, buses=20, transmission_limit=1.5, reductionto=0, duration=180, model=noinv
    resources: tmpdir=C:\Users\Jeremy\AppData\Local\Temp

[Wed Jun 12 20:08:31 2024]
Finished job 103.
13 of 57 steps (23%) done
Select jobs to execute...

[Wed Jun 12 20:08:31 2024]
rule inst_cap_table:
    input: resources/DE_20_1.5_pv_0_270_inv.nc
    output: results/data/DE/pv/DE_20_1.5_pv_0_270_inv.csv
    jobid: 79
    reason: Missing output files: results/data/DE/pv/DE_20_1.5_pv_0_270_inv.csv
    wildcards: country=DE, contingency=pv, buses=20, transmission_limit=1.5, reductionto=0, duration=270, model=inv
    resources: tmpdir=C:\Users\Jeremy\AppData\Local\Temp

[Wed Jun 12 20:08:31 2024]
Finished job 141.
14 of 57 steps (25%) done
Select jobs to execute...

[Wed Jun 12 20:08:31 2024]
rule inst_cap_table:
    input: resources/DE_20_1.5_pv_0.5_270_noinv.nc
    output: results/data/DE/pv/DE_20_1.5_pv_0.5_270_noinv.csv
    jobid: 127
    reason: Missing output files: results/data/DE/pv/DE_20_1.5_pv_0.5_270_noinv.csv
    wildcards: country=DE, contingency=pv, buses=20, transmission_limit=1.5, reductionto=0.5, duration=270, model=noinv
    resources: tmpdir=C:\Users\Jeremy\AppData\Local\Temp

[Wed Jun 12 20:08:31 2024]
Finished job 83.
15 of 57 steps (26%) done
Select jobs to execute...

[Wed Jun 12 20:08:31 2024]
rule inst_cap_table:
    input: resources/DE_20_1.5_wind_0.75_270_inv.nc
    output: results/data/DE/wind/DE_20_1.5_wind_0.75_270_inv.csv
    jobid: 109
    reason: Missing output files: results/data/DE/wind/DE_20_1.5_wind_0.75_270_inv.csv
    wildcards: country=DE, contingency=wind, buses=20, transmission_limit=1.5, reductionto=0.75, duration=270, model=inv
    resources: tmpdir=C:\Users\Jeremy\AppData\Local\Temp

[Wed Jun 12 20:08:31 2024]
Finished job 113.
16 of 57 steps (28%) done
Select jobs to execute...

[Wed Jun 12 20:08:31 2024]
rule inst_cap_table:
    input: resources/DE_20_1.5_wind_0.25_270_noinv.nc
    output: results/data/DE/wind/DE_20_1.5_wind_0.25_270_noinv.csv
    jobid: 133
    reason: Missing output files: results/data/DE/wind/DE_20_1.5_wind_0.25_270_noinv.csv
    wildcards: country=DE, contingency=wind, buses=20, transmission_limit=1.5, reductionto=0.25, duration=270, model=noinv
    resources: tmpdir=C:\Users\Jeremy\AppData\Local\Temp

[Wed Jun 12 20:08:39 2024]
Finished job 79.
17 of 57 steps (30%) done
Select jobs to execute...

[Wed Jun 12 20:08:39 2024]
rule inst_cap_table:
    input: resources/DE_20_1.0_pv_0_270_noinv.nc
    output: results/data/DE/pv/DE_20_1.0_pv_0_270_noinv.csv
    jobid: 42
    reason: Missing output files: results/data/DE/pv/DE_20_1.0_pv_0_270_noinv.csv
    wildcards: country=DE, contingency=pv, buses=20, transmission_limit=1.0, reductionto=0, duration=270, model=noinv
    resources: tmpdir=C:\Users\Jeremy\AppData\Local\Temp

[Wed Jun 12 20:08:39 2024]
Finished job 127.
18 of 57 steps (32%) done
Select jobs to execute...

[Wed Jun 12 20:08:39 2024]
rule inst_cap_table:
    input: resources/DE_20_1.5_pv_0.5_270_inv.nc
    output: results/data/DE/pv/DE_20_1.5_pv_0.5_270_inv.csv
    jobid: 91
    reason: Missing output files: results/data/DE/pv/DE_20_1.5_pv_0.5_270_inv.csv
    wildcards: country=DE, contingency=pv, buses=20, transmission_limit=1.5, reductionto=0.5, duration=270, model=inv
    resources: tmpdir=C:\Users\Jeremy\AppData\Local\Temp

[Wed Jun 12 20:08:40 2024]
Finished job 109.
19 of 57 steps (33%) done
Select jobs to execute...

[Wed Jun 12 20:08:40 2024]
rule inst_cap_table:
    input: resources/DE_20_1.0_wind_0.5_90_inv.nc
    output: results/data/DE/wind/DE_20_1.0_wind_0.5_90_inv.csv
    jobid: 26
    reason: Missing output files: results/data/DE/wind/DE_20_1.0_wind_0.5_90_inv.csv
    wildcards: country=DE, contingency=wind, buses=20, transmission_limit=1.0, reductionto=0.5, duration=90, model=inv
    resources: tmpdir=C:\Users\Jeremy\AppData\Local\Temp

[Wed Jun 12 20:08:40 2024]
Finished job 133.
20 of 57 steps (35%) done
Select jobs to execute...

[Wed Jun 12 20:08:40 2024]
rule inst_cap_table:
    input: resources/DE_20_1.5_wind_0.5_180_noinv.nc
    output: results/data/DE/wind/DE_20_1.5_wind_0.5_180_noinv.csv
    jobid: 137
    reason: Missing output files: results/data/DE/wind/DE_20_1.5_wind_0.5_180_noinv.csv
    wildcards: country=DE, contingency=wind, buses=20, transmission_limit=1.5, reductionto=0.5, duration=180, model=noinv
    resources: tmpdir=C:\Users\Jeremy\AppData\Local\Temp

[Wed Jun 12 20:08:48 2024]
Finished job 42.
21 of 57 steps (37%) done
Select jobs to execute...

[Wed Jun 12 20:08:48 2024]
rule inst_cap_table:
    input: resources/DE_20_1.5_pv_0_90_inv.nc
    output: results/data/DE/pv/DE_20_1.5_pv_0_90_inv.csv
    jobid: 74
    reason: Missing output files: results/data/DE/pv/DE_20_1.5_pv_0_90_inv.csv
    wildcards: country=DE, contingency=pv, buses=20, transmission_limit=1.5, reductionto=0, duration=90, model=inv
    resources: tmpdir=C:\Users\Jeremy\AppData\Local\Temp

[Wed Jun 12 20:08:48 2024]
Finished job 91.
22 of 57 steps (39%) done
Select jobs to execute...

[Wed Jun 12 20:08:48 2024]
rule inst_cap_table:
    input: resources/DE_20_1.5_wind_0.25_270_inv.nc
    output: results/data/DE/wind/DE_20_1.5_wind_0.25_270_inv.csv
    jobid: 97
    reason: Missing output files: results/data/DE/wind/DE_20_1.5_wind_0.25_270_inv.csv
    wildcards: country=DE, contingency=wind, buses=20, transmission_limit=1.5, reductionto=0.25, duration=270, model=inv
    resources: tmpdir=C:\Users\Jeremy\AppData\Local\Temp

[Wed Jun 12 20:08:48 2024]
Finished job 26.
23 of 57 steps (40%) done
Select jobs to execute...

[Wed Jun 12 20:08:48 2024]
rule inst_cap_table:
    input: resources/DE_20_1.5_wind_0.5_90_inv.nc
    output: results/data/DE/wind/DE_20_1.5_wind_0.5_90_inv.csv
    jobid: 99
    reason: Missing output files: results/data/DE/wind/DE_20_1.5_wind_0.5_90_inv.csv
    wildcards: country=DE, contingency=wind, buses=20, transmission_limit=1.5, reductionto=0.5, duration=90, model=inv
    resources: tmpdir=C:\Users\Jeremy\AppData\Local\Temp

[Wed Jun 12 20:08:48 2024]
Finished job 137.
24 of 57 steps (42%) done
Select jobs to execute...

[Wed Jun 12 20:08:48 2024]
rule inst_cap_table:
    input: resources/DE_20_1.0_pv_0_180_noinv.nc
    output: results/data/DE/pv/DE_20_1.0_pv_0_180_noinv.csv
    jobid: 40
    reason: Missing output files: results/data/DE/pv/DE_20_1.0_pv_0_180_noinv.csv
    wildcards: country=DE, contingency=pv, buses=20, transmission_limit=1.0, reductionto=0, duration=180, model=noinv
    resources: tmpdir=C:\Users\Jeremy\AppData\Local\Temp

[Wed Jun 12 20:08:56 2024]
Finished job 74.
25 of 57 steps (44%) done
Select jobs to execute...

[Wed Jun 12 20:08:56 2024]
rule inst_cap_table:
    input: resources/DE_20_1.5_pv_0.25_270_inv.nc
    output: results/data/DE/pv/DE_20_1.5_pv_0.25_270_inv.csv
    jobid: 85
    reason: Missing output files: results/data/DE/pv/DE_20_1.5_pv_0.25_270_inv.csv
    wildcards: country=DE, contingency=pv, buses=20, transmission_limit=1.5, reductionto=0.25, duration=270, model=inv
    resources: tmpdir=C:\Users\Jeremy\AppData\Local\Temp

[Wed Jun 12 20:08:57 2024]
Finished job 97.
26 of 57 steps (46%) done
Select jobs to execute...

[Wed Jun 12 20:08:57 2024]
rule inst_cap_table:
    input: resources/DE_20_1.5_pv_0.25_90_inv.nc
    output: results/data/DE/pv/DE_20_1.5_pv_0.25_90_inv.csv
    jobid: 81
    reason: Missing output files: results/data/DE/pv/DE_20_1.5_pv_0.25_90_inv.csv
    wildcards: country=DE, contingency=pv, buses=20, transmission_limit=1.5, reductionto=0.25, duration=90, model=inv
    resources: tmpdir=C:\Users\Jeremy\AppData\Local\Temp

[Wed Jun 12 20:08:57 2024]
Finished job 99.
27 of 57 steps (47%) done
Select jobs to execute...

[Wed Jun 12 20:08:57 2024]
rule inst_cap_table:
    input: resources/DE_20_1.5_wind_0.5_180_inv.nc
    output: results/data/DE/wind/DE_20_1.5_wind_0.5_180_inv.csv
    jobid: 101
    reason: Missing output files: results/data/DE/wind/DE_20_1.5_wind_0.5_180_inv.csv
    wildcards: country=DE, contingency=wind, buses=20, transmission_limit=1.5, reductionto=0.5, duration=180, model=inv
    resources: tmpdir=C:\Users\Jeremy\AppData\Local\Temp

[Wed Jun 12 20:08:57 2024]
Finished job 40.
28 of 57 steps (49%) done
Select jobs to execute...

[Wed Jun 12 20:08:57 2024]
rule inst_cap_table:
    input: resources/DE_20_1.5_pv_0.5_180_inv.nc
    output: results/data/DE/pv/DE_20_1.5_pv_0.5_180_inv.csv
    jobid: 89
    reason: Missing output files: results/data/DE/pv/DE_20_1.5_pv_0.5_180_inv.csv
    wildcards: country=DE, contingency=pv, buses=20, transmission_limit=1.5, reductionto=0.5, duration=180, model=inv
    resources: tmpdir=C:\Users\Jeremy\AppData\Local\Temp

[Wed Jun 12 20:09:05 2024]
Finished job 85.
29 of 57 steps (51%) done
Select jobs to execute...

[Wed Jun 12 20:09:05 2024]
rule inst_cap_table:
    input: resources/DE_20_1.0_pv_0.25_270_noinv.nc
    output: results/data/DE/pv/DE_20_1.0_pv_0.25_270_noinv.csv
    jobid: 48
    reason: Missing output files: results/data/DE/pv/DE_20_1.0_pv_0.25_270_noinv.csv
    wildcards: country=DE, contingency=pv, buses=20, transmission_limit=1.0, reductionto=0.25, duration=270, model=noinv
    resources: tmpdir=C:\Users\Jeremy\AppData\Local\Temp

[Wed Jun 12 20:09:05 2024]
Finished job 101.
30 of 57 steps (53%) done
Select jobs to execute...

[Wed Jun 12 20:09:05 2024]
rule inst_cap_table:
    input: resources/DE_20_1.5_wind_0.75_180_noinv.nc
    output: results/data/DE/wind/DE_20_1.5_wind_0.75_180_noinv.csv
    jobid: 143
    reason: Missing output files: results/data/DE/wind/DE_20_1.5_wind_0.75_180_noinv.csv
    wildcards: country=DE, contingency=wind, buses=20, transmission_limit=1.5, reductionto=0.75, duration=180, model=noinv
    resources: tmpdir=C:\Users\Jeremy\AppData\Local\Temp

[Wed Jun 12 20:09:05 2024]
Finished job 81.
31 of 57 steps (54%) done
Select jobs to execute...

[Wed Jun 12 20:09:05 2024]
rule inst_cap_table:
    input: resources/DE_20_1.5_pv_0.5_90_inv.nc
    output: results/data/DE/pv/DE_20_1.5_pv_0.5_90_inv.csv
    jobid: 87
    reason: Missing output files: results/data/DE/pv/DE_20_1.5_pv_0.5_90_inv.csv
    wildcards: country=DE, contingency=pv, buses=20, transmission_limit=1.5, reductionto=0.5, duration=90, model=inv
    resources: tmpdir=C:\Users\Jeremy\AppData\Local\Temp

[Wed Jun 12 20:09:06 2024]
Finished job 89.
32 of 57 steps (56%) done
Select jobs to execute...

[Wed Jun 12 20:09:06 2024]
rule inst_cap_table:
    input: resources/DE_20_1.5_pv_0_270_noinv.nc
    output: results/data/DE/pv/DE_20_1.5_pv_0_270_noinv.csv
    jobid: 115
    reason: Missing output files: results/data/DE/pv/DE_20_1.5_pv_0_270_noinv.csv
    wildcards: country=DE, contingency=pv, buses=20, transmission_limit=1.5, reductionto=0, duration=270, model=noinv
    resources: tmpdir=C:\Users\Jeremy\AppData\Local\Temp

[Wed Jun 12 20:09:14 2024]
Finished job 143.
33 of 57 steps (58%) done
Select jobs to execute...

[Wed Jun 12 20:09:14 2024]
rule inst_cap_table:
    input: resources/DE_20_1.5_wind_0.25_180_inv.nc
    output: results/data/DE/wind/DE_20_1.5_wind_0.25_180_inv.csv
    jobid: 95
    reason: Missing output files: results/data/DE/wind/DE_20_1.5_wind_0.25_180_inv.csv
    wildcards: country=DE, contingency=wind, buses=20, transmission_limit=1.5, reductionto=0.25, duration=180, model=inv
    resources: tmpdir=C:\Users\Jeremy\AppData\Local\Temp

[Wed Jun 12 20:09:14 2024]
Finished job 48.
34 of 57 steps (60%) done
Select jobs to execute...

[Wed Jun 12 20:09:14 2024]
rule inst_cap_table:
    input: resources/DE_20_1.5_pv_0.25_180_noinv.nc
    output: results/data/DE/pv/DE_20_1.5_pv_0.25_180_noinv.csv
    jobid: 119
    reason: Missing output files: results/data/DE/pv/DE_20_1.5_pv_0.25_180_noinv.csv
    wildcards: country=DE, contingency=pv, buses=20, transmission_limit=1.5, reductionto=0.25, duration=180, model=noinv
    resources: tmpdir=C:\Users\Jeremy\AppData\Local\Temp

[Wed Jun 12 20:09:14 2024]
Finished job 87.
35 of 57 steps (61%) done
Select jobs to execute...

[Wed Jun 12 20:09:14 2024]
rule inst_cap_table:
    input: resources/DE_20_1.0_pv_0_90_noinv.nc
    output: results/data/DE/pv/DE_20_1.0_pv_0_90_noinv.csv
    jobid: 38
    reason: Missing output files: results/data/DE/pv/DE_20_1.0_pv_0_90_noinv.csv
    wildcards: country=DE, contingency=pv, buses=20, transmission_limit=1.0, reductionto=0, duration=90, model=noinv
    resources: tmpdir=C:\Users\Jeremy\AppData\Local\Temp

[Wed Jun 12 20:09:14 2024]
Finished job 115.
36 of 57 steps (63%) done
Select jobs to execute...

[Wed Jun 12 20:09:14 2024]
rule inst_cap_table:
    input: resources/DE_20_1.5_pv_0.25_270_noinv.nc
    output: results/data/DE/pv/DE_20_1.5_pv_0.25_270_noinv.csv
    jobid: 121
    reason: Missing output files: results/data/DE/pv/DE_20_1.5_pv_0.25_270_noinv.csv
    wildcards: country=DE, contingency=pv, buses=20, transmission_limit=1.5, reductionto=0.25, duration=270, model=noinv
    resources: tmpdir=C:\Users\Jeremy\AppData\Local\Temp

[Wed Jun 12 20:09:22 2024]
Finished job 119.
37 of 57 steps (65%) done
Select jobs to execute...

[Wed Jun 12 20:09:22 2024]
rule inst_cap_table:
    input: resources/DE_20_1.5_wind_0.5_270_noinv.nc
    output: results/data/DE/wind/DE_20_1.5_wind_0.5_270_noinv.csv
    jobid: 139
    reason: Missing output files: results/data/DE/wind/DE_20_1.5_wind_0.5_270_noinv.csv
    wildcards: country=DE, contingency=wind, buses=20, transmission_limit=1.5, reductionto=0.5, duration=270, model=noinv
    resources: tmpdir=C:\Users\Jeremy\AppData\Local\Temp

[Wed Jun 12 20:09:22 2024]
Finished job 95.
38 of 57 steps (67%) done
Select jobs to execute...

[Wed Jun 12 20:09:22 2024]
rule inst_cap_table:
    input: resources/DE_20_1.5_wind_0.75_270_noinv.nc
    output: results/data/DE/wind/DE_20_1.5_wind_0.75_270_noinv.csv
    jobid: 145
    reason: Missing output files: results/data/DE/wind/DE_20_1.5_wind_0.75_270_noinv.csv
    wildcards: country=DE, contingency=wind, buses=20, transmission_limit=1.5, reductionto=0.75, duration=270, model=noinv
    resources: tmpdir=C:\Users\Jeremy\AppData\Local\Temp

[Wed Jun 12 20:09:23 2024]
Finished job 38.
39 of 57 steps (68%) done
Select jobs to execute...

[Wed Jun 12 20:09:23 2024]
rule inst_cap_table:
    input: resources/DE_20_1.0_wind_0.75_90_noinv.nc
    output: results/data/DE/wind/DE_20_1.0_wind_0.75_90_noinv.csv
    jobid: 68
    reason: Missing output files: results/data/DE/wind/DE_20_1.0_wind_0.75_90_noinv.csv
    wildcards: country=DE, contingency=wind, buses=20, transmission_limit=1.0, reductionto=0.75, duration=90, model=noinv
    resources: tmpdir=C:\Users\Jeremy\AppData\Local\Temp

[Wed Jun 12 20:09:23 2024]
Finished job 121.
40 of 57 steps (70%) done
Select jobs to execute...

[Wed Jun 12 20:09:23 2024]
rule inst_cap_table:
    input: resources/DE_20_1.0_pv_0.25_90_noinv.nc
    output: results/data/DE/pv/DE_20_1.0_pv_0.25_90_noinv.csv
    jobid: 44
    reason: Missing output files: results/data/DE/pv/DE_20_1.0_pv_0.25_90_noinv.csv
    wildcards: country=DE, contingency=pv, buses=20, transmission_limit=1.0, reductionto=0.25, duration=90, model=noinv
    resources: tmpdir=C:\Users\Jeremy\AppData\Local\Temp

[Wed Jun 12 20:09:31 2024]
Finished job 145.
41 of 57 steps (72%) done
Select jobs to execute...

[Wed Jun 12 20:09:31 2024]
rule inst_cap_table:
    input: resources/DE_20_1.0_wind_0.5_180_noinv.nc
    output: results/data/DE/wind/DE_20_1.0_wind_0.5_180_noinv.csv
    jobid: 64
    reason: Missing output files: results/data/DE/wind/DE_20_1.0_wind_0.5_180_noinv.csv
    wildcards: country=DE, contingency=wind, buses=20, transmission_limit=1.0, reductionto=0.5, duration=180, model=noinv
    resources: tmpdir=C:\Users\Jeremy\AppData\Local\Temp

[Wed Jun 12 20:09:31 2024]
Finished job 139.
42 of 57 steps (74%) done
Select jobs to execute...

[Wed Jun 12 20:09:31 2024]
rule inst_cap_table:
    input: resources/DE_20_1.0_wind_0.25_270_noinv.nc
    output: results/data/DE/wind/DE_20_1.0_wind_0.25_270_noinv.csv
    jobid: 60
    reason: Missing output files: results/data/DE/wind/DE_20_1.0_wind_0.25_270_noinv.csv
    wildcards: country=DE, contingency=wind, buses=20, transmission_limit=1.0, reductionto=0.25, duration=270, model=noinv
    resources: tmpdir=C:\Users\Jeremy\AppData\Local\Temp

[Wed Jun 12 20:09:31 2024]
Finished job 68.
43 of 57 steps (75%) done
Select jobs to execute...

[Wed Jun 12 20:09:31 2024]
rule inst_cap_table:
    input: resources/DE_20_1.0_wind_0.5_270_noinv.nc
    output: results/data/DE/wind/DE_20_1.0_wind_0.5_270_noinv.csv
    jobid: 66
    reason: Missing output files: results/data/DE/wind/DE_20_1.0_wind_0.5_270_noinv.csv
    wildcards: country=DE, contingency=wind, buses=20, transmission_limit=1.0, reductionto=0.5, duration=270, model=noinv
    resources: tmpdir=C:\Users\Jeremy\AppData\Local\Temp

[Wed Jun 12 20:09:31 2024]
Finished job 44.
44 of 57 steps (77%) done
Select jobs to execute...

[Wed Jun 12 20:09:31 2024]
rule inst_cap_table:
    input: resources/DE_20_1.0_wind_0.25_180_noinv.nc
    output: results/data/DE/wind/DE_20_1.0_wind_0.25_180_noinv.csv
    jobid: 58
    reason: Missing output files: results/data/DE/wind/DE_20_1.0_wind_0.25_180_noinv.csv
    wildcards: country=DE, contingency=wind, buses=20, transmission_limit=1.0, reductionto=0.25, duration=180, model=noinv
    resources: tmpdir=C:\Users\Jeremy\AppData\Local\Temp

[Wed Jun 12 20:09:39 2024]
Finished job 60.
45 of 57 steps (79%) done
Select jobs to execute...

[Wed Jun 12 20:09:39 2024]
rule inst_cap_table:
    input: resources/DE_20_1.0_wind_0.75_270_noinv.nc
    output: results/data/DE/wind/DE_20_1.0_wind_0.75_270_noinv.csv
    jobid: 72
    reason: Missing output files: results/data/DE/wind/DE_20_1.0_wind_0.75_270_noinv.csv
    wildcards: country=DE, contingency=wind, buses=20, transmission_limit=1.0, reductionto=0.75, duration=270, model=noinv
    resources: tmpdir=C:\Users\Jeremy\AppData\Local\Temp

[Wed Jun 12 20:09:40 2024]
Finished job 64.
46 of 57 steps (81%) done
Select jobs to execute...

[Wed Jun 12 20:09:40 2024]
rule inst_cap_table:
    input: resources/DE_20_1.0_wind_0.75_180_noinv.nc
    output: results/data/DE/wind/DE_20_1.0_wind_0.75_180_noinv.csv
    jobid: 70
    reason: Missing output files: results/data/DE/wind/DE_20_1.0_wind_0.75_180_noinv.csv
    wildcards: country=DE, contingency=wind, buses=20, transmission_limit=1.0, reductionto=0.75, duration=180, model=noinv
    resources: tmpdir=C:\Users\Jeremy\AppData\Local\Temp

[Wed Jun 12 20:09:40 2024]
Finished job 66.
47 of 57 steps (82%) done
Select jobs to execute...

[Wed Jun 12 20:09:40 2024]
rule inst_cap_table:
    input: resources/DE_20_1.0_pv_0.25_180_noinv.nc
    output: results/data/DE/pv/DE_20_1.0_pv_0.25_180_noinv.csv
    jobid: 46
    reason: Missing output files: results/data/DE/pv/DE_20_1.0_pv_0.25_180_noinv.csv
    wildcards: country=DE, contingency=pv, buses=20, transmission_limit=1.0, reductionto=0.25, duration=180, model=noinv
    resources: tmpdir=C:\Users\Jeremy\AppData\Local\Temp

[Wed Jun 12 20:09:40 2024]
Finished job 58.
48 of 57 steps (84%) done
Select jobs to execute...

[Wed Jun 12 20:09:40 2024]
rule inst_cap_table:
    input: resources/DE_20_1.0_pv_0.5_180_noinv.nc
    output: results/data/DE/pv/DE_20_1.0_pv_0.5_180_noinv.csv
    jobid: 52
    reason: Missing output files: results/data/DE/pv/DE_20_1.0_pv_0.5_180_noinv.csv
    wildcards: country=DE, contingency=pv, buses=20, transmission_limit=1.0, reductionto=0.5, duration=180, model=noinv
    resources: tmpdir=C:\Users\Jeremy\AppData\Local\Temp

[Wed Jun 12 20:09:48 2024]
Finished job 70.
49 of 57 steps (86%) done
Select jobs to execute...

[Wed Jun 12 20:09:48 2024]
rule inst_cap_table:
    input: resources/DE_20_1.0_wind_0.25_90_noinv.nc
    output: results/data/DE/wind/DE_20_1.0_wind_0.25_90_noinv.csv
    jobid: 56
    reason: Missing output files: results/data/DE/wind/DE_20_1.0_wind_0.25_90_noinv.csv
    wildcards: country=DE, contingency=wind, buses=20, transmission_limit=1.0, reductionto=0.25, duration=90, model=noinv
    resources: tmpdir=C:\Users\Jeremy\AppData\Local\Temp

[Wed Jun 12 20:09:48 2024]
Finished job 46.
50 of 57 steps (88%) done
Select jobs to execute...

[Wed Jun 12 20:09:48 2024]
rule inst_cap_table:
    input: resources/DE_20_1.0_pv_0.5_90_noinv.nc
    output: results/data/DE/pv/DE_20_1.0_pv_0.5_90_noinv.csv
    jobid: 50
    reason: Missing output files: results/data/DE/pv/DE_20_1.0_pv_0.5_90_noinv.csv
    wildcards: country=DE, contingency=pv, buses=20, transmission_limit=1.0, reductionto=0.5, duration=90, model=noinv
    resources: tmpdir=C:\Users\Jeremy\AppData\Local\Temp

[Wed Jun 12 20:09:48 2024]
Finished job 72.
51 of 57 steps (89%) done
Select jobs to execute...

[Wed Jun 12 20:09:48 2024]
rule inst_cap_table:
    input: resources/DE_20_1.0_wind_0.5_90_noinv.nc
    output: results/data/DE/wind/DE_20_1.0_wind_0.5_90_noinv.csv
    jobid: 62
    reason: Missing output files: results/data/DE/wind/DE_20_1.0_wind_0.5_90_noinv.csv
    wildcards: country=DE, contingency=wind, buses=20, transmission_limit=1.0, reductionto=0.5, duration=90, model=noinv
    resources: tmpdir=C:\Users\Jeremy\AppData\Local\Temp

[Wed Jun 12 20:09:48 2024]
Finished job 52.
52 of 57 steps (91%) done
Select jobs to execute...

[Wed Jun 12 20:09:48 2024]
rule inst_cap_table:
    input: resources/DE_20_1.0_pv_0.5_270_noinv.nc
    output: results/data/DE/pv/DE_20_1.0_pv_0.5_270_noinv.csv
    jobid: 54
    reason: Missing output files: results/data/DE/pv/DE_20_1.0_pv_0.5_270_noinv.csv
    wildcards: country=DE, contingency=pv, buses=20, transmission_limit=1.0, reductionto=0.5, duration=270, model=noinv
    resources: tmpdir=C:\Users\Jeremy\AppData\Local\Temp

[Wed Jun 12 20:09:56 2024]
Finished job 56.
53 of 57 steps (93%) done
[Wed Jun 12 20:09:57 2024]
Finished job 62.
54 of 57 steps (95%) done
[Wed Jun 12 20:09:57 2024]
Finished job 50.
55 of 57 steps (96%) done
[Wed Jun 12 20:09:57 2024]
Finished job 54.
56 of 57 steps (98%) done
Select jobs to execute...

[Wed Jun 12 20:09:57 2024]
localrule all:
    input: results/data/DE/pv/DE_20_1.0_pv_0_90_inv.csv, results/data/DE/pv/DE_20_1.0_pv_0_180_inv.csv, results/data/DE/pv/DE_20_1.0_pv_0_270_inv.csv, results/data/DE/pv/DE_20_1.0_pv_0.25_90_inv.csv, results/data/DE/pv/DE_20_1.0_pv_0.25_180_inv.csv, results/data/DE/pv/DE_20_1.0_pv_0.25_270_inv.csv, results/data/DE/pv/DE_20_1.0_pv_0.5_90_inv.csv, results/data/DE/pv/DE_20_1.0_pv_0.5_180_inv.csv, results/data/DE/pv/DE_20_1.0_pv_0.5_270_inv.csv, results/data/DE/wind/DE_20_1.0_wind_0.25_90_inv.csv, results/data/DE/wind/DE_20_1.0_wind_0.25_180_inv.csv, results/data/DE/wind/DE_20_1.0_wind_0.25_270_inv.csv, results/data/DE/wind/DE_20_1.0_wind_0.5_90_inv.csv, results/data/DE/wind/DE_20_1.0_wind_0.5_180_inv.csv, results/data/DE/wind/DE_20_1.0_wind_0.5_270_inv.csv, results/data/DE/wind/DE_20_1.0_wind_0.75_90_inv.csv, results/data/DE/wind/DE_20_1.0_wind_0.75_180_inv.csv, results/data/DE/wind/DE_20_1.0_wind_0.75_270_inv.csv, results/data/DE/pv/DE_20_1.0_pv_0_90_noinv.csv, results/data/DE/pv/DE_20_1.0_pv_0_180_noinv.csv, results/data/DE/pv/DE_20_1.0_pv_0_270_noinv.csv, results/data/DE/pv/DE_20_1.0_pv_0.25_90_noinv.csv, results/data/DE/pv/DE_20_1.0_pv_0.25_180_noinv.csv, results/data/DE/pv/DE_20_1.0_pv_0.25_270_noinv.csv, results/data/DE/pv/DE_20_1.0_pv_0.5_90_noinv.csv, results/data/DE/pv/DE_20_1.0_pv_0.5_180_noinv.csv, results/data/DE/pv/DE_20_1.0_pv_0.5_270_noinv.csv, results/data/DE/wind/DE_20_1.0_wind_0.25_90_noinv.csv, results/data/DE/wind/DE_20_1.0_wind_0.25_180_noinv.csv, results/data/DE/wind/DE_20_1.0_wind_0.25_270_noinv.csv, results/data/DE/wind/DE_20_1.0_wind_0.5_90_noinv.csv, results/data/DE/wind/DE_20_1.0_wind_0.5_180_noinv.csv, results/data/DE/wind/DE_20_1.0_wind_0.5_270_noinv.csv, results/data/DE/wind/DE_20_1.0_wind_0.75_90_noinv.csv, results/data/DE/wind/DE_20_1.0_wind_0.75_180_noinv.csv, results/data/DE/wind/DE_20_1.0_wind_0.75_270_noinv.csv, results/data/DE/pv/DE_20_1.5_pv_0_90_inv.csv, results/data/DE/pv/DE_20_1.5_pv_0_180_inv.csv, results/data/DE/pv/DE_20_1.5_pv_0_270_inv.csv, results/data/DE/pv/DE_20_1.5_pv_0.25_90_inv.csv, results/data/DE/pv/DE_20_1.5_pv_0.25_180_inv.csv, results/data/DE/pv/DE_20_1.5_pv_0.25_270_inv.csv, results/data/DE/pv/DE_20_1.5_pv_0.5_90_inv.csv, results/data/DE/pv/DE_20_1.5_pv_0.5_180_inv.csv, results/data/DE/pv/DE_20_1.5_pv_0.5_270_inv.csv, results/data/DE/wind/DE_20_1.5_wind_0.25_90_inv.csv, results/data/DE/wind/DE_20_1.5_wind_0.25_180_inv.csv, results/data/DE/wind/DE_20_1.5_wind_0.25_270_inv.csv, results/data/DE/wind/DE_20_1.5_wind_0.5_90_inv.csv, results/data/DE/wind/DE_20_1.5_wind_0.5_180_inv.csv, results/data/DE/wind/DE_20_1.5_wind_0.5_270_inv.csv, results/data/DE/wind/DE_20_1.5_wind_0.75_90_inv.csv, results/data/DE/wind/DE_20_1.5_wind_0.75_180_inv.csv, results/data/DE/wind/DE_20_1.5_wind_0.75_270_inv.csv, results/data/DE/pv/DE_20_1.5_pv_0_90_noinv.csv, results/data/DE/pv/DE_20_1.5_pv_0_180_noinv.csv, results/data/DE/pv/DE_20_1.5_pv_0_270_noinv.csv, results/data/DE/pv/DE_20_1.5_pv_0.25_90_noinv.csv, results/data/DE/pv/DE_20_1.5_pv_0.25_180_noinv.csv, results/data/DE/pv/DE_20_1.5_pv_0.25_270_noinv.csv, results/data/DE/pv/DE_20_1.5_pv_0.5_90_noinv.csv, results/data/DE/pv/DE_20_1.5_pv_0.5_180_noinv.csv, results/data/DE/pv/DE_20_1.5_pv_0.5_270_noinv.csv, results/data/DE/wind/DE_20_1.5_wind_0.25_90_noinv.csv, results/data/DE/wind/DE_20_1.5_wind_0.25_180_noinv.csv, results/data/DE/wind/DE_20_1.5_wind_0.25_270_noinv.csv, results/data/DE/wind/DE_20_1.5_wind_0.5_90_noinv.csv, results/data/DE/wind/DE_20_1.5_wind_0.5_180_noinv.csv, results/data/DE/wind/DE_20_1.5_wind_0.5_270_noinv.csv, results/data/DE/wind/DE_20_1.5_wind_0.75_90_noinv.csv, results/data/DE/wind/DE_20_1.5_wind_0.75_180_noinv.csv, results/data/DE/wind/DE_20_1.5_wind_0.75_270_noinv.csv
    jobid: 0
    reason: Input files updated by another job: results/data/DE/wind/DE_20_1.5_wind_0.5_180_noinv.csv, results/data/DE/pv/DE_20_1.5_pv_0.5_90_noinv.csv, results/data/DE/pv/DE_20_1.0_pv_0_180_noinv.csv, results/data/DE/wind/DE_20_1.5_wind_0.75_180_inv.csv, results/data/DE/wind/DE_20_1.0_wind_0.75_90_noinv.csv, results/data/DE/wind/DE_20_1.5_wind_0.25_270_inv.csv, results/data/DE/wind/DE_20_1.5_wind_0.25_180_inv.csv, results/data/DE/wind/DE_20_1.5_wind_0.75_270_inv.csv, results/data/DE/wind/DE_20_1.0_wind_0.5_270_noinv.csv, results/data/DE/wind/DE_20_1.0_wind_0.25_90_noinv.csv, results/data/DE/wind/DE_20_1.0_wind_0.25_270_noinv.csv, results/data/DE/pv/DE_20_1.5_pv_0.25_180_inv.csv, results/data/DE/wind/DE_20_1.5_wind_0.25_270_noinv.csv, results/data/DE/pv/DE_20_1.0_pv_0.5_180_noinv.csv, results/data/DE/pv/DE_20_1.5_pv_0.25_90_inv.csv, results/data/DE/pv/DE_20_1.5_pv_0_180_noinv.csv, results/data/DE/pv/DE_20_1.0_pv_0_90_noinv.csv, results/data/DE/wind/DE_20_1.5_wind_0.5_90_inv.csv, results/data/DE/pv/DE_20_1.0_pv_0.25_180_noinv.csv, results/data/DE/pv/DE_20_1.5_pv_0_270_inv.csv, results/data/DE/pv/DE_20_1.0_pv_0.25_90_noinv.csv, results/data/DE/wind/DE_20_1.0_wind_0.25_180_inv.csv, results/data/DE/pv/DE_20_1.0_pv_0.5_90_noinv.csv, results/data/DE/pv/DE_20_1.5_pv_0.5_90_inv.csv, results/data/DE/pv/DE_20_1.5_pv_0.5_270_noinv.csv, results/data/DE/wind/DE_20_1.0_wind_0.75_180_inv.csv, results/data/DE/pv/DE_20_1.5_pv_0_270_noinv.csv, results/data/DE/pv/DE_20_1.0_pv_0.25_270_noinv.csv, results/data/DE/wind/DE_20_1.0_wind_0.75_270_noinv.csv, results/data/DE/pv/DE_20_1.5_pv_0.5_180_inv.csv, results/data/DE/wind/DE_20_1.0_wind_0.5_180_inv.csv, results/data/DE/pv/DE_20_1.5_pv_0.5_270_inv.csv, results/data/DE/wind/DE_20_1.5_wind_0.5_180_inv.csv, results/data/DE/wind/DE_20_1.5_wind_0.75_180_noinv.csv, results/data/DE/wind/DE_20_1.0_wind_0.5_270_inv.csv, results/data/DE/wind/DE_20_1.0_wind_0.5_90_noinv.csv, results/data/DE/pv/DE_20_1.0_pv_0_270_noinv.csv, results/data/DE/pv/DE_20_1.0_pv_0.5_270_noinv.csv, results/data/DE/wind/DE_20_1.0_wind_0.25_180_noinv.csv, results/data/DE/pv/DE_20_1.5_pv_0_90_inv.csv, results/data/DE/wind/DE_20_1.5_wind_0.75_90_inv.csv, results/data/DE/pv/DE_20_1.5_pv_0.25_270_noinv.csv, results/data/DE/pv/DE_20_1.5_pv_0_90_noinv.csv, results/data/DE/wind/DE_20_1.5_wind_0.75_90_noinv.csv, results/data/DE/wind/DE_20_1.5_wind_0.75_270_noinv.csv, results/data/DE/pv/DE_20_1.5_pv_0.25_270_inv.csv, results/data/DE/wind/DE_20_1.5_wind_0.25_90_inv.csv, results/data/DE/wind/DE_20_1.0_wind_0.75_180_noinv.csv, results/data/DE/pv/DE_20_1.0_pv_0.5_180_inv.csv, results/data/DE/wind/DE_20_1.0_wind_0.25_90_inv.csv, results/data/DE/wind/DE_20_1.5_wind_0.5_270_inv.csv, results/data/DE/wind/DE_20_1.5_wind_0.5_90_noinv.csv, results/data/DE/wind/DE_20_1.5_wind_0.5_270_noinv.csv, results/data/DE/wind/DE_20_1.0_wind_0.5_90_inv.csv, results/data/DE/pv/DE_20_1.5_pv_0.25_180_noinv.csv, results/data/DE/wind/DE_20_1.0_wind_0.5_180_noinv.csv
    resources: tmpdir=C:\Users\Jeremy\AppData\Local\Temp

[Wed Jun 12 20:09:57 2024]
Finished job 0.
57 of 57 steps (100%) done
Complete log: .snakemake\log\2024-06-12T200756.134551.snakemake.log
