Building DAG of jobs...
Provided cores: 1 (use --cores to define parallelism)
Rules claiming more threads will be scaled down.
Job stats:
job                    count
-------------------  -------
all                        1
solve_contingencies        8
total                      9

Select jobs to execute...

[Sun May 26 10:45:02 2024]
rule solve_contingencies:
    input: resources/DE_20_1.0_base_solved.nc
    output: results/DE_20_wind_0.5_180_1.0_noinv.nc
    jobid: 5
    reason: Missing output files: results/DE_20_wind_0.5_180_1.0_noinv.nc
    wildcards: country=DE, buses=20, contingency=wind, reductionto=0.5, duration=180, transmission_limit=1.0, model=noinv
    resources: tmpdir=C:\Users\Jeremy\AppData\Local\Temp

[Sun May 26 10:45:02 2024]
Finished job 5.
1 of 9 steps (11%) done
Select jobs to execute...

[Sun May 26 10:45:02 2024]
rule solve_contingencies:
    input: resources/DE_20_1.0_base_solved.nc
    output: results/DE_20_wind_0.5_180_1.0_inv.nc
    jobid: 3
    reason: Missing output files: results/DE_20_wind_0.5_180_1.0_inv.nc
    wildcards: country=DE, buses=20, contingency=wind, reductionto=0.5, duration=180, transmission_limit=1.0, model=inv
    resources: tmpdir=C:\Users\Jeremy\AppData\Local\Temp

[Sun May 26 10:45:02 2024]
Finished job 3.
2 of 9 steps (22%) done
Select jobs to execute...

[Sun May 26 10:45:02 2024]
rule solve_contingencies:
    input: resources/DE_20_1.0_base_solved.nc
    output: results/DE_20_pv_0.25_180_1.0_noinv.nc
    jobid: 4
    reason: Missing output files: results/DE_20_pv_0.25_180_1.0_noinv.nc
    wildcards: country=DE, buses=20, contingency=pv, reductionto=0.25, duration=180, transmission_limit=1.0, model=noinv
    resources: tmpdir=C:\Users\Jeremy\AppData\Local\Temp

[Sun May 26 10:45:02 2024]
Finished job 4.
3 of 9 steps (33%) done
Select jobs to execute...

[Sun May 26 10:45:02 2024]
rule solve_contingencies:
    input: resources/DE_20_1.0_base_solved.nc
    output: results/DE_20_pv_0.25_180_1.0_inv.nc
    jobid: 1
    reason: Missing output files: results/DE_20_pv_0.25_180_1.0_inv.nc
    wildcards: country=DE, buses=20, contingency=pv, reductionto=0.25, duration=180, transmission_limit=1.0, model=inv
    resources: tmpdir=C:\Users\Jeremy\AppData\Local\Temp

[Sun May 26 10:45:02 2024]
Finished job 1.
4 of 9 steps (44%) done
Select jobs to execute...

[Sun May 26 10:45:02 2024]
rule solve_contingencies:
    input: resources/DE_20_1.5_base_solved.nc
    output: results/DE_20_wind_0.5_180_1.5_inv.nc
    jobid: 8
    reason: Missing output files: results/DE_20_wind_0.5_180_1.5_inv.nc
    wildcards: country=DE, buses=20, contingency=wind, reductionto=0.5, duration=180, transmission_limit=1.5, model=inv
    resources: tmpdir=C:\Users\Jeremy\AppData\Local\Temp

[Sun May 26 10:45:02 2024]
Finished job 8.
5 of 9 steps (56%) done
Select jobs to execute...

[Sun May 26 10:45:02 2024]
rule solve_contingencies:
    input: resources/DE_20_1.5_base_solved.nc
    output: results/DE_20_pv_0.25_180_1.5_inv.nc
    jobid: 6
    reason: Missing output files: results/DE_20_pv_0.25_180_1.5_inv.nc
    wildcards: country=DE, buses=20, contingency=pv, reductionto=0.25, duration=180, transmission_limit=1.5, model=inv
    resources: tmpdir=C:\Users\Jeremy\AppData\Local\Temp

[Sun May 26 10:45:02 2024]
Finished job 6.
6 of 9 steps (67%) done
Select jobs to execute...

[Sun May 26 10:45:02 2024]
rule solve_contingencies:
    input: resources/DE_20_1.5_base_solved.nc
    output: results/DE_20_pv_0.25_180_1.5_noinv.nc
    jobid: 9
    reason: Missing output files: results/DE_20_pv_0.25_180_1.5_noinv.nc
    wildcards: country=DE, buses=20, contingency=pv, reductionto=0.25, duration=180, transmission_limit=1.5, model=noinv
    resources: tmpdir=C:\Users\Jeremy\AppData\Local\Temp

[Sun May 26 10:45:02 2024]
Finished job 9.
7 of 9 steps (78%) done
Select jobs to execute...

[Sun May 26 10:45:02 2024]
rule solve_contingencies:
    input: resources/DE_20_1.5_base_solved.nc
    output: results/DE_20_wind_0.5_180_1.5_noinv.nc
    jobid: 10
    reason: Missing output files: results/DE_20_wind_0.5_180_1.5_noinv.nc
    wildcards: country=DE, buses=20, contingency=wind, reductionto=0.5, duration=180, transmission_limit=1.5, model=noinv
    resources: tmpdir=C:\Users\Jeremy\AppData\Local\Temp

[Sun May 26 10:45:02 2024]
Finished job 10.
8 of 9 steps (89%) done
Select jobs to execute...

[Sun May 26 10:45:02 2024]
localrule all:
    input: results/DE_20_pv_0.25_180_1.0_inv.nc, results/DE_20_wind_0.5_180_1.0_inv.nc, results/DE_20_pv_0.25_180_1.0_noinv.nc, results/DE_20_wind_0.5_180_1.0_noinv.nc, results/DE_20_pv_0.25_180_1.5_inv.nc, results/DE_20_wind_0.5_180_1.5_inv.nc, results/DE_20_pv_0.25_180_1.5_noinv.nc, results/DE_20_wind_0.5_180_1.5_noinv.nc
    jobid: 0
    reason: Input files updated by another job: results/DE_20_pv_0.25_180_1.0_inv.nc, results/DE_20_pv_0.25_180_1.0_noinv.nc, results/DE_20_pv_0.25_180_1.5_noinv.nc, results/DE_20_wind_0.5_180_1.5_noinv.nc, results/DE_20_wind_0.5_180_1.0_noinv.nc, results/DE_20_wind_0.5_180_1.5_inv.nc, results/DE_20_pv_0.25_180_1.5_inv.nc, results/DE_20_wind_0.5_180_1.0_inv.nc
    resources: tmpdir=C:\Users\Jeremy\AppData\Local\Temp

[Sun May 26 10:45:02 2024]
Finished job 0.
9 of 9 steps (100%) done
Complete log: .snakemake\log\2024-05-26T104501.542757.snakemake.log
