Building DAG of jobs...
MissingInputException in rule all in file C:\Users\Jeremy\Documents\MasterThesis\Models\Snakefile, line 84:
Missing input files for rule all:
    affected files:
        results/data/DE/wind/cap_DE_20_1.5_wind_0.5_90_inv.csv
        results/data/DE/wind/cap_DE_20_1.0_wind_0.75_270_noinv.csv
        results/data/DE/pv/cap_DE_20_1.5_pv_0.25_180_inv.csv
        results/data/DE/wind/cap_DE_20_1.0_wind_0.25_90_inv.csv
        results/data/DE/pv/cap_DE_20_1.5_pv_0_90_inv.csv
        results/data/DE/pv/cap_DE_20_1.5_pv_0_180_noinv.csv
        results/data/DE/wind/cap_DE_20_1.0_wind_0.75_270_inv.csv
        results/data/DE/wind/cap_DE_20_1.5_wind_0.5_90_noinv.csv
        results/data/DE/wind/cap_DE_20_1.5_wind_0.75_270_inv.csv
        results/data/DE/wind/cap_DE_20_1.0_wind_0.5_90_inv.csv
        results/data/DE/pv/cap_DE_20_1.5_pv_0.25_270_inv.csv
        results/data/DE/wind/cap_DE_20_1.0_wind_0.75_90_inv.csv
        results/data/DE/pv/cap_DE_20_1.5_pv_0.25_90_inv.csv
        results/data/DE/pv/cap_DE_20_1.5_pv_0_270_noinv.csv
        results/data/DE/pv/cap_DE_20_1.0_pv_0.5_180_inv.csv
        results/data/DE/wind/cap_DE_20_1.5_wind_0.25_90_noinv.csv
        results/data/DE/pv/cap_DE_20_1.0_pv_0.5_90_noinv.csv
        results/data/DE/pv/cap_DE_20_1.0_pv_0_90_noinv.csv
        results/data/DE/pv/cap_DE_20_1.0_pv_0.25_180_noinv.csv
        results/data/DE/pv/cap_DE_20_1.0_pv_0.5_180_noinv.csv
        results/data/DE/wind/cap_DE_20_1.5_wind_0.25_180_noinv.csv
        results/data/DE/wind/cap_DE_20_1.5_wind_0.75_180_inv.csv
        results/data/DE/pv/cap_DE_20_1.5_pv_0.5_180_noinv.csv
        results/data/DE/pv/cap_DE_20_1.0_pv_0.25_270_inv.csv
        results/data/DE/wind/cap_DE_20_1.0_wind_0.25_90_noinv.csv
        results/data/DE/pv/cap_DE_20_1.0_pv_0_180_noinv.csv
        results/data/DE/pv/cap_DE_20_1.5_pv_0.5_270_inv.csv
        results/data/DE/wind/cap_DE_20_1.5_wind_0.25_270_inv.csv
        results/data/DE/pv/cap_DE_20_1.0_pv_0_180_inv.csv
        results/data/DE/wind/cap_DE_20_1.5_wind_0.25_180_inv.csv
        results/data/DE/pv/cap_DE_20_1.5_pv_0.25_180_noinv.csv
        results/data/DE/pv/cap_DE_20_1.0_pv_0.25_90_inv.csv
        results/data/DE/wind/cap_DE_20_1.5_wind_0.25_90_inv.csv
        results/data/DE/wind/cap_DE_20_1.0_wind_0.75_90_noinv.csv
        results/data/DE/wind/cap_DE_20_1.5_wind_0.75_90_inv.csv
        results/data/DE/wind/cap_DE_20_1.5_wind_0.25_270_noinv.csv
        results/data/DE/wind/cap_DE_20_1.5_wind_0.5_180_noinv.csv
        results/data/DE/wind/cap_DE_20_1.0_wind_0.25_180_noinv.csv
        results/data/DE/wind/cap_DE_20_1.0_wind_0.25_180_inv.csv
        results/data/DE/wind/cap_DE_20_1.5_wind_0.75_270_noinv.csv
        results/data/DE/pv/cap_DE_20_1.0_pv_0_270_noinv.csv
        results/data/DE/wind/cap_DE_20_1.0_wind_0.5_180_noinv.csv
        results/data/DE/pv/cap_DE_20_1.0_pv_0.5_90_inv.csv
        results/data/DE/pv/cap_DE_20_1.5_pv_0.5_90_noinv.csv
        results/data/DE/pv/cap_DE_20_1.5_pv_0.5_270_noinv.csv
        results/data/DE/pv/cap_DE_20_1.0_pv_0.5_270_noinv.csv
        results/data/DE/pv/cap_DE_20_1.0_pv_0.25_90_noinv.csv
        results/data/DE/wind/cap_DE_20_1.0_wind_0.75_180_inv.csv
        results/data/DE/wind/cap_DE_20_1.0_wind_0.5_270_inv.csv
        results/data/DE/wind/cap_DE_20_1.0_wind_0.75_180_noinv.csv
        results/data/DE/pv/cap_DE_20_1.5_pv_0.25_270_noinv.csv
        results/data/DE/wind/cap_DE_20_1.5_wind_0.75_90_noinv.csv
        results/data/DE/wind/cap_DE_20_1.0_wind_0.25_270_noinv.csv
        results/data/DE/wind/cap_DE_20_1.0_wind_0.5_90_noinv.csv
        results/data/DE/pv/cap_DE_20_1.5_pv_0_180_inv.csv
        results/data/DE/pv/cap_DE_20_1.0_pv_0.5_270_inv.csv
        results/data/DE/wind/cap_DE_20_1.5_wind_0.5_180_inv.csv
        results/data/DE/pv/cap_DE_20_1.5_pv_0.25_90_noinv.csv
        results/data/DE/wind/cap_DE_20_1.5_wind_0.5_270_noinv.csv
        results/data/DE/wind/cap_DE_20_1.5_wind_0.75_180_noinv.csv
        results/data/DE/pv/cap_DE_20_1.5_pv_0.5_180_inv.csv
        results/data/DE/wind/cap_DE_20_1.5_wind_0.5_270_inv.csv
        results/data/DE/pv/cap_DE_20_1.0_pv_0_270_inv.csv
        results/data/DE/pv/cap_DE_20_1.5_pv_0.5_90_inv.csv
        results/data/DE/pv/cap_DE_20_1.5_pv_0_90_noinv.csv
        results/data/DE/wind/cap_DE_20_1.0_wind_0.5_180_inv.csv
        results/data/DE/wind/cap_DE_20_1.0_wind_0.5_270_noinv.csv
        results/data/DE/pv/cap_DE_20_1.0_pv_0_90_inv.csv
        results/data/DE/pv/cap_DE_20_1.5_pv_0_270_inv.csv
        results/data/DE/pv/cap_DE_20_1.0_pv_0.25_180_inv.csv
        results/data/DE/wind/cap_DE_20_1.0_wind_0.25_270_inv.csv
        results/data/DE/pv/cap_DE_20_1.0_pv_0.25_270_noinv.csv
