Building DAG of jobs...
Provided cores: 1 (use --cores to define parallelism)
Rules claiming more threads will be scaled down.
Job stats:
job                      count
---------------------  -------
all                          1
solve_contingencies         36
solve_rollinghorizons       36
total                       73

Select jobs to execute...

[Sun May 26 22:19:19 2024]
rule solve_contingencies:
    input: resources/DE_20_1.0_base_solved.nc
    output: resources/DE_20_1.0_wind_0_270_noinv.nc
    jobid: 48
    reason: Missing output files: resources/DE_20_1.0_wind_0_270_noinv.nc; Code has changed since last execution
    wildcards: country=DE, buses=20, transmission_limit=1.0, contingency=wind, reductionto=0, duration=270, model=noinv
    resources: tmpdir=C:\Users\Jeremy\AppData\Local\Temp

[Sun May 26 22:21:46 2024]
Finished job 48.
1 of 73 steps (1%) done
Select jobs to execute...

[Sun May 26 22:21:46 2024]
rule solve_contingencies:
    input: resources/DE_20_1.0_base_solved.nc
    output: resources/DE_20_1.0_wind_1.0_180_noinv.nc
    jobid: 34
    reason: Missing output files: resources/DE_20_1.0_wind_1.0_180_noinv.nc; Code has changed since last execution
    wildcards: country=DE, buses=20, transmission_limit=1.0, contingency=wind, reductionto=1.0, duration=180, model=noinv
    resources: tmpdir=C:\Users\Jeremy\AppData\Local\Temp

[Sun May 26 22:24:18 2024]
Finished job 34.
2 of 73 steps (3%) done
Select jobs to execute...

[Sun May 26 22:24:18 2024]
rule solve_contingencies:
    input: resources/DE_20_1.0_base_solved.nc
    output: resources/DE_20_1.0_wind_0.5_270_inv.nc
    jobid: 18
    reason: Missing output files: resources/DE_20_1.0_wind_0.5_270_inv.nc; Code has changed since last execution
    wildcards: country=DE, buses=20, transmission_limit=1.0, contingency=wind, reductionto=0.5, duration=270, model=inv
    resources: tmpdir=C:\Users\Jeremy\AppData\Local\Temp

[Sun May 26 23:10:45 2024]
Finished job 18.
3 of 73 steps (4%) done
Select jobs to execute...

[Sun May 26 23:10:45 2024]
rule solve_contingencies:
    input: resources/DE_20_1.0_base_solved.nc
    output: resources/DE_20_1.0_wind_1.0_180_inv.nc
    jobid: 10
    reason: Missing output files: resources/DE_20_1.0_wind_1.0_180_inv.nc; Code has changed since last execution
    wildcards: country=DE, buses=20, transmission_limit=1.0, contingency=wind, reductionto=1.0, duration=180, model=inv
    resources: tmpdir=C:\Users\Jeremy\AppData\Local\Temp

[Sun May 26 23:42:29 2024]
Finished job 10.
4 of 73 steps (5%) done
Select jobs to execute...

[Sun May 26 23:42:29 2024]
rule solve_rollinghorizons:
    input: resources/DE_20_1.0_wind_1.0_180_inv.nc
    output: results/DE_20_1.0_wind_1.0_180_invroll.nc
    jobid: 9
    reason: Missing output files: results/DE_20_1.0_wind_1.0_180_invroll.nc; Input files updated by another job: resources/DE_20_1.0_wind_1.0_180_inv.nc
    wildcards: country=DE, buses=20, transmission_limit=1.0, contingency=wind, reductionto=1.0, duration=180, model=inv
    resources: tmpdir=C:\Users\Jeremy\AppData\Local\Temp

[Sun May 26 23:42:29 2024]
Finished job 9.
5 of 73 steps (7%) done
Select jobs to execute...

[Sun May 26 23:42:29 2024]
rule solve_contingencies:
    input: resources/DE_20_1.0_base_solved.nc
    output: resources/DE_20_1.0_wind_0.5_270_noinv.nc
    jobid: 42
    reason: Missing output files: resources/DE_20_1.0_wind_0.5_270_noinv.nc; Code has changed since last execution
    wildcards: country=DE, buses=20, transmission_limit=1.0, contingency=wind, reductionto=0.5, duration=270, model=noinv
    resources: tmpdir=C:\Users\Jeremy\AppData\Local\Temp

[Sun May 26 23:44:56 2024]
Finished job 42.
6 of 73 steps (8%) done
Select jobs to execute...

[Sun May 26 23:44:56 2024]
rule solve_contingencies:
    input: resources/DE_20_1.0_base_solved.nc
    output: resources/DE_20_1.0_wind_1.0_270_noinv.nc
    jobid: 36
    reason: Missing output files: resources/DE_20_1.0_wind_1.0_270_noinv.nc; Code has changed since last execution
    wildcards: country=DE, buses=20, transmission_limit=1.0, contingency=wind, reductionto=1.0, duration=270, model=noinv
    resources: tmpdir=C:\Users\Jeremy\AppData\Local\Temp

[Sun May 26 23:47:34 2024]
Finished job 36.
7 of 73 steps (10%) done
Select jobs to execute...

[Sun May 26 23:47:34 2024]
rule solve_contingencies:
    input: resources/DE_20_1.0_base_solved.nc
    output: resources/DE_20_1.0_wind_0_90_inv.nc
    jobid: 20
    reason: Missing output files: resources/DE_20_1.0_wind_0_90_inv.nc; Code has changed since last execution
    wildcards: country=DE, buses=20, transmission_limit=1.0, contingency=wind, reductionto=0, duration=90, model=inv
    resources: tmpdir=C:\Users\Jeremy\AppData\Local\Temp

[Mon May 27 00:15:09 2024]
Finished job 20.
8 of 73 steps (11%) done
Select jobs to execute...

[Mon May 27 00:15:09 2024]
rule solve_rollinghorizons:
    input: resources/DE_20_1.0_wind_0_90_inv.nc
    output: results/DE_20_1.0_wind_0_90_invroll.nc
    jobid: 19
    reason: Missing output files: results/DE_20_1.0_wind_0_90_invroll.nc; Input files updated by another job: resources/DE_20_1.0_wind_0_90_inv.nc
    wildcards: country=DE, buses=20, transmission_limit=1.0, contingency=wind, reductionto=0, duration=90, model=inv
    resources: tmpdir=C:\Users\Jeremy\AppData\Local\Temp

[Mon May 27 00:15:09 2024]
Finished job 19.
9 of 73 steps (12%) done
Select jobs to execute...

[Mon May 27 00:15:09 2024]
rule solve_contingencies:
    input: resources/DE_20_1.0_base_solved.nc
    output: resources/DE_20_1.0_wind_0_90_noinv.nc
    jobid: 44
    reason: Missing output files: resources/DE_20_1.0_wind_0_90_noinv.nc; Code has changed since last execution
    wildcards: country=DE, buses=20, transmission_limit=1.0, contingency=wind, reductionto=0, duration=90, model=noinv
    resources: tmpdir=C:\Users\Jeremy\AppData\Local\Temp

[Mon May 27 00:17:31 2024]
Finished job 44.
10 of 73 steps (14%) done
Select jobs to execute...

[Mon May 27 00:17:31 2024]
rule solve_contingencies:
    input: resources/DE_20_1.0_base_solved.nc
    output: resources/DE_20_1.0_wind_0_270_inv.nc
    jobid: 24
    reason: Missing output files: resources/DE_20_1.0_wind_0_270_inv.nc; Code has changed since last execution
    wildcards: country=DE, buses=20, transmission_limit=1.0, contingency=wind, reductionto=0, duration=270, model=inv
    resources: tmpdir=C:\Users\Jeremy\AppData\Local\Temp

[Mon May 27 00:24:43 2024]
Finished job 24.
11 of 73 steps (15%) done
Select jobs to execute...

[Mon May 27 00:24:43 2024]
rule solve_contingencies:
    input: resources/DE_20_1.0_base_solved.nc
    output: resources/DE_20_1.0_wind_0.5_90_inv.nc
    jobid: 14
    reason: Missing output files: resources/DE_20_1.0_wind_0.5_90_inv.nc; Code has changed since last execution
    wildcards: country=DE, buses=20, transmission_limit=1.0, contingency=wind, reductionto=0.5, duration=90, model=inv
    resources: tmpdir=C:\Users\Jeremy\AppData\Local\Temp

[Mon May 27 00:30:40 2024]
Finished job 14.
12 of 73 steps (16%) done
Select jobs to execute...

[Mon May 27 00:30:40 2024]
rule solve_contingencies:
    input: resources/DE_20_1.0_base_solved.nc
    output: resources/DE_20_1.0_wind_0.5_90_noinv.nc
    jobid: 38
    reason: Missing output files: resources/DE_20_1.0_wind_0.5_90_noinv.nc; Code has changed since last execution
    wildcards: country=DE, buses=20, transmission_limit=1.0, contingency=wind, reductionto=0.5, duration=90, model=noinv
    resources: tmpdir=C:\Users\Jeremy\AppData\Local\Temp

[Mon May 27 00:33:03 2024]
Finished job 38.
13 of 73 steps (18%) done
Select jobs to execute...

[Mon May 27 00:33:03 2024]
rule solve_contingencies:
    input: resources/DE_20_1.0_base_solved.nc
    output: resources/DE_20_1.0_wind_0_180_inv.nc
    jobid: 22
    reason: Missing output files: resources/DE_20_1.0_wind_0_180_inv.nc; Code has changed since last execution
    wildcards: country=DE, buses=20, transmission_limit=1.0, contingency=wind, reductionto=0, duration=180, model=inv
    resources: tmpdir=C:\Users\Jeremy\AppData\Local\Temp

[Mon May 27 01:07:45 2024]
Finished job 22.
14 of 73 steps (19%) done
Select jobs to execute...

[Mon May 27 01:07:45 2024]
rule solve_rollinghorizons:
    input: resources/DE_20_1.0_wind_0_180_inv.nc
    output: results/DE_20_1.0_wind_0_180_invroll.nc
    jobid: 21
    reason: Missing output files: results/DE_20_1.0_wind_0_180_invroll.nc; Input files updated by another job: resources/DE_20_1.0_wind_0_180_inv.nc
    wildcards: country=DE, buses=20, transmission_limit=1.0, contingency=wind, reductionto=0, duration=180, model=inv
    resources: tmpdir=C:\Users\Jeremy\AppData\Local\Temp

[Mon May 27 01:07:45 2024]
Finished job 21.
15 of 73 steps (21%) done
Select jobs to execute...

[Mon May 27 01:07:45 2024]
rule solve_contingencies:
    input: resources/DE_20_1.0_base_solved.nc
    output: resources/DE_20_1.0_wind_1.0_90_inv.nc
    jobid: 8
    reason: Missing output files: resources/DE_20_1.0_wind_1.0_90_inv.nc; Code has changed since last execution
    wildcards: country=DE, buses=20, transmission_limit=1.0, contingency=wind, reductionto=1.0, duration=90, model=inv
    resources: tmpdir=C:\Users\Jeremy\AppData\Local\Temp

[Mon May 27 01:39:19 2024]
Finished job 8.
16 of 73 steps (22%) done
Select jobs to execute...

[Mon May 27 01:39:19 2024]
rule solve_rollinghorizons:
    input: resources/DE_20_1.0_wind_1.0_90_inv.nc
    output: results/DE_20_1.0_wind_1.0_90_invroll.nc
    jobid: 7
    reason: Missing output files: results/DE_20_1.0_wind_1.0_90_invroll.nc; Input files updated by another job: resources/DE_20_1.0_wind_1.0_90_inv.nc
    wildcards: country=DE, buses=20, transmission_limit=1.0, contingency=wind, reductionto=1.0, duration=90, model=inv
    resources: tmpdir=C:\Users\Jeremy\AppData\Local\Temp

[Mon May 27 01:39:19 2024]
Finished job 7.
17 of 73 steps (23%) done
Select jobs to execute...

[Mon May 27 01:39:19 2024]
rule solve_contingencies:
    input: resources/DE_20_1.0_base_solved.nc
    output: resources/DE_20_1.0_wind_0_180_noinv.nc
    jobid: 46
    reason: Missing output files: resources/DE_20_1.0_wind_0_180_noinv.nc; Code has changed since last execution
    wildcards: country=DE, buses=20, transmission_limit=1.0, contingency=wind, reductionto=0, duration=180, model=noinv
    resources: tmpdir=C:\Users\Jeremy\AppData\Local\Temp

[Mon May 27 01:41:43 2024]
Finished job 46.
18 of 73 steps (25%) done
Select jobs to execute...

[Mon May 27 01:41:43 2024]
rule solve_contingencies:
    input: resources/DE_20_1.0_base_solved.nc
    output: resources/DE_20_1.0_wind_1.0_90_noinv.nc
    jobid: 32
    reason: Missing output files: resources/DE_20_1.0_wind_1.0_90_noinv.nc; Code has changed since last execution
    wildcards: country=DE, buses=20, transmission_limit=1.0, contingency=wind, reductionto=1.0, duration=90, model=noinv
    resources: tmpdir=C:\Users\Jeremy\AppData\Local\Temp

[Mon May 27 01:44:15 2024]
Finished job 32.
19 of 73 steps (26%) done
Select jobs to execute...

[Mon May 27 01:44:15 2024]
rule solve_contingencies:
    input: resources/DE_20_1.0_base_solved.nc
    output: resources/DE_20_1.0_wind_0.5_180_inv.nc
    jobid: 16
    reason: Missing output files: resources/DE_20_1.0_wind_0.5_180_inv.nc; Code has changed since last execution
    wildcards: country=DE, buses=20, transmission_limit=1.0, contingency=wind, reductionto=0.5, duration=180, model=inv
    resources: tmpdir=C:\Users\Jeremy\AppData\Local\Temp

[Mon May 27 01:54:48 2024]
Finished job 16.
20 of 73 steps (27%) done
Select jobs to execute...

[Mon May 27 01:54:48 2024]
rule solve_contingencies:
    input: resources/DE_20_1.0_base_solved.nc
    output: resources/DE_20_1.0_wind_1.0_270_inv.nc
    jobid: 12
    reason: Missing output files: resources/DE_20_1.0_wind_1.0_270_inv.nc; Code has changed since last execution
    wildcards: country=DE, buses=20, transmission_limit=1.0, contingency=wind, reductionto=1.0, duration=270, model=inv
    resources: tmpdir=C:\Users\Jeremy\AppData\Local\Temp

[Mon May 27 02:05:17 2024]
Finished job 12.
21 of 73 steps (29%) done
Select jobs to execute...

[Mon May 27 02:05:17 2024]
rule solve_rollinghorizons:
    input: resources/DE_20_1.0_wind_1.0_270_inv.nc
    output: results/DE_20_1.0_wind_1.0_270_invroll.nc
    jobid: 11
    reason: Missing output files: results/DE_20_1.0_wind_1.0_270_invroll.nc; Input files updated by another job: resources/DE_20_1.0_wind_1.0_270_inv.nc
    wildcards: country=DE, buses=20, transmission_limit=1.0, contingency=wind, reductionto=1.0, duration=270, model=inv
    resources: tmpdir=C:\Users\Jeremy\AppData\Local\Temp

[Mon May 27 02:05:17 2024]
Finished job 11.
22 of 73 steps (30%) done
Select jobs to execute...

[Mon May 27 02:05:17 2024]
rule solve_contingencies:
    input: resources/DE_20_1.0_base_solved.nc
    output: resources/DE_20_1.0_wind_0.5_180_noinv.nc
    jobid: 40
    reason: Missing output files: resources/DE_20_1.0_wind_0.5_180_noinv.nc; Code has changed since last execution
    wildcards: country=DE, buses=20, transmission_limit=1.0, contingency=wind, reductionto=0.5, duration=180, model=noinv
    resources: tmpdir=C:\Users\Jeremy\AppData\Local\Temp

[Mon May 27 02:07:37 2024]
Finished job 40.
23 of 73 steps (32%) done
Select jobs to execute...

[Mon May 27 02:07:37 2024]
rule solve_rollinghorizons:
    input: resources/DE_20_1.0_wind_0.5_270_inv.nc
    output: results/DE_20_1.0_wind_0.5_270_invroll.nc
    jobid: 17
    reason: Missing output files: results/DE_20_1.0_wind_0.5_270_invroll.nc; Input files updated by another job: resources/DE_20_1.0_wind_0.5_270_inv.nc
    wildcards: country=DE, buses=20, transmission_limit=1.0, contingency=wind, reductionto=0.5, duration=270, model=inv
    resources: tmpdir=C:\Users\Jeremy\AppData\Local\Temp

[Mon May 27 02:07:37 2024]
Finished job 17.
24 of 73 steps (33%) done
Select jobs to execute...

[Mon May 27 02:07:37 2024]
rule solve_rollinghorizons:
    input: resources/DE_20_1.0_wind_0.5_180_inv.nc
    output: results/DE_20_1.0_wind_0.5_180_invroll.nc
    jobid: 15
    reason: Missing output files: results/DE_20_1.0_wind_0.5_180_invroll.nc; Input files updated by another job: resources/DE_20_1.0_wind_0.5_180_inv.nc
    wildcards: country=DE, buses=20, transmission_limit=1.0, contingency=wind, reductionto=0.5, duration=180, model=inv
    resources: tmpdir=C:\Users\Jeremy\AppData\Local\Temp

[Mon May 27 02:07:37 2024]
Finished job 15.
25 of 73 steps (34%) done
Select jobs to execute...

[Mon May 27 02:07:37 2024]
rule solve_rollinghorizons:
    input: resources/DE_20_1.0_wind_0_270_noinv.nc
    output: results/DE_20_1.0_wind_0_270_noinvroll.nc
    jobid: 47
    reason: Missing output files: results/DE_20_1.0_wind_0_270_noinvroll.nc; Input files updated by another job: resources/DE_20_1.0_wind_0_270_noinv.nc
    wildcards: country=DE, buses=20, transmission_limit=1.0, contingency=wind, reductionto=0, duration=270, model=noinv
    resources: tmpdir=C:\Users\Jeremy\AppData\Local\Temp

[Mon May 27 02:07:37 2024]
Finished job 47.
26 of 73 steps (36%) done
Select jobs to execute...

[Mon May 27 02:07:37 2024]
rule solve_rollinghorizons:
    input: resources/DE_20_1.0_wind_0_180_noinv.nc
    output: results/DE_20_1.0_wind_0_180_noinvroll.nc
    jobid: 45
    reason: Missing output files: results/DE_20_1.0_wind_0_180_noinvroll.nc; Input files updated by another job: resources/DE_20_1.0_wind_0_180_noinv.nc
    wildcards: country=DE, buses=20, transmission_limit=1.0, contingency=wind, reductionto=0, duration=180, model=noinv
    resources: tmpdir=C:\Users\Jeremy\AppData\Local\Temp

[Mon May 27 02:07:37 2024]
Finished job 45.
27 of 73 steps (37%) done
Select jobs to execute...

[Mon May 27 02:07:37 2024]
rule solve_rollinghorizons:
    input: resources/DE_20_1.0_wind_0_90_noinv.nc
    output: results/DE_20_1.0_wind_0_90_noinvroll.nc
    jobid: 43
    reason: Missing output files: results/DE_20_1.0_wind_0_90_noinvroll.nc; Input files updated by another job: resources/DE_20_1.0_wind_0_90_noinv.nc
    wildcards: country=DE, buses=20, transmission_limit=1.0, contingency=wind, reductionto=0, duration=90, model=noinv
    resources: tmpdir=C:\Users\Jeremy\AppData\Local\Temp

[Mon May 27 02:07:37 2024]
Finished job 43.
28 of 73 steps (38%) done
Select jobs to execute...

[Mon May 27 02:07:37 2024]
rule solve_rollinghorizons:
    input: resources/DE_20_1.0_wind_0_270_inv.nc
    output: results/DE_20_1.0_wind_0_270_invroll.nc
    jobid: 23
    reason: Missing output files: results/DE_20_1.0_wind_0_270_invroll.nc; Input files updated by another job: resources/DE_20_1.0_wind_0_270_inv.nc
    wildcards: country=DE, buses=20, transmission_limit=1.0, contingency=wind, reductionto=0, duration=270, model=inv
    resources: tmpdir=C:\Users\Jeremy\AppData\Local\Temp

[Mon May 27 02:07:37 2024]
Finished job 23.
29 of 73 steps (40%) done
Select jobs to execute...

[Mon May 27 02:07:37 2024]
rule solve_rollinghorizons:
    input: resources/DE_20_1.0_wind_0.5_90_inv.nc
    output: results/DE_20_1.0_wind_0.5_90_invroll.nc
    jobid: 13
    reason: Missing output files: results/DE_20_1.0_wind_0.5_90_invroll.nc; Input files updated by another job: resources/DE_20_1.0_wind_0.5_90_inv.nc
    wildcards: country=DE, buses=20, transmission_limit=1.0, contingency=wind, reductionto=0.5, duration=90, model=inv
    resources: tmpdir=C:\Users\Jeremy\AppData\Local\Temp

[Mon May 27 02:07:37 2024]
Finished job 13.
30 of 73 steps (41%) done
Select jobs to execute...

[Mon May 27 02:07:37 2024]
rule solve_contingencies:
    input: resources/DE_20_1.5_base_solved.nc
    output: resources/DE_20_1.5_wind_1.0_180_noinv.nc
    jobid: 82
    reason: Missing output files: resources/DE_20_1.5_wind_1.0_180_noinv.nc; Code has changed since last execution
    wildcards: country=DE, buses=20, transmission_limit=1.5, contingency=wind, reductionto=1.0, duration=180, model=noinv
    resources: tmpdir=C:\Users\Jeremy\AppData\Local\Temp

[Mon May 27 02:10:28 2024]
Finished job 82.
31 of 73 steps (42%) done
Select jobs to execute...

[Mon May 27 02:10:28 2024]
rule solve_contingencies:
    input: resources/DE_20_1.5_base_solved.nc
    output: resources/DE_20_1.5_wind_0_90_inv.nc
    jobid: 68
    reason: Missing output files: resources/DE_20_1.5_wind_0_90_inv.nc; Code has changed since last execution
    wildcards: country=DE, buses=20, transmission_limit=1.5, contingency=wind, reductionto=0, duration=90, model=inv
    resources: tmpdir=C:\Users\Jeremy\AppData\Local\Temp

[Mon May 27 02:20:11 2024]
Finished job 68.
32 of 73 steps (44%) done
Select jobs to execute...

[Mon May 27 02:20:11 2024]
rule solve_contingencies:
    input: resources/DE_20_1.5_base_solved.nc
    output: resources/DE_20_1.5_wind_0.5_90_inv.nc
    jobid: 62
    reason: Missing output files: resources/DE_20_1.5_wind_0.5_90_inv.nc; Code has changed since last execution
    wildcards: country=DE, buses=20, transmission_limit=1.5, contingency=wind, reductionto=0.5, duration=90, model=inv
    resources: tmpdir=C:\Users\Jeremy\AppData\Local\Temp

[Mon May 27 02:28:53 2024]
Finished job 62.
33 of 73 steps (45%) done
Select jobs to execute...

[Mon May 27 02:28:53 2024]
rule solve_contingencies:
    input: resources/DE_20_1.5_base_solved.nc
    output: resources/DE_20_1.5_wind_0.5_270_noinv.nc
    jobid: 90
    reason: Missing output files: resources/DE_20_1.5_wind_0.5_270_noinv.nc; Code has changed since last execution
    wildcards: country=DE, buses=20, transmission_limit=1.5, contingency=wind, reductionto=0.5, duration=270, model=noinv
    resources: tmpdir=C:\Users\Jeremy\AppData\Local\Temp

[Mon May 27 02:31:23 2024]
Finished job 90.
34 of 73 steps (47%) done
Select jobs to execute...

[Mon May 27 02:31:23 2024]
rule solve_contingencies:
    input: resources/DE_20_1.5_base_solved.nc
    output: resources/DE_20_1.5_wind_1.0_90_inv.nc
    jobid: 56
    reason: Missing output files: resources/DE_20_1.5_wind_1.0_90_inv.nc; Code has changed since last execution
    wildcards: country=DE, buses=20, transmission_limit=1.5, contingency=wind, reductionto=1.0, duration=90, model=inv
    resources: tmpdir=C:\Users\Jeremy\AppData\Local\Temp

[Mon May 27 03:15:58 2024]
Finished job 56.
35 of 73 steps (48%) done
Select jobs to execute...

[Mon May 27 03:15:58 2024]
rule solve_rollinghorizons:
    input: resources/DE_20_1.5_wind_1.0_90_inv.nc
    output: results/DE_20_1.5_wind_1.0_90_invroll.nc
    jobid: 55
    reason: Missing output files: results/DE_20_1.5_wind_1.0_90_invroll.nc; Input files updated by another job: resources/DE_20_1.5_wind_1.0_90_inv.nc
    wildcards: country=DE, buses=20, transmission_limit=1.5, contingency=wind, reductionto=1.0, duration=90, model=inv
    resources: tmpdir=C:\Users\Jeremy\AppData\Local\Temp

[Mon May 27 03:15:58 2024]
Finished job 55.
36 of 73 steps (49%) done
Select jobs to execute...

[Mon May 27 03:15:58 2024]
rule solve_contingencies:
    input: resources/DE_20_1.5_base_solved.nc
    output: resources/DE_20_1.5_wind_1.0_270_noinv.nc
    jobid: 84
    reason: Missing output files: resources/DE_20_1.5_wind_1.0_270_noinv.nc; Code has changed since last execution
    wildcards: country=DE, buses=20, transmission_limit=1.5, contingency=wind, reductionto=1.0, duration=270, model=noinv
    resources: tmpdir=C:\Users\Jeremy\AppData\Local\Temp

[Mon May 27 03:18:52 2024]
Finished job 84.
37 of 73 steps (51%) done
Select jobs to execute...

[Mon May 27 03:18:52 2024]
rule solve_contingencies:
    input: resources/DE_20_1.5_base_solved.nc
    output: resources/DE_20_1.5_wind_0_180_inv.nc
    jobid: 70
    reason: Missing output files: resources/DE_20_1.5_wind_0_180_inv.nc; Code has changed since last execution
    wildcards: country=DE, buses=20, transmission_limit=1.5, contingency=wind, reductionto=0, duration=180, model=inv
    resources: tmpdir=C:\Users\Jeremy\AppData\Local\Temp

[Mon May 27 03:47:57 2024]
Finished job 70.
38 of 73 steps (52%) done
Select jobs to execute...

[Mon May 27 03:47:57 2024]
rule solve_rollinghorizons:
    input: resources/DE_20_1.5_wind_0_180_inv.nc
    output: results/DE_20_1.5_wind_0_180_invroll.nc
    jobid: 69
    reason: Missing output files: results/DE_20_1.5_wind_0_180_invroll.nc; Input files updated by another job: resources/DE_20_1.5_wind_0_180_inv.nc
    wildcards: country=DE, buses=20, transmission_limit=1.5, contingency=wind, reductionto=0, duration=180, model=inv
    resources: tmpdir=C:\Users\Jeremy\AppData\Local\Temp

[Mon May 27 03:47:57 2024]
Finished job 69.
39 of 73 steps (53%) done
Select jobs to execute...

[Mon May 27 03:47:57 2024]
rule solve_contingencies:
    input: resources/DE_20_1.5_base_solved.nc
    output: resources/DE_20_1.5_wind_0.5_180_inv.nc
    jobid: 64
    reason: Missing output files: resources/DE_20_1.5_wind_0.5_180_inv.nc; Code has changed since last execution
    wildcards: country=DE, buses=20, transmission_limit=1.5, contingency=wind, reductionto=0.5, duration=180, model=inv
    resources: tmpdir=C:\Users\Jeremy\AppData\Local\Temp

[Mon May 27 05:15:21 2024]
Finished job 64.
40 of 73 steps (55%) done
Select jobs to execute...

[Mon May 27 05:15:21 2024]
rule solve_rollinghorizons:
    input: resources/DE_20_1.5_wind_0.5_180_inv.nc
    output: results/DE_20_1.5_wind_0.5_180_invroll.nc
    jobid: 63
    reason: Missing output files: results/DE_20_1.5_wind_0.5_180_invroll.nc; Input files updated by another job: resources/DE_20_1.5_wind_0.5_180_inv.nc
    wildcards: country=DE, buses=20, transmission_limit=1.5, contingency=wind, reductionto=0.5, duration=180, model=inv
    resources: tmpdir=C:\Users\Jeremy\AppData\Local\Temp

[Mon May 27 05:15:21 2024]
Finished job 63.
41 of 73 steps (56%) done
Select jobs to execute...

[Mon May 27 05:15:21 2024]
rule solve_contingencies:
    input: resources/DE_20_1.5_base_solved.nc
    output: resources/DE_20_1.5_wind_0_90_noinv.nc
    jobid: 92
    reason: Missing output files: resources/DE_20_1.5_wind_0_90_noinv.nc; Code has changed since last execution
    wildcards: country=DE, buses=20, transmission_limit=1.5, contingency=wind, reductionto=0, duration=90, model=noinv
    resources: tmpdir=C:\Users\Jeremy\AppData\Local\Temp

[Mon May 27 05:17:41 2024]
Finished job 92.
42 of 73 steps (58%) done
Select jobs to execute...

[Mon May 27 05:17:41 2024]
rule solve_rollinghorizons:
    input: resources/DE_20_1.5_wind_0_90_noinv.nc
    output: results/DE_20_1.5_wind_0_90_noinvroll.nc
    jobid: 91
    reason: Missing output files: results/DE_20_1.5_wind_0_90_noinvroll.nc; Input files updated by another job: resources/DE_20_1.5_wind_0_90_noinv.nc
    wildcards: country=DE, buses=20, transmission_limit=1.5, contingency=wind, reductionto=0, duration=90, model=noinv
    resources: tmpdir=C:\Users\Jeremy\AppData\Local\Temp

[Mon May 27 05:17:41 2024]
Finished job 91.
43 of 73 steps (59%) done
Select jobs to execute...

[Mon May 27 05:17:41 2024]
rule solve_contingencies:
    input: resources/DE_20_1.5_base_solved.nc
    output: resources/DE_20_1.5_wind_1.0_180_inv.nc
    jobid: 58
    reason: Missing output files: resources/DE_20_1.5_wind_1.0_180_inv.nc; Code has changed since last execution
    wildcards: country=DE, buses=20, transmission_limit=1.5, contingency=wind, reductionto=1.0, duration=180, model=inv
    resources: tmpdir=C:\Users\Jeremy\AppData\Local\Temp

[Mon May 27 06:06:50 2024]
Finished job 58.
44 of 73 steps (60%) done
Select jobs to execute...

[Mon May 27 06:06:50 2024]
rule solve_rollinghorizons:
    input: resources/DE_20_1.5_wind_1.0_180_inv.nc
    output: results/DE_20_1.5_wind_1.0_180_invroll.nc
    jobid: 57
    reason: Missing output files: results/DE_20_1.5_wind_1.0_180_invroll.nc; Input files updated by another job: resources/DE_20_1.5_wind_1.0_180_inv.nc
    wildcards: country=DE, buses=20, transmission_limit=1.5, contingency=wind, reductionto=1.0, duration=180, model=inv
    resources: tmpdir=C:\Users\Jeremy\AppData\Local\Temp

[Mon May 27 06:06:50 2024]
Finished job 57.
45 of 73 steps (62%) done
Select jobs to execute...

[Mon May 27 06:06:50 2024]
rule solve_contingencies:
    input: resources/DE_20_1.5_base_solved.nc
    output: resources/DE_20_1.5_wind_0.5_90_noinv.nc
    jobid: 86
    reason: Missing output files: resources/DE_20_1.5_wind_0.5_90_noinv.nc; Code has changed since last execution
    wildcards: country=DE, buses=20, transmission_limit=1.5, contingency=wind, reductionto=0.5, duration=90, model=noinv
    resources: tmpdir=C:\Users\Jeremy\AppData\Local\Temp

[Mon May 27 06:09:11 2024]
Finished job 86.
46 of 73 steps (63%) done
Select jobs to execute...

[Mon May 27 06:09:11 2024]
rule solve_contingencies:
    input: resources/DE_20_1.5_base_solved.nc
    output: resources/DE_20_1.5_wind_0_270_inv.nc
    jobid: 72
    reason: Missing output files: resources/DE_20_1.5_wind_0_270_inv.nc; Code has changed since last execution
    wildcards: country=DE, buses=20, transmission_limit=1.5, contingency=wind, reductionto=0, duration=270, model=inv
    resources: tmpdir=C:\Users\Jeremy\AppData\Local\Temp

[Mon May 27 06:56:51 2024]
Finished job 72.
47 of 73 steps (64%) done
Select jobs to execute...

[Mon May 27 06:56:51 2024]
rule solve_rollinghorizons:
    input: resources/DE_20_1.5_wind_0_270_inv.nc
    output: results/DE_20_1.5_wind_0_270_invroll.nc
    jobid: 71
    reason: Missing output files: results/DE_20_1.5_wind_0_270_invroll.nc; Input files updated by another job: resources/DE_20_1.5_wind_0_270_inv.nc
    wildcards: country=DE, buses=20, transmission_limit=1.5, contingency=wind, reductionto=0, duration=270, model=inv
    resources: tmpdir=C:\Users\Jeremy\AppData\Local\Temp

[Mon May 27 06:56:51 2024]
Finished job 71.
48 of 73 steps (66%) done
Select jobs to execute...

[Mon May 27 06:56:51 2024]
rule solve_contingencies:
    input: resources/DE_20_1.5_base_solved.nc
    output: resources/DE_20_1.5_wind_0_270_noinv.nc
    jobid: 96
    reason: Missing output files: resources/DE_20_1.5_wind_0_270_noinv.nc; Code has changed since last execution
    wildcards: country=DE, buses=20, transmission_limit=1.5, contingency=wind, reductionto=0, duration=270, model=noinv
    resources: tmpdir=C:\Users\Jeremy\AppData\Local\Temp

[Mon May 27 06:59:22 2024]
Finished job 96.
49 of 73 steps (67%) done
Select jobs to execute...

[Mon May 27 06:59:22 2024]
rule solve_contingencies:
    input: resources/DE_20_1.5_base_solved.nc
    output: resources/DE_20_1.5_wind_1.0_270_inv.nc
    jobid: 60
    reason: Missing output files: resources/DE_20_1.5_wind_1.0_270_inv.nc; Code has changed since last execution
    wildcards: country=DE, buses=20, transmission_limit=1.5, contingency=wind, reductionto=1.0, duration=270, model=inv
    resources: tmpdir=C:\Users\Jeremy\AppData\Local\Temp

[Mon May 27 07:43:31 2024]
Finished job 60.
50 of 73 steps (68%) done
Select jobs to execute...

[Mon May 27 07:43:31 2024]
rule solve_rollinghorizons:
    input: resources/DE_20_1.5_wind_1.0_270_inv.nc
    output: results/DE_20_1.5_wind_1.0_270_invroll.nc
    jobid: 59
    reason: Missing output files: results/DE_20_1.5_wind_1.0_270_invroll.nc; Input files updated by another job: resources/DE_20_1.5_wind_1.0_270_inv.nc
    wildcards: country=DE, buses=20, transmission_limit=1.5, contingency=wind, reductionto=1.0, duration=270, model=inv
    resources: tmpdir=C:\Users\Jeremy\AppData\Local\Temp

[Mon May 27 07:43:31 2024]
Finished job 59.
51 of 73 steps (70%) done
Select jobs to execute...

[Mon May 27 07:43:31 2024]
rule solve_contingencies:
    input: resources/DE_20_1.5_base_solved.nc
    output: resources/DE_20_1.5_wind_0.5_180_noinv.nc
    jobid: 88
    reason: Missing output files: resources/DE_20_1.5_wind_0.5_180_noinv.nc; Code has changed since last execution
    wildcards: country=DE, buses=20, transmission_limit=1.5, contingency=wind, reductionto=0.5, duration=180, model=noinv
    resources: tmpdir=C:\Users\Jeremy\AppData\Local\Temp

[Mon May 27 07:46:45 2024]
Finished job 88.
52 of 73 steps (71%) done
Select jobs to execute...

[Mon May 27 07:46:45 2024]
rule solve_contingencies:
    input: resources/DE_20_1.5_base_solved.nc
    output: resources/DE_20_1.5_wind_0.5_270_inv.nc
    jobid: 66
    reason: Missing output files: resources/DE_20_1.5_wind_0.5_270_inv.nc; Code has changed since last execution
    wildcards: country=DE, buses=20, transmission_limit=1.5, contingency=wind, reductionto=0.5, duration=270, model=inv
    resources: tmpdir=C:\Users\Jeremy\AppData\Local\Temp

[Mon May 27 08:57:36 2024]
Finished job 66.
53 of 73 steps (73%) done
Select jobs to execute...

[Mon May 27 08:57:36 2024]
rule solve_rollinghorizons:
    input: resources/DE_20_1.5_wind_0.5_270_inv.nc
    output: results/DE_20_1.5_wind_0.5_270_invroll.nc
    jobid: 65
    reason: Missing output files: results/DE_20_1.5_wind_0.5_270_invroll.nc; Input files updated by another job: resources/DE_20_1.5_wind_0.5_270_inv.nc
    wildcards: country=DE, buses=20, transmission_limit=1.5, contingency=wind, reductionto=0.5, duration=270, model=inv
    resources: tmpdir=C:\Users\Jeremy\AppData\Local\Temp

[Mon May 27 08:57:36 2024]
Finished job 65.
54 of 73 steps (74%) done
Select jobs to execute...

[Mon May 27 08:57:36 2024]
rule solve_contingencies:
    input: resources/DE_20_1.5_base_solved.nc
    output: resources/DE_20_1.5_wind_1.0_90_noinv.nc
    jobid: 80
    reason: Missing output files: resources/DE_20_1.5_wind_1.0_90_noinv.nc; Code has changed since last execution
    wildcards: country=DE, buses=20, transmission_limit=1.5, contingency=wind, reductionto=1.0, duration=90, model=noinv
    resources: tmpdir=C:\Users\Jeremy\AppData\Local\Temp

[Mon May 27 09:00:22 2024]
Finished job 80.
55 of 73 steps (75%) done
Select jobs to execute...

[Mon May 27 09:00:22 2024]
rule solve_contingencies:
    input: resources/DE_20_1.5_base_solved.nc
    output: resources/DE_20_1.5_wind_0_180_noinv.nc
    jobid: 94
    reason: Missing output files: resources/DE_20_1.5_wind_0_180_noinv.nc; Code has changed since last execution
    wildcards: country=DE, buses=20, transmission_limit=1.5, contingency=wind, reductionto=0, duration=180, model=noinv
    resources: tmpdir=C:\Users\Jeremy\AppData\Local\Temp

[Mon May 27 09:03:09 2024]
Finished job 94.
56 of 73 steps (77%) done
Select jobs to execute...

[Mon May 27 09:03:09 2024]
rule solve_rollinghorizons:
    input: resources/DE_20_1.5_wind_0_180_noinv.nc
    output: results/DE_20_1.5_wind_0_180_noinvroll.nc
    jobid: 93
    reason: Missing output files: results/DE_20_1.5_wind_0_180_noinvroll.nc; Input files updated by another job: resources/DE_20_1.5_wind_0_180_noinv.nc
    wildcards: country=DE, buses=20, transmission_limit=1.5, contingency=wind, reductionto=0, duration=180, model=noinv
    resources: tmpdir=C:\Users\Jeremy\AppData\Local\Temp

[Mon May 27 09:03:09 2024]
Finished job 93.
57 of 73 steps (78%) done
Select jobs to execute...

[Mon May 27 09:03:09 2024]
rule solve_rollinghorizons:
    input: resources/DE_20_1.5_wind_0_270_noinv.nc
    output: results/DE_20_1.5_wind_0_270_noinvroll.nc
    jobid: 95
    reason: Missing output files: results/DE_20_1.5_wind_0_270_noinvroll.nc; Input files updated by another job: resources/DE_20_1.5_wind_0_270_noinv.nc
    wildcards: country=DE, buses=20, transmission_limit=1.5, contingency=wind, reductionto=0, duration=270, model=noinv
    resources: tmpdir=C:\Users\Jeremy\AppData\Local\Temp

[Mon May 27 09:03:09 2024]
Finished job 95.
58 of 73 steps (79%) done
Select jobs to execute...

[Mon May 27 09:03:09 2024]
rule solve_rollinghorizons:
    input: resources/DE_20_1.5_wind_1.0_270_noinv.nc
    output: results/DE_20_1.5_wind_1.0_270_noinvroll.nc
    jobid: 83
    reason: Missing output files: results/DE_20_1.5_wind_1.0_270_noinvroll.nc; Input files updated by another job: resources/DE_20_1.5_wind_1.0_270_noinv.nc
    wildcards: country=DE, buses=20, transmission_limit=1.5, contingency=wind, reductionto=1.0, duration=270, model=noinv
    resources: tmpdir=C:\Users\Jeremy\AppData\Local\Temp

[Mon May 27 09:03:09 2024]
Finished job 83.
59 of 73 steps (81%) done
Select jobs to execute...

[Mon May 27 09:03:09 2024]
rule solve_rollinghorizons:
    input: resources/DE_20_1.5_wind_0.5_270_noinv.nc
    output: results/DE_20_1.5_wind_0.5_270_noinvroll.nc
    jobid: 89
    reason: Missing output files: results/DE_20_1.5_wind_0.5_270_noinvroll.nc; Input files updated by another job: resources/DE_20_1.5_wind_0.5_270_noinv.nc
    wildcards: country=DE, buses=20, transmission_limit=1.5, contingency=wind, reductionto=0.5, duration=270, model=noinv
    resources: tmpdir=C:\Users\Jeremy\AppData\Local\Temp

[Mon May 27 09:03:09 2024]
Finished job 89.
60 of 73 steps (82%) done
Select jobs to execute...

[Mon May 27 09:03:09 2024]
rule solve_rollinghorizons:
    input: resources/DE_20_1.5_wind_1.0_180_noinv.nc
    output: results/DE_20_1.5_wind_1.0_180_noinvroll.nc
    jobid: 81
    reason: Missing output files: results/DE_20_1.5_wind_1.0_180_noinvroll.nc; Input files updated by another job: resources/DE_20_1.5_wind_1.0_180_noinv.nc
    wildcards: country=DE, buses=20, transmission_limit=1.5, contingency=wind, reductionto=1.0, duration=180, model=noinv
    resources: tmpdir=C:\Users\Jeremy\AppData\Local\Temp

[Mon May 27 09:03:09 2024]
Finished job 81.
61 of 73 steps (84%) done
Select jobs to execute...

[Mon May 27 09:03:09 2024]
rule solve_rollinghorizons:
    input: resources/DE_20_1.5_wind_0.5_180_noinv.nc
    output: results/DE_20_1.5_wind_0.5_180_noinvroll.nc
    jobid: 87
    reason: Missing output files: results/DE_20_1.5_wind_0.5_180_noinvroll.nc; Input files updated by another job: resources/DE_20_1.5_wind_0.5_180_noinv.nc
    wildcards: country=DE, buses=20, transmission_limit=1.5, contingency=wind, reductionto=0.5, duration=180, model=noinv
    resources: tmpdir=C:\Users\Jeremy\AppData\Local\Temp

[Mon May 27 09:03:09 2024]
Finished job 87.
62 of 73 steps (85%) done
Select jobs to execute...

[Mon May 27 09:03:09 2024]
rule solve_rollinghorizons:
    input: resources/DE_20_1.5_wind_1.0_90_noinv.nc
    output: results/DE_20_1.5_wind_1.0_90_noinvroll.nc
    jobid: 79
    reason: Missing output files: results/DE_20_1.5_wind_1.0_90_noinvroll.nc; Input files updated by another job: resources/DE_20_1.5_wind_1.0_90_noinv.nc
    wildcards: country=DE, buses=20, transmission_limit=1.5, contingency=wind, reductionto=1.0, duration=90, model=noinv
    resources: tmpdir=C:\Users\Jeremy\AppData\Local\Temp

[Mon May 27 09:03:09 2024]
Finished job 79.
63 of 73 steps (86%) done
Select jobs to execute...

[Mon May 27 09:03:09 2024]
rule solve_rollinghorizons:
    input: resources/DE_20_1.5_wind_0.5_90_noinv.nc
    output: results/DE_20_1.5_wind_0.5_90_noinvroll.nc
    jobid: 85
    reason: Missing output files: results/DE_20_1.5_wind_0.5_90_noinvroll.nc; Input files updated by another job: resources/DE_20_1.5_wind_0.5_90_noinv.nc
    wildcards: country=DE, buses=20, transmission_limit=1.5, contingency=wind, reductionto=0.5, duration=90, model=noinv
    resources: tmpdir=C:\Users\Jeremy\AppData\Local\Temp

[Mon May 27 09:03:09 2024]
Finished job 85.
64 of 73 steps (88%) done
Select jobs to execute...

[Mon May 27 09:03:09 2024]
rule solve_rollinghorizons:
    input: resources/DE_20_1.0_wind_1.0_270_noinv.nc
    output: results/DE_20_1.0_wind_1.0_270_noinvroll.nc
    jobid: 35
    reason: Missing output files: results/DE_20_1.0_wind_1.0_270_noinvroll.nc; Input files updated by another job: resources/DE_20_1.0_wind_1.0_270_noinv.nc
    wildcards: country=DE, buses=20, transmission_limit=1.0, contingency=wind, reductionto=1.0, duration=270, model=noinv
    resources: tmpdir=C:\Users\Jeremy\AppData\Local\Temp

[Mon May 27 09:03:09 2024]
Finished job 35.
65 of 73 steps (89%) done
Select jobs to execute...

[Mon May 27 09:03:09 2024]
rule solve_rollinghorizons:
    input: resources/DE_20_1.0_wind_0.5_90_noinv.nc
    output: results/DE_20_1.0_wind_0.5_90_noinvroll.nc
    jobid: 37
    reason: Missing output files: results/DE_20_1.0_wind_0.5_90_noinvroll.nc; Input files updated by another job: resources/DE_20_1.0_wind_0.5_90_noinv.nc
    wildcards: country=DE, buses=20, transmission_limit=1.0, contingency=wind, reductionto=0.5, duration=90, model=noinv
    resources: tmpdir=C:\Users\Jeremy\AppData\Local\Temp

[Mon May 27 09:03:09 2024]
Finished job 37.
66 of 73 steps (90%) done
Select jobs to execute...

[Mon May 27 09:03:09 2024]
rule solve_rollinghorizons:
    input: resources/DE_20_1.0_wind_1.0_90_noinv.nc
    output: results/DE_20_1.0_wind_1.0_90_noinvroll.nc
    jobid: 31
    reason: Missing output files: results/DE_20_1.0_wind_1.0_90_noinvroll.nc; Input files updated by another job: resources/DE_20_1.0_wind_1.0_90_noinv.nc
    wildcards: country=DE, buses=20, transmission_limit=1.0, contingency=wind, reductionto=1.0, duration=90, model=noinv
    resources: tmpdir=C:\Users\Jeremy\AppData\Local\Temp

[Mon May 27 09:03:09 2024]
Finished job 31.
67 of 73 steps (92%) done
Select jobs to execute...

[Mon May 27 09:03:09 2024]
rule solve_rollinghorizons:
    input: resources/DE_20_1.0_wind_1.0_180_noinv.nc
    output: results/DE_20_1.0_wind_1.0_180_noinvroll.nc
    jobid: 33
    reason: Missing output files: results/DE_20_1.0_wind_1.0_180_noinvroll.nc; Input files updated by another job: resources/DE_20_1.0_wind_1.0_180_noinv.nc
    wildcards: country=DE, buses=20, transmission_limit=1.0, contingency=wind, reductionto=1.0, duration=180, model=noinv
    resources: tmpdir=C:\Users\Jeremy\AppData\Local\Temp

[Mon May 27 09:03:09 2024]
Finished job 33.
68 of 73 steps (93%) done
Select jobs to execute...

[Mon May 27 09:03:09 2024]
rule solve_rollinghorizons:
    input: resources/DE_20_1.0_wind_0.5_180_noinv.nc
    output: results/DE_20_1.0_wind_0.5_180_noinvroll.nc
    jobid: 39
    reason: Missing output files: results/DE_20_1.0_wind_0.5_180_noinvroll.nc; Input files updated by another job: resources/DE_20_1.0_wind_0.5_180_noinv.nc
    wildcards: country=DE, buses=20, transmission_limit=1.0, contingency=wind, reductionto=0.5, duration=180, model=noinv
    resources: tmpdir=C:\Users\Jeremy\AppData\Local\Temp

[Mon May 27 09:03:09 2024]
Finished job 39.
69 of 73 steps (95%) done
Select jobs to execute...

[Mon May 27 09:03:09 2024]
rule solve_rollinghorizons:
    input: resources/DE_20_1.0_wind_0.5_270_noinv.nc
    output: results/DE_20_1.0_wind_0.5_270_noinvroll.nc
    jobid: 41
    reason: Missing output files: results/DE_20_1.0_wind_0.5_270_noinvroll.nc; Input files updated by another job: resources/DE_20_1.0_wind_0.5_270_noinv.nc
    wildcards: country=DE, buses=20, transmission_limit=1.0, contingency=wind, reductionto=0.5, duration=270, model=noinv
    resources: tmpdir=C:\Users\Jeremy\AppData\Local\Temp

[Mon May 27 09:03:09 2024]
Finished job 41.
70 of 73 steps (96%) done
Select jobs to execute...

[Mon May 27 09:03:09 2024]
rule solve_rollinghorizons:
    input: resources/DE_20_1.5_wind_0.5_90_inv.nc
    output: results/DE_20_1.5_wind_0.5_90_invroll.nc
    jobid: 61
    reason: Missing output files: results/DE_20_1.5_wind_0.5_90_invroll.nc; Input files updated by another job: resources/DE_20_1.5_wind_0.5_90_inv.nc
    wildcards: country=DE, buses=20, transmission_limit=1.5, contingency=wind, reductionto=0.5, duration=90, model=inv
    resources: tmpdir=C:\Users\Jeremy\AppData\Local\Temp

[Mon May 27 09:03:09 2024]
Finished job 61.
71 of 73 steps (97%) done
Select jobs to execute...

[Mon May 27 09:03:09 2024]
rule solve_rollinghorizons:
    input: resources/DE_20_1.5_wind_0_90_inv.nc
    output: results/DE_20_1.5_wind_0_90_invroll.nc
    jobid: 67
    reason: Missing output files: results/DE_20_1.5_wind_0_90_invroll.nc; Input files updated by another job: resources/DE_20_1.5_wind_0_90_inv.nc
    wildcards: country=DE, buses=20, transmission_limit=1.5, contingency=wind, reductionto=0, duration=90, model=inv
    resources: tmpdir=C:\Users\Jeremy\AppData\Local\Temp

[Mon May 27 09:03:09 2024]
Finished job 67.
72 of 73 steps (99%) done
Select jobs to execute...

[Mon May 27 09:03:09 2024]
localrule all:
    input: results/DE_20_1.0_pv_0_90_invroll.nc, results/DE_20_1.0_pv_0_180_invroll.nc, results/DE_20_1.0_pv_0_270_invroll.nc, results/DE_20_1.0_pv_0_90_invroll.nc, results/DE_20_1.0_pv_0_180_invroll.nc, results/DE_20_1.0_pv_0_270_invroll.nc, results/DE_20_1.0_pv_0_90_invroll.nc, results/DE_20_1.0_pv_0_180_invroll.nc, results/DE_20_1.0_pv_0_270_invroll.nc, results/DE_20_1.0_wind_1.0_90_invroll.nc, results/DE_20_1.0_wind_1.0_180_invroll.nc, results/DE_20_1.0_wind_1.0_270_invroll.nc, results/DE_20_1.0_wind_0.5_90_invroll.nc, results/DE_20_1.0_wind_0.5_180_invroll.nc, results/DE_20_1.0_wind_0.5_270_invroll.nc, results/DE_20_1.0_wind_0_90_invroll.nc, results/DE_20_1.0_wind_0_180_invroll.nc, results/DE_20_1.0_wind_0_270_invroll.nc, results/DE_20_1.0_pv_0_90_noinvroll.nc, results/DE_20_1.0_pv_0_180_noinvroll.nc, results/DE_20_1.0_pv_0_270_noinvroll.nc, results/DE_20_1.0_pv_0_90_noinvroll.nc, results/DE_20_1.0_pv_0_180_noinvroll.nc, results/DE_20_1.0_pv_0_270_noinvroll.nc, results/DE_20_1.0_pv_0_90_noinvroll.nc, results/DE_20_1.0_pv_0_180_noinvroll.nc, results/DE_20_1.0_pv_0_270_noinvroll.nc, results/DE_20_1.0_wind_1.0_90_noinvroll.nc, results/DE_20_1.0_wind_1.0_180_noinvroll.nc, results/DE_20_1.0_wind_1.0_270_noinvroll.nc, results/DE_20_1.0_wind_0.5_90_noinvroll.nc, results/DE_20_1.0_wind_0.5_180_noinvroll.nc, results/DE_20_1.0_wind_0.5_270_noinvroll.nc, results/DE_20_1.0_wind_0_90_noinvroll.nc, results/DE_20_1.0_wind_0_180_noinvroll.nc, results/DE_20_1.0_wind_0_270_noinvroll.nc, results/DE_20_1.5_pv_0_90_invroll.nc, results/DE_20_1.5_pv_0_180_invroll.nc, results/DE_20_1.5_pv_0_270_invroll.nc, results/DE_20_1.5_pv_0_90_invroll.nc, results/DE_20_1.5_pv_0_180_invroll.nc, results/DE_20_1.5_pv_0_270_invroll.nc, results/DE_20_1.5_pv_0_90_invroll.nc, results/DE_20_1.5_pv_0_180_invroll.nc, results/DE_20_1.5_pv_0_270_invroll.nc, results/DE_20_1.5_wind_1.0_90_invroll.nc, results/DE_20_1.5_wind_1.0_180_invroll.nc, results/DE_20_1.5_wind_1.0_270_invroll.nc, results/DE_20_1.5_wind_0.5_90_invroll.nc, results/DE_20_1.5_wind_0.5_180_invroll.nc, results/DE_20_1.5_wind_0.5_270_invroll.nc, results/DE_20_1.5_wind_0_90_invroll.nc, results/DE_20_1.5_wind_0_180_invroll.nc, results/DE_20_1.5_wind_0_270_invroll.nc, results/DE_20_1.5_pv_0_90_noinvroll.nc, results/DE_20_1.5_pv_0_180_noinvroll.nc, results/DE_20_1.5_pv_0_270_noinvroll.nc, results/DE_20_1.5_pv_0_90_noinvroll.nc, results/DE_20_1.5_pv_0_180_noinvroll.nc, results/DE_20_1.5_pv_0_270_noinvroll.nc, results/DE_20_1.5_pv_0_90_noinvroll.nc, results/DE_20_1.5_pv_0_180_noinvroll.nc, results/DE_20_1.5_pv_0_270_noinvroll.nc, results/DE_20_1.5_wind_1.0_90_noinvroll.nc, results/DE_20_1.5_wind_1.0_180_noinvroll.nc, results/DE_20_1.5_wind_1.0_270_noinvroll.nc, results/DE_20_1.5_wind_0.5_90_noinvroll.nc, results/DE_20_1.5_wind_0.5_180_noinvroll.nc, results/DE_20_1.5_wind_0.5_270_noinvroll.nc, results/DE_20_1.5_wind_0_90_noinvroll.nc, results/DE_20_1.5_wind_0_180_noinvroll.nc, results/DE_20_1.5_wind_0_270_noinvroll.nc
    jobid: 0
    reason: Input files updated by another job: results/DE_20_1.5_wind_1.0_180_noinvroll.nc, results/DE_20_1.5_wind_0_180_noinvroll.nc, results/DE_20_1.0_wind_1.0_180_invroll.nc, results/DE_20_1.5_wind_0.5_270_invroll.nc, results/DE_20_1.5_wind_0.5_180_noinvroll.nc, results/DE_20_1.0_wind_0.5_270_noinvroll.nc, results/DE_20_1.5_wind_1.0_180_invroll.nc, results/DE_20_1.5_wind_1.0_270_invroll.nc, results/DE_20_1.5_wind_0_270_noinvroll.nc, results/DE_20_1.5_wind_1.0_90_noinvroll.nc, results/DE_20_1.5_wind_0.5_90_noinvroll.nc, results/DE_20_1.0_wind_1.0_90_noinvroll.nc, results/DE_20_1.5_wind_1.0_90_invroll.nc, results/DE_20_1.0_wind_1.0_90_invroll.nc, results/DE_20_1.5_wind_0_90_noinvroll.nc, results/DE_20_1.0_wind_0.5_90_invroll.nc, results/DE_20_1.0_wind_0_90_noinvroll.nc, results/DE_20_1.5_wind_0_90_invroll.nc, results/DE_20_1.0_wind_0_90_invroll.nc, results/DE_20_1.5_wind_1.0_270_noinvroll.nc, results/DE_20_1.0_wind_1.0_270_noinvroll.nc, results/DE_20_1.0_wind_0.5_90_noinvroll.nc, results/DE_20_1.5_wind_0_180_invroll.nc, results/DE_20_1.5_wind_0.5_90_invroll.nc, results/DE_20_1.0_wind_0_180_noinvroll.nc, results/DE_20_1.0_wind_1.0_180_noinvroll.nc, results/DE_20_1.0_wind_0.5_270_invroll.nc, results/DE_20_1.0_wind_0_180_invroll.nc, results/DE_20_1.0_wind_0.5_180_noinvroll.nc, results/DE_20_1.0_wind_0_270_noinvroll.nc, results/DE_20_1.0_wind_1.0_270_invroll.nc, results/DE_20_1.0_wind_0_270_invroll.nc, results/DE_20_1.5_wind_0.5_270_noinvroll.nc, results/DE_20_1.5_wind_0_270_invroll.nc, results/DE_20_1.0_wind_0.5_180_invroll.nc, results/DE_20_1.5_wind_0.5_180_invroll.nc
    resources: tmpdir=C:\Users\Jeremy\AppData\Local\Temp

[Mon May 27 09:03:09 2024]
Finished job 0.
73 of 73 steps (100%) done
Complete log: .snakemake\log\2024-05-26T221918.600317.snakemake.log
