Building DAG of jobs...
Provided cores: 1 (use --cores to define parallelism)
Rules claiming more threads will be scaled down.
Job stats:
job                      count
---------------------  -------
all                          1
solve_contingencies          1
solve_rollinghorizons        8
total                       10

Select jobs to execute...

[Sun May 26 12:44:40 2024]
rule solve_contingencies:
    input: resources/DE_20_1.0_base_solved.nc
    output: resources/DE_20_1.0_wind_0.5_180_inv.nc
    jobid: 5
    reason: Code has changed since last execution
    wildcards: country=DE, buses=20, transmission_limit=1.0, contingency=wind, reductionto=0.5, duration=180, model=inv
    resources: tmpdir=C:\Users\Jeremy\AppData\Local\Temp

[Sun May 26 12:44:40 2024]
Finished job 5.
1 of 10 steps (10%) done
Select jobs to execute...

[Sun May 26 12:44:40 2024]
rule solve_rollinghorizons:
    input: resources/DE_20_1.5_wind_0.5_180_inv.nc
    output: results/DE_20_1.5_wind_0.5_180_invroll.nc
    jobid: 13
    reason: Missing output files: results/DE_20_1.5_wind_0.5_180_invroll.nc
    wildcards: country=DE, buses=20, transmission_limit=1.5, contingency=wind, reductionto=0.5, duration=180, model=inv
    resources: tmpdir=C:\Users\Jeremy\AppData\Local\Temp

[Sun May 26 12:44:40 2024]
Finished job 13.
2 of 10 steps (20%) done
Select jobs to execute...

[Sun May 26 12:44:40 2024]
rule solve_rollinghorizons:
    input: resources/DE_20_1.5_wind_0.5_180_noinv.nc
    output: results/DE_20_1.5_wind_0.5_180_noinvroll.nc
    jobid: 17
    reason: Missing output files: results/DE_20_1.5_wind_0.5_180_noinvroll.nc
    wildcards: country=DE, buses=20, transmission_limit=1.5, contingency=wind, reductionto=0.5, duration=180, model=noinv
    resources: tmpdir=C:\Users\Jeremy\AppData\Local\Temp

[Sun May 26 12:44:40 2024]
Finished job 17.
3 of 10 steps (30%) done
Select jobs to execute...

[Sun May 26 12:44:40 2024]
rule solve_rollinghorizons:
    input: resources/DE_20_1.5_pv_0.25_180_noinv.nc
    output: results/DE_20_1.5_pv_0.25_180_noinvroll.nc
    jobid: 15
    reason: Missing output files: results/DE_20_1.5_pv_0.25_180_noinvroll.nc
    wildcards: country=DE, buses=20, transmission_limit=1.5, contingency=pv, reductionto=0.25, duration=180, model=noinv
    resources: tmpdir=C:\Users\Jeremy\AppData\Local\Temp

[Sun May 26 12:44:40 2024]
Finished job 15.
4 of 10 steps (40%) done
Select jobs to execute...

[Sun May 26 12:44:40 2024]
rule solve_rollinghorizons:
    input: resources/DE_20_1.0_pv_0.25_180_noinv.nc
    output: results/DE_20_1.0_pv_0.25_180_noinvroll.nc
    jobid: 6
    reason: Missing output files: results/DE_20_1.0_pv_0.25_180_noinvroll.nc
    wildcards: country=DE, buses=20, transmission_limit=1.0, contingency=pv, reductionto=0.25, duration=180, model=noinv
    resources: tmpdir=C:\Users\Jeremy\AppData\Local\Temp

[Sun May 26 12:44:40 2024]
Finished job 6.
5 of 10 steps (50%) done
Select jobs to execute...

[Sun May 26 12:44:40 2024]
rule solve_rollinghorizons:
    input: resources/DE_20_1.0_wind_0.5_180_noinv.nc
    output: results/DE_20_1.0_wind_0.5_180_noinvroll.nc
    jobid: 8
    reason: Missing output files: results/DE_20_1.0_wind_0.5_180_noinvroll.nc
    wildcards: country=DE, buses=20, transmission_limit=1.0, contingency=wind, reductionto=0.5, duration=180, model=noinv
    resources: tmpdir=C:\Users\Jeremy\AppData\Local\Temp

[Sun May 26 12:44:40 2024]
Finished job 8.
6 of 10 steps (60%) done
Select jobs to execute...

[Sun May 26 12:44:40 2024]
rule solve_rollinghorizons:
    input: resources/DE_20_1.0_pv_0.25_180_inv.nc
    output: results/DE_20_1.0_pv_0.25_180_invroll.nc
    jobid: 1
    reason: Missing output files: results/DE_20_1.0_pv_0.25_180_invroll.nc
    wildcards: country=DE, buses=20, transmission_limit=1.0, contingency=pv, reductionto=0.25, duration=180, model=inv
    resources: tmpdir=C:\Users\Jeremy\AppData\Local\Temp

[Sun May 26 12:44:40 2024]
Finished job 1.
7 of 10 steps (70%) done
Select jobs to execute...

[Sun May 26 12:44:40 2024]
rule solve_rollinghorizons:
    input: resources/DE_20_1.5_pv_0.25_180_inv.nc
    output: results/DE_20_1.5_pv_0.25_180_invroll.nc
    jobid: 10
    reason: Missing output files: results/DE_20_1.5_pv_0.25_180_invroll.nc
    wildcards: country=DE, buses=20, transmission_limit=1.5, contingency=pv, reductionto=0.25, duration=180, model=inv
    resources: tmpdir=C:\Users\Jeremy\AppData\Local\Temp

[Sun May 26 12:44:40 2024]
Finished job 10.
8 of 10 steps (80%) done
Select jobs to execute...

[Sun May 26 12:44:40 2024]
rule solve_rollinghorizons:
    input: resources/DE_20_1.0_wind_0.5_180_inv.nc
    output: results/DE_20_1.0_wind_0.5_180_invroll.nc
    jobid: 4
    reason: Missing output files: results/DE_20_1.0_wind_0.5_180_invroll.nc; Input files updated by another job: resources/DE_20_1.0_wind_0.5_180_inv.nc
    wildcards: country=DE, buses=20, transmission_limit=1.0, contingency=wind, reductionto=0.5, duration=180, model=inv
    resources: tmpdir=C:\Users\Jeremy\AppData\Local\Temp

[Sun May 26 12:44:40 2024]
Finished job 4.
9 of 10 steps (90%) done
Select jobs to execute...

[Sun May 26 12:44:40 2024]
localrule all:
    input: results/DE_20_1.0_pv_0.25_180_invroll.nc, results/DE_20_1.0_wind_0.5_180_invroll.nc, results/DE_20_1.0_pv_0.25_180_noinvroll.nc, results/DE_20_1.0_wind_0.5_180_noinvroll.nc, results/DE_20_1.5_pv_0.25_180_invroll.nc, results/DE_20_1.5_wind_0.5_180_invroll.nc, results/DE_20_1.5_pv_0.25_180_noinvroll.nc, results/DE_20_1.5_wind_0.5_180_noinvroll.nc
    jobid: 0
    reason: Input files updated by another job: results/DE_20_1.0_pv_0.25_180_noinvroll.nc, results/DE_20_1.5_wind_0.5_180_invroll.nc, results/DE_20_1.0_wind_0.5_180_noinvroll.nc, results/DE_20_1.0_wind_0.5_180_invroll.nc, results/DE_20_1.0_pv_0.25_180_invroll.nc, results/DE_20_1.5_pv_0.25_180_invroll.nc, results/DE_20_1.5_pv_0.25_180_noinvroll.nc, results/DE_20_1.5_wind_0.5_180_noinvroll.nc
    resources: tmpdir=C:\Users\Jeremy\AppData\Local\Temp

[Sun May 26 12:44:40 2024]
Finished job 0.
10 of 10 steps (100%) done
Complete log: .snakemake\log\2024-05-26T124439.650371.snakemake.log
