Building DAG of jobs...
Provided cores: 1 (use --cores to define parallelism)
Rules claiming more threads will be scaled down.
Job stats:
job                      count
---------------------  -------
all                          1
solve_contingencies          8
solve_rollinghorizons        8
total                       17

Select jobs to execute...

[Sun May 26 14:45:09 2024]
rule solve_contingencies:
    input: resources/DE_20_1.0_base_solved.nc
    output: resources/DE_20_1.0_pv_0.25_180_inv.nc
    jobid: 2
    reason: Missing output files: resources/DE_20_1.0_pv_0.25_180_inv.nc
    wildcards: country=DE, buses=20, transmission_limit=1.0, contingency=pv, reductionto=0.25, duration=180, model=inv
    resources: tmpdir=C:\Users\Jeremy\AppData\Local\Temp

[Sun May 26 14:45:09 2024]
Finished job 2.
1 of 17 steps (6%) done
Select jobs to execute...

[Sun May 26 14:45:09 2024]
rule solve_contingencies:
    input: resources/DE_20_1.0_base_solved.nc
    output: resources/DE_20_1.0_wind_0.5_180_noinv.nc
    jobid: 8
    reason: Missing output files: resources/DE_20_1.0_wind_0.5_180_noinv.nc
    wildcards: country=DE, buses=20, transmission_limit=1.0, contingency=wind, reductionto=0.5, duration=180, model=noinv
    resources: tmpdir=C:\Users\Jeremy\AppData\Local\Temp

[Sun May 26 14:45:09 2024]
Finished job 8.
2 of 17 steps (12%) done
Select jobs to execute...

[Sun May 26 14:45:09 2024]
rule solve_contingencies:
    input: resources/DE_20_1.0_base_solved.nc
    output: resources/DE_20_1.0_wind_0.5_180_inv.nc
    jobid: 4
    reason: Missing output files: resources/DE_20_1.0_wind_0.5_180_inv.nc
    wildcards: country=DE, buses=20, transmission_limit=1.0, contingency=wind, reductionto=0.5, duration=180, model=inv
    resources: tmpdir=C:\Users\Jeremy\AppData\Local\Temp

[Sun May 26 14:45:09 2024]
Finished job 4.
3 of 17 steps (18%) done
Select jobs to execute...

[Sun May 26 14:45:09 2024]
rule solve_contingencies:
    input: resources/DE_20_1.0_base_solved.nc
    output: resources/DE_20_1.0_pv_0.25_180_noinv.nc
    jobid: 6
    reason: Missing output files: resources/DE_20_1.0_pv_0.25_180_noinv.nc
    wildcards: country=DE, buses=20, transmission_limit=1.0, contingency=pv, reductionto=0.25, duration=180, model=noinv
    resources: tmpdir=C:\Users\Jeremy\AppData\Local\Temp

[Sun May 26 14:45:09 2024]
Finished job 6.
4 of 17 steps (24%) done
Select jobs to execute...

[Sun May 26 14:45:09 2024]
rule solve_contingencies:
    input: resources/DE_20_1.5_base_solved.nc
    output: resources/DE_20_1.5_pv_0.25_180_noinv.nc
    jobid: 14
    reason: Missing output files: resources/DE_20_1.5_pv_0.25_180_noinv.nc
    wildcards: country=DE, buses=20, transmission_limit=1.5, contingency=pv, reductionto=0.25, duration=180, model=noinv
    resources: tmpdir=C:\Users\Jeremy\AppData\Local\Temp

[Sun May 26 14:45:09 2024]
Finished job 14.
5 of 17 steps (29%) done
Select jobs to execute...

[Sun May 26 14:45:09 2024]
rule solve_contingencies:
    input: resources/DE_20_1.5_base_solved.nc
    output: resources/DE_20_1.5_wind_0.5_180_inv.nc
    jobid: 12
    reason: Missing output files: resources/DE_20_1.5_wind_0.5_180_inv.nc
    wildcards: country=DE, buses=20, transmission_limit=1.5, contingency=wind, reductionto=0.5, duration=180, model=inv
    resources: tmpdir=C:\Users\Jeremy\AppData\Local\Temp

[Sun May 26 14:45:09 2024]
Finished job 12.
6 of 17 steps (35%) done
Select jobs to execute...

[Sun May 26 14:45:09 2024]
rule solve_contingencies:
    input: resources/DE_20_1.5_base_solved.nc
    output: resources/DE_20_1.5_wind_0.5_180_noinv.nc
    jobid: 16
    reason: Missing output files: resources/DE_20_1.5_wind_0.5_180_noinv.nc
    wildcards: country=DE, buses=20, transmission_limit=1.5, contingency=wind, reductionto=0.5, duration=180, model=noinv
    resources: tmpdir=C:\Users\Jeremy\AppData\Local\Temp

[Sun May 26 14:45:09 2024]
Finished job 16.
7 of 17 steps (41%) done
Select jobs to execute...

[Sun May 26 14:45:09 2024]
rule solve_contingencies:
    input: resources/DE_20_1.5_base_solved.nc
    output: resources/DE_20_1.5_pv_0.25_180_inv.nc
    jobid: 10
    reason: Missing output files: resources/DE_20_1.5_pv_0.25_180_inv.nc
    wildcards: country=DE, buses=20, transmission_limit=1.5, contingency=pv, reductionto=0.25, duration=180, model=inv
    resources: tmpdir=C:\Users\Jeremy\AppData\Local\Temp

[Sun May 26 14:45:09 2024]
Finished job 10.
8 of 17 steps (47%) done
Select jobs to execute...

[Sun May 26 14:45:09 2024]
rule solve_rollinghorizons:
    input: resources/DE_20_1.5_pv_0.25_180_noinv.nc
    output: results/DE_20_1.5_pv_0.25_180_noinvroll.nc
    jobid: 13
    reason: Missing output files: results/DE_20_1.5_pv_0.25_180_noinvroll.nc; Input files updated by another job: resources/DE_20_1.5_pv_0.25_180_noinv.nc
    wildcards: country=DE, buses=20, transmission_limit=1.5, contingency=pv, reductionto=0.25, duration=180, model=noinv
    resources: tmpdir=C:\Users\Jeremy\AppData\Local\Temp

[Sun May 26 14:45:09 2024]
Finished job 13.
9 of 17 steps (53%) done
Select jobs to execute...

[Sun May 26 14:45:09 2024]
rule solve_rollinghorizons:
    input: resources/DE_20_1.5_wind_0.5_180_inv.nc
    output: results/DE_20_1.5_wind_0.5_180_invroll.nc
    jobid: 11
    reason: Missing output files: results/DE_20_1.5_wind_0.5_180_invroll.nc; Input files updated by another job: resources/DE_20_1.5_wind_0.5_180_inv.nc
    wildcards: country=DE, buses=20, transmission_limit=1.5, contingency=wind, reductionto=0.5, duration=180, model=inv
    resources: tmpdir=C:\Users\Jeremy\AppData\Local\Temp

[Sun May 26 14:45:09 2024]
Finished job 11.
10 of 17 steps (59%) done
Select jobs to execute...

[Sun May 26 14:45:09 2024]
rule solve_rollinghorizons:
    input: resources/DE_20_1.0_wind_0.5_180_inv.nc
    output: results/DE_20_1.0_wind_0.5_180_invroll.nc
    jobid: 3
    reason: Missing output files: results/DE_20_1.0_wind_0.5_180_invroll.nc; Input files updated by another job: resources/DE_20_1.0_wind_0.5_180_inv.nc
    wildcards: country=DE, buses=20, transmission_limit=1.0, contingency=wind, reductionto=0.5, duration=180, model=inv
    resources: tmpdir=C:\Users\Jeremy\AppData\Local\Temp

[Sun May 26 14:45:09 2024]
Finished job 3.
11 of 17 steps (65%) done
Select jobs to execute...

[Sun May 26 14:45:09 2024]
rule solve_rollinghorizons:
    input: resources/DE_20_1.5_pv_0.25_180_inv.nc
    output: results/DE_20_1.5_pv_0.25_180_invroll.nc
    jobid: 9
    reason: Missing output files: results/DE_20_1.5_pv_0.25_180_invroll.nc; Input files updated by another job: resources/DE_20_1.5_pv_0.25_180_inv.nc
    wildcards: country=DE, buses=20, transmission_limit=1.5, contingency=pv, reductionto=0.25, duration=180, model=inv
    resources: tmpdir=C:\Users\Jeremy\AppData\Local\Temp

[Sun May 26 14:45:09 2024]
Finished job 9.
12 of 17 steps (71%) done
Select jobs to execute...

[Sun May 26 14:45:09 2024]
rule solve_rollinghorizons:
    input: resources/DE_20_1.5_wind_0.5_180_noinv.nc
    output: results/DE_20_1.5_wind_0.5_180_noinvroll.nc
    jobid: 15
    reason: Missing output files: results/DE_20_1.5_wind_0.5_180_noinvroll.nc; Input files updated by another job: resources/DE_20_1.5_wind_0.5_180_noinv.nc
    wildcards: country=DE, buses=20, transmission_limit=1.5, contingency=wind, reductionto=0.5, duration=180, model=noinv
    resources: tmpdir=C:\Users\Jeremy\AppData\Local\Temp

[Sun May 26 14:45:09 2024]
Finished job 15.
13 of 17 steps (76%) done
Select jobs to execute...

[Sun May 26 14:45:09 2024]
rule solve_rollinghorizons:
    input: resources/DE_20_1.0_pv_0.25_180_noinv.nc
    output: results/DE_20_1.0_pv_0.25_180_noinvroll.nc
    jobid: 5
    reason: Missing output files: results/DE_20_1.0_pv_0.25_180_noinvroll.nc; Input files updated by another job: resources/DE_20_1.0_pv_0.25_180_noinv.nc
    wildcards: country=DE, buses=20, transmission_limit=1.0, contingency=pv, reductionto=0.25, duration=180, model=noinv
    resources: tmpdir=C:\Users\Jeremy\AppData\Local\Temp

[Sun May 26 14:45:09 2024]
Finished job 5.
14 of 17 steps (82%) done
Select jobs to execute...

[Sun May 26 14:45:09 2024]
rule solve_rollinghorizons:
    input: resources/DE_20_1.0_pv_0.25_180_inv.nc
    output: results/DE_20_1.0_pv_0.25_180_invroll.nc
    jobid: 1
    reason: Missing output files: results/DE_20_1.0_pv_0.25_180_invroll.nc; Input files updated by another job: resources/DE_20_1.0_pv_0.25_180_inv.nc
    wildcards: country=DE, buses=20, transmission_limit=1.0, contingency=pv, reductionto=0.25, duration=180, model=inv
    resources: tmpdir=C:\Users\Jeremy\AppData\Local\Temp

[Sun May 26 14:45:09 2024]
Finished job 1.
15 of 17 steps (88%) done
Select jobs to execute...

[Sun May 26 14:45:09 2024]
rule solve_rollinghorizons:
    input: resources/DE_20_1.0_wind_0.5_180_noinv.nc
    output: results/DE_20_1.0_wind_0.5_180_noinvroll.nc
    jobid: 7
    reason: Missing output files: results/DE_20_1.0_wind_0.5_180_noinvroll.nc; Input files updated by another job: resources/DE_20_1.0_wind_0.5_180_noinv.nc
    wildcards: country=DE, buses=20, transmission_limit=1.0, contingency=wind, reductionto=0.5, duration=180, model=noinv
    resources: tmpdir=C:\Users\Jeremy\AppData\Local\Temp

[Sun May 26 14:45:09 2024]
Finished job 7.
16 of 17 steps (94%) done
Select jobs to execute...

[Sun May 26 14:45:09 2024]
localrule all:
    input: results/DE_20_1.0_pv_0.25_180_invroll.nc, results/DE_20_1.0_wind_0.5_180_invroll.nc, results/DE_20_1.0_pv_0.25_180_noinvroll.nc, results/DE_20_1.0_wind_0.5_180_noinvroll.nc, results/DE_20_1.5_pv_0.25_180_invroll.nc, results/DE_20_1.5_wind_0.5_180_invroll.nc, results/DE_20_1.5_pv_0.25_180_noinvroll.nc, results/DE_20_1.5_wind_0.5_180_noinvroll.nc
    jobid: 0
    reason: Input files updated by another job: results/DE_20_1.5_pv_0.25_180_invroll.nc, results/DE_20_1.0_pv_0.25_180_noinvroll.nc, results/DE_20_1.5_wind_0.5_180_invroll.nc, results/DE_20_1.0_wind_0.5_180_invroll.nc, results/DE_20_1.5_pv_0.25_180_noinvroll.nc, results/DE_20_1.5_wind_0.5_180_noinvroll.nc, results/DE_20_1.0_wind_0.5_180_noinvroll.nc, results/DE_20_1.0_pv_0.25_180_invroll.nc
    resources: tmpdir=C:\Users\Jeremy\AppData\Local\Temp

[Sun May 26 14:45:09 2024]
Finished job 0.
17 of 17 steps (100%) done
Complete log: .snakemake\log\2024-05-26T144507.868159.snakemake.log
