Building DAG of jobs...
Provided cores: 4
Rules claiming more threads will be scaled down.
Job stats:
job              count
-------------  -------
all                  1
dynamic_solve      216
total              217

Select jobs to execute...

[Sun Jun 16 22:45:08 2024]
rule dynamic_solve:
    input: resources/DE_20_1.5_base_solved.nc
    output: resources/DE_20_1.5_windpv_0.5_7_noinv.nc, results/DE_20_1.5_windpv_0.5_7_noinvroll.nc
    jobid: 216
    reason: Missing output files: results/DE_20_1.5_windpv_0.5_7_noinvroll.nc; Code has changed since last execution; Params have changed since last execution
    wildcards: country=DE, buses=20, transmission_limit=1.5, contingency=windpv, reductionto=0.5, duration=7, model=noinv
    resources: tmpdir=C:\Users\Jeremy\AppData\Local\Temp


[Sun Jun 16 22:45:08 2024]
rule dynamic_solve:
    input: resources/DE_20_1.5_base_solved.nc
    output: resources/DE_20_1.5_windpv_0.25_14_inv.nc, results/DE_20_1.5_windpv_0.25_14_invroll.nc
    jobid: 160
    reason: Missing output files: results/DE_20_1.5_windpv_0.25_14_invroll.nc
    wildcards: country=DE, buses=20, transmission_limit=1.5, contingency=windpv, reductionto=0.25, duration=14, model=inv
    resources: tmpdir=C:\Users\Jeremy\AppData\Local\Temp

[Sun Jun 16 22:45:08 2024]
rule dynamic_solve:
    input: resources/DE_20_1.5_base_solved.nc
    output: resources/DE_20_1.5_noexim_0.25_270_noinv.nc, results/DE_20_1.5_noexim_0.25_270_noinvroll.nc
    jobid: 188
    reason: Missing output files: results/DE_20_1.5_noexim_0.25_270_noinvroll.nc; Code has changed since last execution; Params have changed since last execution
    wildcards: country=DE, buses=20, transmission_limit=1.5, contingency=noexim, reductionto=0.25, duration=270, model=noinv
    resources: tmpdir=C:\Users\Jeremy\AppData\Local\Temp


[Sun Jun 16 22:45:08 2024]
rule dynamic_solve:
    input: resources/DE_20_1.5_base_solved.nc
    output: resources/DE_20_1.5_noexim_0.5_90_noinv.nc, results/DE_20_1.5_noexim_0.5_90_noinvroll.nc
    jobid: 189
    reason: Missing output files: results/DE_20_1.5_noexim_0.5_90_noinvroll.nc; Code has changed since last execution; Params have changed since last execution
    wildcards: country=DE, buses=20, transmission_limit=1.5, contingency=noexim, reductionto=0.5, duration=90, model=noinv
    resources: tmpdir=C:\Users\Jeremy\AppData\Local\Temp

[Sun Jun 16 22:45:21 2024]
Error in rule dynamic_solve:
    jobid: 216
    input: resources/DE_20_1.5_base_solved.nc
    output: resources/DE_20_1.5_windpv_0.5_7_noinv.nc, results/DE_20_1.5_windpv_0.5_7_noinvroll.nc

RuleException:
CalledProcessError in file C:\Users\Jeremy\Documents\MasterThesis\Models\Snakefile, line 210:
Command 'python scripts/solve_windpv.py resources/DE_20_1.5_base_solved.nc resources/DE_20_1.5_windpv_0.5_7_noinv.nc results/DE_20_1.5_windpv_0.5_7_noinvroll.nc windpv 0.5 7 noinv 52 DE EQ0.95c 1.5 20' returned non-zero exit status 1.
  File "C:\Users\Jeremy\Documents\MasterThesis\Models\Snakefile", line 210, in __rule_dynamic_solve
  File "C:\Users\Jeremy\anaconda3\envs\pypsa-eur\Lib\concurrent\futures\thread.py", line 58, in run
[Sun Jun 16 22:45:22 2024]
Error in rule dynamic_solve:
    jobid: 189
    input: resources/DE_20_1.5_base_solved.nc
    output: resources/DE_20_1.5_noexim_0.5_90_noinv.nc, results/DE_20_1.5_noexim_0.5_90_noinvroll.nc

RuleException:
CalledProcessError in file C:\Users\Jeremy\Documents\MasterThesis\Models\Snakefile, line 186:
Command 'python scripts/solve_noexim.py resources/DE_20_1.5_base_solved.nc resources/DE_20_1.5_noexim_0.5_90_noinv.nc results/DE_20_1.5_noexim_0.5_90_noinvroll.nc noexim 0.5 90 noinv 52 DE EQ0.95c 1.5 20' returned non-zero exit status 1.
  File "C:\Users\Jeremy\Documents\MasterThesis\Models\Snakefile", line 186, in __rule_dynamic_solve
  File "C:\Users\Jeremy\anaconda3\envs\pypsa-eur\Lib\concurrent\futures\thread.py", line 58, in run
[Sun Jun 16 22:45:22 2024]
Error in rule dynamic_solve:
    jobid: 188
    input: resources/DE_20_1.5_base_solved.nc
    output: resources/DE_20_1.5_noexim_0.25_270_noinv.nc, results/DE_20_1.5_noexim_0.25_270_noinvroll.nc

RuleException:
CalledProcessError in file C:\Users\Jeremy\Documents\MasterThesis\Models\Snakefile, line 186:
Command 'python scripts/solve_noexim.py resources/DE_20_1.5_base_solved.nc resources/DE_20_1.5_noexim_0.25_270_noinv.nc results/DE_20_1.5_noexim_0.25_270_noinvroll.nc noexim 0.25 270 noinv 52 DE EQ0.95c 1.5 20' returned non-zero exit status 1.
  File "C:\Users\Jeremy\Documents\MasterThesis\Models\Snakefile", line 186, in __rule_dynamic_solve
  File "C:\Users\Jeremy\anaconda3\envs\pypsa-eur\Lib\concurrent\futures\thread.py", line 58, in run
[Sun Jun 16 22:45:29 2024]
Error in rule dynamic_solve:
    jobid: 160
    input: resources/DE_20_1.5_base_solved.nc
    output: resources/DE_20_1.5_windpv_0.25_14_inv.nc, results/DE_20_1.5_windpv_0.25_14_invroll.nc

RuleException:
CalledProcessError in file C:\Users\Jeremy\Documents\MasterThesis\Models\Snakefile, line 210:
Command 'python scripts/solve_windpv.py resources/DE_20_1.5_base_solved.nc resources/DE_20_1.5_windpv_0.25_14_inv.nc results/DE_20_1.5_windpv_0.25_14_invroll.nc windpv 0.25 14 inv 52 DE EQ0.95c 1.5 20' returned non-zero exit status 1.
  File "C:\Users\Jeremy\Documents\MasterThesis\Models\Snakefile", line 210, in __rule_dynamic_solve
  File "C:\Users\Jeremy\anaconda3\envs\pypsa-eur\Lib\concurrent\futures\thread.py", line 58, in run
Shutting down, this might take some time.
Exiting because a job execution failed. Look above for error message
Complete log: .snakemake\log\2024-06-16T224506.825014.snakemake.log
