Building DAG of jobs...
MissingInputException in rule all in file C:\Users\Jeremy\Documents\MasterThesis\Models\Snakefile, line 32:
Missing input files for rule all:
    affected files:
        results/DE_20_1.0_wind_0.25_180_noinv.nc
        results/DE_20_1.5_wind_0.25_180_noinv.nc
        results/DE_20_1.0_pv_0.5_180_inv.nc
        results/DE_20_1.5_wind_0.5_180_inv.nc
        results/DE_20_1.0_wind_0.5_180_inv.nc
        results/DE_20_1.0_pv_0.25_180_noinv.nc
        results/DE_20_1.5_pv_0.25_180_noinv.nc
        results/DE_20_1.5_wind_0.5_180_noinv.nc
        results/DE_20_1.5_pv_0.5_180_inv.nc
        results/DE_20_1.5_wind_0.25_180_inv.nc
        results/DE_20_1.0_pv_0.25_180_inv.nc
        results/DE_20_1.0_pv_0.5_180_noinv.nc
        results/DE_20_1.5_pv_0.5_180_noinv.nc
        results/DE_20_1.5_pv_0.25_180_inv.nc
        results/DE_20_1.0_wind_0.25_180_inv.nc
        results/DE_20_1.0_wind_0.5_180_noinv.nc
