Building DAG of jobs...
Provided cores: 2
Rules claiming more threads will be scaled down.
Job stats:
job              count
-------------  -------
all                  1
dynamic_solve       72
solve_base           2
total               75

Select jobs to execute...

[Tue Jun  4 21:38:26 2024]
rule solve_base:
    input: resources/DE_20_1.0_base.nc
    output: resources/DE_20_1.0_base_solved.nc, resources/DE_20_1.0_base_roll_solved.nc
    jobid: 2
    reason: Code has changed since last execution
    wildcards: country=DE, buses=20, transmission_limit=1.0
    resources: tmpdir=C:\Users\Jeremy\AppData\Local\Temp


[Tue Jun  4 21:38:26 2024]
rule solve_base:
    input: resources/DE_20_1.5_base.nc
    output: resources/DE_20_1.5_base_solved.nc, resources/DE_20_1.5_base_roll_solved.nc
    jobid: 39
    reason: Code has changed since last execution
    wildcards: country=DE, buses=20, transmission_limit=1.5
    resources: tmpdir=C:\Users\Jeremy\AppData\Local\Temp

[Tue Jun  4 22:04:37 2024]
Finished job 39.
1 of 75 steps (1%) done
Select jobs to execute...

[Tue Jun  4 22:04:37 2024]
rule dynamic_solve:
    input: resources/DE_20_1.5_base_solved.nc
    output: resources/DE_20_1.5_pv_0.25_270_noinv.nc, results/DE_20_1.5_pv_0.25_270_noinvroll.nc
    jobid: 62
    reason: Input files updated by another job: resources/DE_20_1.5_base_solved.nc
    wildcards: country=DE, buses=20, transmission_limit=1.5, contingency=pv, reductionto=0.25, duration=270, model=noinv
    resources: tmpdir=C:\Users\Jeremy\AppData\Local\Temp

[Tue Jun  4 22:04:37 2024]
Finished job 62.
2 of 75 steps (3%) done
Select jobs to execute...

[Tue Jun  4 22:04:37 2024]
rule dynamic_solve:
    input: resources/DE_20_1.5_base_solved.nc
    output: resources/DE_20_1.5_wind_0.25_180_inv.nc, results/DE_20_1.5_wind_0.25_180_invroll.nc
    jobid: 55
    reason: Input files updated by another job: resources/DE_20_1.5_base_solved.nc
    wildcards: country=DE, buses=20, transmission_limit=1.5, contingency=wind, reductionto=0.25, duration=180, model=inv
    resources: tmpdir=C:\Users\Jeremy\AppData\Local\Temp

[Tue Jun  4 22:04:37 2024]
Finished job 55.
3 of 75 steps (4%) done
Select jobs to execute...

[Tue Jun  4 22:04:37 2024]
rule dynamic_solve:
    input: resources/DE_20_1.5_base_solved.nc
    output: resources/DE_20_1.5_pv_0.12_270_inv.nc, results/DE_20_1.5_pv_0.12_270_invroll.nc
    jobid: 47
    reason: Input files updated by another job: resources/DE_20_1.5_base_solved.nc
    wildcards: country=DE, buses=20, transmission_limit=1.5, contingency=pv, reductionto=0.12, duration=270, model=inv
    resources: tmpdir=C:\Users\Jeremy\AppData\Local\Temp

[Tue Jun  4 22:04:37 2024]
Finished job 47.
4 of 75 steps (5%) done
Select jobs to execute...

[Tue Jun  4 22:04:37 2024]
rule dynamic_solve:
    input: resources/DE_20_1.5_base_solved.nc
    output: resources/DE_20_1.5_pv_0.25_90_inv.nc, results/DE_20_1.5_pv_0.25_90_invroll.nc
    jobid: 42
    reason: Input files updated by another job: resources/DE_20_1.5_base_solved.nc
    wildcards: country=DE, buses=20, transmission_limit=1.5, contingency=pv, reductionto=0.25, duration=90, model=inv
    resources: tmpdir=C:\Users\Jeremy\AppData\Local\Temp

[Tue Jun  4 22:04:37 2024]
Finished job 42.
5 of 75 steps (7%) done
Select jobs to execute...

[Tue Jun  4 22:04:37 2024]
rule dynamic_solve:
    input: resources/DE_20_1.5_base_solved.nc
    output: resources/DE_20_1.5_wind_0.5_180_noinv.nc, results/DE_20_1.5_wind_0.5_180_noinvroll.nc
    jobid: 70
    reason: Input files updated by another job: resources/DE_20_1.5_base_solved.nc
    wildcards: country=DE, buses=20, transmission_limit=1.5, contingency=wind, reductionto=0.5, duration=180, model=noinv
    resources: tmpdir=C:\Users\Jeremy\AppData\Local\Temp

[Tue Jun  4 22:04:38 2024]
Finished job 70.
6 of 75 steps (8%) done
Select jobs to execute...

[Tue Jun  4 22:04:38 2024]
rule dynamic_solve:
    input: resources/DE_20_1.5_base_solved.nc
    output: resources/DE_20_1.5_pv_0.12_90_noinv.nc, results/DE_20_1.5_pv_0.12_90_noinvroll.nc
    jobid: 63
    reason: Input files updated by another job: resources/DE_20_1.5_base_solved.nc
    wildcards: country=DE, buses=20, transmission_limit=1.5, contingency=pv, reductionto=0.12, duration=90, model=noinv
    resources: tmpdir=C:\Users\Jeremy\AppData\Local\Temp

[Tue Jun  4 22:04:38 2024]
Finished job 63.
7 of 75 steps (9%) done
Select jobs to execute...

[Tue Jun  4 22:04:38 2024]
rule dynamic_solve:
    input: resources/DE_20_1.5_base_solved.nc
    output: resources/DE_20_1.5_wind_0.25_270_inv.nc, results/DE_20_1.5_wind_0.25_270_invroll.nc
    jobid: 56
    reason: Input files updated by another job: resources/DE_20_1.5_base_solved.nc
    wildcards: country=DE, buses=20, transmission_limit=1.5, contingency=wind, reductionto=0.25, duration=270, model=inv
    resources: tmpdir=C:\Users\Jeremy\AppData\Local\Temp

[Tue Jun  4 22:04:38 2024]
Finished job 56.
8 of 75 steps (11%) done
Select jobs to execute...

[Tue Jun  4 22:04:38 2024]
rule dynamic_solve:
    input: resources/DE_20_1.5_base_solved.nc
    output: resources/DE_20_1.5_wind_0.75_90_inv.nc, results/DE_20_1.5_wind_0.75_90_invroll.nc
    jobid: 48
    reason: Input files updated by another job: resources/DE_20_1.5_base_solved.nc
    wildcards: country=DE, buses=20, transmission_limit=1.5, contingency=wind, reductionto=0.75, duration=90, model=inv
    resources: tmpdir=C:\Users\Jeremy\AppData\Local\Temp

[Tue Jun  4 22:04:38 2024]
Finished job 48.
9 of 75 steps (12%) done
Select jobs to execute...

[Tue Jun  4 22:04:38 2024]
rule dynamic_solve:
    input: resources/DE_20_1.5_base_solved.nc
    output: resources/DE_20_1.5_pv_0.25_180_inv.nc, results/DE_20_1.5_pv_0.25_180_invroll.nc
    jobid: 43
    reason: Input files updated by another job: resources/DE_20_1.5_base_solved.nc
    wildcards: country=DE, buses=20, transmission_limit=1.5, contingency=pv, reductionto=0.25, duration=180, model=inv
    resources: tmpdir=C:\Users\Jeremy\AppData\Local\Temp

[Tue Jun  4 22:04:38 2024]
Finished job 43.
10 of 75 steps (13%) done
Select jobs to execute...

[Tue Jun  4 22:04:38 2024]
rule dynamic_solve:
    input: resources/DE_20_1.5_base_solved.nc
    output: resources/DE_20_1.5_wind_0.5_270_noinv.nc, results/DE_20_1.5_wind_0.5_270_noinvroll.nc
    jobid: 71
    reason: Input files updated by another job: resources/DE_20_1.5_base_solved.nc
    wildcards: country=DE, buses=20, transmission_limit=1.5, contingency=wind, reductionto=0.5, duration=270, model=noinv
    resources: tmpdir=C:\Users\Jeremy\AppData\Local\Temp

[Tue Jun  4 22:04:38 2024]
Finished job 71.
11 of 75 steps (15%) done
Select jobs to execute...

[Tue Jun  4 22:04:38 2024]
rule dynamic_solve:
    input: resources/DE_20_1.5_base_solved.nc
    output: resources/DE_20_1.5_pv_0.12_180_noinv.nc, results/DE_20_1.5_pv_0.12_180_noinvroll.nc
    jobid: 64
    reason: Input files updated by another job: resources/DE_20_1.5_base_solved.nc
    wildcards: country=DE, buses=20, transmission_limit=1.5, contingency=pv, reductionto=0.12, duration=180, model=noinv
    resources: tmpdir=C:\Users\Jeremy\AppData\Local\Temp

[Tue Jun  4 22:04:38 2024]
Finished job 64.
12 of 75 steps (16%) done
Select jobs to execute...

[Tue Jun  4 22:04:38 2024]
rule dynamic_solve:
    input: resources/DE_20_1.5_base_solved.nc
    output: resources/DE_20_1.5_pv_0.38_90_noinv.nc, results/DE_20_1.5_pv_0.38_90_noinvroll.nc
    jobid: 57
    reason: Input files updated by another job: resources/DE_20_1.5_base_solved.nc
    wildcards: country=DE, buses=20, transmission_limit=1.5, contingency=pv, reductionto=0.38, duration=90, model=noinv
    resources: tmpdir=C:\Users\Jeremy\AppData\Local\Temp

[Tue Jun  4 22:04:38 2024]
Finished job 57.
13 of 75 steps (17%) done
Select jobs to execute...

[Tue Jun  4 22:04:38 2024]
rule dynamic_solve:
    input: resources/DE_20_1.5_base_solved.nc
    output: resources/DE_20_1.5_wind_0.75_180_inv.nc, results/DE_20_1.5_wind_0.75_180_invroll.nc
    jobid: 49
    reason: Input files updated by another job: resources/DE_20_1.5_base_solved.nc
    wildcards: country=DE, buses=20, transmission_limit=1.5, contingency=wind, reductionto=0.75, duration=180, model=inv
    resources: tmpdir=C:\Users\Jeremy\AppData\Local\Temp

[Tue Jun  4 22:04:38 2024]
Finished job 49.
14 of 75 steps (19%) done
Select jobs to execute...

[Tue Jun  4 22:04:38 2024]
rule dynamic_solve:
    input: resources/DE_20_1.5_base_solved.nc
    output: resources/DE_20_1.5_pv_0.25_270_inv.nc, results/DE_20_1.5_pv_0.25_270_invroll.nc
    jobid: 44
    reason: Input files updated by another job: resources/DE_20_1.5_base_solved.nc
    wildcards: country=DE, buses=20, transmission_limit=1.5, contingency=pv, reductionto=0.25, duration=270, model=inv
    resources: tmpdir=C:\Users\Jeremy\AppData\Local\Temp

[Tue Jun  4 22:04:38 2024]
Finished job 44.
15 of 75 steps (20%) done
Select jobs to execute...

[Tue Jun  4 22:04:38 2024]
rule dynamic_solve:
    input: resources/DE_20_1.5_base_solved.nc
    output: resources/DE_20_1.5_wind_0.25_90_noinv.nc, results/DE_20_1.5_wind_0.25_90_noinvroll.nc
    jobid: 72
    reason: Input files updated by another job: resources/DE_20_1.5_base_solved.nc
    wildcards: country=DE, buses=20, transmission_limit=1.5, contingency=wind, reductionto=0.25, duration=90, model=noinv
    resources: tmpdir=C:\Users\Jeremy\AppData\Local\Temp

[Tue Jun  4 22:04:38 2024]
Finished job 72.
16 of 75 steps (21%) done
Select jobs to execute...

[Tue Jun  4 22:04:38 2024]
rule dynamic_solve:
    input: resources/DE_20_1.5_base_solved.nc
    output: resources/DE_20_1.5_pv_0.12_270_noinv.nc, results/DE_20_1.5_pv_0.12_270_noinvroll.nc
    jobid: 65
    reason: Input files updated by another job: resources/DE_20_1.5_base_solved.nc
    wildcards: country=DE, buses=20, transmission_limit=1.5, contingency=pv, reductionto=0.12, duration=270, model=noinv
    resources: tmpdir=C:\Users\Jeremy\AppData\Local\Temp

[Tue Jun  4 22:04:38 2024]
Finished job 65.
17 of 75 steps (23%) done
Select jobs to execute...

[Tue Jun  4 22:04:38 2024]
rule dynamic_solve:
    input: resources/DE_20_1.5_base_solved.nc
    output: resources/DE_20_1.5_pv_0.38_180_noinv.nc, results/DE_20_1.5_pv_0.38_180_noinvroll.nc
    jobid: 58
    reason: Input files updated by another job: resources/DE_20_1.5_base_solved.nc
    wildcards: country=DE, buses=20, transmission_limit=1.5, contingency=pv, reductionto=0.38, duration=180, model=noinv
    resources: tmpdir=C:\Users\Jeremy\AppData\Local\Temp

[Tue Jun  4 22:04:38 2024]
Finished job 58.
18 of 75 steps (24%) done
Select jobs to execute...

[Tue Jun  4 22:04:38 2024]
rule dynamic_solve:
    input: resources/DE_20_1.5_base_solved.nc
    output: resources/DE_20_1.5_wind_0.5_90_inv.nc, results/DE_20_1.5_wind_0.5_90_invroll.nc
    jobid: 51
    reason: Input files updated by another job: resources/DE_20_1.5_base_solved.nc
    wildcards: country=DE, buses=20, transmission_limit=1.5, contingency=wind, reductionto=0.5, duration=90, model=inv
    resources: tmpdir=C:\Users\Jeremy\AppData\Local\Temp

[Tue Jun  4 22:04:38 2024]
Finished job 51.
19 of 75 steps (25%) done
Select jobs to execute...

[Tue Jun  4 22:04:38 2024]
rule dynamic_solve:
    input: resources/DE_20_1.5_base_solved.nc
    output: resources/DE_20_1.5_pv_0.38_90_inv.nc, results/DE_20_1.5_pv_0.38_90_invroll.nc
    jobid: 38
    reason: Input files updated by another job: resources/DE_20_1.5_base_solved.nc
    wildcards: country=DE, buses=20, transmission_limit=1.5, contingency=pv, reductionto=0.38, duration=90, model=inv
    resources: tmpdir=C:\Users\Jeremy\AppData\Local\Temp

[Tue Jun  4 22:04:38 2024]
Finished job 38.
20 of 75 steps (27%) done
Select jobs to execute...

[Tue Jun  4 22:04:38 2024]
rule dynamic_solve:
    input: resources/DE_20_1.5_base_solved.nc
    output: resources/DE_20_1.5_pv_0.12_180_inv.nc, results/DE_20_1.5_pv_0.12_180_invroll.nc
    jobid: 46
    reason: Input files updated by another job: resources/DE_20_1.5_base_solved.nc
    wildcards: country=DE, buses=20, transmission_limit=1.5, contingency=pv, reductionto=0.12, duration=180, model=inv
    resources: tmpdir=C:\Users\Jeremy\AppData\Local\Temp

[Tue Jun  4 22:04:38 2024]
Finished job 46.
21 of 75 steps (28%) done
Select jobs to execute...

[Tue Jun  4 22:04:38 2024]
rule dynamic_solve:
    input: resources/DE_20_1.5_base_solved.nc
    output: resources/DE_20_1.5_wind_0.25_180_noinv.nc, results/DE_20_1.5_wind_0.25_180_noinvroll.nc
    jobid: 73
    reason: Input files updated by another job: resources/DE_20_1.5_base_solved.nc
    wildcards: country=DE, buses=20, transmission_limit=1.5, contingency=wind, reductionto=0.25, duration=180, model=noinv
    resources: tmpdir=C:\Users\Jeremy\AppData\Local\Temp

[Tue Jun  4 22:04:38 2024]
Finished job 73.
22 of 75 steps (29%) done
Select jobs to execute...

[Tue Jun  4 22:04:38 2024]
rule dynamic_solve:
    input: resources/DE_20_1.5_base_solved.nc
    output: resources/DE_20_1.5_wind_0.5_90_noinv.nc, results/DE_20_1.5_wind_0.5_90_noinvroll.nc
    jobid: 69
    reason: Input files updated by another job: resources/DE_20_1.5_base_solved.nc
    wildcards: country=DE, buses=20, transmission_limit=1.5, contingency=wind, reductionto=0.5, duration=90, model=noinv
    resources: tmpdir=C:\Users\Jeremy\AppData\Local\Temp

[Tue Jun  4 22:04:38 2024]
Finished job 69.
23 of 75 steps (31%) done
Select jobs to execute...

[Tue Jun  4 22:04:38 2024]
rule dynamic_solve:
    input: resources/DE_20_1.5_base_solved.nc
    output: resources/DE_20_1.5_wind_0.75_90_noinv.nc, results/DE_20_1.5_wind_0.75_90_noinvroll.nc
    jobid: 66
    reason: Input files updated by another job: resources/DE_20_1.5_base_solved.nc
    wildcards: country=DE, buses=20, transmission_limit=1.5, contingency=wind, reductionto=0.75, duration=90, model=noinv
    resources: tmpdir=C:\Users\Jeremy\AppData\Local\Temp

[Tue Jun  4 22:04:38 2024]
Finished job 66.
24 of 75 steps (32%) done
Select jobs to execute...

[Tue Jun  4 22:04:38 2024]
rule dynamic_solve:
    input: resources/DE_20_1.5_base_solved.nc
    output: resources/DE_20_1.5_pv_0.38_270_noinv.nc, results/DE_20_1.5_pv_0.38_270_noinvroll.nc
    jobid: 59
    reason: Input files updated by another job: resources/DE_20_1.5_base_solved.nc
    wildcards: country=DE, buses=20, transmission_limit=1.5, contingency=pv, reductionto=0.38, duration=270, model=noinv
    resources: tmpdir=C:\Users\Jeremy\AppData\Local\Temp

[Tue Jun  4 22:04:38 2024]
Finished job 59.
25 of 75 steps (33%) done
Select jobs to execute...

[Tue Jun  4 22:04:38 2024]
rule dynamic_solve:
    input: resources/DE_20_1.5_base_solved.nc
    output: resources/DE_20_1.5_wind_0.5_180_inv.nc, results/DE_20_1.5_wind_0.5_180_invroll.nc
    jobid: 52
    reason: Input files updated by another job: resources/DE_20_1.5_base_solved.nc
    wildcards: country=DE, buses=20, transmission_limit=1.5, contingency=wind, reductionto=0.5, duration=180, model=inv
    resources: tmpdir=C:\Users\Jeremy\AppData\Local\Temp

[Tue Jun  4 22:04:38 2024]
Finished job 52.
26 of 75 steps (35%) done
Select jobs to execute...

[Tue Jun  4 22:04:38 2024]
rule dynamic_solve:
    input: resources/DE_20_1.5_base_solved.nc
    output: resources/DE_20_1.5_wind_0.75_270_noinv.nc, results/DE_20_1.5_wind_0.75_270_noinvroll.nc
    jobid: 68
    reason: Input files updated by another job: resources/DE_20_1.5_base_solved.nc
    wildcards: country=DE, buses=20, transmission_limit=1.5, contingency=wind, reductionto=0.75, duration=270, model=noinv
    resources: tmpdir=C:\Users\Jeremy\AppData\Local\Temp

[Tue Jun  4 22:04:38 2024]
Finished job 68.
27 of 75 steps (36%) done
Select jobs to execute...

[Tue Jun  4 22:04:38 2024]
rule dynamic_solve:
    input: resources/DE_20_1.5_base_solved.nc
    output: resources/DE_20_1.5_pv_0.25_180_noinv.nc, results/DE_20_1.5_pv_0.25_180_noinvroll.nc
    jobid: 61
    reason: Input files updated by another job: resources/DE_20_1.5_base_solved.nc
    wildcards: country=DE, buses=20, transmission_limit=1.5, contingency=pv, reductionto=0.25, duration=180, model=noinv
    resources: tmpdir=C:\Users\Jeremy\AppData\Local\Temp

[Tue Jun  4 22:04:38 2024]
Finished job 61.
28 of 75 steps (37%) done
Select jobs to execute...

[Tue Jun  4 22:04:38 2024]
rule dynamic_solve:
    input: resources/DE_20_1.5_base_solved.nc
    output: resources/DE_20_1.5_pv_0.12_90_inv.nc, results/DE_20_1.5_pv_0.12_90_invroll.nc
    jobid: 45
    reason: Input files updated by another job: resources/DE_20_1.5_base_solved.nc
    wildcards: country=DE, buses=20, transmission_limit=1.5, contingency=pv, reductionto=0.12, duration=90, model=inv
    resources: tmpdir=C:\Users\Jeremy\AppData\Local\Temp

[Tue Jun  4 22:04:38 2024]
Finished job 45.
29 of 75 steps (39%) done
Select jobs to execute...

[Tue Jun  4 22:04:38 2024]
rule dynamic_solve:
    input: resources/DE_20_1.5_base_solved.nc
    output: resources/DE_20_1.5_wind_0.25_90_inv.nc, results/DE_20_1.5_wind_0.25_90_invroll.nc
    jobid: 54
    reason: Input files updated by another job: resources/DE_20_1.5_base_solved.nc
    wildcards: country=DE, buses=20, transmission_limit=1.5, contingency=wind, reductionto=0.25, duration=90, model=inv
    resources: tmpdir=C:\Users\Jeremy\AppData\Local\Temp

[Tue Jun  4 22:04:38 2024]
Finished job 54.
30 of 75 steps (40%) done
Select jobs to execute...

[Tue Jun  4 22:04:38 2024]
rule dynamic_solve:
    input: resources/DE_20_1.5_base_solved.nc
    output: resources/DE_20_1.5_pv_0.38_180_inv.nc, results/DE_20_1.5_pv_0.38_180_invroll.nc
    jobid: 40
    reason: Input files updated by another job: resources/DE_20_1.5_base_solved.nc
    wildcards: country=DE, buses=20, transmission_limit=1.5, contingency=pv, reductionto=0.38, duration=180, model=inv
    resources: tmpdir=C:\Users\Jeremy\AppData\Local\Temp

[Tue Jun  4 22:04:38 2024]
Finished job 40.
31 of 75 steps (41%) done
Select jobs to execute...

[Tue Jun  4 22:04:38 2024]
rule dynamic_solve:
    input: resources/DE_20_1.5_base_solved.nc
    output: resources/DE_20_1.5_wind_0.75_270_inv.nc, results/DE_20_1.5_wind_0.75_270_invroll.nc
    jobid: 50
    reason: Input files updated by another job: resources/DE_20_1.5_base_solved.nc
    wildcards: country=DE, buses=20, transmission_limit=1.5, contingency=wind, reductionto=0.75, duration=270, model=inv
    resources: tmpdir=C:\Users\Jeremy\AppData\Local\Temp

[Tue Jun  4 22:04:38 2024]
Finished job 50.
32 of 75 steps (43%) done
Select jobs to execute...

[Tue Jun  4 22:04:38 2024]
rule dynamic_solve:
    input: resources/DE_20_1.5_base_solved.nc
    output: resources/DE_20_1.5_pv_0.38_270_inv.nc, results/DE_20_1.5_pv_0.38_270_invroll.nc
    jobid: 41
    reason: Input files updated by another job: resources/DE_20_1.5_base_solved.nc
    wildcards: country=DE, buses=20, transmission_limit=1.5, contingency=pv, reductionto=0.38, duration=270, model=inv
    resources: tmpdir=C:\Users\Jeremy\AppData\Local\Temp

[Tue Jun  4 22:04:38 2024]
Finished job 41.
33 of 75 steps (44%) done
Select jobs to execute...

[Tue Jun  4 22:04:38 2024]
rule dynamic_solve:
    input: resources/DE_20_1.5_base_solved.nc
    output: resources/DE_20_1.5_wind_0.25_270_noinv.nc, results/DE_20_1.5_wind_0.25_270_noinvroll.nc
    jobid: 74
    reason: Input files updated by another job: resources/DE_20_1.5_base_solved.nc
    wildcards: country=DE, buses=20, transmission_limit=1.5, contingency=wind, reductionto=0.25, duration=270, model=noinv
    resources: tmpdir=C:\Users\Jeremy\AppData\Local\Temp

[Tue Jun  4 22:04:38 2024]
Finished job 74.
34 of 75 steps (45%) done
Select jobs to execute...

[Tue Jun  4 22:04:38 2024]
rule dynamic_solve:
    input: resources/DE_20_1.5_base_solved.nc
    output: resources/DE_20_1.5_wind_0.75_180_noinv.nc, results/DE_20_1.5_wind_0.75_180_noinvroll.nc
    jobid: 67
    reason: Input files updated by another job: resources/DE_20_1.5_base_solved.nc
    wildcards: country=DE, buses=20, transmission_limit=1.5, contingency=wind, reductionto=0.75, duration=180, model=noinv
    resources: tmpdir=C:\Users\Jeremy\AppData\Local\Temp

[Tue Jun  4 22:04:38 2024]
Finished job 67.
35 of 75 steps (47%) done
Select jobs to execute...

[Tue Jun  4 22:04:38 2024]
rule dynamic_solve:
    input: resources/DE_20_1.5_base_solved.nc
    output: resources/DE_20_1.5_pv_0.25_90_noinv.nc, results/DE_20_1.5_pv_0.25_90_noinvroll.nc
    jobid: 60
    reason: Input files updated by another job: resources/DE_20_1.5_base_solved.nc
    wildcards: country=DE, buses=20, transmission_limit=1.5, contingency=pv, reductionto=0.25, duration=90, model=noinv
    resources: tmpdir=C:\Users\Jeremy\AppData\Local\Temp

[Tue Jun  4 22:04:38 2024]
Finished job 60.
36 of 75 steps (48%) done
Select jobs to execute...

[Tue Jun  4 22:04:38 2024]
rule dynamic_solve:
    input: resources/DE_20_1.5_base_solved.nc
    output: resources/DE_20_1.5_wind_0.5_270_inv.nc, results/DE_20_1.5_wind_0.5_270_invroll.nc
    jobid: 53
    reason: Input files updated by another job: resources/DE_20_1.5_base_solved.nc
    wildcards: country=DE, buses=20, transmission_limit=1.5, contingency=wind, reductionto=0.5, duration=270, model=inv
    resources: tmpdir=C:\Users\Jeremy\AppData\Local\Temp

[Tue Jun  4 22:04:38 2024]
Finished job 53.
37 of 75 steps (49%) done
[Tue Jun  4 22:06:52 2024]
Error in rule solve_base:
    jobid: 2
    input: resources/DE_20_1.0_base.nc
    output: resources/DE_20_1.0_base_solved.nc, resources/DE_20_1.0_base_roll_solved.nc

RuleException:
CalledProcessError in file C:\Users\Jeremy\Documents\MasterThesis\Models\Snakefile, line 123:
Command 'python scripts/solve_base.py resources/DE_20_1.0_base.nc resources/DE_20_1.0_base_solved.nc 130 resources/DE_20_1.0_base_roll_solved.nc 24' returned non-zero exit status 3221225786.
  File "C:\Users\Jeremy\Documents\MasterThesis\Models\Snakefile", line 123, in __rule_solve_base
  File "C:\Users\Jeremy\anaconda3\envs\pypsa-eur\Lib\concurrent\futures\thread.py", line 58, in run
Terminating processes on user request, this might take some time.
Complete log: .snakemake\log\2024-06-04T213825.343582.snakemake.log
