Building DAG of jobs...
Provided cores: 4
Rules claiming more threads will be scaled down.
Job stats:
job              count
-------------  -------
all                  1
dynamic_solve       36
total               37

Select jobs to execute...

[Sat Jun  8 16:43:27 2024]
rule dynamic_solve:
    input: resources/DE_20_1.5_base_solved.nc
    output: resources/DE_20_1.5_pv_0_90_noinv.nc, results/DE_20_1.5_pv_0_90_noinvroll.nc
    jobid: 36
    reason: Missing output files: results/DE_20_1.5_pv_0_90_noinvroll.nc; Code has changed since last execution
    wildcards: country=DE, buses=20, transmission_limit=1.5, contingency=pv, reductionto=0, duration=90, model=noinv
    resources: tmpdir=C:\Users\Jeremy\AppData\Local\Temp


[Sat Jun  8 16:43:27 2024]
rule dynamic_solve:
    input: resources/DE_20_1.5_base_solved.nc
    output: resources/DE_20_1.5_pv_0.25_270_noinv.nc, results/DE_20_1.5_pv_0.25_270_noinvroll.nc
    jobid: 35
    reason: Missing output files: results/DE_20_1.5_pv_0.25_270_noinvroll.nc; Code has changed since last execution
    wildcards: country=DE, buses=20, transmission_limit=1.5, contingency=pv, reductionto=0.25, duration=270, model=noinv
    resources: tmpdir=C:\Users\Jeremy\AppData\Local\Temp

[Sat Jun  8 16:43:27 2024]
rule dynamic_solve:
    input: resources/DE_20_1.5_base_solved.nc
    output: resources/DE_20_1.5_pv_0_90_inv.nc, results/DE_20_1.5_pv_0_90_invroll.nc
    jobid: 27
    reason: Missing output files: results/DE_20_1.5_pv_0_90_invroll.nc; Code has changed since last execution
    wildcards: country=DE, buses=20, transmission_limit=1.5, contingency=pv, reductionto=0, duration=90, model=inv
    resources: tmpdir=C:\Users\Jeremy\AppData\Local\Temp


[Sat Jun  8 16:43:27 2024]
rule dynamic_solve:
    input: resources/DE_20_1.5_base_solved.nc
    output: resources/DE_20_1.5_pv_0.5_180_inv.nc, results/DE_20_1.5_pv_0.5_180_invroll.nc
    jobid: 22
    reason: Missing output files: results/DE_20_1.5_pv_0.5_180_invroll.nc; Code has changed since last execution
    wildcards: country=DE, buses=20, transmission_limit=1.5, contingency=pv, reductionto=0.5, duration=180, model=inv
    resources: tmpdir=C:\Users\Jeremy\AppData\Local\Temp

[Sat Jun  8 16:43:35 2024]
Error in rule dynamic_solve:
    jobid: 22
    input: resources/DE_20_1.5_base_solved.nc
    output: resources/DE_20_1.5_pv_0.5_180_inv.nc, results/DE_20_1.5_pv_0.5_180_invroll.nc

RuleException:
CalledProcessError in file C:\Users\Jeremy\Documents\MasterThesis\Models\Snakefile, line 153:
Command 'python scripts/solve_pv.py resources/DE_20_1.5_base_solved.nc resources/DE_20_1.5_pv_0.5_180_inv.nc results/DE_20_1.5_pv_0.5_180_invroll.nc pv 0.5 180 inv 24 2013-02-01 00:00:00 DE' returned non-zero exit status 1.
  File "C:\Users\Jeremy\Documents\MasterThesis\Models\Snakefile", line 153, in __rule_dynamic_solve
  File "C:\Users\Jeremy\anaconda3\envs\pypsa-eur\Lib\concurrent\futures\thread.py", line 58, in run
[Sat Jun  8 16:43:35 2024]
Error in rule dynamic_solve:
    jobid: 27
    input: resources/DE_20_1.5_base_solved.nc
    output: resources/DE_20_1.5_pv_0_90_inv.nc, results/DE_20_1.5_pv_0_90_invroll.nc

RuleException:
CalledProcessError in file C:\Users\Jeremy\Documents\MasterThesis\Models\Snakefile, line 153:
Command 'python scripts/solve_pv.py resources/DE_20_1.5_base_solved.nc resources/DE_20_1.5_pv_0_90_inv.nc results/DE_20_1.5_pv_0_90_invroll.nc pv 0 90 inv 24 2013-02-01 00:00:00 DE' returned non-zero exit status 1.
  File "C:\Users\Jeremy\Documents\MasterThesis\Models\Snakefile", line 153, in __rule_dynamic_solve
  File "C:\Users\Jeremy\anaconda3\envs\pypsa-eur\Lib\concurrent\futures\thread.py", line 58, in run
[Sat Jun  8 16:43:50 2024]
Finished job 35.
1 of 37 steps (3%) done
[Sat Jun  8 16:43:50 2024]
Finished job 36.
2 of 37 steps (5%) done
Shutting down, this might take some time.
Exiting because a job execution failed. Look above for error message
Complete log: .snakemake\log\2024-06-08T164325.734148.snakemake.log
