Building DAG of jobs...
Provided cores: 4
Rules claiming more threads will be scaled down.
Job stats:
job          count
---------  -------
all              1
gen_table       72
total           73

Select jobs to execute...

[Wed Jun 12 20:58:15 2024]
rule gen_table:
    input: resources/DE_20_1.0_pv_0.25_90_inv.nc
    output: results/data/DE/pv/gen_DE_20_1.0_pv_0.25_90_inv.csv
    jobid: 150
    reason: Missing output files: results/data/DE/pv/gen_DE_20_1.0_pv_0.25_90_inv.csv
    wildcards: country=DE, contingency=pv, buses=20, transmission_limit=1.0, reductionto=0.25, duration=90, model=inv
    resources: tmpdir=C:\Users\Jeremy\AppData\Local\Temp


[Wed Jun 12 20:58:15 2024]
rule gen_table:
    input: resources/DE_20_1.0_pv_0.5_270_inv.nc
    output: results/data/DE/pv/gen_DE_20_1.0_pv_0.5_270_inv.csv
    jobid: 155
    reason: Missing output files: results/data/DE/pv/gen_DE_20_1.0_pv_0.5_270_inv.csv
    wildcards: country=DE, contingency=pv, buses=20, transmission_limit=1.0, reductionto=0.5, duration=270, model=inv
    resources: tmpdir=C:\Users\Jeremy\AppData\Local\Temp


[Wed Jun 12 20:58:15 2024]
rule gen_table:
    input: resources/DE_20_1.0_pv_0_180_inv.nc
    output: results/data/DE/pv/gen_DE_20_1.0_pv_0_180_inv.csv
    jobid: 148
    reason: Missing output files: results/data/DE/pv/gen_DE_20_1.0_pv_0_180_inv.csv
    wildcards: country=DE, contingency=pv, buses=20, transmission_limit=1.0, reductionto=0, duration=180, model=inv
    resources: tmpdir=C:\Users\Jeremy\AppData\Local\Temp


[Wed Jun 12 20:58:15 2024]
rule gen_table:
    input: resources/DE_20_1.0_pv_0_90_inv.nc
    output: results/data/DE/pv/gen_DE_20_1.0_pv_0_90_inv.csv
    jobid: 147
    reason: Missing output files: results/data/DE/pv/gen_DE_20_1.0_pv_0_90_inv.csv
    wildcards: country=DE, contingency=pv, buses=20, transmission_limit=1.0, reductionto=0, duration=90, model=inv
    resources: tmpdir=C:\Users\Jeremy\AppData\Local\Temp

[Wed Jun 12 20:58:24 2024]
Finished job 155.
1 of 73 steps (1%) done
Select jobs to execute...

[Wed Jun 12 20:58:24 2024]
rule gen_table:
    input: resources/DE_20_1.5_wind_0.25_180_noinv.nc
    output: results/data/DE/wind/gen_DE_20_1.5_wind_0.25_180_noinv.csv
    jobid: 211
    reason: Missing output files: results/data/DE/wind/gen_DE_20_1.5_wind_0.25_180_noinv.csv
    wildcards: country=DE, contingency=wind, buses=20, transmission_limit=1.5, reductionto=0.25, duration=180, model=noinv
    resources: tmpdir=C:\Users\Jeremy\AppData\Local\Temp

[Wed Jun 12 20:58:24 2024]
Finished job 147.
2 of 73 steps (3%) done
Select jobs to execute...

[Wed Jun 12 20:58:24 2024]
rule gen_table:
    input: resources/DE_20_1.5_pv_0.25_90_noinv.nc
    output: results/data/DE/pv/gen_DE_20_1.5_pv_0.25_90_noinv.csv
    jobid: 204
    reason: Missing output files: results/data/DE/pv/gen_DE_20_1.5_pv_0.25_90_noinv.csv
    wildcards: country=DE, contingency=pv, buses=20, transmission_limit=1.5, reductionto=0.25, duration=90, model=noinv
    resources: tmpdir=C:\Users\Jeremy\AppData\Local\Temp

[Wed Jun 12 20:58:25 2024]
Finished job 150.
3 of 73 steps (4%) done
Select jobs to execute...

[Wed Jun 12 20:58:25 2024]
rule gen_table:
    input: resources/DE_20_1.0_pv_0_270_inv.nc
    output: results/data/DE/pv/gen_DE_20_1.0_pv_0_270_inv.csv
    jobid: 149
    reason: Missing output files: results/data/DE/pv/gen_DE_20_1.0_pv_0_270_inv.csv
    wildcards: country=DE, contingency=pv, buses=20, transmission_limit=1.0, reductionto=0, duration=270, model=inv
    resources: tmpdir=C:\Users\Jeremy\AppData\Local\Temp

[Wed Jun 12 20:58:25 2024]
Finished job 148.
4 of 73 steps (5%) done
Select jobs to execute...

[Wed Jun 12 20:58:25 2024]
rule gen_table:
    input: resources/DE_20_1.0_pv_0.5_90_inv.nc
    output: results/data/DE/pv/gen_DE_20_1.0_pv_0.5_90_inv.csv
    jobid: 153
    reason: Missing output files: results/data/DE/pv/gen_DE_20_1.0_pv_0.5_90_inv.csv
    wildcards: country=DE, contingency=pv, buses=20, transmission_limit=1.0, reductionto=0.5, duration=90, model=inv
    resources: tmpdir=C:\Users\Jeremy\AppData\Local\Temp

[Wed Jun 12 20:58:33 2024]
Finished job 204.
5 of 73 steps (7%) done
Select jobs to execute...

[Wed Jun 12 20:58:33 2024]
rule gen_table:
    input: resources/DE_20_1.5_pv_0_180_inv.nc
    output: results/data/DE/pv/gen_DE_20_1.5_pv_0_180_inv.csv
    jobid: 184
    reason: Missing output files: results/data/DE/pv/gen_DE_20_1.5_pv_0_180_inv.csv
    wildcards: country=DE, contingency=pv, buses=20, transmission_limit=1.5, reductionto=0, duration=180, model=inv
    resources: tmpdir=C:\Users\Jeremy\AppData\Local\Temp

[Wed Jun 12 20:58:33 2024]
Finished job 211.
6 of 73 steps (8%) done
Select jobs to execute...

[Wed Jun 12 20:58:33 2024]
rule gen_table:
    input: resources/DE_20_1.5_pv_0.5_180_noinv.nc
    output: results/data/DE/pv/gen_DE_20_1.5_pv_0.5_180_noinv.csv
    jobid: 208
    reason: Missing output files: results/data/DE/pv/gen_DE_20_1.5_pv_0.5_180_noinv.csv
    wildcards: country=DE, contingency=pv, buses=20, transmission_limit=1.5, reductionto=0.5, duration=180, model=noinv
    resources: tmpdir=C:\Users\Jeremy\AppData\Local\Temp

[Wed Jun 12 20:58:33 2024]
Finished job 149.
7 of 73 steps (10%) done
Select jobs to execute...

[Wed Jun 12 20:58:33 2024]
rule gen_table:
    input: resources/DE_20_1.0_pv_0.25_180_inv.nc
    output: results/data/DE/pv/gen_DE_20_1.0_pv_0.25_180_inv.csv
    jobid: 151
    reason: Missing output files: results/data/DE/pv/gen_DE_20_1.0_pv_0.25_180_inv.csv
    wildcards: country=DE, contingency=pv, buses=20, transmission_limit=1.0, reductionto=0.25, duration=180, model=inv
    resources: tmpdir=C:\Users\Jeremy\AppData\Local\Temp

[Wed Jun 12 20:58:33 2024]
Finished job 153.
8 of 73 steps (11%) done
Select jobs to execute...

[Wed Jun 12 20:58:33 2024]
rule gen_table:
    input: resources/DE_20_1.5_wind_0.25_90_noinv.nc
    output: results/data/DE/wind/gen_DE_20_1.5_wind_0.25_90_noinv.csv
    jobid: 210
    reason: Missing output files: results/data/DE/wind/gen_DE_20_1.5_wind_0.25_90_noinv.csv
    wildcards: country=DE, contingency=wind, buses=20, transmission_limit=1.5, reductionto=0.25, duration=90, model=noinv
    resources: tmpdir=C:\Users\Jeremy\AppData\Local\Temp

[Wed Jun 12 20:58:41 2024]
Finished job 184.
9 of 73 steps (12%) done
Select jobs to execute...

[Wed Jun 12 20:58:41 2024]
rule gen_table:
    input: resources/DE_20_1.0_wind_0.25_270_inv.nc
    output: results/data/DE/wind/gen_DE_20_1.0_wind_0.25_270_inv.csv
    jobid: 158
    reason: Missing output files: results/data/DE/wind/gen_DE_20_1.0_wind_0.25_270_inv.csv
    wildcards: country=DE, contingency=wind, buses=20, transmission_limit=1.0, reductionto=0.25, duration=270, model=inv
    resources: tmpdir=C:\Users\Jeremy\AppData\Local\Temp

[Wed Jun 12 20:58:41 2024]
Finished job 208.
10 of 73 steps (14%) done
Select jobs to execute...

[Wed Jun 12 20:58:41 2024]
rule gen_table:
    input: resources/DE_20_1.0_pv_0.25_270_inv.nc
    output: results/data/DE/pv/gen_DE_20_1.0_pv_0.25_270_inv.csv
    jobid: 152
    reason: Missing output files: results/data/DE/pv/gen_DE_20_1.0_pv_0.25_270_inv.csv
    wildcards: country=DE, contingency=pv, buses=20, transmission_limit=1.0, reductionto=0.25, duration=270, model=inv
    resources: tmpdir=C:\Users\Jeremy\AppData\Local\Temp

[Wed Jun 12 20:58:41 2024]
Finished job 151.
11 of 73 steps (15%) done
Select jobs to execute...

[Wed Jun 12 20:58:41 2024]
rule gen_table:
    input: resources/DE_20_1.0_wind_0.75_90_inv.nc
    output: results/data/DE/wind/gen_DE_20_1.0_wind_0.75_90_inv.csv
    jobid: 162
    reason: Missing output files: results/data/DE/wind/gen_DE_20_1.0_wind_0.75_90_inv.csv
    wildcards: country=DE, contingency=wind, buses=20, transmission_limit=1.0, reductionto=0.75, duration=90, model=inv
    resources: tmpdir=C:\Users\Jeremy\AppData\Local\Temp

[Wed Jun 12 20:58:42 2024]
Finished job 210.
12 of 73 steps (16%) done
Select jobs to execute...

[Wed Jun 12 20:58:42 2024]
rule gen_table:
    input: resources/DE_20_1.0_wind_0.75_270_inv.nc
    output: results/data/DE/wind/gen_DE_20_1.0_wind_0.75_270_inv.csv
    jobid: 164
    reason: Missing output files: results/data/DE/wind/gen_DE_20_1.0_wind_0.75_270_inv.csv
    wildcards: country=DE, contingency=wind, buses=20, transmission_limit=1.0, reductionto=0.75, duration=270, model=inv
    resources: tmpdir=C:\Users\Jeremy\AppData\Local\Temp

[Wed Jun 12 20:58:50 2024]
Finished job 158.
13 of 73 steps (18%) done
Select jobs to execute...

[Wed Jun 12 20:58:50 2024]
rule gen_table:
    input: resources/DE_20_1.0_wind_0.25_90_inv.nc
    output: results/data/DE/wind/gen_DE_20_1.0_wind_0.25_90_inv.csv
    jobid: 156
    reason: Missing output files: results/data/DE/wind/gen_DE_20_1.0_wind_0.25_90_inv.csv
    wildcards: country=DE, contingency=wind, buses=20, transmission_limit=1.0, reductionto=0.25, duration=90, model=inv
    resources: tmpdir=C:\Users\Jeremy\AppData\Local\Temp

[Wed Jun 12 20:58:50 2024]
Finished job 152.
14 of 73 steps (19%) done
Select jobs to execute...

[Wed Jun 12 20:58:50 2024]
rule gen_table:
    input: resources/DE_20_1.0_wind_0.5_180_inv.nc
    output: results/data/DE/wind/gen_DE_20_1.0_wind_0.5_180_inv.csv
    jobid: 160
    reason: Missing output files: results/data/DE/wind/gen_DE_20_1.0_wind_0.5_180_inv.csv
    wildcards: country=DE, contingency=wind, buses=20, transmission_limit=1.0, reductionto=0.5, duration=180, model=inv
    resources: tmpdir=C:\Users\Jeremy\AppData\Local\Temp

[Wed Jun 12 20:58:50 2024]
Finished job 162.
15 of 73 steps (21%) done
Select jobs to execute...

[Wed Jun 12 20:58:50 2024]
rule gen_table:
    input: resources/DE_20_1.0_wind_0.5_270_inv.nc
    output: results/data/DE/wind/gen_DE_20_1.0_wind_0.5_270_inv.csv
    jobid: 161
    reason: Missing output files: results/data/DE/wind/gen_DE_20_1.0_wind_0.5_270_inv.csv
    wildcards: country=DE, contingency=wind, buses=20, transmission_limit=1.0, reductionto=0.5, duration=270, model=inv
    resources: tmpdir=C:\Users\Jeremy\AppData\Local\Temp

[Wed Jun 12 20:58:50 2024]
Finished job 164.
16 of 73 steps (22%) done
Select jobs to execute...

[Wed Jun 12 20:58:50 2024]
rule gen_table:
    input: resources/DE_20_1.5_wind_0.5_90_noinv.nc
    output: results/data/DE/wind/gen_DE_20_1.5_wind_0.5_90_noinv.csv
    jobid: 213
    reason: Missing output files: results/data/DE/wind/gen_DE_20_1.5_wind_0.5_90_noinv.csv
    wildcards: country=DE, contingency=wind, buses=20, transmission_limit=1.5, reductionto=0.5, duration=90, model=noinv
    resources: tmpdir=C:\Users\Jeremy\AppData\Local\Temp

[Wed Jun 12 20:58:58 2024]
Finished job 156.
17 of 73 steps (23%) done
Select jobs to execute...

[Wed Jun 12 20:58:58 2024]
rule gen_table:
    input: resources/DE_20_1.0_wind_0.75_180_inv.nc
    output: results/data/DE/wind/gen_DE_20_1.0_wind_0.75_180_inv.csv
    jobid: 163
    reason: Missing output files: results/data/DE/wind/gen_DE_20_1.0_wind_0.75_180_inv.csv
    wildcards: country=DE, contingency=wind, buses=20, transmission_limit=1.0, reductionto=0.75, duration=180, model=inv
    resources: tmpdir=C:\Users\Jeremy\AppData\Local\Temp

[Wed Jun 12 20:58:58 2024]
Finished job 160.
18 of 73 steps (25%) done
Select jobs to execute...

[Wed Jun 12 20:58:58 2024]
rule gen_table:
    input: resources/DE_20_1.5_wind_0.75_90_inv.nc
    output: results/data/DE/wind/gen_DE_20_1.5_wind_0.75_90_inv.csv
    jobid: 198
    reason: Missing output files: results/data/DE/wind/gen_DE_20_1.5_wind_0.75_90_inv.csv
    wildcards: country=DE, contingency=wind, buses=20, transmission_limit=1.5, reductionto=0.75, duration=90, model=inv
    resources: tmpdir=C:\Users\Jeremy\AppData\Local\Temp

[Wed Jun 12 20:58:58 2024]
Finished job 161.
19 of 73 steps (26%) done
Select jobs to execute...

[Wed Jun 12 20:58:58 2024]
rule gen_table:
    input: resources/DE_20_1.5_pv_0.5_90_noinv.nc
    output: results/data/DE/pv/gen_DE_20_1.5_pv_0.5_90_noinv.csv
    jobid: 207
    reason: Missing output files: results/data/DE/pv/gen_DE_20_1.5_pv_0.5_90_noinv.csv
    wildcards: country=DE, contingency=pv, buses=20, transmission_limit=1.5, reductionto=0.5, duration=90, model=noinv
    resources: tmpdir=C:\Users\Jeremy\AppData\Local\Temp

[Wed Jun 12 20:58:58 2024]
Finished job 213.
20 of 73 steps (27%) done
Select jobs to execute...

[Wed Jun 12 20:58:58 2024]
rule gen_table:
    input: resources/DE_20_1.0_wind_0.25_180_inv.nc
    output: results/data/DE/wind/gen_DE_20_1.0_wind_0.25_180_inv.csv
    jobid: 157
    reason: Missing output files: results/data/DE/wind/gen_DE_20_1.0_wind_0.25_180_inv.csv
    wildcards: country=DE, contingency=wind, buses=20, transmission_limit=1.0, reductionto=0.25, duration=180, model=inv
    resources: tmpdir=C:\Users\Jeremy\AppData\Local\Temp

[Wed Jun 12 20:59:06 2024]
Finished job 163.
21 of 73 steps (29%) done
Select jobs to execute...

[Wed Jun 12 20:59:06 2024]
rule gen_table:
    input: resources/DE_20_1.5_wind_0.75_180_inv.nc
    output: results/data/DE/wind/gen_DE_20_1.5_wind_0.75_180_inv.csv
    jobid: 199
    reason: Missing output files: results/data/DE/wind/gen_DE_20_1.5_wind_0.75_180_inv.csv
    wildcards: country=DE, contingency=wind, buses=20, transmission_limit=1.5, reductionto=0.75, duration=180, model=inv
    resources: tmpdir=C:\Users\Jeremy\AppData\Local\Temp

[Wed Jun 12 20:59:07 2024]
Finished job 198.
22 of 73 steps (30%) done
Select jobs to execute...

[Wed Jun 12 20:59:07 2024]
rule gen_table:
    input: resources/DE_20_1.0_pv_0.5_180_inv.nc
    output: results/data/DE/pv/gen_DE_20_1.0_pv_0.5_180_inv.csv
    jobid: 154
    reason: Missing output files: results/data/DE/pv/gen_DE_20_1.0_pv_0.5_180_inv.csv
    wildcards: country=DE, contingency=pv, buses=20, transmission_limit=1.0, reductionto=0.5, duration=180, model=inv
    resources: tmpdir=C:\Users\Jeremy\AppData\Local\Temp

[Wed Jun 12 20:59:07 2024]
Finished job 207.
23 of 73 steps (32%) done
Select jobs to execute...

[Wed Jun 12 20:59:07 2024]
rule gen_table:
    input: resources/DE_20_1.5_pv_0_90_noinv.nc
    output: results/data/DE/pv/gen_DE_20_1.5_pv_0_90_noinv.csv
    jobid: 201
    reason: Missing output files: results/data/DE/pv/gen_DE_20_1.5_pv_0_90_noinv.csv
    wildcards: country=DE, contingency=pv, buses=20, transmission_limit=1.5, reductionto=0, duration=90, model=noinv
    resources: tmpdir=C:\Users\Jeremy\AppData\Local\Temp

[Wed Jun 12 20:59:07 2024]
Finished job 157.
24 of 73 steps (33%) done
Select jobs to execute...

[Wed Jun 12 20:59:07 2024]
rule gen_table:
    input: resources/DE_20_1.5_wind_0.25_90_inv.nc
    output: results/data/DE/wind/gen_DE_20_1.5_wind_0.25_90_inv.csv
    jobid: 192
    reason: Missing output files: results/data/DE/wind/gen_DE_20_1.5_wind_0.25_90_inv.csv
    wildcards: country=DE, contingency=wind, buses=20, transmission_limit=1.5, reductionto=0.25, duration=90, model=inv
    resources: tmpdir=C:\Users\Jeremy\AppData\Local\Temp

[Wed Jun 12 20:59:15 2024]
Finished job 199.
25 of 73 steps (34%) done
Select jobs to execute...

[Wed Jun 12 20:59:15 2024]
rule gen_table:
    input: resources/DE_20_1.5_wind_0.75_90_noinv.nc
    output: results/data/DE/wind/gen_DE_20_1.5_wind_0.75_90_noinv.csv
    jobid: 216
    reason: Missing output files: results/data/DE/wind/gen_DE_20_1.5_wind_0.75_90_noinv.csv
    wildcards: country=DE, contingency=wind, buses=20, transmission_limit=1.5, reductionto=0.75, duration=90, model=noinv
    resources: tmpdir=C:\Users\Jeremy\AppData\Local\Temp

[Wed Jun 12 20:59:15 2024]
Finished job 154.
26 of 73 steps (36%) done
Select jobs to execute...

[Wed Jun 12 20:59:15 2024]
rule gen_table:
    input: resources/DE_20_1.5_wind_0.5_270_inv.nc
    output: results/data/DE/wind/gen_DE_20_1.5_wind_0.5_270_inv.csv
    jobid: 197
    reason: Missing output files: results/data/DE/wind/gen_DE_20_1.5_wind_0.5_270_inv.csv
    wildcards: country=DE, contingency=wind, buses=20, transmission_limit=1.5, reductionto=0.5, duration=270, model=inv
    resources: tmpdir=C:\Users\Jeremy\AppData\Local\Temp

[Wed Jun 12 20:59:15 2024]
Finished job 201.
27 of 73 steps (37%) done
Select jobs to execute...

[Wed Jun 12 20:59:15 2024]
rule gen_table:
    input: resources/DE_20_1.5_pv_0.25_180_inv.nc
    output: results/data/DE/pv/gen_DE_20_1.5_pv_0.25_180_inv.csv
    jobid: 187
    reason: Missing output files: results/data/DE/pv/gen_DE_20_1.5_pv_0.25_180_inv.csv
    wildcards: country=DE, contingency=pv, buses=20, transmission_limit=1.5, reductionto=0.25, duration=180, model=inv
    resources: tmpdir=C:\Users\Jeremy\AppData\Local\Temp

[Wed Jun 12 20:59:15 2024]
Finished job 192.
28 of 73 steps (38%) done
Select jobs to execute...

[Wed Jun 12 20:59:15 2024]
rule gen_table:
    input: resources/DE_20_1.5_pv_0_180_noinv.nc
    output: results/data/DE/pv/gen_DE_20_1.5_pv_0_180_noinv.csv
    jobid: 202
    reason: Missing output files: results/data/DE/pv/gen_DE_20_1.5_pv_0_180_noinv.csv
    wildcards: country=DE, contingency=pv, buses=20, transmission_limit=1.5, reductionto=0, duration=180, model=noinv
    resources: tmpdir=C:\Users\Jeremy\AppData\Local\Temp

[Wed Jun 12 20:59:23 2024]
Finished job 216.
29 of 73 steps (40%) done
Select jobs to execute...

[Wed Jun 12 20:59:23 2024]
rule gen_table:
    input: resources/DE_20_1.5_pv_0_270_inv.nc
    output: results/data/DE/pv/gen_DE_20_1.5_pv_0_270_inv.csv
    jobid: 185
    reason: Missing output files: results/data/DE/pv/gen_DE_20_1.5_pv_0_270_inv.csv
    wildcards: country=DE, contingency=pv, buses=20, transmission_limit=1.5, reductionto=0, duration=270, model=inv
    resources: tmpdir=C:\Users\Jeremy\AppData\Local\Temp

[Wed Jun 12 20:59:23 2024]
Finished job 197.
30 of 73 steps (41%) done
Select jobs to execute...

[Wed Jun 12 20:59:23 2024]
rule gen_table:
    input: resources/DE_20_1.5_pv_0.5_270_noinv.nc
    output: results/data/DE/pv/gen_DE_20_1.5_pv_0.5_270_noinv.csv
    jobid: 209
    reason: Missing output files: results/data/DE/pv/gen_DE_20_1.5_pv_0.5_270_noinv.csv
    wildcards: country=DE, contingency=pv, buses=20, transmission_limit=1.5, reductionto=0.5, duration=270, model=noinv
    resources: tmpdir=C:\Users\Jeremy\AppData\Local\Temp

[Wed Jun 12 20:59:24 2024]
Finished job 187.
31 of 73 steps (42%) done
Select jobs to execute...

[Wed Jun 12 20:59:24 2024]
rule gen_table:
    input: resources/DE_20_1.5_wind_0.75_270_inv.nc
    output: results/data/DE/wind/gen_DE_20_1.5_wind_0.75_270_inv.csv
    jobid: 200
    reason: Missing output files: results/data/DE/wind/gen_DE_20_1.5_wind_0.75_270_inv.csv
    wildcards: country=DE, contingency=wind, buses=20, transmission_limit=1.5, reductionto=0.75, duration=270, model=inv
    resources: tmpdir=C:\Users\Jeremy\AppData\Local\Temp

[Wed Jun 12 20:59:24 2024]
Finished job 202.
32 of 73 steps (44%) done
Select jobs to execute...

[Wed Jun 12 20:59:24 2024]
rule gen_table:
    input: resources/DE_20_1.5_wind_0.25_270_noinv.nc
    output: results/data/DE/wind/gen_DE_20_1.5_wind_0.25_270_noinv.csv
    jobid: 212
    reason: Missing output files: results/data/DE/wind/gen_DE_20_1.5_wind_0.25_270_noinv.csv
    wildcards: country=DE, contingency=wind, buses=20, transmission_limit=1.5, reductionto=0.25, duration=270, model=noinv
    resources: tmpdir=C:\Users\Jeremy\AppData\Local\Temp

[Wed Jun 12 20:59:32 2024]
Finished job 185.
33 of 73 steps (45%) done
Select jobs to execute...

[Wed Jun 12 20:59:32 2024]
rule gen_table:
    input: resources/DE_20_1.0_pv_0_270_noinv.nc
    output: results/data/DE/pv/gen_DE_20_1.0_pv_0_270_noinv.csv
    jobid: 167
    reason: Missing output files: results/data/DE/pv/gen_DE_20_1.0_pv_0_270_noinv.csv
    wildcards: country=DE, contingency=pv, buses=20, transmission_limit=1.0, reductionto=0, duration=270, model=noinv
    resources: tmpdir=C:\Users\Jeremy\AppData\Local\Temp

[Wed Jun 12 20:59:32 2024]
Finished job 209.
34 of 73 steps (47%) done
Select jobs to execute...

[Wed Jun 12 20:59:32 2024]
rule gen_table:
    input: resources/DE_20_1.5_pv_0.5_270_inv.nc
    output: results/data/DE/pv/gen_DE_20_1.5_pv_0.5_270_inv.csv
    jobid: 191
    reason: Missing output files: results/data/DE/pv/gen_DE_20_1.5_pv_0.5_270_inv.csv
    wildcards: country=DE, contingency=pv, buses=20, transmission_limit=1.5, reductionto=0.5, duration=270, model=inv
    resources: tmpdir=C:\Users\Jeremy\AppData\Local\Temp

[Wed Jun 12 20:59:32 2024]
Finished job 200.
35 of 73 steps (48%) done
Select jobs to execute...

[Wed Jun 12 20:59:32 2024]
rule gen_table:
    input: resources/DE_20_1.0_wind_0.5_90_inv.nc
    output: results/data/DE/wind/gen_DE_20_1.0_wind_0.5_90_inv.csv
    jobid: 159
    reason: Missing output files: results/data/DE/wind/gen_DE_20_1.0_wind_0.5_90_inv.csv
    wildcards: country=DE, contingency=wind, buses=20, transmission_limit=1.0, reductionto=0.5, duration=90, model=inv
    resources: tmpdir=C:\Users\Jeremy\AppData\Local\Temp

[Wed Jun 12 20:59:33 2024]
Finished job 212.
36 of 73 steps (49%) done
Select jobs to execute...

[Wed Jun 12 20:59:33 2024]
rule gen_table:
    input: resources/DE_20_1.5_wind_0.5_180_noinv.nc
    output: results/data/DE/wind/gen_DE_20_1.5_wind_0.5_180_noinv.csv
    jobid: 214
    reason: Missing output files: results/data/DE/wind/gen_DE_20_1.5_wind_0.5_180_noinv.csv
    wildcards: country=DE, contingency=wind, buses=20, transmission_limit=1.5, reductionto=0.5, duration=180, model=noinv
    resources: tmpdir=C:\Users\Jeremy\AppData\Local\Temp

[Wed Jun 12 20:59:40 2024]
Finished job 167.
37 of 73 steps (51%) done
Select jobs to execute...

[Wed Jun 12 20:59:40 2024]
rule gen_table:
    input: resources/DE_20_1.5_pv_0_90_inv.nc
    output: results/data/DE/pv/gen_DE_20_1.5_pv_0_90_inv.csv
    jobid: 183
    reason: Missing output files: results/data/DE/pv/gen_DE_20_1.5_pv_0_90_inv.csv
    wildcards: country=DE, contingency=pv, buses=20, transmission_limit=1.5, reductionto=0, duration=90, model=inv
    resources: tmpdir=C:\Users\Jeremy\AppData\Local\Temp

[Wed Jun 12 20:59:40 2024]
Finished job 191.
38 of 73 steps (52%) done
Select jobs to execute...

[Wed Jun 12 20:59:40 2024]
rule gen_table:
    input: resources/DE_20_1.5_wind_0.25_270_inv.nc
    output: results/data/DE/wind/gen_DE_20_1.5_wind_0.25_270_inv.csv
    jobid: 194
    reason: Missing output files: results/data/DE/wind/gen_DE_20_1.5_wind_0.25_270_inv.csv
    wildcards: country=DE, contingency=wind, buses=20, transmission_limit=1.5, reductionto=0.25, duration=270, model=inv
    resources: tmpdir=C:\Users\Jeremy\AppData\Local\Temp

[Wed Jun 12 20:59:41 2024]
Finished job 159.
39 of 73 steps (53%) done
Select jobs to execute...

[Wed Jun 12 20:59:41 2024]
rule gen_table:
    input: resources/DE_20_1.5_wind_0.5_90_inv.nc
    output: results/data/DE/wind/gen_DE_20_1.5_wind_0.5_90_inv.csv
    jobid: 195
    reason: Missing output files: results/data/DE/wind/gen_DE_20_1.5_wind_0.5_90_inv.csv
    wildcards: country=DE, contingency=wind, buses=20, transmission_limit=1.5, reductionto=0.5, duration=90, model=inv
    resources: tmpdir=C:\Users\Jeremy\AppData\Local\Temp

[Wed Jun 12 20:59:41 2024]
Finished job 214.
40 of 73 steps (55%) done
Select jobs to execute...

[Wed Jun 12 20:59:41 2024]
rule gen_table:
    input: resources/DE_20_1.0_pv_0_180_noinv.nc
    output: results/data/DE/pv/gen_DE_20_1.0_pv_0_180_noinv.csv
    jobid: 166
    reason: Missing output files: results/data/DE/pv/gen_DE_20_1.0_pv_0_180_noinv.csv
    wildcards: country=DE, contingency=pv, buses=20, transmission_limit=1.0, reductionto=0, duration=180, model=noinv
    resources: tmpdir=C:\Users\Jeremy\AppData\Local\Temp

[Wed Jun 12 20:59:49 2024]
Finished job 183.
41 of 73 steps (56%) done
Select jobs to execute...

[Wed Jun 12 20:59:49 2024]
rule gen_table:
    input: resources/DE_20_1.5_pv_0.25_270_inv.nc
    output: results/data/DE/pv/gen_DE_20_1.5_pv_0.25_270_inv.csv
    jobid: 188
    reason: Missing output files: results/data/DE/pv/gen_DE_20_1.5_pv_0.25_270_inv.csv
    wildcards: country=DE, contingency=pv, buses=20, transmission_limit=1.5, reductionto=0.25, duration=270, model=inv
    resources: tmpdir=C:\Users\Jeremy\AppData\Local\Temp

[Wed Jun 12 20:59:49 2024]
Finished job 194.
42 of 73 steps (58%) done
Select jobs to execute...

[Wed Jun 12 20:59:49 2024]
rule gen_table:
    input: resources/DE_20_1.5_pv_0.25_90_inv.nc
    output: results/data/DE/pv/gen_DE_20_1.5_pv_0.25_90_inv.csv
    jobid: 186
    reason: Missing output files: results/data/DE/pv/gen_DE_20_1.5_pv_0.25_90_inv.csv
    wildcards: country=DE, contingency=pv, buses=20, transmission_limit=1.5, reductionto=0.25, duration=90, model=inv
    resources: tmpdir=C:\Users\Jeremy\AppData\Local\Temp

[Wed Jun 12 20:59:49 2024]
Finished job 195.
43 of 73 steps (59%) done
Select jobs to execute...

[Wed Jun 12 20:59:49 2024]
rule gen_table:
    input: resources/DE_20_1.5_wind_0.5_180_inv.nc
    output: results/data/DE/wind/gen_DE_20_1.5_wind_0.5_180_inv.csv
    jobid: 196
    reason: Missing output files: results/data/DE/wind/gen_DE_20_1.5_wind_0.5_180_inv.csv
    wildcards: country=DE, contingency=wind, buses=20, transmission_limit=1.5, reductionto=0.5, duration=180, model=inv
    resources: tmpdir=C:\Users\Jeremy\AppData\Local\Temp

[Wed Jun 12 20:59:50 2024]
Finished job 166.
44 of 73 steps (60%) done
Select jobs to execute...

[Wed Jun 12 20:59:50 2024]
rule gen_table:
    input: resources/DE_20_1.5_pv_0.5_180_inv.nc
    output: results/data/DE/pv/gen_DE_20_1.5_pv_0.5_180_inv.csv
    jobid: 190
    reason: Missing output files: results/data/DE/pv/gen_DE_20_1.5_pv_0.5_180_inv.csv
    wildcards: country=DE, contingency=pv, buses=20, transmission_limit=1.5, reductionto=0.5, duration=180, model=inv
    resources: tmpdir=C:\Users\Jeremy\AppData\Local\Temp

[Wed Jun 12 20:59:57 2024]
Finished job 186.
45 of 73 steps (62%) done
Select jobs to execute...

[Wed Jun 12 20:59:57 2024]
rule gen_table:
    input: resources/DE_20_1.0_pv_0.25_270_noinv.nc
    output: results/data/DE/pv/gen_DE_20_1.0_pv_0.25_270_noinv.csv
    jobid: 170
    reason: Missing output files: results/data/DE/pv/gen_DE_20_1.0_pv_0.25_270_noinv.csv
    wildcards: country=DE, contingency=pv, buses=20, transmission_limit=1.0, reductionto=0.25, duration=270, model=noinv
    resources: tmpdir=C:\Users\Jeremy\AppData\Local\Temp

[Wed Jun 12 20:59:57 2024]
Finished job 188.
46 of 73 steps (63%) done
Select jobs to execute...

[Wed Jun 12 20:59:57 2024]
rule gen_table:
    input: resources/DE_20_1.5_wind_0.75_180_noinv.nc
    output: results/data/DE/wind/gen_DE_20_1.5_wind_0.75_180_noinv.csv
    jobid: 217
    reason: Missing output files: results/data/DE/wind/gen_DE_20_1.5_wind_0.75_180_noinv.csv
    wildcards: country=DE, contingency=wind, buses=20, transmission_limit=1.5, reductionto=0.75, duration=180, model=noinv
    resources: tmpdir=C:\Users\Jeremy\AppData\Local\Temp

[Wed Jun 12 20:59:58 2024]
Finished job 196.
47 of 73 steps (64%) done
Select jobs to execute...

[Wed Jun 12 20:59:58 2024]
rule gen_table:
    input: resources/DE_20_1.5_pv_0.5_90_inv.nc
    output: results/data/DE/pv/gen_DE_20_1.5_pv_0.5_90_inv.csv
    jobid: 189
    reason: Missing output files: results/data/DE/pv/gen_DE_20_1.5_pv_0.5_90_inv.csv
    wildcards: country=DE, contingency=pv, buses=20, transmission_limit=1.5, reductionto=0.5, duration=90, model=inv
    resources: tmpdir=C:\Users\Jeremy\AppData\Local\Temp

[Wed Jun 12 20:59:58 2024]
Finished job 190.
48 of 73 steps (66%) done
Select jobs to execute...

[Wed Jun 12 20:59:58 2024]
rule gen_table:
    input: resources/DE_20_1.5_pv_0_270_noinv.nc
    output: results/data/DE/pv/gen_DE_20_1.5_pv_0_270_noinv.csv
    jobid: 203
    reason: Missing output files: results/data/DE/pv/gen_DE_20_1.5_pv_0_270_noinv.csv
    wildcards: country=DE, contingency=pv, buses=20, transmission_limit=1.5, reductionto=0, duration=270, model=noinv
    resources: tmpdir=C:\Users\Jeremy\AppData\Local\Temp

[Wed Jun 12 21:00:06 2024]
Finished job 217.
49 of 73 steps (67%) done
Select jobs to execute...

[Wed Jun 12 21:00:06 2024]
rule gen_table:
    input: resources/DE_20_1.5_wind_0.25_180_inv.nc
    output: results/data/DE/wind/gen_DE_20_1.5_wind_0.25_180_inv.csv
    jobid: 193
    reason: Missing output files: results/data/DE/wind/gen_DE_20_1.5_wind_0.25_180_inv.csv
    wildcards: country=DE, contingency=wind, buses=20, transmission_limit=1.5, reductionto=0.25, duration=180, model=inv
    resources: tmpdir=C:\Users\Jeremy\AppData\Local\Temp

[Wed Jun 12 21:00:06 2024]
Finished job 170.
50 of 73 steps (68%) done
Select jobs to execute...

[Wed Jun 12 21:00:06 2024]
rule gen_table:
    input: resources/DE_20_1.5_pv_0.25_180_noinv.nc
    output: results/data/DE/pv/gen_DE_20_1.5_pv_0.25_180_noinv.csv
    jobid: 205
    reason: Missing output files: results/data/DE/pv/gen_DE_20_1.5_pv_0.25_180_noinv.csv
    wildcards: country=DE, contingency=pv, buses=20, transmission_limit=1.5, reductionto=0.25, duration=180, model=noinv
    resources: tmpdir=C:\Users\Jeremy\AppData\Local\Temp

[Wed Jun 12 21:00:06 2024]
Finished job 189.
51 of 73 steps (70%) done
Select jobs to execute...

[Wed Jun 12 21:00:06 2024]
rule gen_table:
    input: resources/DE_20_1.0_pv_0_90_noinv.nc
    output: results/data/DE/pv/gen_DE_20_1.0_pv_0_90_noinv.csv
    jobid: 165
    reason: Missing output files: results/data/DE/pv/gen_DE_20_1.0_pv_0_90_noinv.csv
    wildcards: country=DE, contingency=pv, buses=20, transmission_limit=1.0, reductionto=0, duration=90, model=noinv
    resources: tmpdir=C:\Users\Jeremy\AppData\Local\Temp

[Wed Jun 12 21:00:07 2024]
Finished job 203.
52 of 73 steps (71%) done
Select jobs to execute...

[Wed Jun 12 21:00:07 2024]
rule gen_table:
    input: resources/DE_20_1.5_pv_0.25_270_noinv.nc
    output: results/data/DE/pv/gen_DE_20_1.5_pv_0.25_270_noinv.csv
    jobid: 206
    reason: Missing output files: results/data/DE/pv/gen_DE_20_1.5_pv_0.25_270_noinv.csv
    wildcards: country=DE, contingency=pv, buses=20, transmission_limit=1.5, reductionto=0.25, duration=270, model=noinv
    resources: tmpdir=C:\Users\Jeremy\AppData\Local\Temp

[Wed Jun 12 21:00:14 2024]
Finished job 193.
53 of 73 steps (73%) done
Select jobs to execute...

[Wed Jun 12 21:00:14 2024]
rule gen_table:
    input: resources/DE_20_1.5_wind_0.5_270_noinv.nc
    output: results/data/DE/wind/gen_DE_20_1.5_wind_0.5_270_noinv.csv
    jobid: 215
    reason: Missing output files: results/data/DE/wind/gen_DE_20_1.5_wind_0.5_270_noinv.csv
    wildcards: country=DE, contingency=wind, buses=20, transmission_limit=1.5, reductionto=0.5, duration=270, model=noinv
    resources: tmpdir=C:\Users\Jeremy\AppData\Local\Temp

[Wed Jun 12 21:00:14 2024]
Finished job 205.
54 of 73 steps (74%) done
Select jobs to execute...

[Wed Jun 12 21:00:14 2024]
rule gen_table:
    input: resources/DE_20_1.5_wind_0.75_270_noinv.nc
    output: results/data/DE/wind/gen_DE_20_1.5_wind_0.75_270_noinv.csv
    jobid: 218
    reason: Missing output files: results/data/DE/wind/gen_DE_20_1.5_wind_0.75_270_noinv.csv
    wildcards: country=DE, contingency=wind, buses=20, transmission_limit=1.5, reductionto=0.75, duration=270, model=noinv
    resources: tmpdir=C:\Users\Jeremy\AppData\Local\Temp

[Wed Jun 12 21:00:15 2024]
Finished job 165.
55 of 73 steps (75%) done
Select jobs to execute...

[Wed Jun 12 21:00:15 2024]
rule gen_table:
    input: resources/DE_20_1.0_wind_0.75_90_noinv.nc
    output: results/data/DE/wind/gen_DE_20_1.0_wind_0.75_90_noinv.csv
    jobid: 180
    reason: Missing output files: results/data/DE/wind/gen_DE_20_1.0_wind_0.75_90_noinv.csv
    wildcards: country=DE, contingency=wind, buses=20, transmission_limit=1.0, reductionto=0.75, duration=90, model=noinv
    resources: tmpdir=C:\Users\Jeremy\AppData\Local\Temp

[Wed Jun 12 21:00:16 2024]
Finished job 206.
56 of 73 steps (77%) done
Select jobs to execute...

[Wed Jun 12 21:00:16 2024]
rule gen_table:
    input: resources/DE_20_1.0_pv_0.25_90_noinv.nc
    output: results/data/DE/pv/gen_DE_20_1.0_pv_0.25_90_noinv.csv
    jobid: 168
    reason: Missing output files: results/data/DE/pv/gen_DE_20_1.0_pv_0.25_90_noinv.csv
    wildcards: country=DE, contingency=pv, buses=20, transmission_limit=1.0, reductionto=0.25, duration=90, model=noinv
    resources: tmpdir=C:\Users\Jeremy\AppData\Local\Temp

[Wed Jun 12 21:00:23 2024]
Finished job 215.
57 of 73 steps (78%) done
Select jobs to execute...

[Wed Jun 12 21:00:23 2024]
rule gen_table:
    input: resources/DE_20_1.0_wind_0.5_180_noinv.nc
    output: results/data/DE/wind/gen_DE_20_1.0_wind_0.5_180_noinv.csv
    jobid: 178
    reason: Missing output files: results/data/DE/wind/gen_DE_20_1.0_wind_0.5_180_noinv.csv
    wildcards: country=DE, contingency=wind, buses=20, transmission_limit=1.0, reductionto=0.5, duration=180, model=noinv
    resources: tmpdir=C:\Users\Jeremy\AppData\Local\Temp

[Wed Jun 12 21:00:23 2024]
Finished job 218.
58 of 73 steps (79%) done
Select jobs to execute...

[Wed Jun 12 21:00:23 2024]
rule gen_table:
    input: resources/DE_20_1.0_wind_0.25_270_noinv.nc
    output: results/data/DE/wind/gen_DE_20_1.0_wind_0.25_270_noinv.csv
    jobid: 176
    reason: Missing output files: results/data/DE/wind/gen_DE_20_1.0_wind_0.25_270_noinv.csv
    wildcards: country=DE, contingency=wind, buses=20, transmission_limit=1.0, reductionto=0.25, duration=270, model=noinv
    resources: tmpdir=C:\Users\Jeremy\AppData\Local\Temp

[Wed Jun 12 21:00:24 2024]
Finished job 180.
59 of 73 steps (81%) done
Select jobs to execute...

[Wed Jun 12 21:00:24 2024]
rule gen_table:
    input: resources/DE_20_1.0_wind_0.5_270_noinv.nc
    output: results/data/DE/wind/gen_DE_20_1.0_wind_0.5_270_noinv.csv
    jobid: 179
    reason: Missing output files: results/data/DE/wind/gen_DE_20_1.0_wind_0.5_270_noinv.csv
    wildcards: country=DE, contingency=wind, buses=20, transmission_limit=1.0, reductionto=0.5, duration=270, model=noinv
    resources: tmpdir=C:\Users\Jeremy\AppData\Local\Temp

[Wed Jun 12 21:00:24 2024]
Finished job 168.
60 of 73 steps (82%) done
Select jobs to execute...

[Wed Jun 12 21:00:24 2024]
rule gen_table:
    input: resources/DE_20_1.0_wind_0.25_180_noinv.nc
    output: results/data/DE/wind/gen_DE_20_1.0_wind_0.25_180_noinv.csv
    jobid: 175
    reason: Missing output files: results/data/DE/wind/gen_DE_20_1.0_wind_0.25_180_noinv.csv
    wildcards: country=DE, contingency=wind, buses=20, transmission_limit=1.0, reductionto=0.25, duration=180, model=noinv
    resources: tmpdir=C:\Users\Jeremy\AppData\Local\Temp

[Wed Jun 12 21:00:31 2024]
Finished job 178.
61 of 73 steps (84%) done
Select jobs to execute...

[Wed Jun 12 21:00:31 2024]
rule gen_table:
    input: resources/DE_20_1.0_wind_0.75_270_noinv.nc
    output: results/data/DE/wind/gen_DE_20_1.0_wind_0.75_270_noinv.csv
    jobid: 182
    reason: Missing output files: results/data/DE/wind/gen_DE_20_1.0_wind_0.75_270_noinv.csv
    wildcards: country=DE, contingency=wind, buses=20, transmission_limit=1.0, reductionto=0.75, duration=270, model=noinv
    resources: tmpdir=C:\Users\Jeremy\AppData\Local\Temp

[Wed Jun 12 21:00:31 2024]
Finished job 176.
62 of 73 steps (85%) done
Select jobs to execute...

[Wed Jun 12 21:00:31 2024]
rule gen_table:
    input: resources/DE_20_1.0_wind_0.75_180_noinv.nc
    output: results/data/DE/wind/gen_DE_20_1.0_wind_0.75_180_noinv.csv
    jobid: 181
    reason: Missing output files: results/data/DE/wind/gen_DE_20_1.0_wind_0.75_180_noinv.csv
    wildcards: country=DE, contingency=wind, buses=20, transmission_limit=1.0, reductionto=0.75, duration=180, model=noinv
    resources: tmpdir=C:\Users\Jeremy\AppData\Local\Temp

[Wed Jun 12 21:00:32 2024]
Finished job 179.
63 of 73 steps (86%) done
Select jobs to execute...

[Wed Jun 12 21:00:32 2024]
rule gen_table:
    input: resources/DE_20_1.0_pv_0.25_180_noinv.nc
    output: results/data/DE/pv/gen_DE_20_1.0_pv_0.25_180_noinv.csv
    jobid: 169
    reason: Missing output files: results/data/DE/pv/gen_DE_20_1.0_pv_0.25_180_noinv.csv
    wildcards: country=DE, contingency=pv, buses=20, transmission_limit=1.0, reductionto=0.25, duration=180, model=noinv
    resources: tmpdir=C:\Users\Jeremy\AppData\Local\Temp

[Wed Jun 12 21:00:33 2024]
Finished job 175.
64 of 73 steps (88%) done
Select jobs to execute...

[Wed Jun 12 21:00:33 2024]
rule gen_table:
    input: resources/DE_20_1.0_pv_0.5_180_noinv.nc
    output: results/data/DE/pv/gen_DE_20_1.0_pv_0.5_180_noinv.csv
    jobid: 172
    reason: Missing output files: results/data/DE/pv/gen_DE_20_1.0_pv_0.5_180_noinv.csv
    wildcards: country=DE, contingency=pv, buses=20, transmission_limit=1.0, reductionto=0.5, duration=180, model=noinv
    resources: tmpdir=C:\Users\Jeremy\AppData\Local\Temp

[Wed Jun 12 21:00:40 2024]
Finished job 182.
65 of 73 steps (89%) done
Select jobs to execute...

[Wed Jun 12 21:00:40 2024]
rule gen_table:
    input: resources/DE_20_1.0_wind_0.25_90_noinv.nc
    output: results/data/DE/wind/gen_DE_20_1.0_wind_0.25_90_noinv.csv
    jobid: 174
    reason: Missing output files: results/data/DE/wind/gen_DE_20_1.0_wind_0.25_90_noinv.csv
    wildcards: country=DE, contingency=wind, buses=20, transmission_limit=1.0, reductionto=0.25, duration=90, model=noinv
    resources: tmpdir=C:\Users\Jeremy\AppData\Local\Temp

[Wed Jun 12 21:00:40 2024]
Finished job 181.
66 of 73 steps (90%) done
Select jobs to execute...

[Wed Jun 12 21:00:40 2024]
rule gen_table:
    input: resources/DE_20_1.0_pv_0.5_90_noinv.nc
    output: results/data/DE/pv/gen_DE_20_1.0_pv_0.5_90_noinv.csv
    jobid: 171
    reason: Missing output files: results/data/DE/pv/gen_DE_20_1.0_pv_0.5_90_noinv.csv
    wildcards: country=DE, contingency=pv, buses=20, transmission_limit=1.0, reductionto=0.5, duration=90, model=noinv
    resources: tmpdir=C:\Users\Jeremy\AppData\Local\Temp

[Wed Jun 12 21:00:41 2024]
Finished job 169.
67 of 73 steps (92%) done
Select jobs to execute...

[Wed Jun 12 21:00:41 2024]
rule gen_table:
    input: resources/DE_20_1.0_wind_0.5_90_noinv.nc
    output: results/data/DE/wind/gen_DE_20_1.0_wind_0.5_90_noinv.csv
    jobid: 177
    reason: Missing output files: results/data/DE/wind/gen_DE_20_1.0_wind_0.5_90_noinv.csv
    wildcards: country=DE, contingency=wind, buses=20, transmission_limit=1.0, reductionto=0.5, duration=90, model=noinv
    resources: tmpdir=C:\Users\Jeremy\AppData\Local\Temp

[Wed Jun 12 21:00:41 2024]
Finished job 172.
68 of 73 steps (93%) done
Select jobs to execute...

[Wed Jun 12 21:00:41 2024]
rule gen_table:
    input: resources/DE_20_1.0_pv_0.5_270_noinv.nc
    output: results/data/DE/pv/gen_DE_20_1.0_pv_0.5_270_noinv.csv
    jobid: 173
    reason: Missing output files: results/data/DE/pv/gen_DE_20_1.0_pv_0.5_270_noinv.csv
    wildcards: country=DE, contingency=pv, buses=20, transmission_limit=1.0, reductionto=0.5, duration=270, model=noinv
    resources: tmpdir=C:\Users\Jeremy\AppData\Local\Temp

[Wed Jun 12 21:00:48 2024]
Finished job 174.
69 of 73 steps (95%) done
[Wed Jun 12 21:00:48 2024]
Finished job 171.
70 of 73 steps (96%) done
[Wed Jun 12 21:00:49 2024]
Finished job 177.
71 of 73 steps (97%) done
[Wed Jun 12 21:00:50 2024]
Finished job 173.
72 of 73 steps (99%) done
Select jobs to execute...

[Wed Jun 12 21:00:50 2024]
localrule all:
    input: results/data/DE/pv/cap_DE_20_1.0_pv_0_90_inv.csv, results/data/DE/pv/cap_DE_20_1.0_pv_0_180_inv.csv, results/data/DE/pv/cap_DE_20_1.0_pv_0_270_inv.csv, results/data/DE/pv/cap_DE_20_1.0_pv_0.25_90_inv.csv, results/data/DE/pv/cap_DE_20_1.0_pv_0.25_180_inv.csv, results/data/DE/pv/cap_DE_20_1.0_pv_0.25_270_inv.csv, results/data/DE/pv/cap_DE_20_1.0_pv_0.5_90_inv.csv, results/data/DE/pv/cap_DE_20_1.0_pv_0.5_180_inv.csv, results/data/DE/pv/cap_DE_20_1.0_pv_0.5_270_inv.csv, results/data/DE/wind/cap_DE_20_1.0_wind_0.25_90_inv.csv, results/data/DE/wind/cap_DE_20_1.0_wind_0.25_180_inv.csv, results/data/DE/wind/cap_DE_20_1.0_wind_0.25_270_inv.csv, results/data/DE/wind/cap_DE_20_1.0_wind_0.5_90_inv.csv, results/data/DE/wind/cap_DE_20_1.0_wind_0.5_180_inv.csv, results/data/DE/wind/cap_DE_20_1.0_wind_0.5_270_inv.csv, results/data/DE/wind/cap_DE_20_1.0_wind_0.75_90_inv.csv, results/data/DE/wind/cap_DE_20_1.0_wind_0.75_180_inv.csv, results/data/DE/wind/cap_DE_20_1.0_wind_0.75_270_inv.csv, results/data/DE/pv/cap_DE_20_1.0_pv_0_90_noinv.csv, results/data/DE/pv/cap_DE_20_1.0_pv_0_180_noinv.csv, results/data/DE/pv/cap_DE_20_1.0_pv_0_270_noinv.csv, results/data/DE/pv/cap_DE_20_1.0_pv_0.25_90_noinv.csv, results/data/DE/pv/cap_DE_20_1.0_pv_0.25_180_noinv.csv, results/data/DE/pv/cap_DE_20_1.0_pv_0.25_270_noinv.csv, results/data/DE/pv/cap_DE_20_1.0_pv_0.5_90_noinv.csv, results/data/DE/pv/cap_DE_20_1.0_pv_0.5_180_noinv.csv, results/data/DE/pv/cap_DE_20_1.0_pv_0.5_270_noinv.csv, results/data/DE/wind/cap_DE_20_1.0_wind_0.25_90_noinv.csv, results/data/DE/wind/cap_DE_20_1.0_wind_0.25_180_noinv.csv, results/data/DE/wind/cap_DE_20_1.0_wind_0.25_270_noinv.csv, results/data/DE/wind/cap_DE_20_1.0_wind_0.5_90_noinv.csv, results/data/DE/wind/cap_DE_20_1.0_wind_0.5_180_noinv.csv, results/data/DE/wind/cap_DE_20_1.0_wind_0.5_270_noinv.csv, results/data/DE/wind/cap_DE_20_1.0_wind_0.75_90_noinv.csv, results/data/DE/wind/cap_DE_20_1.0_wind_0.75_180_noinv.csv, results/data/DE/wind/cap_DE_20_1.0_wind_0.75_270_noinv.csv, results/data/DE/pv/cap_DE_20_1.5_pv_0_90_inv.csv, results/data/DE/pv/cap_DE_20_1.5_pv_0_180_inv.csv, results/data/DE/pv/cap_DE_20_1.5_pv_0_270_inv.csv, results/data/DE/pv/cap_DE_20_1.5_pv_0.25_90_inv.csv, results/data/DE/pv/cap_DE_20_1.5_pv_0.25_180_inv.csv, results/data/DE/pv/cap_DE_20_1.5_pv_0.25_270_inv.csv, results/data/DE/pv/cap_DE_20_1.5_pv_0.5_90_inv.csv, results/data/DE/pv/cap_DE_20_1.5_pv_0.5_180_inv.csv, results/data/DE/pv/cap_DE_20_1.5_pv_0.5_270_inv.csv, results/data/DE/wind/cap_DE_20_1.5_wind_0.25_90_inv.csv, results/data/DE/wind/cap_DE_20_1.5_wind_0.25_180_inv.csv, results/data/DE/wind/cap_DE_20_1.5_wind_0.25_270_inv.csv, results/data/DE/wind/cap_DE_20_1.5_wind_0.5_90_inv.csv, results/data/DE/wind/cap_DE_20_1.5_wind_0.5_180_inv.csv, results/data/DE/wind/cap_DE_20_1.5_wind_0.5_270_inv.csv, results/data/DE/wind/cap_DE_20_1.5_wind_0.75_90_inv.csv, results/data/DE/wind/cap_DE_20_1.5_wind_0.75_180_inv.csv, results/data/DE/wind/cap_DE_20_1.5_wind_0.75_270_inv.csv, results/data/DE/pv/cap_DE_20_1.5_pv_0_90_noinv.csv, results/data/DE/pv/cap_DE_20_1.5_pv_0_180_noinv.csv, results/data/DE/pv/cap_DE_20_1.5_pv_0_270_noinv.csv, results/data/DE/pv/cap_DE_20_1.5_pv_0.25_90_noinv.csv, results/data/DE/pv/cap_DE_20_1.5_pv_0.25_180_noinv.csv, results/data/DE/pv/cap_DE_20_1.5_pv_0.25_270_noinv.csv, results/data/DE/pv/cap_DE_20_1.5_pv_0.5_90_noinv.csv, results/data/DE/pv/cap_DE_20_1.5_pv_0.5_180_noinv.csv, results/data/DE/pv/cap_DE_20_1.5_pv_0.5_270_noinv.csv, results/data/DE/wind/cap_DE_20_1.5_wind_0.25_90_noinv.csv, results/data/DE/wind/cap_DE_20_1.5_wind_0.25_180_noinv.csv, results/data/DE/wind/cap_DE_20_1.5_wind_0.25_270_noinv.csv, results/data/DE/wind/cap_DE_20_1.5_wind_0.5_90_noinv.csv, results/data/DE/wind/cap_DE_20_1.5_wind_0.5_180_noinv.csv, results/data/DE/wind/cap_DE_20_1.5_wind_0.5_270_noinv.csv, results/data/DE/wind/cap_DE_20_1.5_wind_0.75_90_noinv.csv, results/data/DE/wind/cap_DE_20_1.5_wind_0.75_180_noinv.csv, results/data/DE/wind/cap_DE_20_1.5_wind_0.75_270_noinv.csv, results/data/DE/pv/gen_DE_20_1.0_pv_0_90_inv.csv, results/data/DE/pv/gen_DE_20_1.0_pv_0_180_inv.csv, results/data/DE/pv/gen_DE_20_1.0_pv_0_270_inv.csv, results/data/DE/pv/gen_DE_20_1.0_pv_0.25_90_inv.csv, results/data/DE/pv/gen_DE_20_1.0_pv_0.25_180_inv.csv, results/data/DE/pv/gen_DE_20_1.0_pv_0.25_270_inv.csv, results/data/DE/pv/gen_DE_20_1.0_pv_0.5_90_inv.csv, results/data/DE/pv/gen_DE_20_1.0_pv_0.5_180_inv.csv, results/data/DE/pv/gen_DE_20_1.0_pv_0.5_270_inv.csv, results/data/DE/wind/gen_DE_20_1.0_wind_0.25_90_inv.csv, results/data/DE/wind/gen_DE_20_1.0_wind_0.25_180_inv.csv, results/data/DE/wind/gen_DE_20_1.0_wind_0.25_270_inv.csv, results/data/DE/wind/gen_DE_20_1.0_wind_0.5_90_inv.csv, results/data/DE/wind/gen_DE_20_1.0_wind_0.5_180_inv.csv, results/data/DE/wind/gen_DE_20_1.0_wind_0.5_270_inv.csv, results/data/DE/wind/gen_DE_20_1.0_wind_0.75_90_inv.csv, results/data/DE/wind/gen_DE_20_1.0_wind_0.75_180_inv.csv, results/data/DE/wind/gen_DE_20_1.0_wind_0.75_270_inv.csv, results/data/DE/pv/gen_DE_20_1.0_pv_0_90_noinv.csv, results/data/DE/pv/gen_DE_20_1.0_pv_0_180_noinv.csv, results/data/DE/pv/gen_DE_20_1.0_pv_0_270_noinv.csv, results/data/DE/pv/gen_DE_20_1.0_pv_0.25_90_noinv.csv, results/data/DE/pv/gen_DE_20_1.0_pv_0.25_180_noinv.csv, results/data/DE/pv/gen_DE_20_1.0_pv_0.25_270_noinv.csv, results/data/DE/pv/gen_DE_20_1.0_pv_0.5_90_noinv.csv, results/data/DE/pv/gen_DE_20_1.0_pv_0.5_180_noinv.csv, results/data/DE/pv/gen_DE_20_1.0_pv_0.5_270_noinv.csv, results/data/DE/wind/gen_DE_20_1.0_wind_0.25_90_noinv.csv, results/data/DE/wind/gen_DE_20_1.0_wind_0.25_180_noinv.csv, results/data/DE/wind/gen_DE_20_1.0_wind_0.25_270_noinv.csv, results/data/DE/wind/gen_DE_20_1.0_wind_0.5_90_noinv.csv, results/data/DE/wind/gen_DE_20_1.0_wind_0.5_180_noinv.csv, results/data/DE/wind/gen_DE_20_1.0_wind_0.5_270_noinv.csv, results/data/DE/wind/gen_DE_20_1.0_wind_0.75_90_noinv.csv, results/data/DE/wind/gen_DE_20_1.0_wind_0.75_180_noinv.csv, results/data/DE/wind/gen_DE_20_1.0_wind_0.75_270_noinv.csv, results/data/DE/pv/gen_DE_20_1.5_pv_0_90_inv.csv, results/data/DE/pv/gen_DE_20_1.5_pv_0_180_inv.csv, results/data/DE/pv/gen_DE_20_1.5_pv_0_270_inv.csv, results/data/DE/pv/gen_DE_20_1.5_pv_0.25_90_inv.csv, results/data/DE/pv/gen_DE_20_1.5_pv_0.25_180_inv.csv, results/data/DE/pv/gen_DE_20_1.5_pv_0.25_270_inv.csv, results/data/DE/pv/gen_DE_20_1.5_pv_0.5_90_inv.csv, results/data/DE/pv/gen_DE_20_1.5_pv_0.5_180_inv.csv, results/data/DE/pv/gen_DE_20_1.5_pv_0.5_270_inv.csv, results/data/DE/wind/gen_DE_20_1.5_wind_0.25_90_inv.csv, results/data/DE/wind/gen_DE_20_1.5_wind_0.25_180_inv.csv, results/data/DE/wind/gen_DE_20_1.5_wind_0.25_270_inv.csv, results/data/DE/wind/gen_DE_20_1.5_wind_0.5_90_inv.csv, results/data/DE/wind/gen_DE_20_1.5_wind_0.5_180_inv.csv, results/data/DE/wind/gen_DE_20_1.5_wind_0.5_270_inv.csv, results/data/DE/wind/gen_DE_20_1.5_wind_0.75_90_inv.csv, results/data/DE/wind/gen_DE_20_1.5_wind_0.75_180_inv.csv, results/data/DE/wind/gen_DE_20_1.5_wind_0.75_270_inv.csv, results/data/DE/pv/gen_DE_20_1.5_pv_0_90_noinv.csv, results/data/DE/pv/gen_DE_20_1.5_pv_0_180_noinv.csv, results/data/DE/pv/gen_DE_20_1.5_pv_0_270_noinv.csv, results/data/DE/pv/gen_DE_20_1.5_pv_0.25_90_noinv.csv, results/data/DE/pv/gen_DE_20_1.5_pv_0.25_180_noinv.csv, results/data/DE/pv/gen_DE_20_1.5_pv_0.25_270_noinv.csv, results/data/DE/pv/gen_DE_20_1.5_pv_0.5_90_noinv.csv, results/data/DE/pv/gen_DE_20_1.5_pv_0.5_180_noinv.csv, results/data/DE/pv/gen_DE_20_1.5_pv_0.5_270_noinv.csv, results/data/DE/wind/gen_DE_20_1.5_wind_0.25_90_noinv.csv, results/data/DE/wind/gen_DE_20_1.5_wind_0.25_180_noinv.csv, results/data/DE/wind/gen_DE_20_1.5_wind_0.25_270_noinv.csv, results/data/DE/wind/gen_DE_20_1.5_wind_0.5_90_noinv.csv, results/data/DE/wind/gen_DE_20_1.5_wind_0.5_180_noinv.csv, results/data/DE/wind/gen_DE_20_1.5_wind_0.5_270_noinv.csv, results/data/DE/wind/gen_DE_20_1.5_wind_0.75_90_noinv.csv, results/data/DE/wind/gen_DE_20_1.5_wind_0.75_180_noinv.csv, results/data/DE/wind/gen_DE_20_1.5_wind_0.75_270_noinv.csv
    jobid: 0
    reason: Input files updated by another job: results/data/DE/wind/gen_DE_20_1.0_wind_0.5_90_noinv.csv, results/data/DE/wind/gen_DE_20_1.5_wind_0.75_270_noinv.csv, results/data/DE/wind/gen_DE_20_1.5_wind_0.25_270_inv.csv, results/data/DE/wind/gen_DE_20_1.0_wind_0.25_90_inv.csv, results/data/DE/pv/gen_DE_20_1.5_pv_0.25_180_noinv.csv, results/data/DE/pv/gen_DE_20_1.0_pv_0_90_noinv.csv, results/data/DE/wind/gen_DE_20_1.5_wind_0.5_270_inv.csv, results/data/DE/pv/gen_DE_20_1.5_pv_0.25_180_inv.csv, results/data/DE/wind/gen_DE_20_1.5_wind_0.25_180_noinv.csv, results/data/DE/wind/gen_DE_20_1.5_wind_0.75_180_noinv.csv, results/data/DE/pv/gen_DE_20_1.0_pv_0.5_180_inv.csv, results/data/DE/wind/gen_DE_20_1.0_wind_0.75_90_noinv.csv, results/data/DE/pv/gen_DE_20_1.5_pv_0.25_90_inv.csv, results/data/DE/pv/gen_DE_20_1.5_pv_0.5_90_noinv.csv, results/data/DE/wind/gen_DE_20_1.0_wind_0.5_180_inv.csv, results/data/DE/wind/gen_DE_20_1.0_wind_0.75_90_inv.csv, results/data/DE/wind/gen_DE_20_1.0_wind_0.5_90_inv.csv, results/data/DE/pv/gen_DE_20_1.0_pv_0.5_270_inv.csv, results/data/DE/wind/gen_DE_20_1.0_wind_0.5_270_inv.csv, results/data/DE/wind/gen_DE_20_1.5_wind_0.75_270_inv.csv, results/data/DE/pv/gen_DE_20_1.5_pv_0.5_180_noinv.csv, results/data/DE/wind/gen_DE_20_1.0_wind_0.25_90_noinv.csv, results/data/DE/wind/gen_DE_20_1.0_wind_0.5_270_noinv.csv, results/data/DE/wind/gen_DE_20_1.0_wind_0.75_180_inv.csv, results/data/DE/wind/gen_DE_20_1.5_wind_0.75_90_noinv.csv, results/data/DE/pv/gen_DE_20_1.0_pv_0.25_270_noinv.csv, results/data/DE/pv/gen_DE_20_1.5_pv_0_180_inv.csv, results/data/DE/pv/gen_DE_20_1.0_pv_0_90_inv.csv, results/data/DE/pv/gen_DE_20_1.0_pv_0.5_270_noinv.csv, results/data/DE/wind/gen_DE_20_1.0_wind_0.75_180_noinv.csv, results/data/DE/pv/gen_DE_20_1.0_pv_0.25_90_noinv.csv, results/data/DE/pv/gen_DE_20_1.5_pv_0.5_270_inv.csv, results/data/DE/pv/gen_DE_20_1.0_pv_0_180_noinv.csv, results/data/DE/pv/gen_DE_20_1.5_pv_0_90_inv.csv, results/data/DE/wind/gen_DE_20_1.5_wind_0.25_180_inv.csv, results/data/DE/pv/gen_DE_20_1.5_pv_0.25_90_noinv.csv, results/data/DE/pv/gen_DE_20_1.0_pv_0_180_inv.csv, results/data/DE/pv/gen_DE_20_1.0_pv_0.25_90_inv.csv, results/data/DE/pv/gen_DE_20_1.5_pv_0.5_180_inv.csv, results/data/DE/pv/gen_DE_20_1.0_pv_0_270_inv.csv, results/data/DE/pv/gen_DE_20_1.0_pv_0.5_90_noinv.csv, results/data/DE/pv/gen_DE_20_1.0_pv_0_270_noinv.csv, results/data/DE/wind/gen_DE_20_1.5_wind_0.5_90_inv.csv, results/data/DE/pv/gen_DE_20_1.5_pv_0.5_270_noinv.csv, results/data/DE/pv/gen_DE_20_1.0_pv_0.5_180_noinv.csv, results/data/DE/wind/gen_DE_20_1.0_wind_0.75_270_noinv.csv, results/data/DE/wind/gen_DE_20_1.5_wind_0.5_270_noinv.csv, results/data/DE/wind/gen_DE_20_1.5_wind_0.25_270_noinv.csv, results/data/DE/pv/gen_DE_20_1.5_pv_0_180_noinv.csv, results/data/DE/pv/gen_DE_20_1.5_pv_0.5_90_inv.csv, results/data/DE/pv/gen_DE_20_1.5_pv_0_270_inv.csv, results/data/DE/wind/gen_DE_20_1.5_wind_0.5_180_inv.csv, results/data/DE/pv/gen_DE_20_1.0_pv_0.25_180_inv.csv, results/data/DE/pv/gen_DE_20_1.0_pv_0.25_270_inv.csv, results/data/DE/pv/gen_DE_20_1.0_pv_0.25_180_noinv.csv, results/data/DE/wind/gen_DE_20_1.5_wind_0.25_90_inv.csv, results/data/DE/wind/gen_DE_20_1.5_wind_0.75_90_inv.csv, results/data/DE/pv/gen_DE_20_1.5_pv_0_270_noinv.csv, results/data/DE/pv/gen_DE_20_1.0_pv_0.5_90_inv.csv, results/data/DE/pv/gen_DE_20_1.5_pv_0_90_noinv.csv, results/data/DE/wind/gen_DE_20_1.5_wind_0.25_90_noinv.csv, results/data/DE/pv/gen_DE_20_1.5_pv_0.25_270_inv.csv, results/data/DE/wind/gen_DE_20_1.0_wind_0.25_180_inv.csv, results/data/DE/pv/gen_DE_20_1.5_pv_0.25_270_noinv.csv, results/data/DE/wind/gen_DE_20_1.0_wind_0.25_270_noinv.csv, results/data/DE/wind/gen_DE_20_1.5_wind_0.75_180_inv.csv, results/data/DE/wind/gen_DE_20_1.0_wind_0.25_180_noinv.csv, results/data/DE/wind/gen_DE_20_1.0_wind_0.75_270_inv.csv, results/data/DE/wind/gen_DE_20_1.0_wind_0.5_180_noinv.csv, results/data/DE/wind/gen_DE_20_1.0_wind_0.25_270_inv.csv, results/data/DE/wind/gen_DE_20_1.5_wind_0.5_180_noinv.csv, results/data/DE/wind/gen_DE_20_1.5_wind_0.5_90_noinv.csv
    resources: tmpdir=C:\Users\Jeremy\AppData\Local\Temp

[Wed Jun 12 21:00:50 2024]
Finished job 0.
73 of 73 steps (100%) done
Complete log: .snakemake\log\2024-06-12T205813.932487.snakemake.log
