Building DAG of jobs...
Provided cores: 3
Rules claiming more threads will be scaled down.
Job stats:
job              count
-------------  -------
all                  1
dynamic_solve       34
total               35

Select jobs to execute...

[Sat Jun  8 16:51:43 2024]
rule dynamic_solve:
    input: resources/DE_20_1.5_base_solved.nc
    output: resources/DE_20_1.5_pv_0_180_inv.nc, results/DE_20_1.5_pv_0_180_invroll.nc
    jobid: 28
    reason: Missing output files: results/DE_20_1.5_pv_0_180_invroll.nc; Code has changed since last execution
    wildcards: country=DE, buses=20, transmission_limit=1.5, contingency=pv, reductionto=0, duration=180, model=inv
    resources: tmpdir=C:\Users\Jeremy\AppData\Local\Temp

[Sat Jun  8 16:51:43 2024]
rule dynamic_solve:
    input: resources/DE_20_1.5_base_solved.nc
    output: resources/DE_20_1.5_pv_0_90_inv.nc, results/DE_20_1.5_pv_0_90_invroll.nc
    jobid: 27
    reason: Missing output files: results/DE_20_1.5_pv_0_90_invroll.nc
    wildcards: country=DE, buses=20, transmission_limit=1.5, contingency=pv, reductionto=0, duration=90, model=inv
    resources: tmpdir=C:\Users\Jeremy\AppData\Local\Temp


[Sat Jun  8 16:51:43 2024]
rule dynamic_solve:
    input: resources/DE_20_1.5_base_solved.nc
    output: resources/DE_20_1.5_pv_0.5_180_inv.nc, results/DE_20_1.5_pv_0.5_180_invroll.nc
    jobid: 22
    reason: Missing output files: results/DE_20_1.5_pv_0.5_180_invroll.nc
    wildcards: country=DE, buses=20, transmission_limit=1.5, contingency=pv, reductionto=0.5, duration=180, model=inv
    resources: tmpdir=C:\Users\Jeremy\AppData\Local\Temp

[Sat Jun  8 16:52:06 2024]
Finished job 27.
1 of 35 steps (3%) done
Select jobs to execute...

[Sat Jun  8 16:52:06 2024]
rule dynamic_solve:
    input: resources/DE_20_1.5_base_solved.nc
    output: resources/DE_20_1.5_pv_0_180_noinv.nc, results/DE_20_1.5_pv_0_180_noinvroll.nc
    jobid: 37
    reason: Missing output files: results/DE_20_1.5_pv_0_180_noinvroll.nc; Code has changed since last execution
    wildcards: country=DE, buses=20, transmission_limit=1.5, contingency=pv, reductionto=0, duration=180, model=noinv
    resources: tmpdir=C:\Users\Jeremy\AppData\Local\Temp

[Sat Jun  8 16:52:06 2024]
Finished job 22.
2 of 35 steps (6%) done
Select jobs to execute...

[Sat Jun  8 16:52:06 2024]
rule dynamic_solve:
    input: resources/DE_20_1.5_base_solved.nc
    output: resources/DE_20_1.5_pv_0_270_inv.nc, results/DE_20_1.5_pv_0_270_invroll.nc
    jobid: 29
    reason: Missing output files: results/DE_20_1.5_pv_0_270_invroll.nc; Code has changed since last execution
    wildcards: country=DE, buses=20, transmission_limit=1.5, contingency=pv, reductionto=0, duration=270, model=inv
    resources: tmpdir=C:\Users\Jeremy\AppData\Local\Temp

[Sat Jun  8 16:52:06 2024]
Finished job 28.
3 of 35 steps (9%) done
Select jobs to execute...

[Sat Jun  8 16:52:06 2024]
rule dynamic_solve:
    input: resources/DE_20_1.5_base_solved.nc
    output: resources/DE_20_1.5_pv_0.5_270_inv.nc, results/DE_20_1.5_pv_0.5_270_invroll.nc
    jobid: 23
    reason: Missing output files: results/DE_20_1.5_pv_0.5_270_invroll.nc; Code has changed since last execution
    wildcards: country=DE, buses=20, transmission_limit=1.5, contingency=pv, reductionto=0.5, duration=270, model=inv
    resources: tmpdir=C:\Users\Jeremy\AppData\Local\Temp

[Sat Jun  8 16:52:28 2024]
Finished job 37.
4 of 35 steps (11%) done
Select jobs to execute...

[Sat Jun  8 16:52:28 2024]
rule dynamic_solve:
    input: resources/DE_20_1.5_base_solved.nc
    output: resources/DE_20_1.5_pv_0_270_noinv.nc, results/DE_20_1.5_pv_0_270_noinvroll.nc
    jobid: 38
    reason: Missing output files: results/DE_20_1.5_pv_0_270_noinvroll.nc; Code has changed since last execution
    wildcards: country=DE, buses=20, transmission_limit=1.5, contingency=pv, reductionto=0, duration=270, model=noinv
    resources: tmpdir=C:\Users\Jeremy\AppData\Local\Temp

[Sat Jun  8 16:52:28 2024]
Finished job 29.
5 of 35 steps (14%) done
Select jobs to execute...

[Sat Jun  8 16:52:28 2024]
rule dynamic_solve:
    input: resources/DE_20_1.5_base_solved.nc
    output: resources/DE_20_1.5_pv_0.5_90_noinv.nc, results/DE_20_1.5_pv_0.5_90_noinvroll.nc
    jobid: 30
    reason: Missing output files: results/DE_20_1.5_pv_0.5_90_noinvroll.nc; Code has changed since last execution
    wildcards: country=DE, buses=20, transmission_limit=1.5, contingency=pv, reductionto=0.5, duration=90, model=noinv
    resources: tmpdir=C:\Users\Jeremy\AppData\Local\Temp

[Sat Jun  8 16:52:28 2024]
Finished job 23.
6 of 35 steps (17%) done
Select jobs to execute...

[Sat Jun  8 16:52:28 2024]
rule dynamic_solve:
    input: resources/DE_20_1.5_base_solved.nc
    output: resources/DE_20_1.5_pv_0.25_90_inv.nc, results/DE_20_1.5_pv_0.25_90_invroll.nc
    jobid: 24
    reason: Missing output files: results/DE_20_1.5_pv_0.25_90_invroll.nc; Code has changed since last execution
    wildcards: country=DE, buses=20, transmission_limit=1.5, contingency=pv, reductionto=0.25, duration=90, model=inv
    resources: tmpdir=C:\Users\Jeremy\AppData\Local\Temp

[Sat Jun  8 16:52:51 2024]
Finished job 24.
7 of 35 steps (20%) done
Select jobs to execute...

[Sat Jun  8 16:52:51 2024]
rule dynamic_solve:
    input: resources/DE_20_1.5_base_solved.nc
    output: resources/DE_20_1.5_pv_0.5_180_noinv.nc, results/DE_20_1.5_pv_0.5_180_noinvroll.nc
    jobid: 31
    reason: Missing output files: results/DE_20_1.5_pv_0.5_180_noinvroll.nc; Code has changed since last execution
    wildcards: country=DE, buses=20, transmission_limit=1.5, contingency=pv, reductionto=0.5, duration=180, model=noinv
    resources: tmpdir=C:\Users\Jeremy\AppData\Local\Temp

[Sat Jun  8 16:52:51 2024]
Finished job 38.
8 of 35 steps (23%) done
Select jobs to execute...

[Sat Jun  8 16:52:51 2024]
rule dynamic_solve:
    input: resources/DE_20_1.5_base_solved.nc
    output: resources/DE_20_1.5_pv_0.25_180_inv.nc, results/DE_20_1.5_pv_0.25_180_invroll.nc
    jobid: 25
    reason: Missing output files: results/DE_20_1.5_pv_0.25_180_invroll.nc; Code has changed since last execution
    wildcards: country=DE, buses=20, transmission_limit=1.5, contingency=pv, reductionto=0.25, duration=180, model=inv
    resources: tmpdir=C:\Users\Jeremy\AppData\Local\Temp

[Sat Jun  8 16:52:51 2024]
Finished job 30.
9 of 35 steps (26%) done
Select jobs to execute...

[Sat Jun  8 16:52:51 2024]
rule dynamic_solve:
    input: resources/DE_20_1.5_base_solved.nc
    output: resources/DE_20_1.5_pv_0.25_90_noinv.nc, results/DE_20_1.5_pv_0.25_90_noinvroll.nc
    jobid: 33
    reason: Missing output files: results/DE_20_1.5_pv_0.25_90_noinvroll.nc; Code has changed since last execution
    wildcards: country=DE, buses=20, transmission_limit=1.5, contingency=pv, reductionto=0.25, duration=90, model=noinv
    resources: tmpdir=C:\Users\Jeremy\AppData\Local\Temp

[Sat Jun  8 16:53:13 2024]
Finished job 25.
10 of 35 steps (29%) done
Select jobs to execute...

[Sat Jun  8 16:53:13 2024]
rule dynamic_solve:
    input: resources/DE_20_1.5_base_solved.nc
    output: resources/DE_20_1.5_pv_0.25_270_inv.nc, results/DE_20_1.5_pv_0.25_270_invroll.nc
    jobid: 26
    reason: Missing output files: results/DE_20_1.5_pv_0.25_270_invroll.nc; Code has changed since last execution
    wildcards: country=DE, buses=20, transmission_limit=1.5, contingency=pv, reductionto=0.25, duration=270, model=inv
    resources: tmpdir=C:\Users\Jeremy\AppData\Local\Temp

[Sat Jun  8 16:53:14 2024]
Finished job 31.
11 of 35 steps (31%) done
Select jobs to execute...

[Sat Jun  8 16:53:14 2024]
rule dynamic_solve:
    input: resources/DE_20_1.5_base_solved.nc
    output: resources/DE_20_1.5_pv_0.25_180_noinv.nc, results/DE_20_1.5_pv_0.25_180_noinvroll.nc
    jobid: 34
    reason: Missing output files: results/DE_20_1.5_pv_0.25_180_noinvroll.nc; Code has changed since last execution
    wildcards: country=DE, buses=20, transmission_limit=1.5, contingency=pv, reductionto=0.25, duration=180, model=noinv
    resources: tmpdir=C:\Users\Jeremy\AppData\Local\Temp

[Sat Jun  8 16:53:14 2024]
Finished job 33.
12 of 35 steps (34%) done
Select jobs to execute...

[Sat Jun  8 16:53:14 2024]
rule dynamic_solve:
    input: resources/DE_20_1.5_base_solved.nc
    output: resources/DE_20_1.5_pv_0.5_270_noinv.nc, results/DE_20_1.5_pv_0.5_270_noinvroll.nc
    jobid: 32
    reason: Missing output files: results/DE_20_1.5_pv_0.5_270_noinvroll.nc; Code has changed since last execution
    wildcards: country=DE, buses=20, transmission_limit=1.5, contingency=pv, reductionto=0.5, duration=270, model=noinv
    resources: tmpdir=C:\Users\Jeremy\AppData\Local\Temp

[Sat Jun  8 16:53:36 2024]
Finished job 26.
13 of 35 steps (37%) done
Select jobs to execute...

[Sat Jun  8 16:53:36 2024]
rule dynamic_solve:
    input: resources/DE_20_1.5_base_solved.nc
    output: resources/DE_20_1.5_pv_0.5_90_inv.nc, results/DE_20_1.5_pv_0.5_90_invroll.nc
    jobid: 20
    reason: Missing output files: results/DE_20_1.5_pv_0.5_90_invroll.nc; Code has changed since last execution
    wildcards: country=DE, buses=20, transmission_limit=1.5, contingency=pv, reductionto=0.5, duration=90, model=inv
    resources: tmpdir=C:\Users\Jeremy\AppData\Local\Temp

[Sat Jun  8 16:53:36 2024]
Finished job 34.
14 of 35 steps (40%) done
Select jobs to execute...

[Sat Jun  8 16:53:36 2024]
rule dynamic_solve:
    input: resources/DE_20_1.0_base_solved.nc
    output: resources/DE_20_1.0_pv_0.25_90_inv.nc, results/DE_20_1.0_pv_0.25_90_invroll.nc
    jobid: 5
    reason: Missing output files: results/DE_20_1.0_pv_0.25_90_invroll.nc; Code has changed since last execution
    wildcards: country=DE, buses=20, transmission_limit=1.0, contingency=pv, reductionto=0.25, duration=90, model=inv
    resources: tmpdir=C:\Users\Jeremy\AppData\Local\Temp

[Sat Jun  8 16:53:36 2024]
Finished job 32.
15 of 35 steps (43%) done
Select jobs to execute...

[Sat Jun  8 16:53:36 2024]
rule dynamic_solve:
    input: resources/DE_20_1.0_base_solved.nc
    output: resources/DE_20_1.0_pv_0.25_180_noinv.nc, results/DE_20_1.0_pv_0.25_180_noinvroll.nc
    jobid: 15
    reason: Missing output files: results/DE_20_1.0_pv_0.25_180_noinvroll.nc; Code has changed since last execution
    wildcards: country=DE, buses=20, transmission_limit=1.0, contingency=pv, reductionto=0.25, duration=180, model=noinv
    resources: tmpdir=C:\Users\Jeremy\AppData\Local\Temp

[Sat Jun  8 16:53:59 2024]
Finished job 20.
16 of 35 steps (46%) done
Select jobs to execute...

[Sat Jun  8 16:53:59 2024]
rule dynamic_solve:
    input: resources/DE_20_1.0_base_solved.nc
    output: resources/DE_20_1.0_pv_0.25_270_inv.nc, results/DE_20_1.0_pv_0.25_270_invroll.nc
    jobid: 7
    reason: Missing output files: results/DE_20_1.0_pv_0.25_270_invroll.nc; Code has changed since last execution
    wildcards: country=DE, buses=20, transmission_limit=1.0, contingency=pv, reductionto=0.25, duration=270, model=inv
    resources: tmpdir=C:\Users\Jeremy\AppData\Local\Temp

[Sat Jun  8 16:53:59 2024]
Finished job 5.
17 of 35 steps (49%) done
Select jobs to execute...

[Sat Jun  8 16:53:59 2024]
rule dynamic_solve:
    input: resources/DE_20_1.0_base_solved.nc
    output: resources/DE_20_1.0_pv_0.5_90_inv.nc, results/DE_20_1.0_pv_0.5_90_invroll.nc
    jobid: 1
    reason: Missing output files: results/DE_20_1.0_pv_0.5_90_invroll.nc; Code has changed since last execution
    wildcards: country=DE, buses=20, transmission_limit=1.0, contingency=pv, reductionto=0.5, duration=90, model=inv
    resources: tmpdir=C:\Users\Jeremy\AppData\Local\Temp

[Sat Jun  8 16:53:59 2024]
Finished job 15.
18 of 35 steps (51%) done
Select jobs to execute...

[Sat Jun  8 16:53:59 2024]
rule dynamic_solve:
    input: resources/DE_20_1.0_base_solved.nc
    output: resources/DE_20_1.0_pv_0_90_noinv.nc, results/DE_20_1.0_pv_0_90_noinvroll.nc
    jobid: 17
    reason: Missing output files: results/DE_20_1.0_pv_0_90_noinvroll.nc; Code has changed since last execution
    wildcards: country=DE, buses=20, transmission_limit=1.0, contingency=pv, reductionto=0, duration=90, model=noinv
    resources: tmpdir=C:\Users\Jeremy\AppData\Local\Temp

[Sat Jun  8 16:54:21 2024]
Finished job 1.
19 of 35 steps (54%) done
Select jobs to execute...

[Sat Jun  8 16:54:21 2024]
rule dynamic_solve:
    input: resources/DE_20_1.0_base_solved.nc
    output: resources/DE_20_1.0_pv_0_270_noinv.nc, results/DE_20_1.0_pv_0_270_noinvroll.nc
    jobid: 19
    reason: Missing output files: results/DE_20_1.0_pv_0_270_noinvroll.nc; Code has changed since last execution
    wildcards: country=DE, buses=20, transmission_limit=1.0, contingency=pv, reductionto=0, duration=270, model=noinv
    resources: tmpdir=C:\Users\Jeremy\AppData\Local\Temp

[Sat Jun  8 16:54:21 2024]
Finished job 7.
20 of 35 steps (57%) done
Select jobs to execute...

[Sat Jun  8 16:54:21 2024]
rule dynamic_solve:
    input: resources/DE_20_1.0_base_solved.nc
    output: resources/DE_20_1.0_pv_0_180_noinv.nc, results/DE_20_1.0_pv_0_180_noinvroll.nc
    jobid: 18
    reason: Missing output files: results/DE_20_1.0_pv_0_180_noinvroll.nc; Code has changed since last execution
    wildcards: country=DE, buses=20, transmission_limit=1.0, contingency=pv, reductionto=0, duration=180, model=noinv
    resources: tmpdir=C:\Users\Jeremy\AppData\Local\Temp

[Sat Jun  8 16:54:22 2024]
Finished job 17.
21 of 35 steps (60%) done
Select jobs to execute...

[Sat Jun  8 16:54:22 2024]
rule dynamic_solve:
    input: resources/DE_20_1.0_base_solved.nc
    output: resources/DE_20_1.0_pv_0_90_inv.nc, results/DE_20_1.0_pv_0_90_invroll.nc
    jobid: 8
    reason: Missing output files: results/DE_20_1.0_pv_0_90_invroll.nc; Code has changed since last execution
    wildcards: country=DE, buses=20, transmission_limit=1.0, contingency=pv, reductionto=0, duration=90, model=inv
    resources: tmpdir=C:\Users\Jeremy\AppData\Local\Temp

[Sat Jun  8 16:54:44 2024]
Finished job 19.
22 of 35 steps (63%) done
Select jobs to execute...

[Sat Jun  8 16:54:44 2024]
rule dynamic_solve:
    input: resources/DE_20_1.0_base_solved.nc
    output: resources/DE_20_1.0_pv_0.5_270_inv.nc, results/DE_20_1.0_pv_0.5_270_invroll.nc
    jobid: 4
    reason: Missing output files: results/DE_20_1.0_pv_0.5_270_invroll.nc; Code has changed since last execution
    wildcards: country=DE, buses=20, transmission_limit=1.0, contingency=pv, reductionto=0.5, duration=270, model=inv
    resources: tmpdir=C:\Users\Jeremy\AppData\Local\Temp

[Sat Jun  8 16:54:44 2024]
Finished job 18.
23 of 35 steps (66%) done
Select jobs to execute...

[Sat Jun  8 16:54:44 2024]
rule dynamic_solve:
    input: resources/DE_20_1.0_base_solved.nc
    output: resources/DE_20_1.0_pv_0_270_inv.nc, results/DE_20_1.0_pv_0_270_invroll.nc
    jobid: 10
    reason: Missing output files: results/DE_20_1.0_pv_0_270_invroll.nc; Code has changed since last execution
    wildcards: country=DE, buses=20, transmission_limit=1.0, contingency=pv, reductionto=0, duration=270, model=inv
    resources: tmpdir=C:\Users\Jeremy\AppData\Local\Temp

[Sat Jun  8 16:54:44 2024]
Finished job 8.
24 of 35 steps (69%) done
Select jobs to execute...

[Sat Jun  8 16:54:44 2024]
rule dynamic_solve:
    input: resources/DE_20_1.0_base_solved.nc
    output: resources/DE_20_1.0_pv_0.5_180_noinv.nc, results/DE_20_1.0_pv_0.5_180_noinvroll.nc
    jobid: 12
    reason: Missing output files: results/DE_20_1.0_pv_0.5_180_noinvroll.nc; Code has changed since last execution
    wildcards: country=DE, buses=20, transmission_limit=1.0, contingency=pv, reductionto=0.5, duration=180, model=noinv
    resources: tmpdir=C:\Users\Jeremy\AppData\Local\Temp

[Sat Jun  8 16:55:06 2024]
Finished job 4.
25 of 35 steps (71%) done
Select jobs to execute...

[Sat Jun  8 16:55:06 2024]
rule dynamic_solve:
    input: resources/DE_20_1.0_base_solved.nc
    output: resources/DE_20_1.0_pv_0.5_270_noinv.nc, results/DE_20_1.0_pv_0.5_270_noinvroll.nc
    jobid: 13
    reason: Missing output files: results/DE_20_1.0_pv_0.5_270_noinvroll.nc; Code has changed since last execution
    wildcards: country=DE, buses=20, transmission_limit=1.0, contingency=pv, reductionto=0.5, duration=270, model=noinv
    resources: tmpdir=C:\Users\Jeremy\AppData\Local\Temp

[Sat Jun  8 16:55:06 2024]
Finished job 10.
26 of 35 steps (74%) done
Select jobs to execute...

[Sat Jun  8 16:55:06 2024]
rule dynamic_solve:
    input: resources/DE_20_1.0_base_solved.nc
    output: resources/DE_20_1.0_pv_0.25_270_noinv.nc, results/DE_20_1.0_pv_0.25_270_noinvroll.nc
    jobid: 16
    reason: Missing output files: results/DE_20_1.0_pv_0.25_270_noinvroll.nc; Code has changed since last execution
    wildcards: country=DE, buses=20, transmission_limit=1.0, contingency=pv, reductionto=0.25, duration=270, model=noinv
    resources: tmpdir=C:\Users\Jeremy\AppData\Local\Temp

[Sat Jun  8 16:55:07 2024]
Finished job 12.
27 of 35 steps (77%) done
Select jobs to execute...

[Sat Jun  8 16:55:07 2024]
rule dynamic_solve:
    input: resources/DE_20_1.0_base_solved.nc
    output: resources/DE_20_1.0_pv_0.25_180_inv.nc, results/DE_20_1.0_pv_0.25_180_invroll.nc
    jobid: 6
    reason: Missing output files: results/DE_20_1.0_pv_0.25_180_invroll.nc; Code has changed since last execution
    wildcards: country=DE, buses=20, transmission_limit=1.0, contingency=pv, reductionto=0.25, duration=180, model=inv
    resources: tmpdir=C:\Users\Jeremy\AppData\Local\Temp

[Sat Jun  8 16:55:29 2024]
Finished job 16.
28 of 35 steps (80%) done
Select jobs to execute...

[Sat Jun  8 16:55:29 2024]
rule dynamic_solve:
    input: resources/DE_20_1.0_base_solved.nc
    output: resources/DE_20_1.0_pv_0.5_180_inv.nc, results/DE_20_1.0_pv_0.5_180_invroll.nc
    jobid: 3
    reason: Missing output files: results/DE_20_1.0_pv_0.5_180_invroll.nc; Code has changed since last execution
    wildcards: country=DE, buses=20, transmission_limit=1.0, contingency=pv, reductionto=0.5, duration=180, model=inv
    resources: tmpdir=C:\Users\Jeremy\AppData\Local\Temp

[Sat Jun  8 16:55:29 2024]
Finished job 13.
29 of 35 steps (83%) done
Select jobs to execute...

[Sat Jun  8 16:55:29 2024]
rule dynamic_solve:
    input: resources/DE_20_1.0_base_solved.nc
    output: resources/DE_20_1.0_pv_0.5_90_noinv.nc, results/DE_20_1.0_pv_0.5_90_noinvroll.nc
    jobid: 11
    reason: Missing output files: results/DE_20_1.0_pv_0.5_90_noinvroll.nc; Code has changed since last execution
    wildcards: country=DE, buses=20, transmission_limit=1.0, contingency=pv, reductionto=0.5, duration=90, model=noinv
    resources: tmpdir=C:\Users\Jeremy\AppData\Local\Temp

[Sat Jun  8 16:55:29 2024]
Finished job 6.
30 of 35 steps (86%) done
Select jobs to execute...

[Sat Jun  8 16:55:29 2024]
rule dynamic_solve:
    input: resources/DE_20_1.0_base_solved.nc
    output: resources/DE_20_1.0_pv_0.25_90_noinv.nc, results/DE_20_1.0_pv_0.25_90_noinvroll.nc
    jobid: 14
    reason: Missing output files: results/DE_20_1.0_pv_0.25_90_noinvroll.nc; Code has changed since last execution
    wildcards: country=DE, buses=20, transmission_limit=1.0, contingency=pv, reductionto=0.25, duration=90, model=noinv
    resources: tmpdir=C:\Users\Jeremy\AppData\Local\Temp

[Sat Jun  8 16:55:51 2024]
Finished job 3.
31 of 35 steps (89%) done
Select jobs to execute...

[Sat Jun  8 16:55:51 2024]
rule dynamic_solve:
    input: resources/DE_20_1.0_base_solved.nc
    output: resources/DE_20_1.0_pv_0_180_inv.nc, results/DE_20_1.0_pv_0_180_invroll.nc
    jobid: 9
    reason: Missing output files: results/DE_20_1.0_pv_0_180_invroll.nc; Code has changed since last execution
    wildcards: country=DE, buses=20, transmission_limit=1.0, contingency=pv, reductionto=0, duration=180, model=inv
    resources: tmpdir=C:\Users\Jeremy\AppData\Local\Temp

[Sat Jun  8 16:55:52 2024]
Finished job 11.
32 of 35 steps (91%) done
[Sat Jun  8 16:55:52 2024]
Finished job 14.
33 of 35 steps (94%) done
[Sat Jun  8 16:56:13 2024]
Finished job 9.
34 of 35 steps (97%) done
Select jobs to execute...

[Sat Jun  8 16:56:13 2024]
localrule all:
    input: results/DE_20_1.0_pv_0.5_90_invroll.nc, results/DE_20_1.0_pv_0.5_180_invroll.nc, results/DE_20_1.0_pv_0.5_270_invroll.nc, results/DE_20_1.0_pv_0.25_90_invroll.nc, results/DE_20_1.0_pv_0.25_180_invroll.nc, results/DE_20_1.0_pv_0.25_270_invroll.nc, results/DE_20_1.0_pv_0_90_invroll.nc, results/DE_20_1.0_pv_0_180_invroll.nc, results/DE_20_1.0_pv_0_270_invroll.nc, results/DE_20_1.0_pv_0.5_90_noinvroll.nc, results/DE_20_1.0_pv_0.5_180_noinvroll.nc, results/DE_20_1.0_pv_0.5_270_noinvroll.nc, results/DE_20_1.0_pv_0.25_90_noinvroll.nc, results/DE_20_1.0_pv_0.25_180_noinvroll.nc, results/DE_20_1.0_pv_0.25_270_noinvroll.nc, results/DE_20_1.0_pv_0_90_noinvroll.nc, results/DE_20_1.0_pv_0_180_noinvroll.nc, results/DE_20_1.0_pv_0_270_noinvroll.nc, results/DE_20_1.5_pv_0.5_90_invroll.nc, results/DE_20_1.5_pv_0.5_180_invroll.nc, results/DE_20_1.5_pv_0.5_270_invroll.nc, results/DE_20_1.5_pv_0.25_90_invroll.nc, results/DE_20_1.5_pv_0.25_180_invroll.nc, results/DE_20_1.5_pv_0.25_270_invroll.nc, results/DE_20_1.5_pv_0_90_invroll.nc, results/DE_20_1.5_pv_0_180_invroll.nc, results/DE_20_1.5_pv_0_270_invroll.nc, results/DE_20_1.5_pv_0.5_90_noinvroll.nc, results/DE_20_1.5_pv_0.5_180_noinvroll.nc, results/DE_20_1.5_pv_0.5_270_noinvroll.nc, results/DE_20_1.5_pv_0.25_90_noinvroll.nc, results/DE_20_1.5_pv_0.25_180_noinvroll.nc, results/DE_20_1.5_pv_0.25_270_noinvroll.nc, results/DE_20_1.5_pv_0_90_noinvroll.nc, results/DE_20_1.5_pv_0_180_noinvroll.nc, results/DE_20_1.5_pv_0_270_noinvroll.nc
    jobid: 0
    reason: Input files updated by another job: results/DE_20_1.5_pv_0.25_270_invroll.nc, results/DE_20_1.0_pv_0_180_noinvroll.nc, results/DE_20_1.0_pv_0.25_270_noinvroll.nc, results/DE_20_1.0_pv_0.25_90_invroll.nc, results/DE_20_1.0_pv_0.5_180_noinvroll.nc, results/DE_20_1.0_pv_0.25_90_noinvroll.nc, results/DE_20_1.5_pv_0.5_180_noinvroll.nc, results/DE_20_1.0_pv_0.5_270_invroll.nc, results/DE_20_1.0_pv_0.25_180_invroll.nc, results/DE_20_1.0_pv_0.5_180_invroll.nc, results/DE_20_1.0_pv_0_180_invroll.nc, results/DE_20_1.5_pv_0_90_invroll.nc, results/DE_20_1.0_pv_0.5_270_noinvroll.nc, results/DE_20_1.5_pv_0.25_90_noinvroll.nc, results/DE_20_1.5_pv_0.5_270_noinvroll.nc, results/DE_20_1.5_pv_0_180_noinvroll.nc, results/DE_20_1.0_pv_0_90_noinvroll.nc, results/DE_20_1.5_pv_0.25_180_noinvroll.nc, results/DE_20_1.5_pv_0_270_invroll.nc, results/DE_20_1.5_pv_0.5_90_noinvroll.nc, results/DE_20_1.0_pv_0.5_90_invroll.nc, results/DE_20_1.0_pv_0.25_180_noinvroll.nc, results/DE_20_1.0_pv_0_270_noinvroll.nc, results/DE_20_1.0_pv_0.5_90_noinvroll.nc, results/DE_20_1.5_pv_0.5_270_invroll.nc, results/DE_20_1.5_pv_0.5_90_invroll.nc, results/DE_20_1.5_pv_0_270_noinvroll.nc, results/DE_20_1.0_pv_0.25_270_invroll.nc, results/DE_20_1.5_pv_0.25_180_invroll.nc, results/DE_20_1.5_pv_0_180_invroll.nc, results/DE_20_1.0_pv_0_90_invroll.nc, results/DE_20_1.5_pv_0.25_90_invroll.nc, results/DE_20_1.0_pv_0_270_invroll.nc, results/DE_20_1.5_pv_0.5_180_invroll.nc
    resources: tmpdir=C:\Users\Jeremy\AppData\Local\Temp

[Sat Jun  8 16:56:13 2024]
Finished job 0.
35 of 35 steps (100%) done
Complete log: .snakemake\log\2024-06-08T165142.438719.snakemake.log
