Building DAG of jobs...
Provided cores: 4
Rules claiming more threads will be scaled down.
Job stats:
job               count
--------------  -------
all                   1
dynamic_solve        72
inst_cap_table       72
total               145

Select jobs to execute...

[Wed Jun 12 19:18:25 2024]
rule dynamic_solve:
    input: resources/DE_20_1.5_base_solved.nc
    output: resources/DE_20_1.5_wind_0.75_270_noinv.nc, resources/DE_20_1.5_wind_0.75_270_noinvroll.nc
    jobid: 146
    reason: Missing output files: resources/DE_20_1.5_wind_0.75_270_noinv.nc
    wildcards: country=DE, contingency=wind, buses=20, transmission_limit=1.5, reductionto=0.75, duration=270, model=noinv
    resources: tmpdir=C:\Users\Jeremy\AppData\Local\Temp


[Wed Jun 12 19:18:25 2024]
rule dynamic_solve:
    input: resources/DE_20_1.5_base_solved.nc
    output: resources/DE_20_1.5_wind_0.25_180_inv.nc, resources/DE_20_1.5_wind_0.25_180_invroll.nc
    jobid: 96
    reason: Missing output files: resources/DE_20_1.5_wind_0.25_180_inv.nc
    wildcards: country=DE, contingency=wind, buses=20, transmission_limit=1.5, reductionto=0.25, duration=180, model=inv
    resources: tmpdir=C:\Users\Jeremy\AppData\Local\Temp


[Wed Jun 12 19:18:25 2024]
rule dynamic_solve:
    input: resources/DE_20_1.5_base_solved.nc
    output: resources/DE_20_1.5_wind_0.75_270_inv.nc, resources/DE_20_1.5_wind_0.75_270_invroll.nc
    jobid: 110
    reason: Missing output files: resources/DE_20_1.5_wind_0.75_270_inv.nc
    wildcards: country=DE, contingency=wind, buses=20, transmission_limit=1.5, reductionto=0.75, duration=270, model=inv
    resources: tmpdir=C:\Users\Jeremy\AppData\Local\Temp

[Wed Jun 12 19:18:25 2024]
rule dynamic_solve:
    input: resources/DE_20_1.5_base_solved.nc
    output: resources/DE_20_1.5_wind_0.25_180_noinv.nc, resources/DE_20_1.5_wind_0.25_180_noinvroll.nc
    jobid: 132
    reason: Missing output files: resources/DE_20_1.5_wind_0.25_180_noinv.nc
    wildcards: country=DE, contingency=wind, buses=20, transmission_limit=1.5, reductionto=0.25, duration=180, model=noinv
    resources: tmpdir=C:\Users\Jeremy\AppData\Local\Temp

[Wed Jun 12 19:18:49 2024]
Finished job 146.
1 of 145 steps (1%) done
Select jobs to execute...

[Wed Jun 12 19:18:49 2024]
rule dynamic_solve:
    input: resources/DE_20_1.5_base_solved.nc
    output: resources/DE_20_1.5_pv_0.25_90_noinv.nc, resources/DE_20_1.5_pv_0.25_90_noinvroll.nc
    jobid: 118
    reason: Missing output files: resources/DE_20_1.5_pv_0.25_90_noinv.nc
    wildcards: country=DE, contingency=pv, buses=20, transmission_limit=1.5, reductionto=0.25, duration=90, model=noinv
    resources: tmpdir=C:\Users\Jeremy\AppData\Local\Temp

[Wed Jun 12 19:18:49 2024]
Finished job 132.
2 of 145 steps (1%) done
Select jobs to execute...

[Wed Jun 12 19:18:49 2024]
rule dynamic_solve:
    input: resources/DE_20_1.5_base_solved.nc
    output: resources/DE_20_1.5_wind_0.5_270_inv.nc, resources/DE_20_1.5_wind_0.5_270_invroll.nc
    jobid: 104
    reason: Missing output files: resources/DE_20_1.5_wind_0.5_270_inv.nc
    wildcards: country=DE, contingency=wind, buses=20, transmission_limit=1.5, reductionto=0.5, duration=270, model=inv
    resources: tmpdir=C:\Users\Jeremy\AppData\Local\Temp

[Wed Jun 12 19:18:55 2024]
Finished job 96.
3 of 145 steps (2%) done
Select jobs to execute...

[Wed Jun 12 19:18:55 2024]
rule dynamic_solve:
    input: resources/DE_20_1.5_base_solved.nc
    output: resources/DE_20_1.5_wind_0.25_270_inv.nc, resources/DE_20_1.5_wind_0.25_270_invroll.nc
    jobid: 98
    reason: Missing output files: resources/DE_20_1.5_wind_0.25_270_inv.nc
    wildcards: country=DE, contingency=wind, buses=20, transmission_limit=1.5, reductionto=0.25, duration=270, model=inv
    resources: tmpdir=C:\Users\Jeremy\AppData\Local\Temp

[Wed Jun 12 19:18:55 2024]
Finished job 110.
4 of 145 steps (3%) done
Select jobs to execute...

[Wed Jun 12 19:18:55 2024]
rule dynamic_solve:
    input: resources/DE_20_1.5_base_solved.nc
    output: resources/DE_20_1.5_pv_0.5_180_inv.nc, resources/DE_20_1.5_pv_0.5_180_invroll.nc
    jobid: 90
    reason: Missing output files: resources/DE_20_1.5_pv_0.5_180_inv.nc
    wildcards: country=DE, contingency=pv, buses=20, transmission_limit=1.5, reductionto=0.5, duration=180, model=inv
    resources: tmpdir=C:\Users\Jeremy\AppData\Local\Temp

[Wed Jun 12 19:19:15 2024]
Finished job 118.
5 of 145 steps (3%) done
Select jobs to execute...

[Wed Jun 12 19:19:15 2024]
rule dynamic_solve:
    input: resources/DE_20_1.5_base_solved.nc
    output: resources/DE_20_1.5_pv_0.25_180_inv.nc, resources/DE_20_1.5_pv_0.25_180_invroll.nc
    jobid: 84
    reason: Missing output files: resources/DE_20_1.5_pv_0.25_180_inv.nc
    wildcards: country=DE, contingency=pv, buses=20, transmission_limit=1.5, reductionto=0.25, duration=180, model=inv
    resources: tmpdir=C:\Users\Jeremy\AppData\Local\Temp

[Wed Jun 12 19:19:21 2024]
Finished job 104.
6 of 145 steps (4%) done
Select jobs to execute...

[Wed Jun 12 19:19:21 2024]
rule dynamic_solve:
    input: resources/DE_20_1.5_base_solved.nc
    output: resources/DE_20_1.5_wind_0.5_270_noinv.nc, resources/DE_20_1.5_wind_0.5_270_noinvroll.nc
    jobid: 140
    reason: Missing output files: resources/DE_20_1.5_wind_0.5_270_noinv.nc
    wildcards: country=DE, contingency=wind, buses=20, transmission_limit=1.5, reductionto=0.5, duration=270, model=noinv
    resources: tmpdir=C:\Users\Jeremy\AppData\Local\Temp

[Wed Jun 12 19:19:26 2024]
Finished job 98.
7 of 145 steps (5%) done
Select jobs to execute...

[Wed Jun 12 19:19:26 2024]
rule dynamic_solve:
    input: resources/DE_20_1.5_base_solved.nc
    output: resources/DE_20_1.5_pv_0.5_180_noinv.nc, resources/DE_20_1.5_pv_0.5_180_noinvroll.nc
    jobid: 126
    reason: Missing output files: resources/DE_20_1.5_pv_0.5_180_noinv.nc
    wildcards: country=DE, contingency=pv, buses=20, transmission_limit=1.5, reductionto=0.5, duration=180, model=noinv
    resources: tmpdir=C:\Users\Jeremy\AppData\Local\Temp

[Wed Jun 12 19:19:28 2024]
Finished job 90.
8 of 145 steps (6%) done
Select jobs to execute...

[Wed Jun 12 19:19:28 2024]
rule dynamic_solve:
    input: resources/DE_20_1.5_base_solved.nc
    output: resources/DE_20_1.5_pv_0_90_noinv.nc, resources/DE_20_1.5_pv_0_90_noinvroll.nc
    jobid: 112
    reason: Missing output files: resources/DE_20_1.5_pv_0_90_noinv.nc
    wildcards: country=DE, contingency=pv, buses=20, transmission_limit=1.5, reductionto=0, duration=90, model=noinv
    resources: tmpdir=C:\Users\Jeremy\AppData\Local\Temp

[Wed Jun 12 19:19:43 2024]
Finished job 84.
9 of 145 steps (6%) done
Select jobs to execute...

[Wed Jun 12 19:19:43 2024]
rule dynamic_solve:
    input: resources/DE_20_1.5_base_solved.nc
    output: resources/DE_20_1.5_pv_0_180_inv.nc, resources/DE_20_1.5_pv_0_180_invroll.nc
    jobid: 78
    reason: Missing output files: resources/DE_20_1.5_pv_0_180_inv.nc
    wildcards: country=DE, contingency=pv, buses=20, transmission_limit=1.5, reductionto=0, duration=180, model=inv
    resources: tmpdir=C:\Users\Jeremy\AppData\Local\Temp

[Wed Jun 12 19:19:46 2024]
Finished job 140.
10 of 145 steps (7%) done
Select jobs to execute...

[Wed Jun 12 19:19:46 2024]
rule dynamic_solve:
    input: resources/DE_20_1.5_base_solved.nc
    output: resources/DE_20_1.5_wind_0.25_270_noinv.nc, resources/DE_20_1.5_wind_0.25_270_noinvroll.nc
    jobid: 134
    reason: Missing output files: resources/DE_20_1.5_wind_0.25_270_noinv.nc
    wildcards: country=DE, contingency=wind, buses=20, transmission_limit=1.5, reductionto=0.25, duration=270, model=noinv
    resources: tmpdir=C:\Users\Jeremy\AppData\Local\Temp

[Wed Jun 12 19:19:51 2024]
Finished job 126.
11 of 145 steps (8%) done
Select jobs to execute...

[Wed Jun 12 19:19:51 2024]
rule dynamic_solve:
    input: resources/DE_20_1.5_base_solved.nc
    output: resources/DE_20_1.5_pv_0.25_180_noinv.nc, resources/DE_20_1.5_pv_0.25_180_noinvroll.nc
    jobid: 120
    reason: Missing output files: resources/DE_20_1.5_pv_0.25_180_noinv.nc
    wildcards: country=DE, contingency=pv, buses=20, transmission_limit=1.5, reductionto=0.25, duration=180, model=noinv
    resources: tmpdir=C:\Users\Jeremy\AppData\Local\Temp

[Wed Jun 12 19:19:53 2024]
Finished job 112.
12 of 145 steps (8%) done
Select jobs to execute...

[Wed Jun 12 19:19:53 2024]
rule dynamic_solve:
    input: resources/DE_20_1.5_base_solved.nc
    output: resources/DE_20_1.5_wind_0.75_90_inv.nc, resources/DE_20_1.5_wind_0.75_90_invroll.nc
    jobid: 106
    reason: Missing output files: resources/DE_20_1.5_wind_0.75_90_inv.nc
    wildcards: country=DE, contingency=wind, buses=20, transmission_limit=1.5, reductionto=0.75, duration=90, model=inv
    resources: tmpdir=C:\Users\Jeremy\AppData\Local\Temp

[Wed Jun 12 19:20:12 2024]
Finished job 134.
13 of 145 steps (9%) done
Select jobs to execute...

[Wed Jun 12 19:20:12 2024]
rule dynamic_solve:
    input: resources/DE_20_1.5_base_solved.nc
    output: resources/DE_20_1.5_pv_0.25_90_inv.nc, resources/DE_20_1.5_pv_0.25_90_invroll.nc
    jobid: 82
    reason: Missing output files: resources/DE_20_1.5_pv_0.25_90_inv.nc
    wildcards: country=DE, contingency=pv, buses=20, transmission_limit=1.5, reductionto=0.25, duration=90, model=inv
    resources: tmpdir=C:\Users\Jeremy\AppData\Local\Temp

[Wed Jun 12 19:20:14 2024]
Finished job 78.
14 of 145 steps (10%) done
Select jobs to execute...

[Wed Jun 12 19:20:14 2024]
rule dynamic_solve:
    input: resources/DE_20_1.5_base_solved.nc
    output: resources/DE_20_1.5_wind_0.5_90_inv.nc, resources/DE_20_1.5_wind_0.5_90_invroll.nc
    jobid: 100
    reason: Missing output files: resources/DE_20_1.5_wind_0.5_90_inv.nc
    wildcards: country=DE, contingency=wind, buses=20, transmission_limit=1.5, reductionto=0.5, duration=90, model=inv
    resources: tmpdir=C:\Users\Jeremy\AppData\Local\Temp

[Wed Jun 12 19:20:18 2024]
Finished job 120.
15 of 145 steps (10%) done
Select jobs to execute...

[Wed Jun 12 19:20:18 2024]
rule dynamic_solve:
    input: resources/DE_20_1.5_base_solved.nc
    output: resources/DE_20_1.5_pv_0.5_270_inv.nc, resources/DE_20_1.5_pv_0.5_270_invroll.nc
    jobid: 92
    reason: Missing output files: resources/DE_20_1.5_pv_0.5_270_inv.nc
    wildcards: country=DE, contingency=pv, buses=20, transmission_limit=1.5, reductionto=0.5, duration=270, model=inv
    resources: tmpdir=C:\Users\Jeremy\AppData\Local\Temp

[Wed Jun 12 19:20:25 2024]
Finished job 106.
16 of 145 steps (11%) done
Select jobs to execute...

[Wed Jun 12 19:20:25 2024]
rule dynamic_solve:
    input: resources/DE_20_1.5_base_solved.nc
    output: resources/DE_20_1.5_pv_0_90_inv.nc, resources/DE_20_1.5_pv_0_90_invroll.nc
    jobid: 75
    reason: Missing output files: resources/DE_20_1.5_pv_0_90_inv.nc
    wildcards: country=DE, contingency=pv, buses=20, transmission_limit=1.5, reductionto=0, duration=90, model=inv
    resources: tmpdir=C:\Users\Jeremy\AppData\Local\Temp

[Wed Jun 12 19:20:43 2024]
Finished job 82.
17 of 145 steps (12%) done
Select jobs to execute...

[Wed Jun 12 19:20:43 2024]
rule dynamic_solve:
    input: resources/DE_20_1.5_base_solved.nc
    output: resources/DE_20_1.5_pv_0.25_270_inv.nc, resources/DE_20_1.5_pv_0.25_270_invroll.nc
    jobid: 86
    reason: Missing output files: resources/DE_20_1.5_pv_0.25_270_inv.nc
    wildcards: country=DE, contingency=pv, buses=20, transmission_limit=1.5, reductionto=0.25, duration=270, model=inv
    resources: tmpdir=C:\Users\Jeremy\AppData\Local\Temp

[Wed Jun 12 19:20:44 2024]
Finished job 100.
18 of 145 steps (12%) done
Select jobs to execute...

[Wed Jun 12 19:20:44 2024]
rule dynamic_solve:
    input: resources/DE_20_1.5_base_solved.nc
    output: resources/DE_20_1.5_wind_0.75_90_noinv.nc, resources/DE_20_1.5_wind_0.75_90_noinvroll.nc
    jobid: 142
    reason: Missing output files: resources/DE_20_1.5_wind_0.75_90_noinv.nc
    wildcards: country=DE, contingency=wind, buses=20, transmission_limit=1.5, reductionto=0.75, duration=90, model=noinv
    resources: tmpdir=C:\Users\Jeremy\AppData\Local\Temp

[Wed Jun 12 19:20:49 2024]
Finished job 92.
19 of 145 steps (13%) done
Select jobs to execute...

[Wed Jun 12 19:20:49 2024]
rule dynamic_solve:
    input: resources/DE_20_1.5_base_solved.nc
    output: resources/DE_20_1.5_pv_0.5_270_noinv.nc, resources/DE_20_1.5_pv_0.5_270_noinvroll.nc
    jobid: 128
    reason: Missing output files: resources/DE_20_1.5_pv_0.5_270_noinv.nc
    wildcards: country=DE, contingency=pv, buses=20, transmission_limit=1.5, reductionto=0.5, duration=270, model=noinv
    resources: tmpdir=C:\Users\Jeremy\AppData\Local\Temp

[Wed Jun 12 19:20:58 2024]
Finished job 75.
20 of 145 steps (14%) done
Select jobs to execute...

[Wed Jun 12 19:20:58 2024]
rule dynamic_solve:
    input: resources/DE_20_1.5_base_solved.nc
    output: resources/DE_20_1.5_pv_0_180_noinv.nc, resources/DE_20_1.5_pv_0_180_noinvroll.nc
    jobid: 114
    reason: Missing output files: resources/DE_20_1.5_pv_0_180_noinv.nc
    wildcards: country=DE, contingency=pv, buses=20, transmission_limit=1.5, reductionto=0, duration=180, model=noinv
    resources: tmpdir=C:\Users\Jeremy\AppData\Local\Temp

[Wed Jun 12 19:21:09 2024]
Finished job 142.
21 of 145 steps (14%) done
Select jobs to execute...

[Wed Jun 12 19:21:09 2024]
rule dynamic_solve:
    input: resources/DE_20_1.5_base_solved.nc
    output: resources/DE_20_1.5_pv_0_270_inv.nc, resources/DE_20_1.5_pv_0_270_invroll.nc
    jobid: 80
    reason: Missing output files: resources/DE_20_1.5_pv_0_270_inv.nc
    wildcards: country=DE, contingency=pv, buses=20, transmission_limit=1.5, reductionto=0, duration=270, model=inv
    resources: tmpdir=C:\Users\Jeremy\AppData\Local\Temp

[Wed Jun 12 19:21:14 2024]
Finished job 128.
22 of 145 steps (15%) done
Select jobs to execute...

[Wed Jun 12 19:21:14 2024]
rule dynamic_solve:
    input: resources/DE_20_1.5_base_solved.nc
    output: resources/DE_20_1.5_wind_0.5_90_noinv.nc, resources/DE_20_1.5_wind_0.5_90_noinvroll.nc
    jobid: 136
    reason: Missing output files: resources/DE_20_1.5_wind_0.5_90_noinv.nc
    wildcards: country=DE, contingency=wind, buses=20, transmission_limit=1.5, reductionto=0.5, duration=90, model=noinv
    resources: tmpdir=C:\Users\Jeremy\AppData\Local\Temp

[Wed Jun 12 19:21:14 2024]
Finished job 86.
23 of 145 steps (16%) done
Select jobs to execute...

[Wed Jun 12 19:21:14 2024]
rule dynamic_solve:
    input: resources/DE_20_1.5_base_solved.nc
    output: resources/DE_20_1.5_pv_0.25_270_noinv.nc, resources/DE_20_1.5_pv_0.25_270_noinvroll.nc
    jobid: 122
    reason: Missing output files: resources/DE_20_1.5_pv_0.25_270_noinv.nc
    wildcards: country=DE, contingency=pv, buses=20, transmission_limit=1.5, reductionto=0.25, duration=270, model=noinv
    resources: tmpdir=C:\Users\Jeremy\AppData\Local\Temp

[Wed Jun 12 19:21:25 2024]
Finished job 114.
24 of 145 steps (17%) done
Select jobs to execute...

[Wed Jun 12 19:21:25 2024]
rule dynamic_solve:
    input: resources/DE_20_1.5_base_solved.nc
    output: resources/DE_20_1.5_wind_0.75_180_inv.nc, resources/DE_20_1.5_wind_0.75_180_invroll.nc
    jobid: 108
    reason: Missing output files: resources/DE_20_1.5_wind_0.75_180_inv.nc
    wildcards: country=DE, contingency=wind, buses=20, transmission_limit=1.5, reductionto=0.75, duration=180, model=inv
    resources: tmpdir=C:\Users\Jeremy\AppData\Local\Temp

[Wed Jun 12 19:21:38 2024]
Finished job 136.
25 of 145 steps (17%) done
Select jobs to execute...

[Wed Jun 12 19:21:38 2024]
rule dynamic_solve:
    input: resources/DE_20_1.5_base_solved.nc
    output: resources/DE_20_1.5_wind_0.5_180_inv.nc, resources/DE_20_1.5_wind_0.5_180_invroll.nc
    jobid: 102
    reason: Missing output files: resources/DE_20_1.5_wind_0.5_180_inv.nc
    wildcards: country=DE, contingency=wind, buses=20, transmission_limit=1.5, reductionto=0.5, duration=180, model=inv
    resources: tmpdir=C:\Users\Jeremy\AppData\Local\Temp

[Wed Jun 12 19:21:38 2024]
Finished job 122.
26 of 145 steps (18%) done
Select jobs to execute...

[Wed Jun 12 19:21:38 2024]
rule dynamic_solve:
    input: resources/DE_20_1.5_base_solved.nc
    output: resources/DE_20_1.5_wind_0.25_90_inv.nc, resources/DE_20_1.5_wind_0.25_90_invroll.nc
    jobid: 94
    reason: Missing output files: resources/DE_20_1.5_wind_0.25_90_inv.nc
    wildcards: country=DE, contingency=wind, buses=20, transmission_limit=1.5, reductionto=0.25, duration=90, model=inv
    resources: tmpdir=C:\Users\Jeremy\AppData\Local\Temp

[Wed Jun 12 19:21:41 2024]
Finished job 80.
27 of 145 steps (19%) done
Select jobs to execute...

[Wed Jun 12 19:21:41 2024]
rule dynamic_solve:
    input: resources/DE_20_1.5_base_solved.nc
    output: resources/DE_20_1.5_wind_0.75_180_noinv.nc, resources/DE_20_1.5_wind_0.75_180_noinvroll.nc
    jobid: 144
    reason: Missing output files: resources/DE_20_1.5_wind_0.75_180_noinv.nc
    wildcards: country=DE, contingency=wind, buses=20, transmission_limit=1.5, reductionto=0.75, duration=180, model=noinv
    resources: tmpdir=C:\Users\Jeremy\AppData\Local\Temp

[Wed Jun 12 19:21:55 2024]
Finished job 108.
28 of 145 steps (19%) done
Select jobs to execute...

[Wed Jun 12 19:21:55 2024]
rule dynamic_solve:
    input: resources/DE_20_1.5_base_solved.nc
    output: resources/DE_20_1.5_pv_0_270_noinv.nc, resources/DE_20_1.5_pv_0_270_noinvroll.nc
    jobid: 116
    reason: Missing output files: resources/DE_20_1.5_pv_0_270_noinv.nc
    wildcards: country=DE, contingency=pv, buses=20, transmission_limit=1.5, reductionto=0, duration=270, model=noinv
    resources: tmpdir=C:\Users\Jeremy\AppData\Local\Temp

[Wed Jun 12 19:22:07 2024]
Finished job 144.
29 of 145 steps (20%) done
Select jobs to execute...

[Wed Jun 12 19:22:07 2024]
rule dynamic_solve:
    input: resources/DE_20_1.5_base_solved.nc
    output: resources/DE_20_1.5_wind_0.25_90_noinv.nc, resources/DE_20_1.5_wind_0.25_90_noinvroll.nc
    jobid: 130
    reason: Missing output files: resources/DE_20_1.5_wind_0.25_90_noinv.nc
    wildcards: country=DE, contingency=wind, buses=20, transmission_limit=1.5, reductionto=0.25, duration=90, model=noinv
    resources: tmpdir=C:\Users\Jeremy\AppData\Local\Temp

[Wed Jun 12 19:22:10 2024]
Finished job 102.
30 of 145 steps (21%) done
Select jobs to execute...

[Wed Jun 12 19:22:10 2024]
rule dynamic_solve:
    input: resources/DE_20_1.5_base_solved.nc
    output: resources/DE_20_1.5_pv_0.5_90_inv.nc, resources/DE_20_1.5_pv_0.5_90_invroll.nc
    jobid: 88
    reason: Missing output files: resources/DE_20_1.5_pv_0.5_90_inv.nc
    wildcards: country=DE, contingency=pv, buses=20, transmission_limit=1.5, reductionto=0.5, duration=90, model=inv
    resources: tmpdir=C:\Users\Jeremy\AppData\Local\Temp

[Wed Jun 12 19:22:10 2024]
Finished job 94.
31 of 145 steps (21%) done
Select jobs to execute...

[Wed Jun 12 19:22:10 2024]
rule dynamic_solve:
    input: resources/DE_20_1.5_base_solved.nc
    output: resources/DE_20_1.5_wind_0.5_180_noinv.nc, resources/DE_20_1.5_wind_0.5_180_noinvroll.nc
    jobid: 138
    reason: Missing output files: resources/DE_20_1.5_wind_0.5_180_noinv.nc
    wildcards: country=DE, contingency=wind, buses=20, transmission_limit=1.5, reductionto=0.5, duration=180, model=noinv
    resources: tmpdir=C:\Users\Jeremy\AppData\Local\Temp

[Wed Jun 12 19:22:21 2024]
Finished job 116.
32 of 145 steps (22%) done
Select jobs to execute...

[Wed Jun 12 19:22:21 2024]
rule dynamic_solve:
    input: resources/DE_20_1.5_base_solved.nc
    output: resources/DE_20_1.5_pv_0.5_90_noinv.nc, resources/DE_20_1.5_pv_0.5_90_noinvroll.nc
    jobid: 124
    reason: Missing output files: resources/DE_20_1.5_pv_0.5_90_noinv.nc
    wildcards: country=DE, contingency=pv, buses=20, transmission_limit=1.5, reductionto=0.5, duration=90, model=noinv
    resources: tmpdir=C:\Users\Jeremy\AppData\Local\Temp

[Wed Jun 12 19:22:30 2024]
Finished job 130.
33 of 145 steps (23%) done
Select jobs to execute...

[Wed Jun 12 19:22:30 2024]
rule dynamic_solve:
    input: resources/DE_20_1.0_base_solved.nc
    output: resources/DE_20_1.0_wind_0.25_270_noinv.nc, resources/DE_20_1.0_wind_0.25_270_noinvroll.nc
    jobid: 61
    reason: Missing output files: resources/DE_20_1.0_wind_0.25_270_noinv.nc
    wildcards: country=DE, contingency=wind, buses=20, transmission_limit=1.0, reductionto=0.25, duration=270, model=noinv
    resources: tmpdir=C:\Users\Jeremy\AppData\Local\Temp

[Wed Jun 12 19:22:34 2024]
Finished job 138.
34 of 145 steps (23%) done
Select jobs to execute...

[Wed Jun 12 19:22:34 2024]
rule dynamic_solve:
    input: resources/DE_20_1.0_base_solved.nc
    output: resources/DE_20_1.0_pv_0.25_180_noinv.nc, resources/DE_20_1.0_pv_0.25_180_noinvroll.nc
    jobid: 47
    reason: Missing output files: resources/DE_20_1.0_pv_0.25_180_noinv.nc
    wildcards: country=DE, contingency=pv, buses=20, transmission_limit=1.0, reductionto=0.25, duration=180, model=noinv
    resources: tmpdir=C:\Users\Jeremy\AppData\Local\Temp

[Wed Jun 12 19:22:38 2024]
Finished job 88.
35 of 145 steps (24%) done
Select jobs to execute...

[Wed Jun 12 19:22:38 2024]
rule dynamic_solve:
    input: resources/DE_20_1.0_base_solved.nc
    output: resources/DE_20_1.0_pv_0_180_noinv.nc, resources/DE_20_1.0_pv_0_180_noinvroll.nc
    jobid: 41
    reason: Missing output files: resources/DE_20_1.0_pv_0_180_noinv.nc
    wildcards: country=DE, contingency=pv, buses=20, transmission_limit=1.0, reductionto=0, duration=180, model=noinv
    resources: tmpdir=C:\Users\Jeremy\AppData\Local\Temp

[Wed Jun 12 19:22:46 2024]
Finished job 124.
36 of 145 steps (25%) done
Select jobs to execute...

[Wed Jun 12 19:22:46 2024]
rule dynamic_solve:
    input: resources/DE_20_1.0_base_solved.nc
    output: resources/DE_20_1.0_wind_0.5_90_inv.nc, resources/DE_20_1.0_wind_0.5_90_invroll.nc
    jobid: 27
    reason: Missing output files: resources/DE_20_1.0_wind_0.5_90_inv.nc
    wildcards: country=DE, contingency=wind, buses=20, transmission_limit=1.0, reductionto=0.5, duration=90, model=inv
    resources: tmpdir=C:\Users\Jeremy\AppData\Local\Temp

[Wed Jun 12 19:22:55 2024]
Finished job 61.
37 of 145 steps (26%) done
Select jobs to execute...

[Wed Jun 12 19:22:55 2024]
rule dynamic_solve:
    input: resources/DE_20_1.0_base_solved.nc
    output: resources/DE_20_1.0_pv_0.5_180_inv.nc, resources/DE_20_1.0_pv_0.5_180_invroll.nc
    jobid: 17
    reason: Missing output files: resources/DE_20_1.0_pv_0.5_180_inv.nc
    wildcards: country=DE, contingency=pv, buses=20, transmission_limit=1.0, reductionto=0.5, duration=180, model=inv
    resources: tmpdir=C:\Users\Jeremy\AppData\Local\Temp

[Wed Jun 12 19:22:57 2024]
Finished job 47.
38 of 145 steps (26%) done
Select jobs to execute...

[Wed Jun 12 19:22:57 2024]
rule dynamic_solve:
    input: resources/DE_20_1.0_base_solved.nc
    output: resources/DE_20_1.0_wind_0.75_90_noinv.nc, resources/DE_20_1.0_wind_0.75_90_noinvroll.nc
    jobid: 69
    reason: Missing output files: resources/DE_20_1.0_wind_0.75_90_noinv.nc
    wildcards: country=DE, contingency=wind, buses=20, transmission_limit=1.0, reductionto=0.75, duration=90, model=noinv
    resources: tmpdir=C:\Users\Jeremy\AppData\Local\Temp

[Wed Jun 12 19:23:02 2024]
Finished job 41.
39 of 145 steps (27%) done
Select jobs to execute...

[Wed Jun 12 19:23:02 2024]
rule dynamic_solve:
    input: resources/DE_20_1.0_base_solved.nc
    output: resources/DE_20_1.0_pv_0_180_inv.nc, resources/DE_20_1.0_pv_0_180_invroll.nc
    jobid: 5
    reason: Missing output files: resources/DE_20_1.0_pv_0_180_inv.nc
    wildcards: country=DE, contingency=pv, buses=20, transmission_limit=1.0, reductionto=0, duration=180, model=inv
    resources: tmpdir=C:\Users\Jeremy\AppData\Local\Temp

[Wed Jun 12 19:23:17 2024]
Finished job 27.
40 of 145 steps (28%) done
Select jobs to execute...

[Wed Jun 12 19:23:17 2024]
rule dynamic_solve:
    input: resources/DE_20_1.0_base_solved.nc
    output: resources/DE_20_1.0_pv_0.5_270_noinv.nc, resources/DE_20_1.0_pv_0.5_270_noinvroll.nc
    jobid: 55
    reason: Missing output files: resources/DE_20_1.0_pv_0.5_270_noinv.nc
    wildcards: country=DE, contingency=pv, buses=20, transmission_limit=1.0, reductionto=0.5, duration=270, model=noinv
    resources: tmpdir=C:\Users\Jeremy\AppData\Local\Temp

[Wed Jun 12 19:23:25 2024]
Finished job 69.
41 of 145 steps (28%) done
Select jobs to execute...

[Wed Jun 12 19:23:25 2024]
rule dynamic_solve:
    input: resources/DE_20_1.0_base_solved.nc
    output: resources/DE_20_1.0_wind_0.75_180_inv.nc, resources/DE_20_1.0_wind_0.75_180_invroll.nc
    jobid: 35
    reason: Missing output files: resources/DE_20_1.0_wind_0.75_180_inv.nc
    wildcards: country=DE, contingency=wind, buses=20, transmission_limit=1.0, reductionto=0.75, duration=180, model=inv
    resources: tmpdir=C:\Users\Jeremy\AppData\Local\Temp

[Wed Jun 12 19:23:28 2024]
Finished job 17.
42 of 145 steps (29%) done
Select jobs to execute...

[Wed Jun 12 19:23:28 2024]
rule dynamic_solve:
    input: resources/DE_20_1.0_base_solved.nc
    output: resources/DE_20_1.0_pv_0.25_270_inv.nc, resources/DE_20_1.0_pv_0.25_270_invroll.nc
    jobid: 13
    reason: Missing output files: resources/DE_20_1.0_pv_0.25_270_inv.nc
    wildcards: country=DE, contingency=pv, buses=20, transmission_limit=1.0, reductionto=0.25, duration=270, model=inv
    resources: tmpdir=C:\Users\Jeremy\AppData\Local\Temp

[Wed Jun 12 19:23:35 2024]
Finished job 5.
43 of 145 steps (30%) done
Select jobs to execute...

[Wed Jun 12 19:23:35 2024]
rule dynamic_solve:
    input: resources/DE_20_1.0_base_solved.nc
    output: resources/DE_20_1.0_pv_0.25_180_inv.nc, resources/DE_20_1.0_pv_0.25_180_invroll.nc
    jobid: 11
    reason: Missing output files: resources/DE_20_1.0_pv_0.25_180_inv.nc
    wildcards: country=DE, contingency=pv, buses=20, transmission_limit=1.0, reductionto=0.25, duration=180, model=inv
    resources: tmpdir=C:\Users\Jeremy\AppData\Local\Temp

[Wed Jun 12 19:23:44 2024]
Finished job 55.
44 of 145 steps (30%) done
Select jobs to execute...

[Wed Jun 12 19:23:44 2024]
rule dynamic_solve:
    input: resources/DE_20_1.0_base_solved.nc
    output: resources/DE_20_1.0_wind_0.5_90_noinv.nc, resources/DE_20_1.0_wind_0.5_90_noinvroll.nc
    jobid: 63
    reason: Missing output files: resources/DE_20_1.0_wind_0.5_90_noinv.nc
    wildcards: country=DE, contingency=wind, buses=20, transmission_limit=1.0, reductionto=0.5, duration=90, model=noinv
    resources: tmpdir=C:\Users\Jeremy\AppData\Local\Temp

[Wed Jun 12 19:23:55 2024]
Finished job 35.
45 of 145 steps (31%) done
Select jobs to execute...

[Wed Jun 12 19:23:55 2024]
rule dynamic_solve:
    input: resources/DE_20_1.0_base_solved.nc
    output: resources/DE_20_1.0_pv_0.25_270_noinv.nc, resources/DE_20_1.0_pv_0.25_270_noinvroll.nc
    jobid: 49
    reason: Missing output files: resources/DE_20_1.0_pv_0.25_270_noinv.nc
    wildcards: country=DE, contingency=pv, buses=20, transmission_limit=1.0, reductionto=0.25, duration=270, model=noinv
    resources: tmpdir=C:\Users\Jeremy\AppData\Local\Temp

[Wed Jun 12 19:23:58 2024]
Finished job 13.
46 of 145 steps (32%) done
Select jobs to execute...

[Wed Jun 12 19:23:58 2024]
rule dynamic_solve:
    input: resources/DE_20_1.0_base_solved.nc
    output: resources/DE_20_1.0_pv_0_270_noinv.nc, resources/DE_20_1.0_pv_0_270_noinvroll.nc
    jobid: 43
    reason: Missing output files: resources/DE_20_1.0_pv_0_270_noinv.nc
    wildcards: country=DE, contingency=pv, buses=20, transmission_limit=1.0, reductionto=0, duration=270, model=noinv
    resources: tmpdir=C:\Users\Jeremy\AppData\Local\Temp

[Wed Jun 12 19:24:07 2024]
Finished job 11.
47 of 145 steps (32%) done
Select jobs to execute...

[Wed Jun 12 19:24:07 2024]
rule dynamic_solve:
    input: resources/DE_20_1.0_base_solved.nc
    output: resources/DE_20_1.0_wind_0.5_180_inv.nc, resources/DE_20_1.0_wind_0.5_180_invroll.nc
    jobid: 29
    reason: Missing output files: resources/DE_20_1.0_wind_0.5_180_inv.nc
    wildcards: country=DE, contingency=wind, buses=20, transmission_limit=1.0, reductionto=0.5, duration=180, model=inv
    resources: tmpdir=C:\Users\Jeremy\AppData\Local\Temp

[Wed Jun 12 19:24:10 2024]
Finished job 63.
48 of 145 steps (33%) done
Select jobs to execute...

[Wed Jun 12 19:24:10 2024]
rule dynamic_solve:
    input: resources/DE_20_1.0_base_solved.nc
    output: resources/DE_20_1.0_pv_0.5_270_inv.nc, resources/DE_20_1.0_pv_0.5_270_invroll.nc
    jobid: 19
    reason: Missing output files: resources/DE_20_1.0_pv_0.5_270_inv.nc
    wildcards: country=DE, contingency=pv, buses=20, transmission_limit=1.0, reductionto=0.5, duration=270, model=inv
    resources: tmpdir=C:\Users\Jeremy\AppData\Local\Temp

[Wed Jun 12 19:24:19 2024]
Finished job 49.
49 of 145 steps (34%) done
Select jobs to execute...

[Wed Jun 12 19:24:19 2024]
rule dynamic_solve:
    input: resources/DE_20_1.0_base_solved.nc
    output: resources/DE_20_1.0_wind_0.75_180_noinv.nc, resources/DE_20_1.0_wind_0.75_180_noinvroll.nc
    jobid: 71
    reason: Missing output files: resources/DE_20_1.0_wind_0.75_180_noinv.nc
    wildcards: country=DE, contingency=wind, buses=20, transmission_limit=1.0, reductionto=0.75, duration=180, model=noinv
    resources: tmpdir=C:\Users\Jeremy\AppData\Local\Temp

[Wed Jun 12 19:24:22 2024]
Finished job 43.
50 of 145 steps (34%) done
Select jobs to execute...

[Wed Jun 12 19:24:22 2024]
rule dynamic_solve:
    input: resources/DE_20_1.0_base_solved.nc
    output: resources/DE_20_1.0_wind_0.25_90_noinv.nc, resources/DE_20_1.0_wind_0.25_90_noinvroll.nc
    jobid: 57
    reason: Missing output files: resources/DE_20_1.0_wind_0.25_90_noinv.nc
    wildcards: country=DE, contingency=wind, buses=20, transmission_limit=1.0, reductionto=0.25, duration=90, model=noinv
    resources: tmpdir=C:\Users\Jeremy\AppData\Local\Temp

[Wed Jun 12 19:24:36 2024]
Finished job 29.
51 of 145 steps (35%) done
Select jobs to execute...

[Wed Jun 12 19:24:36 2024]
rule dynamic_solve:
    input: resources/DE_20_1.0_base_solved.nc
    output: resources/DE_20_1.0_wind_0.75_270_inv.nc, resources/DE_20_1.0_wind_0.75_270_invroll.nc
    jobid: 37
    reason: Missing output files: resources/DE_20_1.0_wind_0.75_270_inv.nc
    wildcards: country=DE, contingency=wind, buses=20, transmission_limit=1.0, reductionto=0.75, duration=270, model=inv
    resources: tmpdir=C:\Users\Jeremy\AppData\Local\Temp

[Wed Jun 12 19:24:38 2024]
Finished job 19.
52 of 145 steps (36%) done
Select jobs to execute...

[Wed Jun 12 19:24:38 2024]
rule dynamic_solve:
    input: resources/DE_20_1.0_base_solved.nc
    output: resources/DE_20_1.0_wind_0.25_270_inv.nc, resources/DE_20_1.0_wind_0.25_270_invroll.nc
    jobid: 25
    reason: Missing output files: resources/DE_20_1.0_wind_0.25_270_inv.nc
    wildcards: country=DE, contingency=wind, buses=20, transmission_limit=1.0, reductionto=0.25, duration=270, model=inv
    resources: tmpdir=C:\Users\Jeremy\AppData\Local\Temp

[Wed Jun 12 19:24:45 2024]
Finished job 71.
53 of 145 steps (37%) done
Select jobs to execute...

[Wed Jun 12 19:24:45 2024]
rule dynamic_solve:
    input: resources/DE_20_1.0_base_solved.nc
    output: resources/DE_20_1.0_wind_0.5_180_noinv.nc, resources/DE_20_1.0_wind_0.5_180_noinvroll.nc
    jobid: 65
    reason: Missing output files: resources/DE_20_1.0_wind_0.5_180_noinv.nc
    wildcards: country=DE, contingency=wind, buses=20, transmission_limit=1.0, reductionto=0.5, duration=180, model=noinv
    resources: tmpdir=C:\Users\Jeremy\AppData\Local\Temp

[Wed Jun 12 19:24:47 2024]
Finished job 57.
54 of 145 steps (37%) done
Select jobs to execute...

[Wed Jun 12 19:24:47 2024]
rule dynamic_solve:
    input: resources/DE_20_1.0_base_solved.nc
    output: resources/DE_20_1.0_pv_0_90_inv.nc, resources/DE_20_1.0_pv_0_90_invroll.nc
    jobid: 2
    reason: Missing output files: resources/DE_20_1.0_pv_0_90_inv.nc
    wildcards: country=DE, contingency=pv, buses=20, transmission_limit=1.0, reductionto=0, duration=90, model=inv
    resources: tmpdir=C:\Users\Jeremy\AppData\Local\Temp

[Wed Jun 12 19:25:04 2024]
Finished job 37.
55 of 145 steps (38%) done
Select jobs to execute...

[Wed Jun 12 19:25:04 2024]
rule dynamic_solve:
    input: resources/DE_20_1.0_base_solved.nc
    output: resources/DE_20_1.0_pv_0.5_90_noinv.nc, resources/DE_20_1.0_pv_0.5_90_noinvroll.nc
    jobid: 51
    reason: Missing output files: resources/DE_20_1.0_pv_0.5_90_noinv.nc
    wildcards: country=DE, contingency=pv, buses=20, transmission_limit=1.0, reductionto=0.5, duration=90, model=noinv
    resources: tmpdir=C:\Users\Jeremy\AppData\Local\Temp

[Wed Jun 12 19:25:07 2024]
Finished job 25.
56 of 145 steps (39%) done
Select jobs to execute...

[Wed Jun 12 19:25:07 2024]
rule dynamic_solve:
    input: resources/DE_20_1.0_base_solved.nc
    output: resources/DE_20_1.0_pv_0.25_90_noinv.nc, resources/DE_20_1.0_pv_0.25_90_noinvroll.nc
    jobid: 45
    reason: Missing output files: resources/DE_20_1.0_pv_0.25_90_noinv.nc
    wildcards: country=DE, contingency=pv, buses=20, transmission_limit=1.0, reductionto=0.25, duration=90, model=noinv
    resources: tmpdir=C:\Users\Jeremy\AppData\Local\Temp

[Wed Jun 12 19:25:12 2024]
Finished job 65.
57 of 145 steps (39%) done
Select jobs to execute...

[Wed Jun 12 19:25:12 2024]
rule dynamic_solve:
    input: resources/DE_20_1.0_base_solved.nc
    output: resources/DE_20_1.0_wind_0.5_270_inv.nc, resources/DE_20_1.0_wind_0.5_270_invroll.nc
    jobid: 31
    reason: Missing output files: resources/DE_20_1.0_wind_0.5_270_inv.nc
    wildcards: country=DE, contingency=wind, buses=20, transmission_limit=1.0, reductionto=0.5, duration=270, model=inv
    resources: tmpdir=C:\Users\Jeremy\AppData\Local\Temp

[Wed Jun 12 19:25:19 2024]
Finished job 2.
58 of 145 steps (40%) done
Select jobs to execute...

[Wed Jun 12 19:25:19 2024]
rule dynamic_solve:
    input: resources/DE_20_1.0_base_solved.nc
    output: resources/DE_20_1.0_wind_0.25_90_inv.nc, resources/DE_20_1.0_wind_0.25_90_invroll.nc
    jobid: 21
    reason: Missing output files: resources/DE_20_1.0_wind_0.25_90_inv.nc
    wildcards: country=DE, contingency=wind, buses=20, transmission_limit=1.0, reductionto=0.25, duration=90, model=inv
    resources: tmpdir=C:\Users\Jeremy\AppData\Local\Temp

[Wed Jun 12 19:25:30 2024]
Finished job 51.
59 of 145 steps (41%) done
Select jobs to execute...

[Wed Jun 12 19:25:30 2024]
rule dynamic_solve:
    input: resources/DE_20_1.0_base_solved.nc
    output: resources/DE_20_1.0_wind_0.75_270_noinv.nc, resources/DE_20_1.0_wind_0.75_270_noinvroll.nc
    jobid: 73
    reason: Missing output files: resources/DE_20_1.0_wind_0.75_270_noinv.nc
    wildcards: country=DE, contingency=wind, buses=20, transmission_limit=1.0, reductionto=0.75, duration=270, model=noinv
    resources: tmpdir=C:\Users\Jeremy\AppData\Local\Temp

[Wed Jun 12 19:25:32 2024]
Finished job 45.
60 of 145 steps (41%) done
Select jobs to execute...

[Wed Jun 12 19:25:32 2024]
rule dynamic_solve:
    input: resources/DE_20_1.0_base_solved.nc
    output: resources/DE_20_1.0_pv_0_270_inv.nc, resources/DE_20_1.0_pv_0_270_invroll.nc
    jobid: 7
    reason: Missing output files: resources/DE_20_1.0_pv_0_270_inv.nc
    wildcards: country=DE, contingency=pv, buses=20, transmission_limit=1.0, reductionto=0, duration=270, model=inv
    resources: tmpdir=C:\Users\Jeremy\AppData\Local\Temp

[Wed Jun 12 19:25:43 2024]
Finished job 31.
61 of 145 steps (42%) done
Select jobs to execute...

[Wed Jun 12 19:25:43 2024]
rule dynamic_solve:
    input: resources/DE_20_1.0_base_solved.nc
    output: resources/DE_20_1.0_wind_0.25_180_noinv.nc, resources/DE_20_1.0_wind_0.25_180_noinvroll.nc
    jobid: 59
    reason: Missing output files: resources/DE_20_1.0_wind_0.25_180_noinv.nc
    wildcards: country=DE, contingency=wind, buses=20, transmission_limit=1.0, reductionto=0.25, duration=180, model=noinv
    resources: tmpdir=C:\Users\Jeremy\AppData\Local\Temp

[Wed Jun 12 19:25:48 2024]
Finished job 21.
62 of 145 steps (43%) done
Select jobs to execute...

[Wed Jun 12 19:25:48 2024]
rule dynamic_solve:
    input: resources/DE_20_1.0_base_solved.nc
    output: resources/DE_20_1.0_pv_0_90_noinv.nc, resources/DE_20_1.0_pv_0_90_noinvroll.nc
    jobid: 39
    reason: Missing output files: resources/DE_20_1.0_pv_0_90_noinv.nc
    wildcards: country=DE, contingency=pv, buses=20, transmission_limit=1.0, reductionto=0, duration=90, model=noinv
    resources: tmpdir=C:\Users\Jeremy\AppData\Local\Temp

[Wed Jun 12 19:25:56 2024]
Finished job 73.
63 of 145 steps (43%) done
Select jobs to execute...

[Wed Jun 12 19:25:56 2024]
rule dynamic_solve:
    input: resources/DE_20_1.0_base_solved.nc
    output: resources/DE_20_1.0_wind_0.25_180_inv.nc, resources/DE_20_1.0_wind_0.25_180_invroll.nc
    jobid: 23
    reason: Missing output files: resources/DE_20_1.0_wind_0.25_180_inv.nc
    wildcards: country=DE, contingency=wind, buses=20, transmission_limit=1.0, reductionto=0.25, duration=180, model=inv
    resources: tmpdir=C:\Users\Jeremy\AppData\Local\Temp

[Wed Jun 12 19:26:01 2024]
Finished job 7.
64 of 145 steps (44%) done
Select jobs to execute...

[Wed Jun 12 19:26:01 2024]
rule dynamic_solve:
    input: resources/DE_20_1.0_base_solved.nc
    output: resources/DE_20_1.0_pv_0.5_90_inv.nc, resources/DE_20_1.0_pv_0.5_90_invroll.nc
    jobid: 15
    reason: Missing output files: resources/DE_20_1.0_pv_0.5_90_inv.nc
    wildcards: country=DE, contingency=pv, buses=20, transmission_limit=1.0, reductionto=0.5, duration=90, model=inv
    resources: tmpdir=C:\Users\Jeremy\AppData\Local\Temp

[Wed Jun 12 19:26:07 2024]
Finished job 59.
65 of 145 steps (45%) done
Select jobs to execute...

[Wed Jun 12 19:26:07 2024]
rule dynamic_solve:
    input: resources/DE_20_1.0_base_solved.nc
    output: resources/DE_20_1.0_pv_0.25_90_inv.nc, resources/DE_20_1.0_pv_0.25_90_invroll.nc
    jobid: 9
    reason: Missing output files: resources/DE_20_1.0_pv_0.25_90_inv.nc
    wildcards: country=DE, contingency=pv, buses=20, transmission_limit=1.0, reductionto=0.25, duration=90, model=inv
    resources: tmpdir=C:\Users\Jeremy\AppData\Local\Temp

[Wed Jun 12 19:26:13 2024]
Finished job 39.
66 of 145 steps (46%) done
Select jobs to execute...

[Wed Jun 12 19:26:13 2024]
rule dynamic_solve:
    input: resources/DE_20_1.0_base_solved.nc
    output: resources/DE_20_1.0_wind_0.5_270_noinv.nc, resources/DE_20_1.0_wind_0.5_270_noinvroll.nc
    jobid: 67
    reason: Missing output files: resources/DE_20_1.0_wind_0.5_270_noinv.nc
    wildcards: country=DE, contingency=wind, buses=20, transmission_limit=1.0, reductionto=0.5, duration=270, model=noinv
    resources: tmpdir=C:\Users\Jeremy\AppData\Local\Temp

[Wed Jun 12 19:26:25 2024]
Finished job 23.
67 of 145 steps (46%) done
Select jobs to execute...

[Wed Jun 12 19:26:25 2024]
rule dynamic_solve:
    input: resources/DE_20_1.0_base_solved.nc
    output: resources/DE_20_1.0_pv_0.5_180_noinv.nc, resources/DE_20_1.0_pv_0.5_180_noinvroll.nc
    jobid: 53
    reason: Missing output files: resources/DE_20_1.0_pv_0.5_180_noinv.nc
    wildcards: country=DE, contingency=pv, buses=20, transmission_limit=1.0, reductionto=0.5, duration=180, model=noinv
    resources: tmpdir=C:\Users\Jeremy\AppData\Local\Temp

[Wed Jun 12 19:26:30 2024]
Finished job 15.
68 of 145 steps (47%) done
Select jobs to execute...

[Wed Jun 12 19:26:30 2024]
rule dynamic_solve:
    input: resources/DE_20_1.0_base_solved.nc
    output: resources/DE_20_1.0_wind_0.75_90_inv.nc, resources/DE_20_1.0_wind_0.75_90_invroll.nc
    jobid: 33
    reason: Missing output files: resources/DE_20_1.0_wind_0.75_90_inv.nc
    wildcards: country=DE, contingency=wind, buses=20, transmission_limit=1.0, reductionto=0.75, duration=90, model=inv
    resources: tmpdir=C:\Users\Jeremy\AppData\Local\Temp

[Wed Jun 12 19:26:38 2024]
Finished job 67.
69 of 145 steps (48%) done
Select jobs to execute...

[Wed Jun 12 19:26:38 2024]
rule inst_cap_table:
    input: resources/DE_20_1.0_pv_0_90_inv.nc
    output: results/data/DE/pv/DE_20_1.0_pv_0_90_inv.csv
    jobid: 1
    reason: Missing output files: results/data/DE/pv/DE_20_1.0_pv_0_90_inv.csv; Input files updated by another job: resources/DE_20_1.0_pv_0_90_inv.nc
    wildcards: country=DE, contingency=pv, buses=20, transmission_limit=1.0, reductionto=0, duration=90, model=inv
    resources: tmpdir=C:\Users\Jeremy\AppData\Local\Temp

[Wed Jun 12 19:26:39 2024]
Finished job 9.
70 of 145 steps (48%) done
Select jobs to execute...

[Wed Jun 12 19:26:39 2024]
rule inst_cap_table:
    input: resources/DE_20_1.0_pv_0.25_90_inv.nc
    output: results/data/DE/pv/DE_20_1.0_pv_0.25_90_inv.csv
    jobid: 8
    reason: Missing output files: results/data/DE/pv/DE_20_1.0_pv_0.25_90_inv.csv; Input files updated by another job: resources/DE_20_1.0_pv_0.25_90_inv.nc
    wildcards: country=DE, contingency=pv, buses=20, transmission_limit=1.0, reductionto=0.25, duration=90, model=inv
    resources: tmpdir=C:\Users\Jeremy\AppData\Local\Temp

[Wed Jun 12 19:26:48 2024]
Error in rule inst_cap_table:
    jobid: 1
    input: resources/DE_20_1.0_pv_0_90_inv.nc
    output: results/data/DE/pv/DE_20_1.0_pv_0_90_inv.csv

RuleException:
CalledProcessError in file C:\Users\Jeremy\Documents\MasterThesis\Models\Snakefile, line 185:
Command 'python scripts/inst_cap.py resources/DE_20_1.0_pv_0_90_inv.nc results/data/DE/pv/DE_20_1.0_pv_0_90_inv.csv' returned non-zero exit status 1.
  File "C:\Users\Jeremy\Documents\MasterThesis\Models\Snakefile", line 185, in __rule_inst_cap_table
  File "C:\Users\Jeremy\anaconda3\envs\pypsa-eur\Lib\concurrent\futures\thread.py", line 58, in run
[Wed Jun 12 19:26:49 2024]
Error in rule inst_cap_table:
    jobid: 8
    input: resources/DE_20_1.0_pv_0.25_90_inv.nc
    output: results/data/DE/pv/DE_20_1.0_pv_0.25_90_inv.csv

RuleException:
CalledProcessError in file C:\Users\Jeremy\Documents\MasterThesis\Models\Snakefile, line 185:
Command 'python scripts/inst_cap.py resources/DE_20_1.0_pv_0.25_90_inv.nc results/data/DE/pv/DE_20_1.0_pv_0.25_90_inv.csv' returned non-zero exit status 1.
  File "C:\Users\Jeremy\Documents\MasterThesis\Models\Snakefile", line 185, in __rule_inst_cap_table
  File "C:\Users\Jeremy\anaconda3\envs\pypsa-eur\Lib\concurrent\futures\thread.py", line 58, in run
[Wed Jun 12 19:26:50 2024]
Finished job 53.
71 of 145 steps (49%) done
[Wed Jun 12 19:26:57 2024]
Finished job 33.
72 of 145 steps (50%) done
Shutting down, this might take some time.
Exiting because a job execution failed. Look above for error message
Complete log: .snakemake\log\2024-06-12T191823.764402.snakemake.log
