Building DAG of jobs...
Provided cores: 1 (use --cores to define parallelism)
Rules claiming more threads will be scaled down.
Job stats:
job                      count
---------------------  -------
all                          1
solve_contingencies          2
solve_rollinghorizons        2
total                        5

Select jobs to execute...

[Sun May 26 16:45:43 2024]
rule solve_contingencies:
    input: resources/DE_20_1.5_base_solved.nc
    output: resources/DE_20_1.5_pv_0_180_noinv.nc
    jobid: 8
    reason: Code has changed since last execution
    wildcards: country=DE, buses=20, transmission_limit=1.5, contingency=pv, reductionto=0, duration=180, model=noinv
    resources: tmpdir=C:\Users\Jeremy\AppData\Local\Temp

[Sun May 26 16:48:07 2024]
Finished job 8.
1 of 5 steps (20%) done
Select jobs to execute...

[Sun May 26 16:48:07 2024]
rule solve_contingencies:
    input: resources/DE_20_1.5_base_solved.nc
    output: resources/DE_20_1.5_pv_0_180_inv.nc
    jobid: 6
    reason: Code has changed since last execution
    wildcards: country=DE, buses=20, transmission_limit=1.5, contingency=pv, reductionto=0, duration=180, model=inv
    resources: tmpdir=C:\Users\Jeremy\AppData\Local\Temp

[Sun May 26 16:55:58 2024]
Finished job 6.
2 of 5 steps (40%) done
Select jobs to execute...

[Sun May 26 16:55:58 2024]
rule solve_rollinghorizons:
    input: resources/DE_20_1.5_pv_0_180_noinv.nc
    output: results/DE_20_1.5_pv_0_180_noinvroll.nc
    jobid: 7
    reason: Input files updated by another job: resources/DE_20_1.5_pv_0_180_noinv.nc
    wildcards: country=DE, buses=20, transmission_limit=1.5, contingency=pv, reductionto=0, duration=180, model=noinv
    resources: tmpdir=C:\Users\Jeremy\AppData\Local\Temp

[Sun May 26 16:55:58 2024]
Finished job 7.
3 of 5 steps (60%) done
Select jobs to execute...

[Sun May 26 16:55:58 2024]
rule solve_rollinghorizons:
    input: resources/DE_20_1.5_pv_0_180_inv.nc
    output: results/DE_20_1.5_pv_0_180_invroll.nc
    jobid: 5
    reason: Input files updated by another job: resources/DE_20_1.5_pv_0_180_inv.nc
    wildcards: country=DE, buses=20, transmission_limit=1.5, contingency=pv, reductionto=0, duration=180, model=inv
    resources: tmpdir=C:\Users\Jeremy\AppData\Local\Temp

[Sun May 26 16:55:58 2024]
Finished job 5.
4 of 5 steps (80%) done
Select jobs to execute...

[Sun May 26 16:55:58 2024]
localrule all:
    input: results/DE_20_1.0_pv_0_180_invroll.nc, results/DE_20_1.0_pv_0_180_noinvroll.nc, results/DE_20_1.5_pv_0_180_invroll.nc, results/DE_20_1.5_pv_0_180_noinvroll.nc
    jobid: 0
    reason: Input files updated by another job: results/DE_20_1.5_pv_0_180_noinvroll.nc, results/DE_20_1.5_pv_0_180_invroll.nc
    resources: tmpdir=C:\Users\Jeremy\AppData\Local\Temp

[Sun May 26 16:55:59 2024]
Finished job 0.
5 of 5 steps (100%) done
Complete log: .snakemake\log\2024-05-26T164542.056206.snakemake.log
