Building DAG of jobs...
Provided cores: 1 (use --cores to define parallelism)
Rules claiming more threads will be scaled down.
Job stats:
job                    count
-------------------  -------
all                        1
solve_contingencies        1
total                      2

Select jobs to execute...

[Sun May 26 11:03:25 2024]
rule solve_contingencies:
    input: resources/DE_20_1.0_base_solved.nc
    output: resources/DE_20_1.0_wind_0.5_180_inv.nc
    jobid: 3
    reason: Missing output files: resources/DE_20_1.0_wind_0.5_180_inv.nc
    wildcards: country=DE, buses=20, transmission_limit=1.0, contingency=wind, reductionto=0.5, duration=180, model=inv
    resources: tmpdir=C:\Users\Jeremy\AppData\Local\Temp

[Sun May 26 11:13:28 2024]
Finished job 3.
1 of 2 steps (50%) done
Select jobs to execute...

[Sun May 26 11:13:28 2024]
localrule all:
    input: resources/DE_20_1.0_pv_0.25_180_inv.nc, resources/DE_20_1.0_wind_0.5_180_inv.nc, resources/DE_20_1.0_pv_0.25_180_noinv.nc, resources/DE_20_1.0_wind_0.5_180_noinv.nc, resources/DE_20_1.5_pv_0.25_180_inv.nc, resources/DE_20_1.5_wind_0.5_180_inv.nc, resources/DE_20_1.5_pv_0.25_180_noinv.nc, resources/DE_20_1.5_wind_0.5_180_noinv.nc
    jobid: 0
    reason: Input files updated by another job: resources/DE_20_1.0_wind_0.5_180_inv.nc
    resources: tmpdir=C:\Users\Jeremy\AppData\Local\Temp

[Sun May 26 11:13:28 2024]
Finished job 0.
2 of 2 steps (100%) done
Complete log: .snakemake\log\2024-05-26T110325.630389.snakemake.log
