Building DAG of jobs...
Provided cores: 1 (use --cores to define parallelism)
Rules claiming more threads will be scaled down.
Job stats:
job                      count
---------------------  -------
all                          1
solve_contingencies          4
solve_rollinghorizons        4
total                        9

Select jobs to execute...

[Sun May 26 15:00:32 2024]
rule solve_contingencies:
    input: resources/DE_20_1.0_base_solved.nc
    output: resources/DE_20_1.0_pv_0.25_180_inv.nc
    jobid: 2
    reason: Code has changed since last execution
    wildcards: country=DE, buses=20, transmission_limit=1.0, contingency=pv, reductionto=0.25, duration=180, model=inv
    resources: tmpdir=C:\Users\Jeremy\AppData\Local\Temp

[Sun May 26 15:06:20 2024]
Finished job 2.
1 of 9 steps (11%) done
Select jobs to execute...

[Sun May 26 15:06:20 2024]
rule solve_contingencies:
    input: resources/DE_20_1.0_base_solved.nc
    output: resources/DE_20_1.0_pv_0.25_180_noinv.nc
    jobid: 4
    reason: Code has changed since last execution
    wildcards: country=DE, buses=20, transmission_limit=1.0, contingency=pv, reductionto=0.25, duration=180, model=noinv
    resources: tmpdir=C:\Users\Jeremy\AppData\Local\Temp

[Sun May 26 15:08:37 2024]
Finished job 4.
2 of 9 steps (22%) done
Select jobs to execute...

[Sun May 26 15:08:37 2024]
rule solve_contingencies:
    input: resources/DE_20_1.5_base_solved.nc
    output: resources/DE_20_1.5_pv_0.25_180_noinv.nc
    jobid: 8
    reason: Code has changed since last execution
    wildcards: country=DE, buses=20, transmission_limit=1.5, contingency=pv, reductionto=0.25, duration=180, model=noinv
    resources: tmpdir=C:\Users\Jeremy\AppData\Local\Temp

[Sun May 26 15:11:06 2024]
Finished job 8.
3 of 9 steps (33%) done
Select jobs to execute...

[Sun May 26 15:11:06 2024]
rule solve_contingencies:
    input: resources/DE_20_1.5_base_solved.nc
    output: resources/DE_20_1.5_pv_0.25_180_inv.nc
    jobid: 6
    reason: Code has changed since last execution
    wildcards: country=DE, buses=20, transmission_limit=1.5, contingency=pv, reductionto=0.25, duration=180, model=inv
    resources: tmpdir=C:\Users\Jeremy\AppData\Local\Temp

[Sun May 26 15:20:30 2024]
Error in rule solve_contingencies:
    jobid: 6
    input: resources/DE_20_1.5_base_solved.nc
    output: resources/DE_20_1.5_pv_0.25_180_inv.nc

RuleException:
CalledProcessError in file C:\Users\Jeremy\Documents\MasterThesis\Models\Snakefile, line 130:
Command 'python scripts/solve_contingencies.py resources/DE_20_1.5_base_solved.nc resources/DE_20_1.5_pv_0.25_180_inv.nc pv 0.25 180 inv 2013-02-01 00:00:00' returned non-zero exit status 3221225786.
  File "C:\Users\Jeremy\Documents\MasterThesis\Models\Snakefile", line 130, in __rule_solve_contingencies
  File "C:\Users\Jeremy\anaconda3\envs\pypsa-eur\Lib\concurrent\futures\thread.py", line 58, in run
Terminating processes on user request, this might take some time.
Complete log: .snakemake\log\2024-05-26T150031.460573.snakemake.log
