Building DAG of jobs...
Provided cores: 1 (use --cores to define parallelism)
Rules claiming more threads will be scaled down.
Job stats:
job                      count
---------------------  -------
all                          1
solve_contingencies          8
solve_rollinghorizons        8
total                       17

Select jobs to execute...

[Sun May 26 17:28:03 2024]
rule solve_contingencies:
    input: resources/DE_20_1.0_base_solved.nc
    output: resources/DE_20_1.0_pv_0_90_inv.nc
    jobid: 2
    reason: Code has changed since last execution
    wildcards: country=DE, buses=20, transmission_limit=1.0, contingency=pv, reductionto=0, duration=90, model=inv
    resources: tmpdir=C:\Users\Jeremy\AppData\Local\Temp

[Sun May 26 17:55:22 2024]
Finished job 2.
1 of 17 steps (6%) done
Select jobs to execute...

[Sun May 26 17:55:22 2024]
rule solve_contingencies:
    input: resources/DE_20_1.0_base_solved.nc
    output: resources/DE_20_1.0_pv_0_90_noinv.nc
    jobid: 8
    reason: Code has changed since last execution
    wildcards: country=DE, buses=20, transmission_limit=1.0, contingency=pv, reductionto=0, duration=90, model=noinv
    resources: tmpdir=C:\Users\Jeremy\AppData\Local\Temp

[Sun May 26 17:57:42 2024]
Finished job 8.
2 of 17 steps (12%) done
Select jobs to execute...

[Sun May 26 17:57:42 2024]
rule solve_contingencies:
    input: resources/DE_20_1.0_base_solved.nc
    output: resources/DE_20_1.0_pv_0_270_inv.nc
    jobid: 6
    reason: Code has changed since last execution
    wildcards: country=DE, buses=20, transmission_limit=1.0, contingency=pv, reductionto=0, duration=270, model=inv
    resources: tmpdir=C:\Users\Jeremy\AppData\Local\Temp

[Sun May 26 18:04:02 2024]
Finished job 6.
3 of 17 steps (18%) done
Select jobs to execute...

[Sun May 26 18:04:02 2024]
rule solve_contingencies:
    input: resources/DE_20_1.0_base_solved.nc
    output: resources/DE_20_1.0_pv_0_270_noinv.nc
    jobid: 12
    reason: Code has changed since last execution
    wildcards: country=DE, buses=20, transmission_limit=1.0, contingency=pv, reductionto=0, duration=270, model=noinv
    resources: tmpdir=C:\Users\Jeremy\AppData\Local\Temp

[Sun May 26 18:06:19 2024]
Finished job 12.
4 of 17 steps (24%) done
Select jobs to execute...

[Sun May 26 18:06:19 2024]
rule solve_rollinghorizons:
    input: resources/DE_20_1.0_pv_0_90_inv.nc
    output: results/DE_20_1.0_pv_0_90_invroll.nc
    jobid: 1
    reason: Input files updated by another job: resources/DE_20_1.0_pv_0_90_inv.nc
    wildcards: country=DE, buses=20, transmission_limit=1.0, contingency=pv, reductionto=0, duration=90, model=inv
    resources: tmpdir=C:\Users\Jeremy\AppData\Local\Temp

[Sun May 26 18:06:19 2024]
Finished job 1.
5 of 17 steps (29%) done
Select jobs to execute...

[Sun May 26 18:06:19 2024]
rule solve_rollinghorizons:
    input: resources/DE_20_1.0_pv_0_270_noinv.nc
    output: results/DE_20_1.0_pv_0_270_noinvroll.nc
    jobid: 11
    reason: Input files updated by another job: resources/DE_20_1.0_pv_0_270_noinv.nc
    wildcards: country=DE, buses=20, transmission_limit=1.0, contingency=pv, reductionto=0, duration=270, model=noinv
    resources: tmpdir=C:\Users\Jeremy\AppData\Local\Temp

[Sun May 26 18:06:19 2024]
Finished job 11.
6 of 17 steps (35%) done
Select jobs to execute...

[Sun May 26 18:06:19 2024]
rule solve_rollinghorizons:
    input: resources/DE_20_1.0_pv_0_90_noinv.nc
    output: results/DE_20_1.0_pv_0_90_noinvroll.nc
    jobid: 7
    reason: Input files updated by another job: resources/DE_20_1.0_pv_0_90_noinv.nc
    wildcards: country=DE, buses=20, transmission_limit=1.0, contingency=pv, reductionto=0, duration=90, model=noinv
    resources: tmpdir=C:\Users\Jeremy\AppData\Local\Temp

[Sun May 26 18:06:20 2024]
Finished job 7.
7 of 17 steps (41%) done
Select jobs to execute...

[Sun May 26 18:06:20 2024]
rule solve_contingencies:
    input: resources/DE_20_1.5_base_solved.nc
    output: resources/DE_20_1.5_pv_0_270_noinv.nc
    jobid: 24
    reason: Code has changed since last execution
    wildcards: country=DE, buses=20, transmission_limit=1.5, contingency=pv, reductionto=0, duration=270, model=noinv
    resources: tmpdir=C:\Users\Jeremy\AppData\Local\Temp

[Sun May 26 18:08:41 2024]
Finished job 24.
8 of 17 steps (47%) done
Select jobs to execute...

[Sun May 26 18:08:41 2024]
rule solve_contingencies:
    input: resources/DE_20_1.5_base_solved.nc
    output: resources/DE_20_1.5_pv_0_90_inv.nc
    jobid: 14
    reason: Code has changed since last execution
    wildcards: country=DE, buses=20, transmission_limit=1.5, contingency=pv, reductionto=0, duration=90, model=inv
    resources: tmpdir=C:\Users\Jeremy\AppData\Local\Temp

[Sun May 26 18:16:30 2024]
Finished job 14.
9 of 17 steps (53%) done
Select jobs to execute...

[Sun May 26 18:16:30 2024]
rule solve_contingencies:
    input: resources/DE_20_1.5_base_solved.nc
    output: resources/DE_20_1.5_pv_0_270_inv.nc
    jobid: 18
    reason: Code has changed since last execution
    wildcards: country=DE, buses=20, transmission_limit=1.5, contingency=pv, reductionto=0, duration=270, model=inv
    resources: tmpdir=C:\Users\Jeremy\AppData\Local\Temp

[Sun May 26 18:27:02 2024]
Finished job 18.
10 of 17 steps (59%) done
Select jobs to execute...

[Sun May 26 18:27:02 2024]
rule solve_contingencies:
    input: resources/DE_20_1.5_base_solved.nc
    output: resources/DE_20_1.5_pv_0_90_noinv.nc
    jobid: 20
    reason: Code has changed since last execution
    wildcards: country=DE, buses=20, transmission_limit=1.5, contingency=pv, reductionto=0, duration=90, model=noinv
    resources: tmpdir=C:\Users\Jeremy\AppData\Local\Temp

[Sun May 26 18:29:25 2024]
Finished job 20.
11 of 17 steps (65%) done
Select jobs to execute...

[Sun May 26 18:29:25 2024]
rule solve_rollinghorizons:
    input: resources/DE_20_1.5_pv_0_90_inv.nc
    output: results/DE_20_1.5_pv_0_90_invroll.nc
    jobid: 13
    reason: Input files updated by another job: resources/DE_20_1.5_pv_0_90_inv.nc
    wildcards: country=DE, buses=20, transmission_limit=1.5, contingency=pv, reductionto=0, duration=90, model=inv
    resources: tmpdir=C:\Users\Jeremy\AppData\Local\Temp

[Sun May 26 18:29:25 2024]
Finished job 13.
12 of 17 steps (71%) done
Select jobs to execute...

[Sun May 26 18:29:25 2024]
rule solve_rollinghorizons:
    input: resources/DE_20_1.5_pv_0_90_noinv.nc
    output: results/DE_20_1.5_pv_0_90_noinvroll.nc
    jobid: 19
    reason: Input files updated by another job: resources/DE_20_1.5_pv_0_90_noinv.nc
    wildcards: country=DE, buses=20, transmission_limit=1.5, contingency=pv, reductionto=0, duration=90, model=noinv
    resources: tmpdir=C:\Users\Jeremy\AppData\Local\Temp

[Sun May 26 18:29:25 2024]
Finished job 19.
13 of 17 steps (76%) done
Select jobs to execute...

[Sun May 26 18:29:25 2024]
rule solve_rollinghorizons:
    input: resources/DE_20_1.5_pv_0_270_noinv.nc
    output: results/DE_20_1.5_pv_0_270_noinvroll.nc
    jobid: 23
    reason: Input files updated by another job: resources/DE_20_1.5_pv_0_270_noinv.nc
    wildcards: country=DE, buses=20, transmission_limit=1.5, contingency=pv, reductionto=0, duration=270, model=noinv
    resources: tmpdir=C:\Users\Jeremy\AppData\Local\Temp

[Sun May 26 18:29:25 2024]
Finished job 23.
14 of 17 steps (82%) done
Select jobs to execute...

[Sun May 26 18:29:25 2024]
rule solve_rollinghorizons:
    input: resources/DE_20_1.5_pv_0_270_inv.nc
    output: results/DE_20_1.5_pv_0_270_invroll.nc
    jobid: 17
    reason: Input files updated by another job: resources/DE_20_1.5_pv_0_270_inv.nc
    wildcards: country=DE, buses=20, transmission_limit=1.5, contingency=pv, reductionto=0, duration=270, model=inv
    resources: tmpdir=C:\Users\Jeremy\AppData\Local\Temp

[Sun May 26 18:29:25 2024]
Finished job 17.
15 of 17 steps (88%) done
Select jobs to execute...

[Sun May 26 18:29:25 2024]
rule solve_rollinghorizons:
    input: resources/DE_20_1.0_pv_0_270_inv.nc
    output: results/DE_20_1.0_pv_0_270_invroll.nc
    jobid: 5
    reason: Input files updated by another job: resources/DE_20_1.0_pv_0_270_inv.nc
    wildcards: country=DE, buses=20, transmission_limit=1.0, contingency=pv, reductionto=0, duration=270, model=inv
    resources: tmpdir=C:\Users\Jeremy\AppData\Local\Temp

[Sun May 26 18:29:25 2024]
Finished job 5.
16 of 17 steps (94%) done
Select jobs to execute...

[Sun May 26 18:29:25 2024]
localrule all:
    input: results/DE_20_1.0_pv_0_90_invroll.nc, results/DE_20_1.0_pv_0_180_invroll.nc, results/DE_20_1.0_pv_0_270_invroll.nc, results/DE_20_1.0_pv_0_90_invroll.nc, results/DE_20_1.0_pv_0_180_invroll.nc, results/DE_20_1.0_pv_0_270_invroll.nc, results/DE_20_1.0_pv_0_90_invroll.nc, results/DE_20_1.0_pv_0_180_invroll.nc, results/DE_20_1.0_pv_0_270_invroll.nc, results/DE_20_1.0_pv_0_90_noinvroll.nc, results/DE_20_1.0_pv_0_180_noinvroll.nc, results/DE_20_1.0_pv_0_270_noinvroll.nc, results/DE_20_1.0_pv_0_90_noinvroll.nc, results/DE_20_1.0_pv_0_180_noinvroll.nc, results/DE_20_1.0_pv_0_270_noinvroll.nc, results/DE_20_1.0_pv_0_90_noinvroll.nc, results/DE_20_1.0_pv_0_180_noinvroll.nc, results/DE_20_1.0_pv_0_270_noinvroll.nc, results/DE_20_1.5_pv_0_90_invroll.nc, results/DE_20_1.5_pv_0_180_invroll.nc, results/DE_20_1.5_pv_0_270_invroll.nc, results/DE_20_1.5_pv_0_90_invroll.nc, results/DE_20_1.5_pv_0_180_invroll.nc, results/DE_20_1.5_pv_0_270_invroll.nc, results/DE_20_1.5_pv_0_90_invroll.nc, results/DE_20_1.5_pv_0_180_invroll.nc, results/DE_20_1.5_pv_0_270_invroll.nc, results/DE_20_1.5_pv_0_90_noinvroll.nc, results/DE_20_1.5_pv_0_180_noinvroll.nc, results/DE_20_1.5_pv_0_270_noinvroll.nc, results/DE_20_1.5_pv_0_90_noinvroll.nc, results/DE_20_1.5_pv_0_180_noinvroll.nc, results/DE_20_1.5_pv_0_270_noinvroll.nc, results/DE_20_1.5_pv_0_90_noinvroll.nc, results/DE_20_1.5_pv_0_180_noinvroll.nc, results/DE_20_1.5_pv_0_270_noinvroll.nc
    jobid: 0
    reason: Input files updated by another job: results/DE_20_1.0_pv_0_90_invroll.nc, results/DE_20_1.0_pv_0_270_invroll.nc, results/DE_20_1.5_pv_0_90_noinvroll.nc, results/DE_20_1.0_pv_0_270_noinvroll.nc, results/DE_20_1.5_pv_0_270_invroll.nc, results/DE_20_1.5_pv_0_270_noinvroll.nc, results/DE_20_1.5_pv_0_90_invroll.nc, results/DE_20_1.0_pv_0_90_noinvroll.nc
    resources: tmpdir=C:\Users\Jeremy\AppData\Local\Temp

[Sun May 26 18:29:25 2024]
Finished job 0.
17 of 17 steps (100%) done
Complete log: .snakemake\log\2024-05-26T172802.361678.snakemake.log
