Building DAG of jobs...
Provided cores: 1 (use --cores to define parallelism)
Rules claiming more threads will be scaled down.
Job stats:
job                      count
---------------------  -------
all                          1
solve_contingencies          4
solve_rollinghorizons        4
total                        9

Select jobs to execute...

[Sun May 26 16:26:05 2024]
rule solve_contingencies:
    input: resources/DE_20_1.0_base_solved.nc
    output: resources/DE_20_1.0_pv_0.25_180_inv.nc
    jobid: 2
    reason: Missing output files: resources/DE_20_1.0_pv_0.25_180_inv.nc
    wildcards: country=DE, buses=20, transmission_limit=1.0, contingency=pv, reductionto=0.25, duration=180, model=inv
    resources: tmpdir=C:\Users\Jeremy\AppData\Local\Temp

[Sun May 26 16:26:05 2024]
Finished job 2.
1 of 9 steps (11%) done
Select jobs to execute...

[Sun May 26 16:26:05 2024]
rule solve_contingencies:
    input: resources/DE_20_1.0_base_solved.nc
    output: resources/DE_20_1.0_pv_0.25_180_noinv.nc
    jobid: 4
    reason: Missing output files: resources/DE_20_1.0_pv_0.25_180_noinv.nc
    wildcards: country=DE, buses=20, transmission_limit=1.0, contingency=pv, reductionto=0.25, duration=180, model=noinv
    resources: tmpdir=C:\Users\Jeremy\AppData\Local\Temp

[Sun May 26 16:26:05 2024]
Finished job 4.
2 of 9 steps (22%) done
Select jobs to execute...

[Sun May 26 16:26:05 2024]
rule solve_contingencies:
    input: resources/DE_20_1.5_base_solved.nc
    output: resources/DE_20_1.5_pv_0.25_180_noinv.nc
    jobid: 8
    reason: Missing output files: resources/DE_20_1.5_pv_0.25_180_noinv.nc
    wildcards: country=DE, buses=20, transmission_limit=1.5, contingency=pv, reductionto=0.25, duration=180, model=noinv
    resources: tmpdir=C:\Users\Jeremy\AppData\Local\Temp

[Sun May 26 16:26:05 2024]
Finished job 8.
3 of 9 steps (33%) done
Select jobs to execute...

[Sun May 26 16:26:05 2024]
rule solve_contingencies:
    input: resources/DE_20_1.5_base_solved.nc
    output: resources/DE_20_1.5_pv_0.25_180_inv.nc
    jobid: 6
    reason: Missing output files: resources/DE_20_1.5_pv_0.25_180_inv.nc
    wildcards: country=DE, buses=20, transmission_limit=1.5, contingency=pv, reductionto=0.25, duration=180, model=inv
    resources: tmpdir=C:\Users\Jeremy\AppData\Local\Temp

[Sun May 26 16:26:05 2024]
Finished job 6.
4 of 9 steps (44%) done
Select jobs to execute...

[Sun May 26 16:26:05 2024]
rule solve_rollinghorizons:
    input: resources/DE_20_1.5_pv_0.25_180_noinv.nc
    output: results/DE_20_1.5_pv_0.25_180_noinvroll.nc
    jobid: 7
    reason: Missing output files: results/DE_20_1.5_pv_0.25_180_noinvroll.nc; Input files updated by another job: resources/DE_20_1.5_pv_0.25_180_noinv.nc
    wildcards: country=DE, buses=20, transmission_limit=1.5, contingency=pv, reductionto=0.25, duration=180, model=noinv
    resources: tmpdir=C:\Users\Jeremy\AppData\Local\Temp

[Sun May 26 16:26:05 2024]
Finished job 7.
5 of 9 steps (56%) done
Select jobs to execute...

[Sun May 26 16:26:05 2024]
rule solve_rollinghorizons:
    input: resources/DE_20_1.5_pv_0.25_180_inv.nc
    output: results/DE_20_1.5_pv_0.25_180_invroll.nc
    jobid: 5
    reason: Missing output files: results/DE_20_1.5_pv_0.25_180_invroll.nc; Input files updated by another job: resources/DE_20_1.5_pv_0.25_180_inv.nc
    wildcards: country=DE, buses=20, transmission_limit=1.5, contingency=pv, reductionto=0.25, duration=180, model=inv
    resources: tmpdir=C:\Users\Jeremy\AppData\Local\Temp

[Sun May 26 16:26:05 2024]
Finished job 5.
6 of 9 steps (67%) done
Select jobs to execute...

[Sun May 26 16:26:05 2024]
rule solve_rollinghorizons:
    input: resources/DE_20_1.0_pv_0.25_180_inv.nc
    output: results/DE_20_1.0_pv_0.25_180_invroll.nc
    jobid: 1
    reason: Missing output files: results/DE_20_1.0_pv_0.25_180_invroll.nc; Input files updated by another job: resources/DE_20_1.0_pv_0.25_180_inv.nc
    wildcards: country=DE, buses=20, transmission_limit=1.0, contingency=pv, reductionto=0.25, duration=180, model=inv
    resources: tmpdir=C:\Users\Jeremy\AppData\Local\Temp

[Sun May 26 16:26:05 2024]
Finished job 1.
7 of 9 steps (78%) done
Select jobs to execute...

[Sun May 26 16:26:05 2024]
rule solve_rollinghorizons:
    input: resources/DE_20_1.0_pv_0.25_180_noinv.nc
    output: results/DE_20_1.0_pv_0.25_180_noinvroll.nc
    jobid: 3
    reason: Missing output files: results/DE_20_1.0_pv_0.25_180_noinvroll.nc; Input files updated by another job: resources/DE_20_1.0_pv_0.25_180_noinv.nc
    wildcards: country=DE, buses=20, transmission_limit=1.0, contingency=pv, reductionto=0.25, duration=180, model=noinv
    resources: tmpdir=C:\Users\Jeremy\AppData\Local\Temp

[Sun May 26 16:26:05 2024]
Finished job 3.
8 of 9 steps (89%) done
Select jobs to execute...

[Sun May 26 16:26:05 2024]
localrule all:
    input: results/DE_20_1.0_pv_0.25_180_invroll.nc, results/DE_20_1.0_pv_0.25_180_noinvroll.nc, results/DE_20_1.5_pv_0.25_180_invroll.nc, results/DE_20_1.5_pv_0.25_180_noinvroll.nc
    jobid: 0
    reason: Input files updated by another job: results/DE_20_1.0_pv_0.25_180_noinvroll.nc, results/DE_20_1.0_pv_0.25_180_invroll.nc, results/DE_20_1.5_pv_0.25_180_invroll.nc, results/DE_20_1.5_pv_0.25_180_noinvroll.nc
    resources: tmpdir=C:\Users\Jeremy\AppData\Local\Temp

[Sun May 26 16:26:05 2024]
Finished job 0.
9 of 9 steps (100%) done
Complete log: .snakemake\log\2024-05-26T162604.212422.snakemake.log
