Building DAG of jobs...
Provided cores: 4
Rules claiming more threads will be scaled down.
Job stats:
job              count
-------------  -------
all                  1
dynamic_solve       36
total               37

Select jobs to execute...

[Sun Jun  9 12:26:40 2024]
rule dynamic_solve:
    input: resources/ES_8_1.5_base_solved.nc
    output: resources/ES_8_1.5_pv_0_90_noinv.nc, results/ES_8_1.5_pv_0_90_noinvroll.nc
    jobid: 36
    reason: Missing output files: results/ES_8_1.5_pv_0_90_noinvroll.nc; Code has changed since last execution
    wildcards: country=ES, buses=8, transmission_limit=1.5, contingency=pv, reductionto=0, duration=90, model=noinv
    resources: tmpdir=C:\Users\Jeremy\AppData\Local\Temp


[Sun Jun  9 12:26:40 2024]
rule dynamic_solve:
    input: resources/ES_8_1.5_base_solved.nc
    output: resources/ES_8_1.5_pv_0.25_270_noinv.nc, results/ES_8_1.5_pv_0.25_270_noinvroll.nc
    jobid: 35
    reason: Missing output files: results/ES_8_1.5_pv_0.25_270_noinvroll.nc; Code has changed since last execution
    wildcards: country=ES, buses=8, transmission_limit=1.5, contingency=pv, reductionto=0.25, duration=270, model=noinv
    resources: tmpdir=C:\Users\Jeremy\AppData\Local\Temp


[Sun Jun  9 12:26:40 2024]
rule dynamic_solve:
    input: resources/ES_8_1.5_base_solved.nc
    output: resources/ES_8_1.5_pv_0_90_inv.nc, results/ES_8_1.5_pv_0_90_invroll.nc
    jobid: 27
    reason: Missing output files: results/ES_8_1.5_pv_0_90_invroll.nc; Code has changed since last execution
    wildcards: country=ES, buses=8, transmission_limit=1.5, contingency=pv, reductionto=0, duration=90, model=inv
    resources: tmpdir=C:\Users\Jeremy\AppData\Local\Temp

[Sun Jun  9 12:26:40 2024]
rule dynamic_solve:
    input: resources/ES_8_1.5_base_solved.nc
    output: resources/ES_8_1.5_pv_0.5_180_inv.nc, results/ES_8_1.5_pv_0.5_180_invroll.nc
    jobid: 22
    reason: Missing output files: results/ES_8_1.5_pv_0.5_180_invroll.nc; Code has changed since last execution
    wildcards: country=ES, buses=8, transmission_limit=1.5, contingency=pv, reductionto=0.5, duration=180, model=inv
    resources: tmpdir=C:\Users\Jeremy\AppData\Local\Temp

[Sun Jun  9 12:27:01 2024]
Finished job 35.
1 of 37 steps (3%) done
Select jobs to execute...

[Sun Jun  9 12:27:01 2024]
rule dynamic_solve:
    input: resources/ES_8_1.5_base_solved.nc
    output: resources/ES_8_1.5_pv_0_180_inv.nc, results/ES_8_1.5_pv_0_180_invroll.nc
    jobid: 28
    reason: Missing output files: results/ES_8_1.5_pv_0_180_invroll.nc; Code has changed since last execution
    wildcards: country=ES, buses=8, transmission_limit=1.5, contingency=pv, reductionto=0, duration=180, model=inv
    resources: tmpdir=C:\Users\Jeremy\AppData\Local\Temp

[Sun Jun  9 12:27:01 2024]
Finished job 36.
2 of 37 steps (5%) done
Select jobs to execute...

[Sun Jun  9 12:27:01 2024]
rule dynamic_solve:
    input: resources/ES_8_1.5_base_solved.nc
    output: resources/ES_8_1.5_pv_0_180_noinv.nc, results/ES_8_1.5_pv_0_180_noinvroll.nc
    jobid: 37
    reason: Missing output files: results/ES_8_1.5_pv_0_180_noinvroll.nc; Code has changed since last execution
    wildcards: country=ES, buses=8, transmission_limit=1.5, contingency=pv, reductionto=0, duration=180, model=noinv
    resources: tmpdir=C:\Users\Jeremy\AppData\Local\Temp

[Sun Jun  9 12:27:03 2024]
Finished job 27.
3 of 37 steps (8%) done
Select jobs to execute...

[Sun Jun  9 12:27:03 2024]
rule dynamic_solve:
    input: resources/ES_8_1.5_base_solved.nc
    output: resources/ES_8_1.5_pv_0_270_inv.nc, results/ES_8_1.5_pv_0_270_invroll.nc
    jobid: 29
    reason: Missing output files: results/ES_8_1.5_pv_0_270_invroll.nc; Code has changed since last execution
    wildcards: country=ES, buses=8, transmission_limit=1.5, contingency=pv, reductionto=0, duration=270, model=inv
    resources: tmpdir=C:\Users\Jeremy\AppData\Local\Temp

[Sun Jun  9 12:27:03 2024]
Finished job 22.
4 of 37 steps (11%) done
Select jobs to execute...

[Sun Jun  9 12:27:03 2024]
rule dynamic_solve:
    input: resources/ES_8_1.5_base_solved.nc
    output: resources/ES_8_1.5_pv_0.5_270_inv.nc, results/ES_8_1.5_pv_0.5_270_invroll.nc
    jobid: 23
    reason: Missing output files: results/ES_8_1.5_pv_0.5_270_invroll.nc; Code has changed since last execution
    wildcards: country=ES, buses=8, transmission_limit=1.5, contingency=pv, reductionto=0.5, duration=270, model=inv
    resources: tmpdir=C:\Users\Jeremy\AppData\Local\Temp

[Sun Jun  9 12:27:23 2024]
Finished job 37.
5 of 37 steps (14%) done
Select jobs to execute...

[Sun Jun  9 12:27:23 2024]
rule dynamic_solve:
    input: resources/ES_8_1.5_base_solved.nc
    output: resources/ES_8_1.5_pv_0_270_noinv.nc, results/ES_8_1.5_pv_0_270_noinvroll.nc
    jobid: 38
    reason: Missing output files: results/ES_8_1.5_pv_0_270_noinvroll.nc; Code has changed since last execution
    wildcards: country=ES, buses=8, transmission_limit=1.5, contingency=pv, reductionto=0, duration=270, model=noinv
    resources: tmpdir=C:\Users\Jeremy\AppData\Local\Temp

[Sun Jun  9 12:27:24 2024]
Finished job 28.
6 of 37 steps (16%) done
Select jobs to execute...

[Sun Jun  9 12:27:24 2024]
rule dynamic_solve:
    input: resources/ES_8_1.5_base_solved.nc
    output: resources/ES_8_1.5_pv_0.5_90_noinv.nc, results/ES_8_1.5_pv_0.5_90_noinvroll.nc
    jobid: 30
    reason: Missing output files: results/ES_8_1.5_pv_0.5_90_noinvroll.nc; Code has changed since last execution
    wildcards: country=ES, buses=8, transmission_limit=1.5, contingency=pv, reductionto=0.5, duration=90, model=noinv
    resources: tmpdir=C:\Users\Jeremy\AppData\Local\Temp

[Sun Jun  9 12:27:26 2024]
Finished job 29.
7 of 37 steps (19%) done
Select jobs to execute...

[Sun Jun  9 12:27:26 2024]
rule dynamic_solve:
    input: resources/ES_8_1.5_base_solved.nc
    output: resources/ES_8_1.5_pv_0.25_90_inv.nc, results/ES_8_1.5_pv_0.25_90_invroll.nc
    jobid: 24
    reason: Missing output files: results/ES_8_1.5_pv_0.25_90_invroll.nc; Code has changed since last execution
    wildcards: country=ES, buses=8, transmission_limit=1.5, contingency=pv, reductionto=0.25, duration=90, model=inv
    resources: tmpdir=C:\Users\Jeremy\AppData\Local\Temp

[Sun Jun  9 12:27:26 2024]
Finished job 23.
8 of 37 steps (22%) done
Select jobs to execute...

[Sun Jun  9 12:27:26 2024]
rule dynamic_solve:
    input: resources/ES_8_1.5_base_solved.nc
    output: resources/ES_8_1.5_pv_0.5_180_noinv.nc, results/ES_8_1.5_pv_0.5_180_noinvroll.nc
    jobid: 31
    reason: Missing output files: results/ES_8_1.5_pv_0.5_180_noinvroll.nc; Code has changed since last execution
    wildcards: country=ES, buses=8, transmission_limit=1.5, contingency=pv, reductionto=0.5, duration=180, model=noinv
    resources: tmpdir=C:\Users\Jeremy\AppData\Local\Temp

[Sun Jun  9 12:27:45 2024]
Finished job 38.
9 of 37 steps (24%) done
Select jobs to execute...

[Sun Jun  9 12:27:45 2024]
rule dynamic_solve:
    input: resources/ES_8_1.5_base_solved.nc
    output: resources/ES_8_1.5_pv_0.25_180_inv.nc, results/ES_8_1.5_pv_0.25_180_invroll.nc
    jobid: 25
    reason: Missing output files: results/ES_8_1.5_pv_0.25_180_invroll.nc; Code has changed since last execution
    wildcards: country=ES, buses=8, transmission_limit=1.5, contingency=pv, reductionto=0.25, duration=180, model=inv
    resources: tmpdir=C:\Users\Jeremy\AppData\Local\Temp

[Sun Jun  9 12:27:47 2024]
Finished job 30.
10 of 37 steps (27%) done
Select jobs to execute...

[Sun Jun  9 12:27:47 2024]
rule dynamic_solve:
    input: resources/ES_8_1.5_base_solved.nc
    output: resources/ES_8_1.5_pv_0.25_90_noinv.nc, results/ES_8_1.5_pv_0.25_90_noinvroll.nc
    jobid: 33
    reason: Missing output files: results/ES_8_1.5_pv_0.25_90_noinvroll.nc; Code has changed since last execution
    wildcards: country=ES, buses=8, transmission_limit=1.5, contingency=pv, reductionto=0.25, duration=90, model=noinv
    resources: tmpdir=C:\Users\Jeremy\AppData\Local\Temp

[Sun Jun  9 12:27:48 2024]
Finished job 31.
11 of 37 steps (30%) done
Select jobs to execute...

[Sun Jun  9 12:27:48 2024]
rule dynamic_solve:
    input: resources/ES_8_1.5_base_solved.nc
    output: resources/ES_8_1.5_pv_0.25_270_inv.nc, results/ES_8_1.5_pv_0.25_270_invroll.nc
    jobid: 26
    reason: Missing output files: results/ES_8_1.5_pv_0.25_270_invroll.nc; Code has changed since last execution
    wildcards: country=ES, buses=8, transmission_limit=1.5, contingency=pv, reductionto=0.25, duration=270, model=inv
    resources: tmpdir=C:\Users\Jeremy\AppData\Local\Temp

[Sun Jun  9 12:27:50 2024]
Finished job 24.
12 of 37 steps (32%) done
Select jobs to execute...

[Sun Jun  9 12:27:50 2024]
rule dynamic_solve:
    input: resources/ES_8_1.5_base_solved.nc
    output: resources/ES_8_1.5_pv_0.25_180_noinv.nc, results/ES_8_1.5_pv_0.25_180_noinvroll.nc
    jobid: 34
    reason: Missing output files: results/ES_8_1.5_pv_0.25_180_noinvroll.nc; Code has changed since last execution
    wildcards: country=ES, buses=8, transmission_limit=1.5, contingency=pv, reductionto=0.25, duration=180, model=noinv
    resources: tmpdir=C:\Users\Jeremy\AppData\Local\Temp

[Sun Jun  9 12:28:09 2024]
Finished job 25.
13 of 37 steps (35%) done
Select jobs to execute...

[Sun Jun  9 12:28:09 2024]
rule dynamic_solve:
    input: resources/ES_8_1.5_base_solved.nc
    output: resources/ES_8_1.5_pv_0.5_270_noinv.nc, results/ES_8_1.5_pv_0.5_270_noinvroll.nc
    jobid: 32
    reason: Missing output files: results/ES_8_1.5_pv_0.5_270_noinvroll.nc; Code has changed since last execution
    wildcards: country=ES, buses=8, transmission_limit=1.5, contingency=pv, reductionto=0.5, duration=270, model=noinv
    resources: tmpdir=C:\Users\Jeremy\AppData\Local\Temp

[Sun Jun  9 12:28:09 2024]
Finished job 33.
14 of 37 steps (38%) done
Select jobs to execute...

[Sun Jun  9 12:28:09 2024]
rule dynamic_solve:
    input: resources/ES_8_1.5_base_solved.nc
    output: resources/ES_8_1.5_pv_0.5_90_inv.nc, results/ES_8_1.5_pv_0.5_90_invroll.nc
    jobid: 20
    reason: Missing output files: results/ES_8_1.5_pv_0.5_90_invroll.nc; Code has changed since last execution
    wildcards: country=ES, buses=8, transmission_limit=1.5, contingency=pv, reductionto=0.5, duration=90, model=inv
    resources: tmpdir=C:\Users\Jeremy\AppData\Local\Temp

[Sun Jun  9 12:28:13 2024]
Finished job 26.
15 of 37 steps (41%) done
Select jobs to execute...

[Sun Jun  9 12:28:13 2024]
rule dynamic_solve:
    input: resources/ES_8_1.0_base_solved.nc
    output: resources/ES_8_1.0_pv_0.25_90_inv.nc, results/ES_8_1.0_pv_0.25_90_invroll.nc
    jobid: 5
    reason: Missing output files: results/ES_8_1.0_pv_0.25_90_invroll.nc; Code has changed since last execution
    wildcards: country=ES, buses=8, transmission_limit=1.0, contingency=pv, reductionto=0.25, duration=90, model=inv
    resources: tmpdir=C:\Users\Jeremy\AppData\Local\Temp

[Sun Jun  9 12:28:13 2024]
Finished job 34.
16 of 37 steps (43%) done
Select jobs to execute...

[Sun Jun  9 12:28:13 2024]
rule dynamic_solve:
    input: resources/ES_8_1.0_base_solved.nc
    output: resources/ES_8_1.0_pv_0.25_180_noinv.nc, results/ES_8_1.0_pv_0.25_180_noinvroll.nc
    jobid: 15
    reason: Missing output files: results/ES_8_1.0_pv_0.25_180_noinvroll.nc; Code has changed since last execution
    wildcards: country=ES, buses=8, transmission_limit=1.0, contingency=pv, reductionto=0.25, duration=180, model=noinv
    resources: tmpdir=C:\Users\Jeremy\AppData\Local\Temp

[Sun Jun  9 12:28:35 2024]
Finished job 32.
17 of 37 steps (46%) done
Select jobs to execute...

[Sun Jun  9 12:28:35 2024]
rule dynamic_solve:
    input: resources/ES_8_1.0_base_solved.nc
    output: resources/ES_8_1.0_pv_0.25_270_inv.nc, results/ES_8_1.0_pv_0.25_270_invroll.nc
    jobid: 7
    reason: Missing output files: results/ES_8_1.0_pv_0.25_270_invroll.nc; Code has changed since last execution
    wildcards: country=ES, buses=8, transmission_limit=1.0, contingency=pv, reductionto=0.25, duration=270, model=inv
    resources: tmpdir=C:\Users\Jeremy\AppData\Local\Temp

[Sun Jun  9 12:28:38 2024]
Finished job 20.
18 of 37 steps (49%) done
Select jobs to execute...

[Sun Jun  9 12:28:38 2024]
rule dynamic_solve:
    input: resources/ES_8_1.0_base_solved.nc
    output: resources/ES_8_1.0_pv_0.5_90_inv.nc, results/ES_8_1.0_pv_0.5_90_invroll.nc
    jobid: 1
    reason: Missing output files: results/ES_8_1.0_pv_0.5_90_invroll.nc; Code has changed since last execution
    wildcards: country=ES, buses=8, transmission_limit=1.0, contingency=pv, reductionto=0.5, duration=90, model=inv
    resources: tmpdir=C:\Users\Jeremy\AppData\Local\Temp

[Sun Jun  9 12:28:39 2024]
Finished job 15.
19 of 37 steps (51%) done
Select jobs to execute...

[Sun Jun  9 12:28:39 2024]
rule dynamic_solve:
    input: resources/ES_8_1.0_base_solved.nc
    output: resources/ES_8_1.0_pv_0_90_noinv.nc, results/ES_8_1.0_pv_0_90_noinvroll.nc
    jobid: 17
    reason: Missing output files: results/ES_8_1.0_pv_0_90_noinvroll.nc; Code has changed since last execution
    wildcards: country=ES, buses=8, transmission_limit=1.0, contingency=pv, reductionto=0, duration=90, model=noinv
    resources: tmpdir=C:\Users\Jeremy\AppData\Local\Temp

[Sun Jun  9 12:28:42 2024]
Finished job 5.
20 of 37 steps (54%) done
Select jobs to execute...

[Sun Jun  9 12:28:42 2024]
rule dynamic_solve:
    input: resources/ES_8_1.0_base_solved.nc
    output: resources/ES_8_1.0_pv_0_270_noinv.nc, results/ES_8_1.0_pv_0_270_noinvroll.nc
    jobid: 19
    reason: Missing output files: results/ES_8_1.0_pv_0_270_noinvroll.nc; Code has changed since last execution
    wildcards: country=ES, buses=8, transmission_limit=1.0, contingency=pv, reductionto=0, duration=270, model=noinv
    resources: tmpdir=C:\Users\Jeremy\AppData\Local\Temp

[Sun Jun  9 12:29:03 2024]
Finished job 7.
21 of 37 steps (57%) done
Select jobs to execute...

[Sun Jun  9 12:29:03 2024]
rule dynamic_solve:
    input: resources/ES_8_1.0_base_solved.nc
    output: resources/ES_8_1.0_pv_0_180_noinv.nc, results/ES_8_1.0_pv_0_180_noinvroll.nc
    jobid: 18
    reason: Missing output files: results/ES_8_1.0_pv_0_180_noinvroll.nc; Code has changed since last execution
    wildcards: country=ES, buses=8, transmission_limit=1.0, contingency=pv, reductionto=0, duration=180, model=noinv
    resources: tmpdir=C:\Users\Jeremy\AppData\Local\Temp

[Sun Jun  9 12:29:04 2024]
Finished job 17.
22 of 37 steps (59%) done
Select jobs to execute...

[Sun Jun  9 12:29:04 2024]
rule dynamic_solve:
    input: resources/ES_8_1.0_base_solved.nc
    output: resources/ES_8_1.0_pv_0_90_inv.nc, results/ES_8_1.0_pv_0_90_invroll.nc
    jobid: 8
    reason: Missing output files: results/ES_8_1.0_pv_0_90_invroll.nc; Code has changed since last execution
    wildcards: country=ES, buses=8, transmission_limit=1.0, contingency=pv, reductionto=0, duration=90, model=inv
    resources: tmpdir=C:\Users\Jeremy\AppData\Local\Temp

[Sun Jun  9 12:29:05 2024]
Finished job 1.
23 of 37 steps (62%) done
Select jobs to execute...

[Sun Jun  9 12:29:05 2024]
rule dynamic_solve:
    input: resources/ES_8_1.0_base_solved.nc
    output: resources/ES_8_1.0_pv_0.5_270_inv.nc, results/ES_8_1.0_pv_0.5_270_invroll.nc
    jobid: 4
    reason: Missing output files: results/ES_8_1.0_pv_0.5_270_invroll.nc; Code has changed since last execution
    wildcards: country=ES, buses=8, transmission_limit=1.0, contingency=pv, reductionto=0.5, duration=270, model=inv
    resources: tmpdir=C:\Users\Jeremy\AppData\Local\Temp

[Sun Jun  9 12:29:07 2024]
Finished job 19.
24 of 37 steps (65%) done
Select jobs to execute...

[Sun Jun  9 12:29:07 2024]
rule dynamic_solve:
    input: resources/ES_8_1.0_base_solved.nc
    output: resources/ES_8_1.0_pv_0_270_inv.nc, results/ES_8_1.0_pv_0_270_invroll.nc
    jobid: 10
    reason: Missing output files: results/ES_8_1.0_pv_0_270_invroll.nc; Code has changed since last execution
    wildcards: country=ES, buses=8, transmission_limit=1.0, contingency=pv, reductionto=0, duration=270, model=inv
    resources: tmpdir=C:\Users\Jeremy\AppData\Local\Temp

[Sun Jun  9 12:29:27 2024]
Finished job 18.
25 of 37 steps (68%) done
Select jobs to execute...

[Sun Jun  9 12:29:27 2024]
rule dynamic_solve:
    input: resources/ES_8_1.0_base_solved.nc
    output: resources/ES_8_1.0_pv_0.5_180_noinv.nc, results/ES_8_1.0_pv_0.5_180_noinvroll.nc
    jobid: 12
    reason: Missing output files: results/ES_8_1.0_pv_0.5_180_noinvroll.nc; Code has changed since last execution
    wildcards: country=ES, buses=8, transmission_limit=1.0, contingency=pv, reductionto=0.5, duration=180, model=noinv
    resources: tmpdir=C:\Users\Jeremy\AppData\Local\Temp

[Sun Jun  9 12:29:30 2024]
Finished job 8.
26 of 37 steps (70%) done
Select jobs to execute...

[Sun Jun  9 12:29:30 2024]
rule dynamic_solve:
    input: resources/ES_8_1.0_base_solved.nc
    output: resources/ES_8_1.0_pv_0.5_270_noinv.nc, results/ES_8_1.0_pv_0.5_270_noinvroll.nc
    jobid: 13
    reason: Missing output files: results/ES_8_1.0_pv_0.5_270_noinvroll.nc; Code has changed since last execution
    wildcards: country=ES, buses=8, transmission_limit=1.0, contingency=pv, reductionto=0.5, duration=270, model=noinv
    resources: tmpdir=C:\Users\Jeremy\AppData\Local\Temp

[Sun Jun  9 12:29:31 2024]
Finished job 4.
27 of 37 steps (73%) done
Select jobs to execute...

[Sun Jun  9 12:29:31 2024]
rule dynamic_solve:
    input: resources/ES_8_1.0_base_solved.nc
    output: resources/ES_8_1.0_pv_0.25_270_noinv.nc, results/ES_8_1.0_pv_0.25_270_noinvroll.nc
    jobid: 16
    reason: Missing output files: results/ES_8_1.0_pv_0.25_270_noinvroll.nc; Code has changed since last execution
    wildcards: country=ES, buses=8, transmission_limit=1.0, contingency=pv, reductionto=0.25, duration=270, model=noinv
    resources: tmpdir=C:\Users\Jeremy\AppData\Local\Temp

[Sun Jun  9 12:29:33 2024]
Finished job 10.
28 of 37 steps (76%) done
Select jobs to execute...

[Sun Jun  9 12:29:34 2024]
rule dynamic_solve:
    input: resources/ES_8_1.0_base_solved.nc
    output: resources/ES_8_1.0_pv_0.25_180_inv.nc, results/ES_8_1.0_pv_0.25_180_invroll.nc
    jobid: 6
    reason: Missing output files: results/ES_8_1.0_pv_0.25_180_invroll.nc; Code has changed since last execution
    wildcards: country=ES, buses=8, transmission_limit=1.0, contingency=pv, reductionto=0.25, duration=180, model=inv
    resources: tmpdir=C:\Users\Jeremy\AppData\Local\Temp

[Sun Jun  9 12:29:52 2024]
Finished job 12.
29 of 37 steps (78%) done
Select jobs to execute...

[Sun Jun  9 12:29:52 2024]
rule dynamic_solve:
    input: resources/ES_8_1.0_base_solved.nc
    output: resources/ES_8_1.0_pv_0.5_180_inv.nc, results/ES_8_1.0_pv_0.5_180_invroll.nc
    jobid: 3
    reason: Missing output files: results/ES_8_1.0_pv_0.5_180_invroll.nc; Code has changed since last execution
    wildcards: country=ES, buses=8, transmission_limit=1.0, contingency=pv, reductionto=0.5, duration=180, model=inv
    resources: tmpdir=C:\Users\Jeremy\AppData\Local\Temp

[Sun Jun  9 12:29:54 2024]
Finished job 13.
30 of 37 steps (81%) done
Select jobs to execute...

[Sun Jun  9 12:29:54 2024]
rule dynamic_solve:
    input: resources/ES_8_1.0_base_solved.nc
    output: resources/ES_8_1.0_pv_0.5_90_noinv.nc, results/ES_8_1.0_pv_0.5_90_noinvroll.nc
    jobid: 11
    reason: Missing output files: results/ES_8_1.0_pv_0.5_90_noinvroll.nc; Code has changed since last execution
    wildcards: country=ES, buses=8, transmission_limit=1.0, contingency=pv, reductionto=0.5, duration=90, model=noinv
    resources: tmpdir=C:\Users\Jeremy\AppData\Local\Temp

[Sun Jun  9 12:29:56 2024]
Finished job 16.
31 of 37 steps (84%) done
Select jobs to execute...

[Sun Jun  9 12:29:56 2024]
rule dynamic_solve:
    input: resources/ES_8_1.0_base_solved.nc
    output: resources/ES_8_1.0_pv_0.25_90_noinv.nc, results/ES_8_1.0_pv_0.25_90_noinvroll.nc
    jobid: 14
    reason: Missing output files: results/ES_8_1.0_pv_0.25_90_noinvroll.nc; Code has changed since last execution
    wildcards: country=ES, buses=8, transmission_limit=1.0, contingency=pv, reductionto=0.25, duration=90, model=noinv
    resources: tmpdir=C:\Users\Jeremy\AppData\Local\Temp

[Sun Jun  9 12:30:00 2024]
Finished job 6.
32 of 37 steps (86%) done
Select jobs to execute...

[Sun Jun  9 12:30:00 2024]
rule dynamic_solve:
    input: resources/ES_8_1.0_base_solved.nc
    output: resources/ES_8_1.0_pv_0_180_inv.nc, results/ES_8_1.0_pv_0_180_invroll.nc
    jobid: 9
    reason: Missing output files: results/ES_8_1.0_pv_0_180_invroll.nc; Code has changed since last execution
    wildcards: country=ES, buses=8, transmission_limit=1.0, contingency=pv, reductionto=0, duration=180, model=inv
    resources: tmpdir=C:\Users\Jeremy\AppData\Local\Temp

[Sun Jun  9 12:30:19 2024]
Finished job 11.
33 of 37 steps (89%) done
[Sun Jun  9 12:30:20 2024]
Finished job 3.
34 of 37 steps (92%) done
[Sun Jun  9 12:30:21 2024]
Finished job 14.
35 of 37 steps (95%) done
[Sun Jun  9 12:30:25 2024]
Finished job 9.
36 of 37 steps (97%) done
Select jobs to execute...

[Sun Jun  9 12:30:25 2024]
localrule all:
    input: results/ES_8_1.0_pv_0.5_90_invroll.nc, results/ES_8_1.0_pv_0.5_180_invroll.nc, results/ES_8_1.0_pv_0.5_270_invroll.nc, results/ES_8_1.0_pv_0.25_90_invroll.nc, results/ES_8_1.0_pv_0.25_180_invroll.nc, results/ES_8_1.0_pv_0.25_270_invroll.nc, results/ES_8_1.0_pv_0_90_invroll.nc, results/ES_8_1.0_pv_0_180_invroll.nc, results/ES_8_1.0_pv_0_270_invroll.nc, results/ES_8_1.0_pv_0.5_90_noinvroll.nc, results/ES_8_1.0_pv_0.5_180_noinvroll.nc, results/ES_8_1.0_pv_0.5_270_noinvroll.nc, results/ES_8_1.0_pv_0.25_90_noinvroll.nc, results/ES_8_1.0_pv_0.25_180_noinvroll.nc, results/ES_8_1.0_pv_0.25_270_noinvroll.nc, results/ES_8_1.0_pv_0_90_noinvroll.nc, results/ES_8_1.0_pv_0_180_noinvroll.nc, results/ES_8_1.0_pv_0_270_noinvroll.nc, results/ES_8_1.5_pv_0.5_90_invroll.nc, results/ES_8_1.5_pv_0.5_180_invroll.nc, results/ES_8_1.5_pv_0.5_270_invroll.nc, results/ES_8_1.5_pv_0.25_90_invroll.nc, results/ES_8_1.5_pv_0.25_180_invroll.nc, results/ES_8_1.5_pv_0.25_270_invroll.nc, results/ES_8_1.5_pv_0_90_invroll.nc, results/ES_8_1.5_pv_0_180_invroll.nc, results/ES_8_1.5_pv_0_270_invroll.nc, results/ES_8_1.5_pv_0.5_90_noinvroll.nc, results/ES_8_1.5_pv_0.5_180_noinvroll.nc, results/ES_8_1.5_pv_0.5_270_noinvroll.nc, results/ES_8_1.5_pv_0.25_90_noinvroll.nc, results/ES_8_1.5_pv_0.25_180_noinvroll.nc, results/ES_8_1.5_pv_0.25_270_noinvroll.nc, results/ES_8_1.5_pv_0_90_noinvroll.nc, results/ES_8_1.5_pv_0_180_noinvroll.nc, results/ES_8_1.5_pv_0_270_noinvroll.nc
    jobid: 0
    reason: Input files updated by another job: results/ES_8_1.5_pv_0.5_180_invroll.nc, results/ES_8_1.0_pv_0.5_180_invroll.nc, results/ES_8_1.5_pv_0.5_90_noinvroll.nc, results/ES_8_1.0_pv_0.5_270_noinvroll.nc, results/ES_8_1.0_pv_0.25_180_noinvroll.nc, results/ES_8_1.5_pv_0.5_270_invroll.nc, results/ES_8_1.0_pv_0.5_90_noinvroll.nc, results/ES_8_1.5_pv_0.25_270_invroll.nc, results/ES_8_1.5_pv_0_180_noinvroll.nc, results/ES_8_1.5_pv_0_90_invroll.nc, results/ES_8_1.5_pv_0.25_90_noinvroll.nc, results/ES_8_1.0_pv_0_90_invroll.nc, results/ES_8_1.5_pv_0.25_180_noinvroll.nc, results/ES_8_1.0_pv_0.25_270_noinvroll.nc, results/ES_8_1.0_pv_0.5_90_invroll.nc, results/ES_8_1.0_pv_0_270_noinvroll.nc, results/ES_8_1.5_pv_0.25_270_noinvroll.nc, results/ES_8_1.0_pv_0.5_270_invroll.nc, results/ES_8_1.0_pv_0.25_90_invroll.nc, results/ES_8_1.0_pv_0.25_180_invroll.nc, results/ES_8_1.5_pv_0.25_90_invroll.nc, results/ES_8_1.5_pv_0.5_180_noinvroll.nc, results/ES_8_1.5_pv_0.5_90_invroll.nc, results/ES_8_1.5_pv_0_180_invroll.nc, results/ES_8_1.0_pv_0_90_noinvroll.nc, results/ES_8_1.0_pv_0.25_90_noinvroll.nc, results/ES_8_1.5_pv_0_270_noinvroll.nc, results/ES_8_1.0_pv_0_180_noinvroll.nc, results/ES_8_1.0_pv_0_270_invroll.nc, results/ES_8_1.5_pv_0.5_270_noinvroll.nc, results/ES_8_1.5_pv_0.25_180_invroll.nc, results/ES_8_1.0_pv_0_180_invroll.nc, results/ES_8_1.0_pv_0.25_270_invroll.nc, results/ES_8_1.5_pv_0_270_invroll.nc, results/ES_8_1.5_pv_0_90_noinvroll.nc, results/ES_8_1.0_pv_0.5_180_noinvroll.nc
    resources: tmpdir=C:\Users\Jeremy\AppData\Local\Temp

[Sun Jun  9 12:30:25 2024]
Finished job 0.
37 of 37 steps (100%) done
Complete log: .snakemake\log\2024-06-09T122638.299196.snakemake.log
