Building DAG of jobs...
Provided cores: 1 (use --cores to define parallelism)
Rules claiming more threads will be scaled down.
Job stats:
job                    count
-------------------  -------
all                        1
solve_base                 2
solve_contingencies       48
total                     51

Select jobs to execute...

[Wed May 29 23:06:43 2024]
rule solve_base:
    input: resources/DE_20_1.5_base.nc
    output: resources/DE_20_1.5_base_solved.nc, resources/DE_20_1.5_base_roll_solved.nc
    jobid: 27
    reason: Missing output files: resources/DE_20_1.5_base_solved.nc
    wildcards: country=DE, buses=20, transmission_limit=1.5
    resources: tmpdir=C:\Users\Jeremy\AppData\Local\Temp

[Wed May 29 23:25:15 2024]
Finished job 27.
1 of 51 steps (2%) done
Select jobs to execute...

[Wed May 29 23:25:15 2024]
rule solve_base:
    input: resources/DE_20_1.0_base.nc
    output: resources/DE_20_1.0_base_solved.nc, resources/DE_20_1.0_base_roll_solved.nc
    jobid: 2
    reason: Missing output files: resources/DE_20_1.0_base_solved.nc
    wildcards: country=DE, buses=20, transmission_limit=1.0
    resources: tmpdir=C:\Users\Jeremy\AppData\Local\Temp

[Wed May 29 23:54:04 2024]
Finished job 2.
2 of 51 steps (4%) done
Select jobs to execute...

[Wed May 29 23:54:04 2024]
rule solve_contingencies:
    input: resources/DE_20_1.0_base_solved.nc
    output: resources/DE_20_1.0_wind_0.5_90_noinv.nc, results/DE_20_1.0_wind_0.5_90_noinvroll.nc
    jobid: 20
    reason: Missing output files: results/DE_20_1.0_wind_0.5_90_noinvroll.nc; Input files updated by another job: resources/DE_20_1.0_base_solved.nc
    wildcards: country=DE, buses=20, transmission_limit=1.0, contingency=wind, reductionto=0.5, duration=90, model=noinv
    resources: tmpdir=C:\Users\Jeremy\AppData\Local\Temp

[Wed May 29 23:56:30 2024]
Error in rule solve_contingencies:
    jobid: 20
    input: resources/DE_20_1.0_base_solved.nc
    output: resources/DE_20_1.0_wind_0.5_90_noinv.nc, results/DE_20_1.0_wind_0.5_90_noinvroll.nc

RuleException:
CalledProcessError in file C:\Users\Jeremy\Documents\MasterThesis\Models\Snakefile, line 135:
Command 'python scripts/solve_contingencies.py resources/DE_20_1.0_base_solved.nc resources/DE_20_1.0_wind_0.5_90_noinv.nc results/DE_20_1.0_wind_0.5_90_noinvroll.nc wind 0.5 90 noinv 2013-02-01 00:00:00 24' returned non-zero exit status 1.
  File "C:\Users\Jeremy\Documents\MasterThesis\Models\Snakefile", line 135, in __rule_solve_contingencies
  File "C:\Users\Jeremy\anaconda3\envs\pypsa-eur\Lib\concurrent\futures\thread.py", line 58, in run
Shutting down, this might take some time.
Exiting because a job execution failed. Look above for error message
Complete log: .snakemake\log\2024-05-29T230642.826289.snakemake.log
