Building DAG of jobs...
Provided cores: 4
Rules claiming more threads will be scaled down.
Job stats:
job               count
--------------  -------
all                   1
inst_cap_table       72
total                73

Select jobs to execute...

[Wed Jun 12 20:42:06 2024]
rule inst_cap_table:
    input: resources/DE_20_1.0_pv_0_180_inv.nc
    output: results/data/DE/pv/cap_DE_20_1.0_pv_0_180_inv.csv
    jobid: 4
    reason: Missing output files: results/data/DE/pv/cap_DE_20_1.0_pv_0_180_inv.csv
    wildcards: country=DE, contingency=pv, buses=20, transmission_limit=1.0, reductionto=0, duration=180, model=inv
    resources: tmpdir=C:\Users\Jeremy\AppData\Local\Temp


[Wed Jun 12 20:42:06 2024]
rule inst_cap_table:
    input: resources/DE_20_1.0_pv_0.5_270_inv.nc
    output: results/data/DE/pv/cap_DE_20_1.0_pv_0.5_270_inv.csv
    jobid: 18
    reason: Missing output files: results/data/DE/pv/cap_DE_20_1.0_pv_0.5_270_inv.csv
    wildcards: country=DE, contingency=pv, buses=20, transmission_limit=1.0, reductionto=0.5, duration=270, model=inv
    resources: tmpdir=C:\Users\Jeremy\AppData\Local\Temp


[Wed Jun 12 20:42:06 2024]
rule inst_cap_table:
    input: resources/DE_20_1.0_pv_0.25_90_inv.nc
    output: results/data/DE/pv/cap_DE_20_1.0_pv_0.25_90_inv.csv
    jobid: 8
    reason: Missing output files: results/data/DE/pv/cap_DE_20_1.0_pv_0.25_90_inv.csv
    wildcards: country=DE, contingency=pv, buses=20, transmission_limit=1.0, reductionto=0.25, duration=90, model=inv
    resources: tmpdir=C:\Users\Jeremy\AppData\Local\Temp


[Wed Jun 12 20:42:06 2024]
rule inst_cap_table:
    input: resources/DE_20_1.0_pv_0_90_inv.nc
    output: results/data/DE/pv/cap_DE_20_1.0_pv_0_90_inv.csv
    jobid: 1
    reason: Missing output files: results/data/DE/pv/cap_DE_20_1.0_pv_0_90_inv.csv
    wildcards: country=DE, contingency=pv, buses=20, transmission_limit=1.0, reductionto=0, duration=90, model=inv
    resources: tmpdir=C:\Users\Jeremy\AppData\Local\Temp

[Wed Jun 12 20:42:14 2024]
Finished job 18.
1 of 73 steps (1%) done
Select jobs to execute...

[Wed Jun 12 20:42:14 2024]
rule inst_cap_table:
    input: resources/DE_20_1.5_wind_0.25_180_noinv.nc
    output: results/data/DE/wind/cap_DE_20_1.5_wind_0.25_180_noinv.csv
    jobid: 131
    reason: Missing output files: results/data/DE/wind/cap_DE_20_1.5_wind_0.25_180_noinv.csv
    wildcards: country=DE, contingency=wind, buses=20, transmission_limit=1.5, reductionto=0.25, duration=180, model=noinv
    resources: tmpdir=C:\Users\Jeremy\AppData\Local\Temp

[Wed Jun 12 20:42:14 2024]
Finished job 1.
2 of 73 steps (3%) done
Select jobs to execute...

[Wed Jun 12 20:42:14 2024]
rule inst_cap_table:
    input: resources/DE_20_1.5_pv_0.25_90_noinv.nc
    output: results/data/DE/pv/cap_DE_20_1.5_pv_0.25_90_noinv.csv
    jobid: 117
    reason: Missing output files: results/data/DE/pv/cap_DE_20_1.5_pv_0.25_90_noinv.csv
    wildcards: country=DE, contingency=pv, buses=20, transmission_limit=1.5, reductionto=0.25, duration=90, model=noinv
    resources: tmpdir=C:\Users\Jeremy\AppData\Local\Temp

[Wed Jun 12 20:42:14 2024]
Finished job 4.
3 of 73 steps (4%) done
Select jobs to execute...

[Wed Jun 12 20:42:14 2024]
rule inst_cap_table:
    input: resources/DE_20_1.0_pv_0_270_inv.nc
    output: results/data/DE/pv/cap_DE_20_1.0_pv_0_270_inv.csv
    jobid: 6
    reason: Missing output files: results/data/DE/pv/cap_DE_20_1.0_pv_0_270_inv.csv
    wildcards: country=DE, contingency=pv, buses=20, transmission_limit=1.0, reductionto=0, duration=270, model=inv
    resources: tmpdir=C:\Users\Jeremy\AppData\Local\Temp

[Wed Jun 12 20:42:14 2024]
Finished job 8.
4 of 73 steps (5%) done
Select jobs to execute...

[Wed Jun 12 20:42:14 2024]
rule inst_cap_table:
    input: resources/DE_20_1.0_pv_0.5_90_inv.nc
    output: results/data/DE/pv/cap_DE_20_1.0_pv_0.5_90_inv.csv
    jobid: 14
    reason: Missing output files: results/data/DE/pv/cap_DE_20_1.0_pv_0.5_90_inv.csv
    wildcards: country=DE, contingency=pv, buses=20, transmission_limit=1.0, reductionto=0.5, duration=90, model=inv
    resources: tmpdir=C:\Users\Jeremy\AppData\Local\Temp

[Wed Jun 12 20:42:22 2024]
Finished job 131.
5 of 73 steps (7%) done
Select jobs to execute...

[Wed Jun 12 20:42:22 2024]
rule inst_cap_table:
    input: resources/DE_20_1.5_pv_0_180_inv.nc
    output: results/data/DE/pv/cap_DE_20_1.5_pv_0_180_inv.csv
    jobid: 77
    reason: Missing output files: results/data/DE/pv/cap_DE_20_1.5_pv_0_180_inv.csv
    wildcards: country=DE, contingency=pv, buses=20, transmission_limit=1.5, reductionto=0, duration=180, model=inv
    resources: tmpdir=C:\Users\Jeremy\AppData\Local\Temp

[Wed Jun 12 20:42:22 2024]
Finished job 117.
6 of 73 steps (8%) done
Select jobs to execute...

[Wed Jun 12 20:42:22 2024]
rule inst_cap_table:
    input: resources/DE_20_1.5_pv_0.5_180_noinv.nc
    output: results/data/DE/pv/cap_DE_20_1.5_pv_0.5_180_noinv.csv
    jobid: 125
    reason: Missing output files: results/data/DE/pv/cap_DE_20_1.5_pv_0.5_180_noinv.csv
    wildcards: country=DE, contingency=pv, buses=20, transmission_limit=1.5, reductionto=0.5, duration=180, model=noinv
    resources: tmpdir=C:\Users\Jeremy\AppData\Local\Temp

[Wed Jun 12 20:42:23 2024]
Finished job 14.
7 of 73 steps (10%) done
Select jobs to execute...

[Wed Jun 12 20:42:23 2024]
rule inst_cap_table:
    input: resources/DE_20_1.0_pv_0.25_180_inv.nc
    output: results/data/DE/pv/cap_DE_20_1.0_pv_0.25_180_inv.csv
    jobid: 10
    reason: Missing output files: results/data/DE/pv/cap_DE_20_1.0_pv_0.25_180_inv.csv
    wildcards: country=DE, contingency=pv, buses=20, transmission_limit=1.0, reductionto=0.25, duration=180, model=inv
    resources: tmpdir=C:\Users\Jeremy\AppData\Local\Temp

[Wed Jun 12 20:42:23 2024]
Finished job 6.
8 of 73 steps (11%) done
Select jobs to execute...

[Wed Jun 12 20:42:23 2024]
rule inst_cap_table:
    input: resources/DE_20_1.5_wind_0.25_90_noinv.nc
    output: results/data/DE/wind/cap_DE_20_1.5_wind_0.25_90_noinv.csv
    jobid: 129
    reason: Missing output files: results/data/DE/wind/cap_DE_20_1.5_wind_0.25_90_noinv.csv
    wildcards: country=DE, contingency=wind, buses=20, transmission_limit=1.5, reductionto=0.25, duration=90, model=noinv
    resources: tmpdir=C:\Users\Jeremy\AppData\Local\Temp

[Wed Jun 12 20:42:31 2024]
Finished job 77.
9 of 73 steps (12%) done
Select jobs to execute...

[Wed Jun 12 20:42:31 2024]
rule inst_cap_table:
    input: resources/DE_20_1.0_wind_0.25_270_inv.nc
    output: results/data/DE/wind/cap_DE_20_1.0_wind_0.25_270_inv.csv
    jobid: 24
    reason: Missing output files: results/data/DE/wind/cap_DE_20_1.0_wind_0.25_270_inv.csv
    wildcards: country=DE, contingency=wind, buses=20, transmission_limit=1.0, reductionto=0.25, duration=270, model=inv
    resources: tmpdir=C:\Users\Jeremy\AppData\Local\Temp

[Wed Jun 12 20:42:31 2024]
Finished job 125.
10 of 73 steps (14%) done
Select jobs to execute...

[Wed Jun 12 20:42:31 2024]
rule inst_cap_table:
    input: resources/DE_20_1.0_pv_0.25_270_inv.nc
    output: results/data/DE/pv/cap_DE_20_1.0_pv_0.25_270_inv.csv
    jobid: 12
    reason: Missing output files: results/data/DE/pv/cap_DE_20_1.0_pv_0.25_270_inv.csv
    wildcards: country=DE, contingency=pv, buses=20, transmission_limit=1.0, reductionto=0.25, duration=270, model=inv
    resources: tmpdir=C:\Users\Jeremy\AppData\Local\Temp

[Wed Jun 12 20:42:31 2024]
Finished job 10.
11 of 73 steps (15%) done
Select jobs to execute...

[Wed Jun 12 20:42:31 2024]
rule inst_cap_table:
    input: resources/DE_20_1.0_wind_0.75_90_inv.nc
    output: results/data/DE/wind/cap_DE_20_1.0_wind_0.75_90_inv.csv
    jobid: 32
    reason: Missing output files: results/data/DE/wind/cap_DE_20_1.0_wind_0.75_90_inv.csv
    wildcards: country=DE, contingency=wind, buses=20, transmission_limit=1.0, reductionto=0.75, duration=90, model=inv
    resources: tmpdir=C:\Users\Jeremy\AppData\Local\Temp

[Wed Jun 12 20:42:31 2024]
Finished job 129.
12 of 73 steps (16%) done
Select jobs to execute...

[Wed Jun 12 20:42:31 2024]
rule inst_cap_table:
    input: resources/DE_20_1.0_wind_0.75_270_inv.nc
    output: results/data/DE/wind/cap_DE_20_1.0_wind_0.75_270_inv.csv
    jobid: 36
    reason: Missing output files: results/data/DE/wind/cap_DE_20_1.0_wind_0.75_270_inv.csv
    wildcards: country=DE, contingency=wind, buses=20, transmission_limit=1.0, reductionto=0.75, duration=270, model=inv
    resources: tmpdir=C:\Users\Jeremy\AppData\Local\Temp

[Wed Jun 12 20:42:39 2024]
Finished job 24.
13 of 73 steps (18%) done
Select jobs to execute...

[Wed Jun 12 20:42:39 2024]
rule inst_cap_table:
    input: resources/DE_20_1.0_wind_0.25_90_inv.nc
    output: results/data/DE/wind/cap_DE_20_1.0_wind_0.25_90_inv.csv
    jobid: 20
    reason: Missing output files: results/data/DE/wind/cap_DE_20_1.0_wind_0.25_90_inv.csv
    wildcards: country=DE, contingency=wind, buses=20, transmission_limit=1.0, reductionto=0.25, duration=90, model=inv
    resources: tmpdir=C:\Users\Jeremy\AppData\Local\Temp

[Wed Jun 12 20:42:39 2024]
Finished job 12.
14 of 73 steps (19%) done
Select jobs to execute...

[Wed Jun 12 20:42:39 2024]
rule inst_cap_table:
    input: resources/DE_20_1.0_wind_0.5_180_inv.nc
    output: results/data/DE/wind/cap_DE_20_1.0_wind_0.5_180_inv.csv
    jobid: 28
    reason: Missing output files: results/data/DE/wind/cap_DE_20_1.0_wind_0.5_180_inv.csv
    wildcards: country=DE, contingency=wind, buses=20, transmission_limit=1.0, reductionto=0.5, duration=180, model=inv
    resources: tmpdir=C:\Users\Jeremy\AppData\Local\Temp

[Wed Jun 12 20:42:39 2024]
Finished job 32.
15 of 73 steps (21%) done
Select jobs to execute...

[Wed Jun 12 20:42:39 2024]
rule inst_cap_table:
    input: resources/DE_20_1.0_wind_0.5_270_inv.nc
    output: results/data/DE/wind/cap_DE_20_1.0_wind_0.5_270_inv.csv
    jobid: 30
    reason: Missing output files: results/data/DE/wind/cap_DE_20_1.0_wind_0.5_270_inv.csv
    wildcards: country=DE, contingency=wind, buses=20, transmission_limit=1.0, reductionto=0.5, duration=270, model=inv
    resources: tmpdir=C:\Users\Jeremy\AppData\Local\Temp

[Wed Jun 12 20:42:40 2024]
Finished job 36.
16 of 73 steps (22%) done
Select jobs to execute...

[Wed Jun 12 20:42:40 2024]
rule inst_cap_table:
    input: resources/DE_20_1.5_wind_0.5_90_noinv.nc
    output: results/data/DE/wind/cap_DE_20_1.5_wind_0.5_90_noinv.csv
    jobid: 135
    reason: Missing output files: results/data/DE/wind/cap_DE_20_1.5_wind_0.5_90_noinv.csv
    wildcards: country=DE, contingency=wind, buses=20, transmission_limit=1.5, reductionto=0.5, duration=90, model=noinv
    resources: tmpdir=C:\Users\Jeremy\AppData\Local\Temp

[Wed Jun 12 20:42:47 2024]
Finished job 28.
17 of 73 steps (23%) done
Select jobs to execute...

[Wed Jun 12 20:42:47 2024]
rule inst_cap_table:
    input: resources/DE_20_1.0_wind_0.75_180_inv.nc
    output: results/data/DE/wind/cap_DE_20_1.0_wind_0.75_180_inv.csv
    jobid: 34
    reason: Missing output files: results/data/DE/wind/cap_DE_20_1.0_wind_0.75_180_inv.csv
    wildcards: country=DE, contingency=wind, buses=20, transmission_limit=1.0, reductionto=0.75, duration=180, model=inv
    resources: tmpdir=C:\Users\Jeremy\AppData\Local\Temp

[Wed Jun 12 20:42:47 2024]
Finished job 20.
18 of 73 steps (25%) done
Select jobs to execute...

[Wed Jun 12 20:42:47 2024]
rule inst_cap_table:
    input: resources/DE_20_1.5_wind_0.75_90_inv.nc
    output: results/data/DE/wind/cap_DE_20_1.5_wind_0.75_90_inv.csv
    jobid: 105
    reason: Missing output files: results/data/DE/wind/cap_DE_20_1.5_wind_0.75_90_inv.csv
    wildcards: country=DE, contingency=wind, buses=20, transmission_limit=1.5, reductionto=0.75, duration=90, model=inv
    resources: tmpdir=C:\Users\Jeremy\AppData\Local\Temp

[Wed Jun 12 20:42:48 2024]
Finished job 30.
19 of 73 steps (26%) done
Select jobs to execute...

[Wed Jun 12 20:42:48 2024]
rule inst_cap_table:
    input: resources/DE_20_1.5_pv_0.5_90_noinv.nc
    output: results/data/DE/pv/cap_DE_20_1.5_pv_0.5_90_noinv.csv
    jobid: 123
    reason: Missing output files: results/data/DE/pv/cap_DE_20_1.5_pv_0.5_90_noinv.csv
    wildcards: country=DE, contingency=pv, buses=20, transmission_limit=1.5, reductionto=0.5, duration=90, model=noinv
    resources: tmpdir=C:\Users\Jeremy\AppData\Local\Temp

[Wed Jun 12 20:42:48 2024]
Finished job 135.
20 of 73 steps (27%) done
Select jobs to execute...

[Wed Jun 12 20:42:48 2024]
rule inst_cap_table:
    input: resources/DE_20_1.0_wind_0.25_180_inv.nc
    output: results/data/DE/wind/cap_DE_20_1.0_wind_0.25_180_inv.csv
    jobid: 22
    reason: Missing output files: results/data/DE/wind/cap_DE_20_1.0_wind_0.25_180_inv.csv
    wildcards: country=DE, contingency=wind, buses=20, transmission_limit=1.0, reductionto=0.25, duration=180, model=inv
    resources: tmpdir=C:\Users\Jeremy\AppData\Local\Temp

[Wed Jun 12 20:42:56 2024]
Finished job 34.
21 of 73 steps (29%) done
Select jobs to execute...

[Wed Jun 12 20:42:56 2024]
rule inst_cap_table:
    input: resources/DE_20_1.5_wind_0.75_180_inv.nc
    output: results/data/DE/wind/cap_DE_20_1.5_wind_0.75_180_inv.csv
    jobid: 107
    reason: Missing output files: results/data/DE/wind/cap_DE_20_1.5_wind_0.75_180_inv.csv
    wildcards: country=DE, contingency=wind, buses=20, transmission_limit=1.5, reductionto=0.75, duration=180, model=inv
    resources: tmpdir=C:\Users\Jeremy\AppData\Local\Temp

[Wed Jun 12 20:42:56 2024]
Finished job 105.
22 of 73 steps (30%) done
Select jobs to execute...

[Wed Jun 12 20:42:56 2024]
rule inst_cap_table:
    input: resources/DE_20_1.0_pv_0.5_180_inv.nc
    output: results/data/DE/pv/cap_DE_20_1.0_pv_0.5_180_inv.csv
    jobid: 16
    reason: Missing output files: results/data/DE/pv/cap_DE_20_1.0_pv_0.5_180_inv.csv
    wildcards: country=DE, contingency=pv, buses=20, transmission_limit=1.0, reductionto=0.5, duration=180, model=inv
    resources: tmpdir=C:\Users\Jeremy\AppData\Local\Temp

[Wed Jun 12 20:42:56 2024]
Finished job 123.
23 of 73 steps (32%) done
Select jobs to execute...

[Wed Jun 12 20:42:56 2024]
rule inst_cap_table:
    input: resources/DE_20_1.5_pv_0_90_noinv.nc
    output: results/data/DE/pv/cap_DE_20_1.5_pv_0_90_noinv.csv
    jobid: 111
    reason: Missing output files: results/data/DE/pv/cap_DE_20_1.5_pv_0_90_noinv.csv
    wildcards: country=DE, contingency=pv, buses=20, transmission_limit=1.5, reductionto=0, duration=90, model=noinv
    resources: tmpdir=C:\Users\Jeremy\AppData\Local\Temp

[Wed Jun 12 20:42:57 2024]
Finished job 22.
24 of 73 steps (33%) done
Select jobs to execute...

[Wed Jun 12 20:42:57 2024]
rule inst_cap_table:
    input: resources/DE_20_1.5_wind_0.25_90_inv.nc
    output: results/data/DE/wind/cap_DE_20_1.5_wind_0.25_90_inv.csv
    jobid: 93
    reason: Missing output files: results/data/DE/wind/cap_DE_20_1.5_wind_0.25_90_inv.csv
    wildcards: country=DE, contingency=wind, buses=20, transmission_limit=1.5, reductionto=0.25, duration=90, model=inv
    resources: tmpdir=C:\Users\Jeremy\AppData\Local\Temp

[Wed Jun 12 20:43:04 2024]
Finished job 107.
25 of 73 steps (34%) done
Select jobs to execute...

[Wed Jun 12 20:43:04 2024]
rule inst_cap_table:
    input: resources/DE_20_1.5_wind_0.75_90_noinv.nc
    output: results/data/DE/wind/cap_DE_20_1.5_wind_0.75_90_noinv.csv
    jobid: 141
    reason: Missing output files: results/data/DE/wind/cap_DE_20_1.5_wind_0.75_90_noinv.csv
    wildcards: country=DE, contingency=wind, buses=20, transmission_limit=1.5, reductionto=0.75, duration=90, model=noinv
    resources: tmpdir=C:\Users\Jeremy\AppData\Local\Temp

[Wed Jun 12 20:43:04 2024]
Finished job 16.
26 of 73 steps (36%) done
Select jobs to execute...

[Wed Jun 12 20:43:04 2024]
rule inst_cap_table:
    input: resources/DE_20_1.5_wind_0.5_270_inv.nc
    output: results/data/DE/wind/cap_DE_20_1.5_wind_0.5_270_inv.csv
    jobid: 103
    reason: Missing output files: results/data/DE/wind/cap_DE_20_1.5_wind_0.5_270_inv.csv
    wildcards: country=DE, contingency=wind, buses=20, transmission_limit=1.5, reductionto=0.5, duration=270, model=inv
    resources: tmpdir=C:\Users\Jeremy\AppData\Local\Temp

[Wed Jun 12 20:43:05 2024]
Finished job 111.
27 of 73 steps (37%) done
Select jobs to execute...

[Wed Jun 12 20:43:05 2024]
rule inst_cap_table:
    input: resources/DE_20_1.5_pv_0.25_180_inv.nc
    output: results/data/DE/pv/cap_DE_20_1.5_pv_0.25_180_inv.csv
    jobid: 83
    reason: Missing output files: results/data/DE/pv/cap_DE_20_1.5_pv_0.25_180_inv.csv
    wildcards: country=DE, contingency=pv, buses=20, transmission_limit=1.5, reductionto=0.25, duration=180, model=inv
    resources: tmpdir=C:\Users\Jeremy\AppData\Local\Temp

[Wed Jun 12 20:43:05 2024]
Finished job 93.
28 of 73 steps (38%) done
Select jobs to execute...

[Wed Jun 12 20:43:05 2024]
rule inst_cap_table:
    input: resources/DE_20_1.5_pv_0_180_noinv.nc
    output: results/data/DE/pv/cap_DE_20_1.5_pv_0_180_noinv.csv
    jobid: 113
    reason: Missing output files: results/data/DE/pv/cap_DE_20_1.5_pv_0_180_noinv.csv
    wildcards: country=DE, contingency=pv, buses=20, transmission_limit=1.5, reductionto=0, duration=180, model=noinv
    resources: tmpdir=C:\Users\Jeremy\AppData\Local\Temp

[Wed Jun 12 20:43:13 2024]
Finished job 103.
29 of 73 steps (40%) done
Select jobs to execute...

[Wed Jun 12 20:43:13 2024]
rule inst_cap_table:
    input: resources/DE_20_1.5_pv_0_270_inv.nc
    output: results/data/DE/pv/cap_DE_20_1.5_pv_0_270_inv.csv
    jobid: 79
    reason: Missing output files: results/data/DE/pv/cap_DE_20_1.5_pv_0_270_inv.csv
    wildcards: country=DE, contingency=pv, buses=20, transmission_limit=1.5, reductionto=0, duration=270, model=inv
    resources: tmpdir=C:\Users\Jeremy\AppData\Local\Temp

[Wed Jun 12 20:43:13 2024]
Finished job 141.
30 of 73 steps (41%) done
Select jobs to execute...

[Wed Jun 12 20:43:13 2024]
rule inst_cap_table:
    input: resources/DE_20_1.5_pv_0.5_270_noinv.nc
    output: results/data/DE/pv/cap_DE_20_1.5_pv_0.5_270_noinv.csv
    jobid: 127
    reason: Missing output files: results/data/DE/pv/cap_DE_20_1.5_pv_0.5_270_noinv.csv
    wildcards: country=DE, contingency=pv, buses=20, transmission_limit=1.5, reductionto=0.5, duration=270, model=noinv
    resources: tmpdir=C:\Users\Jeremy\AppData\Local\Temp

[Wed Jun 12 20:43:13 2024]
Finished job 83.
31 of 73 steps (42%) done
Select jobs to execute...

[Wed Jun 12 20:43:13 2024]
rule inst_cap_table:
    input: resources/DE_20_1.5_wind_0.75_270_inv.nc
    output: results/data/DE/wind/cap_DE_20_1.5_wind_0.75_270_inv.csv
    jobid: 109
    reason: Missing output files: results/data/DE/wind/cap_DE_20_1.5_wind_0.75_270_inv.csv
    wildcards: country=DE, contingency=wind, buses=20, transmission_limit=1.5, reductionto=0.75, duration=270, model=inv
    resources: tmpdir=C:\Users\Jeremy\AppData\Local\Temp

[Wed Jun 12 20:43:14 2024]
Finished job 113.
32 of 73 steps (44%) done
Select jobs to execute...

[Wed Jun 12 20:43:14 2024]
rule inst_cap_table:
    input: resources/DE_20_1.5_wind_0.25_270_noinv.nc
    output: results/data/DE/wind/cap_DE_20_1.5_wind_0.25_270_noinv.csv
    jobid: 133
    reason: Missing output files: results/data/DE/wind/cap_DE_20_1.5_wind_0.25_270_noinv.csv
    wildcards: country=DE, contingency=wind, buses=20, transmission_limit=1.5, reductionto=0.25, duration=270, model=noinv
    resources: tmpdir=C:\Users\Jeremy\AppData\Local\Temp

[Wed Jun 12 20:43:21 2024]
Finished job 79.
33 of 73 steps (45%) done
Select jobs to execute...

[Wed Jun 12 20:43:21 2024]
rule inst_cap_table:
    input: resources/DE_20_1.0_pv_0_270_noinv.nc
    output: results/data/DE/pv/cap_DE_20_1.0_pv_0_270_noinv.csv
    jobid: 42
    reason: Missing output files: results/data/DE/pv/cap_DE_20_1.0_pv_0_270_noinv.csv
    wildcards: country=DE, contingency=pv, buses=20, transmission_limit=1.0, reductionto=0, duration=270, model=noinv
    resources: tmpdir=C:\Users\Jeremy\AppData\Local\Temp

[Wed Jun 12 20:43:21 2024]
Finished job 127.
34 of 73 steps (47%) done
Select jobs to execute...

[Wed Jun 12 20:43:21 2024]
rule inst_cap_table:
    input: resources/DE_20_1.5_pv_0.5_270_inv.nc
    output: results/data/DE/pv/cap_DE_20_1.5_pv_0.5_270_inv.csv
    jobid: 91
    reason: Missing output files: results/data/DE/pv/cap_DE_20_1.5_pv_0.5_270_inv.csv
    wildcards: country=DE, contingency=pv, buses=20, transmission_limit=1.5, reductionto=0.5, duration=270, model=inv
    resources: tmpdir=C:\Users\Jeremy\AppData\Local\Temp

[Wed Jun 12 20:43:21 2024]
Finished job 109.
35 of 73 steps (48%) done
Select jobs to execute...

[Wed Jun 12 20:43:21 2024]
rule inst_cap_table:
    input: resources/DE_20_1.0_wind_0.5_90_inv.nc
    output: results/data/DE/wind/cap_DE_20_1.0_wind_0.5_90_inv.csv
    jobid: 26
    reason: Missing output files: results/data/DE/wind/cap_DE_20_1.0_wind_0.5_90_inv.csv
    wildcards: country=DE, contingency=wind, buses=20, transmission_limit=1.0, reductionto=0.5, duration=90, model=inv
    resources: tmpdir=C:\Users\Jeremy\AppData\Local\Temp

[Wed Jun 12 20:43:22 2024]
Finished job 133.
36 of 73 steps (49%) done
Select jobs to execute...

[Wed Jun 12 20:43:22 2024]
rule inst_cap_table:
    input: resources/DE_20_1.5_wind_0.5_180_noinv.nc
    output: results/data/DE/wind/cap_DE_20_1.5_wind_0.5_180_noinv.csv
    jobid: 137
    reason: Missing output files: results/data/DE/wind/cap_DE_20_1.5_wind_0.5_180_noinv.csv
    wildcards: country=DE, contingency=wind, buses=20, transmission_limit=1.5, reductionto=0.5, duration=180, model=noinv
    resources: tmpdir=C:\Users\Jeremy\AppData\Local\Temp

[Wed Jun 12 20:43:29 2024]
Finished job 42.
37 of 73 steps (51%) done
Select jobs to execute...

[Wed Jun 12 20:43:29 2024]
rule inst_cap_table:
    input: resources/DE_20_1.5_pv_0_90_inv.nc
    output: results/data/DE/pv/cap_DE_20_1.5_pv_0_90_inv.csv
    jobid: 74
    reason: Missing output files: results/data/DE/pv/cap_DE_20_1.5_pv_0_90_inv.csv
    wildcards: country=DE, contingency=pv, buses=20, transmission_limit=1.5, reductionto=0, duration=90, model=inv
    resources: tmpdir=C:\Users\Jeremy\AppData\Local\Temp

[Wed Jun 12 20:43:29 2024]
Finished job 91.
38 of 73 steps (52%) done
Select jobs to execute...

[Wed Jun 12 20:43:29 2024]
rule inst_cap_table:
    input: resources/DE_20_1.5_wind_0.25_270_inv.nc
    output: results/data/DE/wind/cap_DE_20_1.5_wind_0.25_270_inv.csv
    jobid: 97
    reason: Missing output files: results/data/DE/wind/cap_DE_20_1.5_wind_0.25_270_inv.csv
    wildcards: country=DE, contingency=wind, buses=20, transmission_limit=1.5, reductionto=0.25, duration=270, model=inv
    resources: tmpdir=C:\Users\Jeremy\AppData\Local\Temp

[Wed Jun 12 20:43:30 2024]
Finished job 26.
39 of 73 steps (53%) done
Select jobs to execute...

[Wed Jun 12 20:43:30 2024]
rule inst_cap_table:
    input: resources/DE_20_1.5_wind_0.5_90_inv.nc
    output: results/data/DE/wind/cap_DE_20_1.5_wind_0.5_90_inv.csv
    jobid: 99
    reason: Missing output files: results/data/DE/wind/cap_DE_20_1.5_wind_0.5_90_inv.csv
    wildcards: country=DE, contingency=wind, buses=20, transmission_limit=1.5, reductionto=0.5, duration=90, model=inv
    resources: tmpdir=C:\Users\Jeremy\AppData\Local\Temp

[Wed Jun 12 20:43:31 2024]
Finished job 137.
40 of 73 steps (55%) done
Select jobs to execute...

[Wed Jun 12 20:43:31 2024]
rule inst_cap_table:
    input: resources/DE_20_1.0_pv_0_180_noinv.nc
    output: results/data/DE/pv/cap_DE_20_1.0_pv_0_180_noinv.csv
    jobid: 40
    reason: Missing output files: results/data/DE/pv/cap_DE_20_1.0_pv_0_180_noinv.csv
    wildcards: country=DE, contingency=pv, buses=20, transmission_limit=1.0, reductionto=0, duration=180, model=noinv
    resources: tmpdir=C:\Users\Jeremy\AppData\Local\Temp

[Wed Jun 12 20:43:38 2024]
Finished job 97.
41 of 73 steps (56%) done
Select jobs to execute...

[Wed Jun 12 20:43:38 2024]
rule inst_cap_table:
    input: resources/DE_20_1.5_pv_0.25_270_inv.nc
    output: results/data/DE/pv/cap_DE_20_1.5_pv_0.25_270_inv.csv
    jobid: 85
    reason: Missing output files: results/data/DE/pv/cap_DE_20_1.5_pv_0.25_270_inv.csv
    wildcards: country=DE, contingency=pv, buses=20, transmission_limit=1.5, reductionto=0.25, duration=270, model=inv
    resources: tmpdir=C:\Users\Jeremy\AppData\Local\Temp

[Wed Jun 12 20:43:38 2024]
Finished job 74.
42 of 73 steps (58%) done
Select jobs to execute...

[Wed Jun 12 20:43:38 2024]
rule inst_cap_table:
    input: resources/DE_20_1.5_pv_0.25_90_inv.nc
    output: results/data/DE/pv/cap_DE_20_1.5_pv_0.25_90_inv.csv
    jobid: 81
    reason: Missing output files: results/data/DE/pv/cap_DE_20_1.5_pv_0.25_90_inv.csv
    wildcards: country=DE, contingency=pv, buses=20, transmission_limit=1.5, reductionto=0.25, duration=90, model=inv
    resources: tmpdir=C:\Users\Jeremy\AppData\Local\Temp

[Wed Jun 12 20:43:38 2024]
Finished job 99.
43 of 73 steps (59%) done
Select jobs to execute...

[Wed Jun 12 20:43:38 2024]
rule inst_cap_table:
    input: resources/DE_20_1.5_wind_0.5_180_inv.nc
    output: results/data/DE/wind/cap_DE_20_1.5_wind_0.5_180_inv.csv
    jobid: 101
    reason: Missing output files: results/data/DE/wind/cap_DE_20_1.5_wind_0.5_180_inv.csv
    wildcards: country=DE, contingency=wind, buses=20, transmission_limit=1.5, reductionto=0.5, duration=180, model=inv
    resources: tmpdir=C:\Users\Jeremy\AppData\Local\Temp

[Wed Jun 12 20:43:39 2024]
Finished job 40.
44 of 73 steps (60%) done
Select jobs to execute...

[Wed Jun 12 20:43:39 2024]
rule inst_cap_table:
    input: resources/DE_20_1.5_pv_0.5_180_inv.nc
    output: results/data/DE/pv/cap_DE_20_1.5_pv_0.5_180_inv.csv
    jobid: 89
    reason: Missing output files: results/data/DE/pv/cap_DE_20_1.5_pv_0.5_180_inv.csv
    wildcards: country=DE, contingency=pv, buses=20, transmission_limit=1.5, reductionto=0.5, duration=180, model=inv
    resources: tmpdir=C:\Users\Jeremy\AppData\Local\Temp

[Wed Jun 12 20:43:46 2024]
Finished job 81.
45 of 73 steps (62%) done
Select jobs to execute...

[Wed Jun 12 20:43:46 2024]
rule inst_cap_table:
    input: resources/DE_20_1.0_pv_0.25_270_noinv.nc
    output: results/data/DE/pv/cap_DE_20_1.0_pv_0.25_270_noinv.csv
    jobid: 48
    reason: Missing output files: results/data/DE/pv/cap_DE_20_1.0_pv_0.25_270_noinv.csv
    wildcards: country=DE, contingency=pv, buses=20, transmission_limit=1.0, reductionto=0.25, duration=270, model=noinv
    resources: tmpdir=C:\Users\Jeremy\AppData\Local\Temp

[Wed Jun 12 20:43:46 2024]
Finished job 85.
46 of 73 steps (63%) done
Select jobs to execute...

[Wed Jun 12 20:43:46 2024]
rule inst_cap_table:
    input: resources/DE_20_1.5_wind_0.75_180_noinv.nc
    output: results/data/DE/wind/cap_DE_20_1.5_wind_0.75_180_noinv.csv
    jobid: 143
    reason: Missing output files: results/data/DE/wind/cap_DE_20_1.5_wind_0.75_180_noinv.csv
    wildcards: country=DE, contingency=wind, buses=20, transmission_limit=1.5, reductionto=0.75, duration=180, model=noinv
    resources: tmpdir=C:\Users\Jeremy\AppData\Local\Temp

[Wed Jun 12 20:43:47 2024]
Finished job 101.
47 of 73 steps (64%) done
Select jobs to execute...

[Wed Jun 12 20:43:47 2024]
rule inst_cap_table:
    input: resources/DE_20_1.5_pv_0.5_90_inv.nc
    output: results/data/DE/pv/cap_DE_20_1.5_pv_0.5_90_inv.csv
    jobid: 87
    reason: Missing output files: results/data/DE/pv/cap_DE_20_1.5_pv_0.5_90_inv.csv
    wildcards: country=DE, contingency=pv, buses=20, transmission_limit=1.5, reductionto=0.5, duration=90, model=inv
    resources: tmpdir=C:\Users\Jeremy\AppData\Local\Temp

[Wed Jun 12 20:43:48 2024]
Finished job 89.
48 of 73 steps (66%) done
Select jobs to execute...

[Wed Jun 12 20:43:48 2024]
rule inst_cap_table:
    input: resources/DE_20_1.5_pv_0_270_noinv.nc
    output: results/data/DE/pv/cap_DE_20_1.5_pv_0_270_noinv.csv
    jobid: 115
    reason: Missing output files: results/data/DE/pv/cap_DE_20_1.5_pv_0_270_noinv.csv
    wildcards: country=DE, contingency=pv, buses=20, transmission_limit=1.5, reductionto=0, duration=270, model=noinv
    resources: tmpdir=C:\Users\Jeremy\AppData\Local\Temp

[Wed Jun 12 20:43:54 2024]
Finished job 48.
49 of 73 steps (67%) done
Select jobs to execute...

[Wed Jun 12 20:43:54 2024]
rule inst_cap_table:
    input: resources/DE_20_1.5_wind_0.25_180_inv.nc
    output: results/data/DE/wind/cap_DE_20_1.5_wind_0.25_180_inv.csv
    jobid: 95
    reason: Missing output files: results/data/DE/wind/cap_DE_20_1.5_wind_0.25_180_inv.csv
    wildcards: country=DE, contingency=wind, buses=20, transmission_limit=1.5, reductionto=0.25, duration=180, model=inv
    resources: tmpdir=C:\Users\Jeremy\AppData\Local\Temp

[Wed Jun 12 20:43:54 2024]
Finished job 143.
50 of 73 steps (68%) done
Select jobs to execute...

[Wed Jun 12 20:43:54 2024]
rule inst_cap_table:
    input: resources/DE_20_1.5_pv_0.25_180_noinv.nc
    output: results/data/DE/pv/cap_DE_20_1.5_pv_0.25_180_noinv.csv
    jobid: 119
    reason: Missing output files: results/data/DE/pv/cap_DE_20_1.5_pv_0.25_180_noinv.csv
    wildcards: country=DE, contingency=pv, buses=20, transmission_limit=1.5, reductionto=0.25, duration=180, model=noinv
    resources: tmpdir=C:\Users\Jeremy\AppData\Local\Temp

[Wed Jun 12 20:43:55 2024]
Finished job 87.
51 of 73 steps (70%) done
Select jobs to execute...

[Wed Jun 12 20:43:55 2024]
rule inst_cap_table:
    input: resources/DE_20_1.0_pv_0_90_noinv.nc
    output: results/data/DE/pv/cap_DE_20_1.0_pv_0_90_noinv.csv
    jobid: 38
    reason: Missing output files: results/data/DE/pv/cap_DE_20_1.0_pv_0_90_noinv.csv
    wildcards: country=DE, contingency=pv, buses=20, transmission_limit=1.0, reductionto=0, duration=90, model=noinv
    resources: tmpdir=C:\Users\Jeremy\AppData\Local\Temp

[Wed Jun 12 20:43:56 2024]
Finished job 115.
52 of 73 steps (71%) done
Select jobs to execute...

[Wed Jun 12 20:43:56 2024]
rule inst_cap_table:
    input: resources/DE_20_1.5_pv_0.25_270_noinv.nc
    output: results/data/DE/pv/cap_DE_20_1.5_pv_0.25_270_noinv.csv
    jobid: 121
    reason: Missing output files: results/data/DE/pv/cap_DE_20_1.5_pv_0.25_270_noinv.csv
    wildcards: country=DE, contingency=pv, buses=20, transmission_limit=1.5, reductionto=0.25, duration=270, model=noinv
    resources: tmpdir=C:\Users\Jeremy\AppData\Local\Temp

[Wed Jun 12 20:44:03 2024]
Finished job 95.
53 of 73 steps (73%) done
Select jobs to execute...

[Wed Jun 12 20:44:03 2024]
rule inst_cap_table:
    input: resources/DE_20_1.5_wind_0.5_270_noinv.nc
    output: results/data/DE/wind/cap_DE_20_1.5_wind_0.5_270_noinv.csv
    jobid: 139
    reason: Missing output files: results/data/DE/wind/cap_DE_20_1.5_wind_0.5_270_noinv.csv
    wildcards: country=DE, contingency=wind, buses=20, transmission_limit=1.5, reductionto=0.5, duration=270, model=noinv
    resources: tmpdir=C:\Users\Jeremy\AppData\Local\Temp

[Wed Jun 12 20:44:03 2024]
Finished job 119.
54 of 73 steps (74%) done
Select jobs to execute...

[Wed Jun 12 20:44:03 2024]
rule inst_cap_table:
    input: resources/DE_20_1.5_wind_0.75_270_noinv.nc
    output: results/data/DE/wind/cap_DE_20_1.5_wind_0.75_270_noinv.csv
    jobid: 145
    reason: Missing output files: results/data/DE/wind/cap_DE_20_1.5_wind_0.75_270_noinv.csv
    wildcards: country=DE, contingency=wind, buses=20, transmission_limit=1.5, reductionto=0.75, duration=270, model=noinv
    resources: tmpdir=C:\Users\Jeremy\AppData\Local\Temp

[Wed Jun 12 20:44:04 2024]
Finished job 38.
55 of 73 steps (75%) done
Select jobs to execute...

[Wed Jun 12 20:44:04 2024]
rule inst_cap_table:
    input: resources/DE_20_1.0_wind_0.75_90_noinv.nc
    output: results/data/DE/wind/cap_DE_20_1.0_wind_0.75_90_noinv.csv
    jobid: 68
    reason: Missing output files: results/data/DE/wind/cap_DE_20_1.0_wind_0.75_90_noinv.csv
    wildcards: country=DE, contingency=wind, buses=20, transmission_limit=1.0, reductionto=0.75, duration=90, model=noinv
    resources: tmpdir=C:\Users\Jeremy\AppData\Local\Temp

[Wed Jun 12 20:44:05 2024]
Finished job 121.
56 of 73 steps (77%) done
Select jobs to execute...

[Wed Jun 12 20:44:05 2024]
rule inst_cap_table:
    input: resources/DE_20_1.0_pv_0.25_90_noinv.nc
    output: results/data/DE/pv/cap_DE_20_1.0_pv_0.25_90_noinv.csv
    jobid: 44
    reason: Missing output files: results/data/DE/pv/cap_DE_20_1.0_pv_0.25_90_noinv.csv
    wildcards: country=DE, contingency=pv, buses=20, transmission_limit=1.0, reductionto=0.25, duration=90, model=noinv
    resources: tmpdir=C:\Users\Jeremy\AppData\Local\Temp

[Wed Jun 12 20:44:11 2024]
Finished job 139.
57 of 73 steps (78%) done
Select jobs to execute...

[Wed Jun 12 20:44:11 2024]
rule inst_cap_table:
    input: resources/DE_20_1.0_wind_0.5_180_noinv.nc
    output: results/data/DE/wind/cap_DE_20_1.0_wind_0.5_180_noinv.csv
    jobid: 64
    reason: Missing output files: results/data/DE/wind/cap_DE_20_1.0_wind_0.5_180_noinv.csv
    wildcards: country=DE, contingency=wind, buses=20, transmission_limit=1.0, reductionto=0.5, duration=180, model=noinv
    resources: tmpdir=C:\Users\Jeremy\AppData\Local\Temp

[Wed Jun 12 20:44:12 2024]
Finished job 145.
58 of 73 steps (79%) done
Select jobs to execute...

[Wed Jun 12 20:44:12 2024]
rule inst_cap_table:
    input: resources/DE_20_1.0_wind_0.25_270_noinv.nc
    output: results/data/DE/wind/cap_DE_20_1.0_wind_0.25_270_noinv.csv
    jobid: 60
    reason: Missing output files: results/data/DE/wind/cap_DE_20_1.0_wind_0.25_270_noinv.csv
    wildcards: country=DE, contingency=wind, buses=20, transmission_limit=1.0, reductionto=0.25, duration=270, model=noinv
    resources: tmpdir=C:\Users\Jeremy\AppData\Local\Temp

[Wed Jun 12 20:44:12 2024]
Finished job 68.
59 of 73 steps (81%) done
Select jobs to execute...

[Wed Jun 12 20:44:12 2024]
rule inst_cap_table:
    input: resources/DE_20_1.0_wind_0.5_270_noinv.nc
    output: results/data/DE/wind/cap_DE_20_1.0_wind_0.5_270_noinv.csv
    jobid: 66
    reason: Missing output files: results/data/DE/wind/cap_DE_20_1.0_wind_0.5_270_noinv.csv
    wildcards: country=DE, contingency=wind, buses=20, transmission_limit=1.0, reductionto=0.5, duration=270, model=noinv
    resources: tmpdir=C:\Users\Jeremy\AppData\Local\Temp

[Wed Jun 12 20:44:13 2024]
Finished job 44.
60 of 73 steps (82%) done
Select jobs to execute...

[Wed Jun 12 20:44:13 2024]
rule inst_cap_table:
    input: resources/DE_20_1.0_wind_0.25_180_noinv.nc
    output: results/data/DE/wind/cap_DE_20_1.0_wind_0.25_180_noinv.csv
    jobid: 58
    reason: Missing output files: results/data/DE/wind/cap_DE_20_1.0_wind_0.25_180_noinv.csv
    wildcards: country=DE, contingency=wind, buses=20, transmission_limit=1.0, reductionto=0.25, duration=180, model=noinv
    resources: tmpdir=C:\Users\Jeremy\AppData\Local\Temp

[Wed Jun 12 20:44:20 2024]
Finished job 60.
61 of 73 steps (84%) done
Select jobs to execute...

[Wed Jun 12 20:44:20 2024]
rule inst_cap_table:
    input: resources/DE_20_1.0_wind_0.75_270_noinv.nc
    output: results/data/DE/wind/cap_DE_20_1.0_wind_0.75_270_noinv.csv
    jobid: 72
    reason: Missing output files: results/data/DE/wind/cap_DE_20_1.0_wind_0.75_270_noinv.csv
    wildcards: country=DE, contingency=wind, buses=20, transmission_limit=1.0, reductionto=0.75, duration=270, model=noinv
    resources: tmpdir=C:\Users\Jeremy\AppData\Local\Temp

[Wed Jun 12 20:44:20 2024]
Finished job 64.
62 of 73 steps (85%) done
Select jobs to execute...

[Wed Jun 12 20:44:20 2024]
rule inst_cap_table:
    input: resources/DE_20_1.0_wind_0.75_180_noinv.nc
    output: results/data/DE/wind/cap_DE_20_1.0_wind_0.75_180_noinv.csv
    jobid: 70
    reason: Missing output files: results/data/DE/wind/cap_DE_20_1.0_wind_0.75_180_noinv.csv
    wildcards: country=DE, contingency=wind, buses=20, transmission_limit=1.0, reductionto=0.75, duration=180, model=noinv
    resources: tmpdir=C:\Users\Jeremy\AppData\Local\Temp

[Wed Jun 12 20:44:21 2024]
Finished job 66.
63 of 73 steps (86%) done
Select jobs to execute...

[Wed Jun 12 20:44:21 2024]
rule inst_cap_table:
    input: resources/DE_20_1.0_pv_0.25_180_noinv.nc
    output: results/data/DE/pv/cap_DE_20_1.0_pv_0.25_180_noinv.csv
    jobid: 46
    reason: Missing output files: results/data/DE/pv/cap_DE_20_1.0_pv_0.25_180_noinv.csv
    wildcards: country=DE, contingency=pv, buses=20, transmission_limit=1.0, reductionto=0.25, duration=180, model=noinv
    resources: tmpdir=C:\Users\Jeremy\AppData\Local\Temp

[Wed Jun 12 20:44:22 2024]
Finished job 58.
64 of 73 steps (88%) done
Select jobs to execute...

[Wed Jun 12 20:44:22 2024]
rule inst_cap_table:
    input: resources/DE_20_1.0_pv_0.5_180_noinv.nc
    output: results/data/DE/pv/cap_DE_20_1.0_pv_0.5_180_noinv.csv
    jobid: 52
    reason: Missing output files: results/data/DE/pv/cap_DE_20_1.0_pv_0.5_180_noinv.csv
    wildcards: country=DE, contingency=pv, buses=20, transmission_limit=1.0, reductionto=0.5, duration=180, model=noinv
    resources: tmpdir=C:\Users\Jeremy\AppData\Local\Temp

[Wed Jun 12 20:44:28 2024]
Finished job 70.
65 of 73 steps (89%) done
Select jobs to execute...

[Wed Jun 12 20:44:28 2024]
rule inst_cap_table:
    input: resources/DE_20_1.0_wind_0.25_90_noinv.nc
    output: results/data/DE/wind/cap_DE_20_1.0_wind_0.25_90_noinv.csv
    jobid: 56
    reason: Missing output files: results/data/DE/wind/cap_DE_20_1.0_wind_0.25_90_noinv.csv
    wildcards: country=DE, contingency=wind, buses=20, transmission_limit=1.0, reductionto=0.25, duration=90, model=noinv
    resources: tmpdir=C:\Users\Jeremy\AppData\Local\Temp

[Wed Jun 12 20:44:28 2024]
Finished job 72.
66 of 73 steps (90%) done
Select jobs to execute...

[Wed Jun 12 20:44:28 2024]
rule inst_cap_table:
    input: resources/DE_20_1.0_pv_0.5_90_noinv.nc
    output: results/data/DE/pv/cap_DE_20_1.0_pv_0.5_90_noinv.csv
    jobid: 50
    reason: Missing output files: results/data/DE/pv/cap_DE_20_1.0_pv_0.5_90_noinv.csv
    wildcards: country=DE, contingency=pv, buses=20, transmission_limit=1.0, reductionto=0.5, duration=90, model=noinv
    resources: tmpdir=C:\Users\Jeremy\AppData\Local\Temp

[Wed Jun 12 20:44:30 2024]
Finished job 46.
67 of 73 steps (92%) done
Select jobs to execute...

[Wed Jun 12 20:44:30 2024]
rule inst_cap_table:
    input: resources/DE_20_1.0_wind_0.5_90_noinv.nc
    output: results/data/DE/wind/cap_DE_20_1.0_wind_0.5_90_noinv.csv
    jobid: 62
    reason: Missing output files: results/data/DE/wind/cap_DE_20_1.0_wind_0.5_90_noinv.csv
    wildcards: country=DE, contingency=wind, buses=20, transmission_limit=1.0, reductionto=0.5, duration=90, model=noinv
    resources: tmpdir=C:\Users\Jeremy\AppData\Local\Temp

[Wed Jun 12 20:44:31 2024]
Finished job 52.
68 of 73 steps (93%) done
Select jobs to execute...

[Wed Jun 12 20:44:31 2024]
rule inst_cap_table:
    input: resources/DE_20_1.0_pv_0.5_270_noinv.nc
    output: results/data/DE/pv/cap_DE_20_1.0_pv_0.5_270_noinv.csv
    jobid: 54
    reason: Missing output files: results/data/DE/pv/cap_DE_20_1.0_pv_0.5_270_noinv.csv
    wildcards: country=DE, contingency=pv, buses=20, transmission_limit=1.0, reductionto=0.5, duration=270, model=noinv
    resources: tmpdir=C:\Users\Jeremy\AppData\Local\Temp

[Wed Jun 12 20:44:37 2024]
Finished job 56.
69 of 73 steps (95%) done
[Wed Jun 12 20:44:37 2024]
Finished job 50.
70 of 73 steps (96%) done
[Wed Jun 12 20:44:38 2024]
Finished job 62.
71 of 73 steps (97%) done
[Wed Jun 12 20:44:39 2024]
Finished job 54.
72 of 73 steps (99%) done
Select jobs to execute...

[Wed Jun 12 20:44:39 2024]
localrule all:
    input: results/data/DE/pv/cap_DE_20_1.0_pv_0_90_inv.csv, results/data/DE/pv/cap_DE_20_1.0_pv_0_180_inv.csv, results/data/DE/pv/cap_DE_20_1.0_pv_0_270_inv.csv, results/data/DE/pv/cap_DE_20_1.0_pv_0.25_90_inv.csv, results/data/DE/pv/cap_DE_20_1.0_pv_0.25_180_inv.csv, results/data/DE/pv/cap_DE_20_1.0_pv_0.25_270_inv.csv, results/data/DE/pv/cap_DE_20_1.0_pv_0.5_90_inv.csv, results/data/DE/pv/cap_DE_20_1.0_pv_0.5_180_inv.csv, results/data/DE/pv/cap_DE_20_1.0_pv_0.5_270_inv.csv, results/data/DE/wind/cap_DE_20_1.0_wind_0.25_90_inv.csv, results/data/DE/wind/cap_DE_20_1.0_wind_0.25_180_inv.csv, results/data/DE/wind/cap_DE_20_1.0_wind_0.25_270_inv.csv, results/data/DE/wind/cap_DE_20_1.0_wind_0.5_90_inv.csv, results/data/DE/wind/cap_DE_20_1.0_wind_0.5_180_inv.csv, results/data/DE/wind/cap_DE_20_1.0_wind_0.5_270_inv.csv, results/data/DE/wind/cap_DE_20_1.0_wind_0.75_90_inv.csv, results/data/DE/wind/cap_DE_20_1.0_wind_0.75_180_inv.csv, results/data/DE/wind/cap_DE_20_1.0_wind_0.75_270_inv.csv, results/data/DE/pv/cap_DE_20_1.0_pv_0_90_noinv.csv, results/data/DE/pv/cap_DE_20_1.0_pv_0_180_noinv.csv, results/data/DE/pv/cap_DE_20_1.0_pv_0_270_noinv.csv, results/data/DE/pv/cap_DE_20_1.0_pv_0.25_90_noinv.csv, results/data/DE/pv/cap_DE_20_1.0_pv_0.25_180_noinv.csv, results/data/DE/pv/cap_DE_20_1.0_pv_0.25_270_noinv.csv, results/data/DE/pv/cap_DE_20_1.0_pv_0.5_90_noinv.csv, results/data/DE/pv/cap_DE_20_1.0_pv_0.5_180_noinv.csv, results/data/DE/pv/cap_DE_20_1.0_pv_0.5_270_noinv.csv, results/data/DE/wind/cap_DE_20_1.0_wind_0.25_90_noinv.csv, results/data/DE/wind/cap_DE_20_1.0_wind_0.25_180_noinv.csv, results/data/DE/wind/cap_DE_20_1.0_wind_0.25_270_noinv.csv, results/data/DE/wind/cap_DE_20_1.0_wind_0.5_90_noinv.csv, results/data/DE/wind/cap_DE_20_1.0_wind_0.5_180_noinv.csv, results/data/DE/wind/cap_DE_20_1.0_wind_0.5_270_noinv.csv, results/data/DE/wind/cap_DE_20_1.0_wind_0.75_90_noinv.csv, results/data/DE/wind/cap_DE_20_1.0_wind_0.75_180_noinv.csv, results/data/DE/wind/cap_DE_20_1.0_wind_0.75_270_noinv.csv, results/data/DE/pv/cap_DE_20_1.5_pv_0_90_inv.csv, results/data/DE/pv/cap_DE_20_1.5_pv_0_180_inv.csv, results/data/DE/pv/cap_DE_20_1.5_pv_0_270_inv.csv, results/data/DE/pv/cap_DE_20_1.5_pv_0.25_90_inv.csv, results/data/DE/pv/cap_DE_20_1.5_pv_0.25_180_inv.csv, results/data/DE/pv/cap_DE_20_1.5_pv_0.25_270_inv.csv, results/data/DE/pv/cap_DE_20_1.5_pv_0.5_90_inv.csv, results/data/DE/pv/cap_DE_20_1.5_pv_0.5_180_inv.csv, results/data/DE/pv/cap_DE_20_1.5_pv_0.5_270_inv.csv, results/data/DE/wind/cap_DE_20_1.5_wind_0.25_90_inv.csv, results/data/DE/wind/cap_DE_20_1.5_wind_0.25_180_inv.csv, results/data/DE/wind/cap_DE_20_1.5_wind_0.25_270_inv.csv, results/data/DE/wind/cap_DE_20_1.5_wind_0.5_90_inv.csv, results/data/DE/wind/cap_DE_20_1.5_wind_0.5_180_inv.csv, results/data/DE/wind/cap_DE_20_1.5_wind_0.5_270_inv.csv, results/data/DE/wind/cap_DE_20_1.5_wind_0.75_90_inv.csv, results/data/DE/wind/cap_DE_20_1.5_wind_0.75_180_inv.csv, results/data/DE/wind/cap_DE_20_1.5_wind_0.75_270_inv.csv, results/data/DE/pv/cap_DE_20_1.5_pv_0_90_noinv.csv, results/data/DE/pv/cap_DE_20_1.5_pv_0_180_noinv.csv, results/data/DE/pv/cap_DE_20_1.5_pv_0_270_noinv.csv, results/data/DE/pv/cap_DE_20_1.5_pv_0.25_90_noinv.csv, results/data/DE/pv/cap_DE_20_1.5_pv_0.25_180_noinv.csv, results/data/DE/pv/cap_DE_20_1.5_pv_0.25_270_noinv.csv, results/data/DE/pv/cap_DE_20_1.5_pv_0.5_90_noinv.csv, results/data/DE/pv/cap_DE_20_1.5_pv_0.5_180_noinv.csv, results/data/DE/pv/cap_DE_20_1.5_pv_0.5_270_noinv.csv, results/data/DE/wind/cap_DE_20_1.5_wind_0.25_90_noinv.csv, results/data/DE/wind/cap_DE_20_1.5_wind_0.25_180_noinv.csv, results/data/DE/wind/cap_DE_20_1.5_wind_0.25_270_noinv.csv, results/data/DE/wind/cap_DE_20_1.5_wind_0.5_90_noinv.csv, results/data/DE/wind/cap_DE_20_1.5_wind_0.5_180_noinv.csv, results/data/DE/wind/cap_DE_20_1.5_wind_0.5_270_noinv.csv, results/data/DE/wind/cap_DE_20_1.5_wind_0.75_90_noinv.csv, results/data/DE/wind/cap_DE_20_1.5_wind_0.75_180_noinv.csv, results/data/DE/wind/cap_DE_20_1.5_wind_0.75_270_noinv.csv
    jobid: 0
    reason: Input files updated by another job: results/data/DE/pv/cap_DE_20_1.0_pv_0.5_270_noinv.csv, results/data/DE/wind/cap_DE_20_1.5_wind_0.75_180_noinv.csv, results/data/DE/pv/cap_DE_20_1.0_pv_0_180_noinv.csv, results/data/DE/wind/cap_DE_20_1.0_wind_0.75_90_inv.csv, results/data/DE/pv/cap_DE_20_1.0_pv_0.5_180_noinv.csv, results/data/DE/pv/cap_DE_20_1.0_pv_0_180_inv.csv, results/data/DE/wind/cap_DE_20_1.0_wind_0.25_180_inv.csv, results/data/DE/pv/cap_DE_20_1.5_pv_0.25_270_inv.csv, results/data/DE/pv/cap_DE_20_1.5_pv_0.5_270_noinv.csv, results/data/DE/pv/cap_DE_20_1.5_pv_0.5_270_inv.csv, results/data/DE/wind/cap_DE_20_1.5_wind_0.5_90_noinv.csv, results/data/DE/pv/cap_DE_20_1.0_pv_0.25_270_inv.csv, results/data/DE/pv/cap_DE_20_1.0_pv_0.25_90_inv.csv, results/data/DE/wind/cap_DE_20_1.0_wind_0.5_180_inv.csv, results/data/DE/pv/cap_DE_20_1.5_pv_0.5_180_noinv.csv, results/data/DE/wind/cap_DE_20_1.0_wind_0.5_270_inv.csv, results/data/DE/pv/cap_DE_20_1.0_pv_0.25_180_inv.csv, results/data/DE/wind/cap_DE_20_1.0_wind_0.75_270_noinv.csv, results/data/DE/pv/cap_DE_20_1.0_pv_0.25_270_noinv.csv, results/data/DE/wind/cap_DE_20_1.5_wind_0.5_180_inv.csv, results/data/DE/wind/cap_DE_20_1.0_wind_0.5_180_noinv.csv, results/data/DE/pv/cap_DE_20_1.5_pv_0_90_inv.csv, results/data/DE/pv/cap_DE_20_1.5_pv_0.25_180_inv.csv, results/data/DE/pv/cap_DE_20_1.0_pv_0_90_noinv.csv, results/data/DE/pv/cap_DE_20_1.0_pv_0.5_90_inv.csv, results/data/DE/pv/cap_DE_20_1.0_pv_0_90_inv.csv, results/data/DE/wind/cap_DE_20_1.0_wind_0.25_270_inv.csv, results/data/DE/pv/cap_DE_20_1.0_pv_0.25_180_noinv.csv, results/data/DE/pv/cap_DE_20_1.0_pv_0.5_270_inv.csv, results/data/DE/wind/cap_DE_20_1.5_wind_0.5_270_inv.csv, results/data/DE/wind/cap_DE_20_1.5_wind_0.75_90_noinv.csv, results/data/DE/wind/cap_DE_20_1.0_wind_0.75_270_inv.csv, results/data/DE/wind/cap_DE_20_1.5_wind_0.75_90_inv.csv, results/data/DE/pv/cap_DE_20_1.5_pv_0.25_270_noinv.csv, results/data/DE/wind/cap_DE_20_1.5_wind_0.75_270_inv.csv, results/data/DE/wind/cap_DE_20_1.5_wind_0.5_270_noinv.csv, results/data/DE/wind/cap_DE_20_1.0_wind_0.75_90_noinv.csv, results/data/DE/wind/cap_DE_20_1.0_wind_0.25_90_inv.csv, results/data/DE/wind/cap_DE_20_1.0_wind_0.25_180_noinv.csv, results/data/DE/wind/cap_DE_20_1.5_wind_0.25_270_inv.csv, results/data/DE/wind/cap_DE_20_1.5_wind_0.75_180_inv.csv, results/data/DE/wind/cap_DE_20_1.0_wind_0.25_90_noinv.csv, results/data/DE/pv/cap_DE_20_1.0_pv_0_270_inv.csv, results/data/DE/wind/cap_DE_20_1.5_wind_0.5_180_noinv.csv, results/data/DE/pv/cap_DE_20_1.5_pv_0.25_90_inv.csv, results/data/DE/pv/cap_DE_20_1.0_pv_0.25_90_noinv.csv, results/data/DE/wind/cap_DE_20_1.0_wind_0.75_180_inv.csv, results/data/DE/wind/cap_DE_20_1.0_wind_0.75_180_noinv.csv, results/data/DE/wind/cap_DE_20_1.5_wind_0.25_180_inv.csv, results/data/DE/pv/cap_DE_20_1.5_pv_0_180_noinv.csv, results/data/DE/pv/cap_DE_20_1.5_pv_0.25_90_noinv.csv, results/data/DE/pv/cap_DE_20_1.5_pv_0.25_180_noinv.csv, results/data/DE/pv/cap_DE_20_1.5_pv_0.5_90_noinv.csv, results/data/DE/pv/cap_DE_20_1.0_pv_0.5_90_noinv.csv, results/data/DE/wind/cap_DE_20_1.0_wind_0.5_90_inv.csv, results/data/DE/wind/cap_DE_20_1.0_wind_0.5_270_noinv.csv, results/data/DE/pv/cap_DE_20_1.5_pv_0.5_180_inv.csv, results/data/DE/pv/cap_DE_20_1.5_pv_0_90_noinv.csv, results/data/DE/wind/cap_DE_20_1.0_wind_0.25_270_noinv.csv, results/data/DE/pv/cap_DE_20_1.5_pv_0_180_inv.csv, results/data/DE/pv/cap_DE_20_1.5_pv_0_270_inv.csv, results/data/DE/wind/cap_DE_20_1.5_wind_0.25_180_noinv.csv, results/data/DE/wind/cap_DE_20_1.0_wind_0.5_90_noinv.csv, results/data/DE/wind/cap_DE_20_1.5_wind_0.25_90_inv.csv, results/data/DE/wind/cap_DE_20_1.5_wind_0.5_90_inv.csv, results/data/DE/wind/cap_DE_20_1.5_wind_0.75_270_noinv.csv, results/data/DE/wind/cap_DE_20_1.5_wind_0.25_270_noinv.csv, results/data/DE/pv/cap_DE_20_1.0_pv_0_270_noinv.csv, results/data/DE/pv/cap_DE_20_1.5_pv_0_270_noinv.csv, results/data/DE/pv/cap_DE_20_1.0_pv_0.5_180_inv.csv, results/data/DE/pv/cap_DE_20_1.5_pv_0.5_90_inv.csv, results/data/DE/wind/cap_DE_20_1.5_wind_0.25_90_noinv.csv
    resources: tmpdir=C:\Users\Jeremy\AppData\Local\Temp

[Wed Jun 12 20:44:39 2024]
Finished job 0.
73 of 73 steps (100%) done
Complete log: .snakemake\log\2024-06-12T204205.219740.snakemake.log
