Building DAG of jobs...
Provided cores: 4
Rules claiming more threads will be scaled down.
Job stats:
job               count
--------------  -------
all                   1
dynamic_solve        72
inst_cap_table       72
total               145

Select jobs to execute...

[Wed Jun 12 19:17:36 2024]
rule dynamic_solve:
    input: resources/DE_20_1.5_base_solved.nc
    output: resources/DE_20_1.5_wind_0.75_270_noinv.nc, resources/DE_20_1.5_wind_0.75_270_noinvroll.nc
    jobid: 146
    reason: Missing output files: resources/DE_20_1.5_wind_0.75_270_noinv.nc
    wildcards: country=DE, contingency=wind, buses=20, transmission_limit=1.5, reductionto=0.75, duration=270, model=noinv
    resources: tmpdir=C:\Users\Jeremy\AppData\Local\Temp

[Wed Jun 12 19:17:36 2024]
rule dynamic_solve:
    input: resources/DE_20_1.5_base_solved.nc
    output: resources/DE_20_1.5_wind_0.25_180_inv.nc, resources/DE_20_1.5_wind_0.25_180_invroll.nc
    jobid: 96
    reason: Missing output files: resources/DE_20_1.5_wind_0.25_180_inv.nc
    wildcards: country=DE, contingency=wind, buses=20, transmission_limit=1.5, reductionto=0.25, duration=180, model=inv
    resources: tmpdir=C:\Users\Jeremy\AppData\Local\Temp

[Wed Jun 12 19:17:36 2024]
rule dynamic_solve:
    input: resources/DE_20_1.5_base_solved.nc
    output: resources/DE_20_1.5_wind_0.75_270_inv.nc, resources/DE_20_1.5_wind_0.75_270_invroll.nc
    jobid: 110
    reason: Missing output files: resources/DE_20_1.5_wind_0.75_270_inv.nc
    wildcards: country=DE, contingency=wind, buses=20, transmission_limit=1.5, reductionto=0.75, duration=270, model=inv
    resources: tmpdir=C:\Users\Jeremy\AppData\Local\Temp


[Wed Jun 12 19:17:36 2024]
rule dynamic_solve:
    input: resources/DE_20_1.5_base_solved.nc
    output: resources/DE_20_1.5_wind_0.25_180_noinv.nc, resources/DE_20_1.5_wind_0.25_180_noinvroll.nc
    jobid: 132
    reason: Missing output files: resources/DE_20_1.5_wind_0.25_180_noinv.nc
    wildcards: country=DE, contingency=wind, buses=20, transmission_limit=1.5, reductionto=0.25, duration=180, model=noinv
    resources: tmpdir=C:\Users\Jeremy\AppData\Local\Temp

[Wed Jun 12 19:17:50 2024]
[Wed Jun 12 19:17:50 2024]
Error in rule dynamic_solve:
    jobid: 146
    input: resources/DE_20_1.5_base_solved.nc
    output: resources/DE_20_1.5_wind_0.75_270_noinv.nc, resources/DE_20_1.5_wind_0.75_270_noinvroll.nc

Error in rule dynamic_solve:
    jobid: 132
    input: resources/DE_20_1.5_base_solved.nc
    output: resources/DE_20_1.5_wind_0.25_180_noinv.nc, resources/DE_20_1.5_wind_0.25_180_noinvroll.nc

RuleException:
CalledProcessError in file C:\Users\Jeremy\Documents\MasterThesis\Models\Snakefile, line 152:
Command 'python scripts/solve_wind.py resources/DE_20_1.5_base_solved.nc resources/DE_20_1.5_wind_0.75_270_noinv.nc resources/DE_20_1.5_wind_0.75_270_noinvroll.nc wind 0.75 270 noinv 52 DE 2013-02-01 00:00:00' returned non-zero exit status 3221225786.
  File "C:\Users\Jeremy\Documents\MasterThesis\Models\Snakefile", line 152, in __rule_dynamic_solve
  File "C:\Users\Jeremy\anaconda3\envs\pypsa-eur\Lib\concurrent\futures\thread.py", line 58, in run
RuleException:
CalledProcessError in file C:\Users\Jeremy\Documents\MasterThesis\Models\Snakefile, line 152:
Command 'python scripts/solve_wind.py resources/DE_20_1.5_base_solved.nc resources/DE_20_1.5_wind_0.25_180_noinv.nc resources/DE_20_1.5_wind_0.25_180_noinvroll.nc wind 0.25 180 noinv 52 DE 2013-02-01 00:00:00' returned non-zero exit status 3221225786.
  File "C:\Users\Jeremy\Documents\MasterThesis\Models\Snakefile", line 152, in __rule_dynamic_solve
  File "C:\Users\Jeremy\anaconda3\envs\pypsa-eur\Lib\concurrent\futures\thread.py", line 58, in run
Terminating processes on user request, this might take some time.
[Wed Jun 12 19:17:50 2024]
Error in rule dynamic_solve:
    jobid: 110
    input: resources/DE_20_1.5_base_solved.nc
    output: resources/DE_20_1.5_wind_0.75_270_inv.nc, resources/DE_20_1.5_wind_0.75_270_invroll.nc

RuleException:
CalledProcessError in file C:\Users\Jeremy\Documents\MasterThesis\Models\Snakefile, line 152:
Command 'python scripts/solve_wind.py resources/DE_20_1.5_base_solved.nc resources/DE_20_1.5_wind_0.75_270_inv.nc resources/DE_20_1.5_wind_0.75_270_invroll.nc wind 0.75 270 inv 52 DE 2013-02-01 00:00:00' returned non-zero exit status 3221225786.
  File "C:\Users\Jeremy\Documents\MasterThesis\Models\Snakefile", line 152, in __rule_dynamic_solve
  File "C:\Users\Jeremy\anaconda3\envs\pypsa-eur\Lib\concurrent\futures\thread.py", line 58, in run
[Wed Jun 12 19:17:50 2024]
Error in rule dynamic_solve:
    jobid: 96
    input: resources/DE_20_1.5_base_solved.nc
    output: resources/DE_20_1.5_wind_0.25_180_inv.nc, resources/DE_20_1.5_wind_0.25_180_invroll.nc

RuleException:
CalledProcessError in file C:\Users\Jeremy\Documents\MasterThesis\Models\Snakefile, line 152:
Command 'python scripts/solve_wind.py resources/DE_20_1.5_base_solved.nc resources/DE_20_1.5_wind_0.25_180_inv.nc resources/DE_20_1.5_wind_0.25_180_invroll.nc wind 0.25 180 inv 52 DE 2013-02-01 00:00:00' returned non-zero exit status 3221225786.
  File "C:\Users\Jeremy\Documents\MasterThesis\Models\Snakefile", line 152, in __rule_dynamic_solve
  File "C:\Users\Jeremy\anaconda3\envs\pypsa-eur\Lib\concurrent\futures\thread.py", line 58, in run
Complete log: .snakemake\log\2024-06-12T191734.268577.snakemake.log
