Building DAG of jobs...
Provided cores: 2
Rules claiming more threads will be scaled down.
Job stats:
job              count
-------------  -------
all                  1
dynamic_solve       71
solve_base           1
total               73

Select jobs to execute...

[Tue Jun  4 23:47:42 2024]
rule dynamic_solve:
    input: resources/DE_20_1.5_base_solved.nc
    output: resources/DE_20_1.5_wind_0.25_180_inv.nc, results/DE_20_1.5_wind_0.25_180_invroll.nc
    jobid: 55
    reason: Missing output files: results/DE_20_1.5_wind_0.25_180_invroll.nc; Code has changed since last execution
    wildcards: country=DE, buses=20, transmission_limit=1.5, contingency=wind, reductionto=0.25, duration=180, model=inv
    resources: tmpdir=C:\Users\Jeremy\AppData\Local\Temp


[Tue Jun  4 23:47:42 2024]
rule solve_base:
    input: resources/DE_20_1.0_base.nc
    output: resources/DE_20_1.0_base_solved.nc, resources/DE_20_1.0_base_roll_solved.nc
    jobid: 2
    reason: Missing output files: resources/DE_20_1.0_base_solved.nc; Code has changed since last execution
    wildcards: country=DE, buses=20, transmission_limit=1.0
    resources: tmpdir=C:\Users\Jeremy\AppData\Local\Temp

[Wed Jun  5 00:49:50 2024]
Finished job 2.
1 of 73 steps (1%) done
Select jobs to execute...

[Wed Jun  5 00:49:50 2024]
rule dynamic_solve:
    input: resources/DE_20_1.0_base_solved.nc
    output: resources/DE_20_1.0_pv_0.25_90_inv.nc, results/DE_20_1.0_pv_0.25_90_invroll.nc
    jobid: 5
    reason: Input files updated by another job: resources/DE_20_1.0_base_solved.nc
    wildcards: country=DE, buses=20, transmission_limit=1.0, contingency=pv, reductionto=0.25, duration=90, model=inv
    resources: tmpdir=C:\Users\Jeremy\AppData\Local\Temp

[Wed Jun  5 01:20:59 2024]
Finished job 55.
2 of 73 steps (3%) done
Select jobs to execute...

[Wed Jun  5 01:20:59 2024]
rule dynamic_solve:
    input: resources/DE_20_1.0_base_solved.nc
    output: resources/DE_20_1.0_wind_0.25_90_noinv.nc, results/DE_20_1.0_wind_0.25_90_noinvroll.nc
    jobid: 35
    reason: Input files updated by another job: resources/DE_20_1.0_base_solved.nc
    wildcards: country=DE, buses=20, transmission_limit=1.0, contingency=wind, reductionto=0.25, duration=90, model=noinv
    resources: tmpdir=C:\Users\Jeremy\AppData\Local\Temp

[Wed Jun  5 01:21:10 2024]
Error in rule dynamic_solve:
    jobid: 35
    input: resources/DE_20_1.0_base_solved.nc
    output: resources/DE_20_1.0_wind_0.25_90_noinv.nc, results/DE_20_1.0_wind_0.25_90_noinvroll.nc

RuleException:
CalledProcessError in file C:\Users\Jeremy\Documents\MasterThesis\Models\Snakefile, line 161:
Command 'python scripts/solve_wind.py resources/DE_20_1.0_base_solved.nc resources/DE_20_1.0_wind_0.25_90_noinv.nc results/DE_20_1.0_wind_0.25_90_noinvroll.nc wind 0.25 90 noinv 24 2013-02-01 00:00:00' returned non-zero exit status 1.
  File "C:\Users\Jeremy\Documents\MasterThesis\Models\Snakefile", line 161, in __rule_dynamic_solve
  File "C:\Users\Jeremy\anaconda3\envs\pypsa-eur\Lib\concurrent\futures\thread.py", line 58, in run
[Wed Jun  5 01:24:55 2024]
Finished job 5.
3 of 73 steps (4%) done
Shutting down, this might take some time.
Exiting because a job execution failed. Look above for error message
Complete log: .snakemake\log\2024-06-04T234741.466041.snakemake.log
