Building DAG of jobs...
Provided cores: 1 (use --cores to define parallelism)
Rules claiming more threads will be scaled down.
Job stats:
job                      count
---------------------  -------
all                          1
solve_contingencies          2
solve_rollinghorizons        2
total                        5

Select jobs to execute...

[Sun May 26 16:35:04 2024]
rule solve_contingencies:
    input: resources/DE_20_1.0_base_solved.nc
    output: resources/DE_20_1.0_pv_0_180_inv.nc
    jobid: 2
    reason: Code has changed since last execution
    wildcards: country=DE, buses=20, transmission_limit=1.0, contingency=pv, reductionto=0, duration=180, model=inv
    resources: tmpdir=C:\Users\Jeremy\AppData\Local\Temp

[Sun May 26 16:42:09 2024]
Finished job 2.
1 of 5 steps (20%) done
Select jobs to execute...

[Sun May 26 16:42:09 2024]
rule solve_contingencies:
    input: resources/DE_20_1.0_base_solved.nc
    output: resources/DE_20_1.0_pv_0_180_noinv.nc
    jobid: 4
    reason: Code has changed since last execution
    wildcards: country=DE, buses=20, transmission_limit=1.0, contingency=pv, reductionto=0, duration=180, model=noinv
    resources: tmpdir=C:\Users\Jeremy\AppData\Local\Temp

[Sun May 26 16:44:27 2024]
Finished job 4.
2 of 5 steps (40%) done
Select jobs to execute...

[Sun May 26 16:44:27 2024]
rule solve_rollinghorizons:
    input: resources/DE_20_1.0_pv_0_180_noinv.nc
    output: results/DE_20_1.0_pv_0_180_noinvroll.nc
    jobid: 3
    reason: Input files updated by another job: resources/DE_20_1.0_pv_0_180_noinv.nc
    wildcards: country=DE, buses=20, transmission_limit=1.0, contingency=pv, reductionto=0, duration=180, model=noinv
    resources: tmpdir=C:\Users\Jeremy\AppData\Local\Temp

[Sun May 26 16:44:27 2024]
Finished job 3.
3 of 5 steps (60%) done
Select jobs to execute...

[Sun May 26 16:44:27 2024]
rule solve_rollinghorizons:
    input: resources/DE_20_1.0_pv_0_180_inv.nc
    output: results/DE_20_1.0_pv_0_180_invroll.nc
    jobid: 1
    reason: Input files updated by another job: resources/DE_20_1.0_pv_0_180_inv.nc
    wildcards: country=DE, buses=20, transmission_limit=1.0, contingency=pv, reductionto=0, duration=180, model=inv
    resources: tmpdir=C:\Users\Jeremy\AppData\Local\Temp

[Sun May 26 16:44:27 2024]
Finished job 1.
4 of 5 steps (80%) done
Select jobs to execute...

[Sun May 26 16:44:27 2024]
localrule all:
    input: results/DE_20_1.0_pv_0_180_invroll.nc, results/DE_20_1.0_pv_0_180_noinvroll.nc
    jobid: 0
    reason: Input files updated by another job: results/DE_20_1.0_pv_0_180_invroll.nc, results/DE_20_1.0_pv_0_180_noinvroll.nc
    resources: tmpdir=C:\Users\Jeremy\AppData\Local\Temp

[Sun May 26 16:44:27 2024]
Finished job 0.
5 of 5 steps (100%) done
Complete log: .snakemake\log\2024-05-26T163503.093766.snakemake.log
