Building DAG of jobs...
Provided cores: 1 (use --cores to define parallelism)
Rules claiming more threads will be scaled down.
Job stats:
job                      count
---------------------  -------
all                          1
solve_rollinghorizons       72
total                       73

Select jobs to execute...

[Sun May 26 14:39:22 2024]
rule solve_rollinghorizons:
    input: resources/DE_20_1.0_wind_1.0_90_inv.nc
    output: results/DE_20_1.0_wind_1.0_90_invroll.nc
    jobid: 19
    reason: Missing output files: results/DE_20_1.0_wind_1.0_90_invroll.nc
    wildcards: country=DE, buses=20, transmission_limit=1.0, contingency=wind, reductionto=1.0, duration=90, model=inv
    resources: tmpdir=C:\Users\Jeremy\AppData\Local\Temp

[Sun May 26 14:39:22 2024]
Finished job 19.
1 of 73 steps (1%) done
Select jobs to execute...

[Sun May 26 14:39:22 2024]
rule solve_rollinghorizons:
    input: resources/DE_20_1.5_pv_0.5_270_inv.nc
    output: results/DE_20_1.5_pv_0.5_270_invroll.nc
    jobid: 77
    reason: Missing output files: results/DE_20_1.5_pv_0.5_270_invroll.nc
    wildcards: country=DE, buses=20, transmission_limit=1.5, contingency=pv, reductionto=0.5, duration=270, model=inv
    resources: tmpdir=C:\Users\Jeremy\AppData\Local\Temp

[Sun May 26 14:39:22 2024]
Finished job 77.
2 of 73 steps (3%) done
Select jobs to execute...

[Sun May 26 14:39:22 2024]
rule solve_rollinghorizons:
    input: resources/DE_20_1.5_wind_0.5_90_noinv.nc
    output: results/DE_20_1.5_wind_0.5_90_noinvroll.nc
    jobid: 133
    reason: Missing output files: results/DE_20_1.5_wind_0.5_90_noinvroll.nc
    wildcards: country=DE, buses=20, transmission_limit=1.5, contingency=wind, reductionto=0.5, duration=90, model=noinv
    resources: tmpdir=C:\Users\Jeremy\AppData\Local\Temp

[Sun May 26 14:39:22 2024]
Finished job 133.
3 of 73 steps (4%) done
Select jobs to execute...

[Sun May 26 14:39:22 2024]
rule solve_rollinghorizons:
    input: resources/DE_20_1.0_wind_0.5_90_inv.nc
    output: results/DE_20_1.0_wind_0.5_90_invroll.nc
    jobid: 25
    reason: Missing output files: results/DE_20_1.0_wind_0.5_90_invroll.nc
    wildcards: country=DE, buses=20, transmission_limit=1.0, contingency=wind, reductionto=0.5, duration=90, model=inv
    resources: tmpdir=C:\Users\Jeremy\AppData\Local\Temp

[Sun May 26 14:39:22 2024]
Finished job 25.
4 of 73 steps (5%) done
Select jobs to execute...

[Sun May 26 14:39:22 2024]
rule solve_rollinghorizons:
    input: resources/DE_20_1.5_wind_1.0_90_inv.nc
    output: results/DE_20_1.5_wind_1.0_90_invroll.nc
    jobid: 91
    reason: Missing output files: results/DE_20_1.5_wind_1.0_90_invroll.nc
    wildcards: country=DE, buses=20, transmission_limit=1.5, contingency=wind, reductionto=1.0, duration=90, model=inv
    resources: tmpdir=C:\Users\Jeremy\AppData\Local\Temp

[Sun May 26 14:39:22 2024]
Finished job 91.
5 of 73 steps (7%) done
Select jobs to execute...

[Sun May 26 14:39:22 2024]
rule solve_rollinghorizons:
    input: resources/DE_20_1.0_wind_1.0_180_noinv.nc
    output: results/DE_20_1.0_wind_1.0_180_noinvroll.nc
    jobid: 57
    reason: Missing output files: results/DE_20_1.0_wind_1.0_180_noinvroll.nc
    wildcards: country=DE, buses=20, transmission_limit=1.0, contingency=wind, reductionto=1.0, duration=180, model=noinv
    resources: tmpdir=C:\Users\Jeremy\AppData\Local\Temp

[Sun May 26 14:39:22 2024]
Finished job 57.
6 of 73 steps (8%) done
Select jobs to execute...

[Sun May 26 14:39:22 2024]
rule solve_rollinghorizons:
    input: resources/DE_20_1.5_pv_0.5_270_noinv.nc
    output: results/DE_20_1.5_pv_0.5_270_noinvroll.nc
    jobid: 113
    reason: Missing output files: results/DE_20_1.5_pv_0.5_270_noinvroll.nc
    wildcards: country=DE, buses=20, transmission_limit=1.5, contingency=pv, reductionto=0.5, duration=270, model=noinv
    resources: tmpdir=C:\Users\Jeremy\AppData\Local\Temp

[Sun May 26 14:39:22 2024]
Finished job 113.
7 of 73 steps (10%) done
Select jobs to execute...

[Sun May 26 14:39:22 2024]
rule solve_rollinghorizons:
    input: resources/DE_20_1.0_pv_0.25_270_inv.nc
    output: results/DE_20_1.0_pv_0.25_270_invroll.nc
    jobid: 11
    reason: Missing output files: results/DE_20_1.0_pv_0.25_270_invroll.nc
    wildcards: country=DE, buses=20, transmission_limit=1.0, contingency=pv, reductionto=0.25, duration=270, model=inv
    resources: tmpdir=C:\Users\Jeremy\AppData\Local\Temp

[Sun May 26 14:39:22 2024]
Finished job 11.
8 of 73 steps (11%) done
Select jobs to execute...

[Sun May 26 14:39:22 2024]
rule solve_rollinghorizons:
    input: resources/DE_20_1.5_wind_0.5_180_inv.nc
    output: results/DE_20_1.5_wind_0.5_180_invroll.nc
    jobid: 99
    reason: Missing output files: results/DE_20_1.5_wind_0.5_180_invroll.nc
    wildcards: country=DE, buses=20, transmission_limit=1.5, contingency=wind, reductionto=0.5, duration=180, model=inv
    resources: tmpdir=C:\Users\Jeremy\AppData\Local\Temp

[Sun May 26 14:39:22 2024]
Finished job 99.
9 of 73 steps (12%) done
Select jobs to execute...

[Sun May 26 14:39:22 2024]
rule solve_rollinghorizons:
    input: resources/DE_20_1.0_pv_0.25_90_noinv.nc
    output: results/DE_20_1.0_pv_0.25_90_noinvroll.nc
    jobid: 43
    reason: Missing output files: results/DE_20_1.0_pv_0.25_90_noinvroll.nc
    wildcards: country=DE, buses=20, transmission_limit=1.0, contingency=pv, reductionto=0.25, duration=90, model=noinv
    resources: tmpdir=C:\Users\Jeremy\AppData\Local\Temp

[Sun May 26 14:39:22 2024]
Finished job 43.
10 of 73 steps (14%) done
Select jobs to execute...

[Sun May 26 14:39:22 2024]
rule solve_rollinghorizons:
    input: resources/DE_20_1.5_pv_0_90_inv.nc
    output: results/DE_20_1.5_pv_0_90_invroll.nc
    jobid: 85
    reason: Missing output files: results/DE_20_1.5_pv_0_90_invroll.nc
    wildcards: country=DE, buses=20, transmission_limit=1.5, contingency=pv, reductionto=0, duration=90, model=inv
    resources: tmpdir=C:\Users\Jeremy\AppData\Local\Temp

[Sun May 26 14:39:22 2024]
Finished job 85.
11 of 73 steps (15%) done
Select jobs to execute...

[Sun May 26 14:39:22 2024]
rule solve_rollinghorizons:
    input: resources/DE_20_1.5_wind_0_180_noinv.nc
    output: results/DE_20_1.5_wind_0_180_noinvroll.nc
    jobid: 141
    reason: Missing output files: results/DE_20_1.5_wind_0_180_noinvroll.nc
    wildcards: country=DE, buses=20, transmission_limit=1.5, contingency=wind, reductionto=0, duration=180, model=noinv
    resources: tmpdir=C:\Users\Jeremy\AppData\Local\Temp

[Sun May 26 14:39:22 2024]
Finished job 141.
12 of 73 steps (16%) done
Select jobs to execute...

[Sun May 26 14:39:22 2024]
rule solve_rollinghorizons:
    input: resources/DE_20_1.0_wind_0.5_270_inv.nc
    output: results/DE_20_1.0_wind_0.5_270_invroll.nc
    jobid: 29
    reason: Missing output files: results/DE_20_1.0_wind_0.5_270_invroll.nc
    wildcards: country=DE, buses=20, transmission_limit=1.0, contingency=wind, reductionto=0.5, duration=270, model=inv
    resources: tmpdir=C:\Users\Jeremy\AppData\Local\Temp

[Sun May 26 14:39:22 2024]
Finished job 29.
13 of 73 steps (18%) done
Select jobs to execute...

[Sun May 26 14:39:22 2024]
rule solve_rollinghorizons:
    input: resources/DE_20_1.5_wind_1.0_90_noinv.nc
    output: results/DE_20_1.5_wind_1.0_90_noinvroll.nc
    jobid: 127
    reason: Missing output files: results/DE_20_1.5_wind_1.0_90_noinvroll.nc
    wildcards: country=DE, buses=20, transmission_limit=1.5, contingency=wind, reductionto=1.0, duration=90, model=noinv
    resources: tmpdir=C:\Users\Jeremy\AppData\Local\Temp

[Sun May 26 14:39:22 2024]
Finished job 127.
14 of 73 steps (19%) done
Select jobs to execute...

[Sun May 26 14:39:22 2024]
rule solve_rollinghorizons:
    input: resources/DE_20_1.0_wind_0_270_noinv.nc
    output: results/DE_20_1.0_wind_0_270_noinvroll.nc
    jobid: 71
    reason: Missing output files: results/DE_20_1.0_wind_0_270_noinvroll.nc
    wildcards: country=DE, buses=20, transmission_limit=1.0, contingency=wind, reductionto=0, duration=270, model=noinv
    resources: tmpdir=C:\Users\Jeremy\AppData\Local\Temp

[Sun May 26 14:39:22 2024]
Finished job 71.
15 of 73 steps (21%) done
Select jobs to execute...

[Sun May 26 14:39:22 2024]
rule solve_rollinghorizons:
    input: resources/DE_20_1.0_wind_0.5_270_noinv.nc
    output: results/DE_20_1.0_wind_0.5_270_noinvroll.nc
    jobid: 65
    reason: Missing output files: results/DE_20_1.0_wind_0.5_270_noinvroll.nc
    wildcards: country=DE, buses=20, transmission_limit=1.0, contingency=wind, reductionto=0.5, duration=270, model=noinv
    resources: tmpdir=C:\Users\Jeremy\AppData\Local\Temp

[Sun May 26 14:39:22 2024]
Finished job 65.
16 of 73 steps (22%) done
Select jobs to execute...

[Sun May 26 14:39:22 2024]
rule solve_rollinghorizons:
    input: resources/DE_20_1.0_wind_1.0_270_inv.nc
    output: results/DE_20_1.0_wind_1.0_270_invroll.nc
    jobid: 23
    reason: Missing output files: results/DE_20_1.0_wind_1.0_270_invroll.nc
    wildcards: country=DE, buses=20, transmission_limit=1.0, contingency=wind, reductionto=1.0, duration=270, model=inv
    resources: tmpdir=C:\Users\Jeremy\AppData\Local\Temp

[Sun May 26 14:39:22 2024]
Finished job 23.
17 of 73 steps (23%) done
Select jobs to execute...

[Sun May 26 14:39:22 2024]
rule solve_rollinghorizons:
    input: resources/DE_20_1.5_pv_0_90_noinv.nc
    output: results/DE_20_1.5_pv_0_90_noinvroll.nc
    jobid: 121
    reason: Missing output files: results/DE_20_1.5_pv_0_90_noinvroll.nc
    wildcards: country=DE, buses=20, transmission_limit=1.5, contingency=pv, reductionto=0, duration=90, model=noinv
    resources: tmpdir=C:\Users\Jeremy\AppData\Local\Temp

[Sun May 26 14:39:23 2024]
Finished job 121.
18 of 73 steps (25%) done
Select jobs to execute...

[Sun May 26 14:39:23 2024]
rule solve_rollinghorizons:
    input: resources/DE_20_1.0_pv_0.5_90_inv.nc
    output: results/DE_20_1.0_pv_0.5_90_invroll.nc
    jobid: 1
    reason: Missing output files: results/DE_20_1.0_pv_0.5_90_invroll.nc
    wildcards: country=DE, buses=20, transmission_limit=1.0, contingency=pv, reductionto=0.5, duration=90, model=inv
    resources: tmpdir=C:\Users\Jeremy\AppData\Local\Temp

[Sun May 26 14:39:23 2024]
Finished job 1.
19 of 73 steps (26%) done
Select jobs to execute...

[Sun May 26 14:39:23 2024]
rule solve_rollinghorizons:
    input: resources/DE_20_1.5_wind_0_270_inv.nc
    output: results/DE_20_1.5_wind_0_270_invroll.nc
    jobid: 107
    reason: Missing output files: results/DE_20_1.5_wind_0_270_invroll.nc
    wildcards: country=DE, buses=20, transmission_limit=1.5, contingency=wind, reductionto=0, duration=270, model=inv
    resources: tmpdir=C:\Users\Jeremy\AppData\Local\Temp

[Sun May 26 14:39:23 2024]
Finished job 107.
20 of 73 steps (27%) done
Select jobs to execute...

[Sun May 26 14:39:23 2024]
rule solve_rollinghorizons:
    input: resources/DE_20_1.0_pv_0_180_noinv.nc
    output: results/DE_20_1.0_pv_0_180_noinvroll.nc
    jobid: 51
    reason: Missing output files: results/DE_20_1.0_pv_0_180_noinvroll.nc
    wildcards: country=DE, buses=20, transmission_limit=1.0, contingency=pv, reductionto=0, duration=180, model=noinv
    resources: tmpdir=C:\Users\Jeremy\AppData\Local\Temp

[Sun May 26 14:39:23 2024]
Finished job 51.
21 of 73 steps (29%) done
Select jobs to execute...

[Sun May 26 14:39:23 2024]
rule solve_rollinghorizons:
    input: resources/DE_20_1.0_pv_0.5_90_noinv.nc
    output: results/DE_20_1.0_pv_0.5_90_noinvroll.nc
    jobid: 37
    reason: Missing output files: results/DE_20_1.0_pv_0.5_90_noinvroll.nc
    wildcards: country=DE, buses=20, transmission_limit=1.0, contingency=pv, reductionto=0.5, duration=90, model=noinv
    resources: tmpdir=C:\Users\Jeremy\AppData\Local\Temp

[Sun May 26 14:39:23 2024]
Finished job 37.
22 of 73 steps (30%) done
Select jobs to execute...

[Sun May 26 14:39:23 2024]
rule solve_rollinghorizons:
    input: resources/DE_20_1.5_wind_1.0_180_inv.nc
    output: results/DE_20_1.5_wind_1.0_180_invroll.nc
    jobid: 93
    reason: Missing output files: results/DE_20_1.5_wind_1.0_180_invroll.nc
    wildcards: country=DE, buses=20, transmission_limit=1.5, contingency=wind, reductionto=1.0, duration=180, model=inv
    resources: tmpdir=C:\Users\Jeremy\AppData\Local\Temp

[Sun May 26 14:39:23 2024]
Finished job 93.
23 of 73 steps (32%) done
Select jobs to execute...

[Sun May 26 14:39:23 2024]
rule solve_rollinghorizons:
    input: resources/DE_20_1.0_wind_1.0_180_inv.nc
    output: results/DE_20_1.0_wind_1.0_180_invroll.nc
    jobid: 21
    reason: Missing output files: results/DE_20_1.0_wind_1.0_180_invroll.nc
    wildcards: country=DE, buses=20, transmission_limit=1.0, contingency=wind, reductionto=1.0, duration=180, model=inv
    resources: tmpdir=C:\Users\Jeremy\AppData\Local\Temp

[Sun May 26 14:39:23 2024]
Finished job 21.
24 of 73 steps (33%) done
Select jobs to execute...

[Sun May 26 14:39:23 2024]
rule solve_rollinghorizons:
    input: resources/DE_20_1.5_pv_0.25_90_inv.nc
    output: results/DE_20_1.5_pv_0.25_90_invroll.nc
    jobid: 79
    reason: Missing output files: results/DE_20_1.5_pv_0.25_90_invroll.nc
    wildcards: country=DE, buses=20, transmission_limit=1.5, contingency=pv, reductionto=0.25, duration=90, model=inv
    resources: tmpdir=C:\Users\Jeremy\AppData\Local\Temp

[Sun May 26 14:39:23 2024]
Finished job 79.
25 of 73 steps (34%) done
Select jobs to execute...

[Sun May 26 14:39:23 2024]
rule solve_rollinghorizons:
    input: resources/DE_20_1.5_wind_0.5_180_noinv.nc
    output: results/DE_20_1.5_wind_0.5_180_noinvroll.nc
    jobid: 135
    reason: Missing output files: results/DE_20_1.5_wind_0.5_180_noinvroll.nc
    wildcards: country=DE, buses=20, transmission_limit=1.5, contingency=wind, reductionto=0.5, duration=180, model=noinv
    resources: tmpdir=C:\Users\Jeremy\AppData\Local\Temp

[Sun May 26 14:39:23 2024]
Finished job 135.
26 of 73 steps (36%) done
Select jobs to execute...

[Sun May 26 14:39:23 2024]
rule solve_rollinghorizons:
    input: resources/DE_20_1.0_pv_0_90_inv.nc
    output: results/DE_20_1.0_pv_0_90_invroll.nc
    jobid: 13
    reason: Missing output files: results/DE_20_1.0_pv_0_90_invroll.nc
    wildcards: country=DE, buses=20, transmission_limit=1.0, contingency=pv, reductionto=0, duration=90, model=inv
    resources: tmpdir=C:\Users\Jeremy\AppData\Local\Temp

[Sun May 26 14:39:23 2024]
Finished job 13.
27 of 73 steps (37%) done
Select jobs to execute...

[Sun May 26 14:39:23 2024]
rule solve_rollinghorizons:
    input: resources/DE_20_1.0_pv_0.5_180_inv.nc
    output: results/DE_20_1.0_pv_0.5_180_invroll.nc
    jobid: 3
    reason: Missing output files: results/DE_20_1.0_pv_0.5_180_invroll.nc
    wildcards: country=DE, buses=20, transmission_limit=1.0, contingency=pv, reductionto=0.5, duration=180, model=inv
    resources: tmpdir=C:\Users\Jeremy\AppData\Local\Temp

[Sun May 26 14:39:23 2024]
Finished job 3.
28 of 73 steps (38%) done
Select jobs to execute...

[Sun May 26 14:39:23 2024]
rule solve_rollinghorizons:
    input: resources/DE_20_1.5_pv_0.25_90_noinv.nc
    output: results/DE_20_1.5_pv_0.25_90_noinvroll.nc
    jobid: 115
    reason: Missing output files: results/DE_20_1.5_pv_0.25_90_noinvroll.nc
    wildcards: country=DE, buses=20, transmission_limit=1.5, contingency=pv, reductionto=0.25, duration=90, model=noinv
    resources: tmpdir=C:\Users\Jeremy\AppData\Local\Temp

[Sun May 26 14:39:23 2024]
Finished job 115.
29 of 73 steps (40%) done
Select jobs to execute...

[Sun May 26 14:39:23 2024]
rule solve_rollinghorizons:
    input: resources/DE_20_1.0_wind_1.0_270_noinv.nc
    output: results/DE_20_1.0_wind_1.0_270_noinvroll.nc
    jobid: 59
    reason: Missing output files: results/DE_20_1.0_wind_1.0_270_noinvroll.nc
    wildcards: country=DE, buses=20, transmission_limit=1.0, contingency=wind, reductionto=1.0, duration=270, model=noinv
    resources: tmpdir=C:\Users\Jeremy\AppData\Local\Temp

[Sun May 26 14:39:23 2024]
Finished job 59.
30 of 73 steps (41%) done
Select jobs to execute...

[Sun May 26 14:39:23 2024]
rule solve_rollinghorizons:
    input: resources/DE_20_1.0_pv_0.25_180_noinv.nc
    output: results/DE_20_1.0_pv_0.25_180_noinvroll.nc
    jobid: 45
    reason: Missing output files: results/DE_20_1.0_pv_0.25_180_noinvroll.nc
    wildcards: country=DE, buses=20, transmission_limit=1.0, contingency=pv, reductionto=0.25, duration=180, model=noinv
    resources: tmpdir=C:\Users\Jeremy\AppData\Local\Temp

[Sun May 26 14:39:23 2024]
Finished job 45.
31 of 73 steps (42%) done
Select jobs to execute...

[Sun May 26 14:39:23 2024]
rule solve_rollinghorizons:
    input: resources/DE_20_1.5_wind_0.5_270_inv.nc
    output: results/DE_20_1.5_wind_0.5_270_invroll.nc
    jobid: 101
    reason: Missing output files: results/DE_20_1.5_wind_0.5_270_invroll.nc
    wildcards: country=DE, buses=20, transmission_limit=1.5, contingency=wind, reductionto=0.5, duration=270, model=inv
    resources: tmpdir=C:\Users\Jeremy\AppData\Local\Temp

[Sun May 26 14:39:23 2024]
Finished job 101.
32 of 73 steps (44%) done
Select jobs to execute...

[Sun May 26 14:39:23 2024]
rule solve_rollinghorizons:
    input: resources/DE_20_1.0_wind_0_90_inv.nc
    output: results/DE_20_1.0_wind_0_90_invroll.nc
    jobid: 31
    reason: Missing output files: results/DE_20_1.0_wind_0_90_invroll.nc
    wildcards: country=DE, buses=20, transmission_limit=1.0, contingency=wind, reductionto=0, duration=90, model=inv
    resources: tmpdir=C:\Users\Jeremy\AppData\Local\Temp

[Sun May 26 14:39:23 2024]
Finished job 31.
33 of 73 steps (45%) done
Select jobs to execute...

[Sun May 26 14:39:23 2024]
rule solve_rollinghorizons:
    input: resources/DE_20_1.5_wind_0_270_noinv.nc
    output: results/DE_20_1.5_wind_0_270_noinvroll.nc
    jobid: 143
    reason: Missing output files: results/DE_20_1.5_wind_0_270_noinvroll.nc
    wildcards: country=DE, buses=20, transmission_limit=1.5, contingency=wind, reductionto=0, duration=270, model=noinv
    resources: tmpdir=C:\Users\Jeremy\AppData\Local\Temp

[Sun May 26 14:39:23 2024]
Finished job 143.
34 of 73 steps (47%) done
Select jobs to execute...

[Sun May 26 14:39:23 2024]
rule solve_rollinghorizons:
    input: resources/DE_20_1.5_pv_0_180_inv.nc
    output: results/DE_20_1.5_pv_0_180_invroll.nc
    jobid: 87
    reason: Missing output files: results/DE_20_1.5_pv_0_180_invroll.nc
    wildcards: country=DE, buses=20, transmission_limit=1.5, contingency=pv, reductionto=0, duration=180, model=inv
    resources: tmpdir=C:\Users\Jeremy\AppData\Local\Temp

[Sun May 26 14:39:23 2024]
Finished job 87.
35 of 73 steps (48%) done
Select jobs to execute...

[Sun May 26 14:39:23 2024]
rule solve_rollinghorizons:
    input: resources/DE_20_1.0_pv_0_180_inv.nc
    output: results/DE_20_1.0_pv_0_180_invroll.nc
    jobid: 15
    reason: Missing output files: results/DE_20_1.0_pv_0_180_invroll.nc
    wildcards: country=DE, buses=20, transmission_limit=1.0, contingency=pv, reductionto=0, duration=180, model=inv
    resources: tmpdir=C:\Users\Jeremy\AppData\Local\Temp

[Sun May 26 14:39:23 2024]
Finished job 15.
36 of 73 steps (49%) done
Select jobs to execute...

[Sun May 26 14:39:23 2024]
rule solve_rollinghorizons:
    input: resources/DE_20_1.5_pv_0.5_90_inv.nc
    output: results/DE_20_1.5_pv_0.5_90_invroll.nc
    jobid: 73
    reason: Missing output files: results/DE_20_1.5_pv_0.5_90_invroll.nc
    wildcards: country=DE, buses=20, transmission_limit=1.5, contingency=pv, reductionto=0.5, duration=90, model=inv
    resources: tmpdir=C:\Users\Jeremy\AppData\Local\Temp

[Sun May 26 14:39:23 2024]
Finished job 73.
37 of 73 steps (51%) done
Select jobs to execute...

[Sun May 26 14:39:23 2024]
rule solve_rollinghorizons:
    input: resources/DE_20_1.5_wind_1.0_180_noinv.nc
    output: results/DE_20_1.5_wind_1.0_180_noinvroll.nc
    jobid: 129
    reason: Missing output files: results/DE_20_1.5_wind_1.0_180_noinvroll.nc
    wildcards: country=DE, buses=20, transmission_limit=1.5, contingency=wind, reductionto=1.0, duration=180, model=noinv
    resources: tmpdir=C:\Users\Jeremy\AppData\Local\Temp

[Sun May 26 14:39:23 2024]
Finished job 129.
38 of 73 steps (52%) done
Select jobs to execute...

[Sun May 26 14:39:23 2024]
rule solve_rollinghorizons:
    input: resources/DE_20_1.5_wind_0_180_inv.nc
    output: results/DE_20_1.5_wind_0_180_invroll.nc
    jobid: 105
    reason: Missing output files: results/DE_20_1.5_wind_0_180_invroll.nc
    wildcards: country=DE, buses=20, transmission_limit=1.5, contingency=wind, reductionto=0, duration=180, model=inv
    resources: tmpdir=C:\Users\Jeremy\AppData\Local\Temp

[Sun May 26 14:39:23 2024]
Finished job 105.
39 of 73 steps (53%) done
Select jobs to execute...

[Sun May 26 14:39:23 2024]
rule solve_rollinghorizons:
    input: resources/DE_20_1.0_pv_0.25_90_inv.nc
    output: results/DE_20_1.0_pv_0.25_90_invroll.nc
    jobid: 7
    reason: Missing output files: results/DE_20_1.0_pv_0.25_90_invroll.nc
    wildcards: country=DE, buses=20, transmission_limit=1.0, contingency=pv, reductionto=0.25, duration=90, model=inv
    resources: tmpdir=C:\Users\Jeremy\AppData\Local\Temp

[Sun May 26 14:39:23 2024]
Finished job 7.
40 of 73 steps (55%) done
Select jobs to execute...

[Sun May 26 14:39:23 2024]
rule solve_rollinghorizons:
    input: resources/DE_20_1.0_wind_0_90_noinv.nc
    output: results/DE_20_1.0_wind_0_90_noinvroll.nc
    jobid: 67
    reason: Missing output files: results/DE_20_1.0_wind_0_90_noinvroll.nc
    wildcards: country=DE, buses=20, transmission_limit=1.0, contingency=wind, reductionto=0, duration=90, model=noinv
    resources: tmpdir=C:\Users\Jeremy\AppData\Local\Temp

[Sun May 26 14:39:23 2024]
Finished job 67.
41 of 73 steps (56%) done
Select jobs to execute...

[Sun May 26 14:39:23 2024]
rule solve_rollinghorizons:
    input: resources/DE_20_1.5_pv_0_180_noinv.nc
    output: results/DE_20_1.5_pv_0_180_noinvroll.nc
    jobid: 123
    reason: Missing output files: results/DE_20_1.5_pv_0_180_noinvroll.nc
    wildcards: country=DE, buses=20, transmission_limit=1.5, contingency=pv, reductionto=0, duration=180, model=noinv
    resources: tmpdir=C:\Users\Jeremy\AppData\Local\Temp

[Sun May 26 14:39:23 2024]
Finished job 123.
42 of 73 steps (58%) done
Select jobs to execute...

[Sun May 26 14:39:23 2024]
rule solve_rollinghorizons:
    input: resources/DE_20_1.0_pv_0_270_noinv.nc
    output: results/DE_20_1.0_pv_0_270_noinvroll.nc
    jobid: 53
    reason: Missing output files: results/DE_20_1.0_pv_0_270_noinvroll.nc
    wildcards: country=DE, buses=20, transmission_limit=1.0, contingency=pv, reductionto=0, duration=270, model=noinv
    resources: tmpdir=C:\Users\Jeremy\AppData\Local\Temp

[Sun May 26 14:39:23 2024]
Finished job 53.
43 of 73 steps (59%) done
Select jobs to execute...

[Sun May 26 14:39:23 2024]
rule solve_rollinghorizons:
    input: resources/DE_20_1.5_pv_0.5_90_noinv.nc
    output: results/DE_20_1.5_pv_0.5_90_noinvroll.nc
    jobid: 109
    reason: Missing output files: results/DE_20_1.5_pv_0.5_90_noinvroll.nc
    wildcards: country=DE, buses=20, transmission_limit=1.5, contingency=pv, reductionto=0.5, duration=90, model=noinv
    resources: tmpdir=C:\Users\Jeremy\AppData\Local\Temp

[Sun May 26 14:39:23 2024]
Finished job 109.
44 of 73 steps (60%) done
Select jobs to execute...

[Sun May 26 14:39:23 2024]
rule solve_rollinghorizons:
    input: resources/DE_20_1.0_pv_0.5_180_noinv.nc
    output: results/DE_20_1.0_pv_0.5_180_noinvroll.nc
    jobid: 39
    reason: Missing output files: results/DE_20_1.0_pv_0.5_180_noinvroll.nc
    wildcards: country=DE, buses=20, transmission_limit=1.0, contingency=pv, reductionto=0.5, duration=180, model=noinv
    resources: tmpdir=C:\Users\Jeremy\AppData\Local\Temp

[Sun May 26 14:39:23 2024]
Finished job 39.
45 of 73 steps (62%) done
Select jobs to execute...

[Sun May 26 14:39:23 2024]
rule solve_rollinghorizons:
    input: resources/DE_20_1.5_wind_1.0_270_inv.nc
    output: results/DE_20_1.5_wind_1.0_270_invroll.nc
    jobid: 95
    reason: Missing output files: results/DE_20_1.5_wind_1.0_270_invroll.nc
    wildcards: country=DE, buses=20, transmission_limit=1.5, contingency=wind, reductionto=1.0, duration=270, model=inv
    resources: tmpdir=C:\Users\Jeremy\AppData\Local\Temp

[Sun May 26 14:39:23 2024]
Finished job 95.
46 of 73 steps (63%) done
Select jobs to execute...

[Sun May 26 14:39:23 2024]
rule solve_rollinghorizons:
    input: resources/DE_20_1.5_pv_0.25_180_inv.nc
    output: results/DE_20_1.5_pv_0.25_180_invroll.nc
    jobid: 81
    reason: Missing output files: results/DE_20_1.5_pv_0.25_180_invroll.nc
    wildcards: country=DE, buses=20, transmission_limit=1.5, contingency=pv, reductionto=0.25, duration=180, model=inv
    resources: tmpdir=C:\Users\Jeremy\AppData\Local\Temp

[Sun May 26 14:39:23 2024]
Finished job 81.
47 of 73 steps (64%) done
Select jobs to execute...

[Sun May 26 14:39:23 2024]
rule solve_rollinghorizons:
    input: resources/DE_20_1.5_wind_0.5_270_noinv.nc
    output: results/DE_20_1.5_wind_0.5_270_noinvroll.nc
    jobid: 137
    reason: Missing output files: results/DE_20_1.5_wind_0.5_270_noinvroll.nc
    wildcards: country=DE, buses=20, transmission_limit=1.5, contingency=wind, reductionto=0.5, duration=270, model=noinv
    resources: tmpdir=C:\Users\Jeremy\AppData\Local\Temp

[Sun May 26 14:39:23 2024]
Finished job 137.
48 of 73 steps (66%) done
Select jobs to execute...

[Sun May 26 14:39:23 2024]
rule solve_rollinghorizons:
    input: resources/DE_20_1.0_pv_0.25_180_inv.nc
    output: results/DE_20_1.0_pv_0.25_180_invroll.nc
    jobid: 9
    reason: Missing output files: results/DE_20_1.0_pv_0.25_180_invroll.nc
    wildcards: country=DE, buses=20, transmission_limit=1.0, contingency=pv, reductionto=0.25, duration=180, model=inv
    resources: tmpdir=C:\Users\Jeremy\AppData\Local\Temp

[Sun May 26 14:39:23 2024]
Finished job 9.
49 of 73 steps (67%) done
Select jobs to execute...

[Sun May 26 14:39:23 2024]
rule solve_rollinghorizons:
    input: resources/DE_20_1.0_wind_0.5_90_noinv.nc
    output: results/DE_20_1.0_wind_0.5_90_noinvroll.nc
    jobid: 61
    reason: Missing output files: results/DE_20_1.0_wind_0.5_90_noinvroll.nc
    wildcards: country=DE, buses=20, transmission_limit=1.0, contingency=wind, reductionto=0.5, duration=90, model=noinv
    resources: tmpdir=C:\Users\Jeremy\AppData\Local\Temp

[Sun May 26 14:39:23 2024]
Finished job 61.
50 of 73 steps (68%) done
Select jobs to execute...

[Sun May 26 14:39:23 2024]
rule solve_rollinghorizons:
    input: resources/DE_20_1.5_pv_0.25_180_noinv.nc
    output: results/DE_20_1.5_pv_0.25_180_noinvroll.nc
    jobid: 117
    reason: Missing output files: results/DE_20_1.5_pv_0.25_180_noinvroll.nc
    wildcards: country=DE, buses=20, transmission_limit=1.5, contingency=pv, reductionto=0.25, duration=180, model=noinv
    resources: tmpdir=C:\Users\Jeremy\AppData\Local\Temp

[Sun May 26 14:39:23 2024]
Finished job 117.
51 of 73 steps (70%) done
Select jobs to execute...

[Sun May 26 14:39:23 2024]
rule solve_rollinghorizons:
    input: resources/DE_20_1.0_pv_0.5_270_inv.nc
    output: results/DE_20_1.0_pv_0.5_270_invroll.nc
    jobid: 5
    reason: Missing output files: results/DE_20_1.0_pv_0.5_270_invroll.nc
    wildcards: country=DE, buses=20, transmission_limit=1.0, contingency=pv, reductionto=0.5, duration=270, model=inv
    resources: tmpdir=C:\Users\Jeremy\AppData\Local\Temp

[Sun May 26 14:39:23 2024]
Finished job 5.
52 of 73 steps (71%) done
Select jobs to execute...

[Sun May 26 14:39:23 2024]
rule solve_rollinghorizons:
    input: resources/DE_20_1.0_pv_0.25_270_noinv.nc
    output: results/DE_20_1.0_pv_0.25_270_noinvroll.nc
    jobid: 47
    reason: Missing output files: results/DE_20_1.0_pv_0.25_270_noinvroll.nc
    wildcards: country=DE, buses=20, transmission_limit=1.0, contingency=pv, reductionto=0.25, duration=270, model=noinv
    resources: tmpdir=C:\Users\Jeremy\AppData\Local\Temp

[Sun May 26 14:39:23 2024]
Finished job 47.
53 of 73 steps (73%) done
Select jobs to execute...

[Sun May 26 14:39:23 2024]
rule solve_rollinghorizons:
    input: resources/DE_20_1.5_wind_0_90_inv.nc
    output: results/DE_20_1.5_wind_0_90_invroll.nc
    jobid: 103
    reason: Missing output files: results/DE_20_1.5_wind_0_90_invroll.nc
    wildcards: country=DE, buses=20, transmission_limit=1.5, contingency=wind, reductionto=0, duration=90, model=inv
    resources: tmpdir=C:\Users\Jeremy\AppData\Local\Temp

[Sun May 26 14:39:23 2024]
Finished job 103.
54 of 73 steps (74%) done
Select jobs to execute...

[Sun May 26 14:39:23 2024]
rule solve_rollinghorizons:
    input: resources/DE_20_1.0_wind_0_180_noinv.nc
    output: results/DE_20_1.0_wind_0_180_noinvroll.nc
    jobid: 69
    reason: Missing output files: results/DE_20_1.0_wind_0_180_noinvroll.nc
    wildcards: country=DE, buses=20, transmission_limit=1.0, contingency=wind, reductionto=0, duration=180, model=noinv
    resources: tmpdir=C:\Users\Jeremy\AppData\Local\Temp

[Sun May 26 14:39:23 2024]
Finished job 69.
55 of 73 steps (75%) done
Select jobs to execute...

[Sun May 26 14:39:23 2024]
rule solve_rollinghorizons:
    input: resources/DE_20_1.5_pv_0_270_noinv.nc
    output: results/DE_20_1.5_pv_0_270_noinvroll.nc
    jobid: 125
    reason: Missing output files: results/DE_20_1.5_pv_0_270_noinvroll.nc
    wildcards: country=DE, buses=20, transmission_limit=1.5, contingency=pv, reductionto=0, duration=270, model=noinv
    resources: tmpdir=C:\Users\Jeremy\AppData\Local\Temp

[Sun May 26 14:39:23 2024]
Finished job 125.
56 of 73 steps (77%) done
Select jobs to execute...

[Sun May 26 14:39:23 2024]
rule solve_rollinghorizons:
    input: resources/DE_20_1.0_wind_0_270_inv.nc
    output: results/DE_20_1.0_wind_0_270_invroll.nc
    jobid: 35
    reason: Missing output files: results/DE_20_1.0_wind_0_270_invroll.nc
    wildcards: country=DE, buses=20, transmission_limit=1.0, contingency=wind, reductionto=0, duration=270, model=inv
    resources: tmpdir=C:\Users\Jeremy\AppData\Local\Temp

[Sun May 26 14:39:23 2024]
Finished job 35.
57 of 73 steps (78%) done
Select jobs to execute...

[Sun May 26 14:39:23 2024]
rule solve_rollinghorizons:
    input: resources/DE_20_1.0_wind_1.0_90_noinv.nc
    output: results/DE_20_1.0_wind_1.0_90_noinvroll.nc
    jobid: 55
    reason: Missing output files: results/DE_20_1.0_wind_1.0_90_noinvroll.nc
    wildcards: country=DE, buses=20, transmission_limit=1.0, contingency=wind, reductionto=1.0, duration=90, model=noinv
    resources: tmpdir=C:\Users\Jeremy\AppData\Local\Temp

[Sun May 26 14:39:23 2024]
Finished job 55.
58 of 73 steps (79%) done
Select jobs to execute...

[Sun May 26 14:39:23 2024]
rule solve_rollinghorizons:
    input: resources/DE_20_1.5_pv_0.5_180_noinv.nc
    output: results/DE_20_1.5_pv_0.5_180_noinvroll.nc
    jobid: 111
    reason: Missing output files: results/DE_20_1.5_pv_0.5_180_noinvroll.nc
    wildcards: country=DE, buses=20, transmission_limit=1.5, contingency=pv, reductionto=0.5, duration=180, model=noinv
    resources: tmpdir=C:\Users\Jeremy\AppData\Local\Temp

[Sun May 26 14:39:23 2024]
Finished job 111.
59 of 73 steps (81%) done
Select jobs to execute...

[Sun May 26 14:39:23 2024]
rule solve_rollinghorizons:
    input: resources/DE_20_1.0_pv_0_270_inv.nc
    output: results/DE_20_1.0_pv_0_270_invroll.nc
    jobid: 17
    reason: Missing output files: results/DE_20_1.0_pv_0_270_invroll.nc
    wildcards: country=DE, buses=20, transmission_limit=1.0, contingency=pv, reductionto=0, duration=270, model=inv
    resources: tmpdir=C:\Users\Jeremy\AppData\Local\Temp

[Sun May 26 14:39:23 2024]
Finished job 17.
60 of 73 steps (82%) done
Select jobs to execute...

[Sun May 26 14:39:23 2024]
rule solve_rollinghorizons:
    input: resources/DE_20_1.0_pv_0.5_270_noinv.nc
    output: results/DE_20_1.0_pv_0.5_270_noinvroll.nc
    jobid: 41
    reason: Missing output files: results/DE_20_1.0_pv_0.5_270_noinvroll.nc
    wildcards: country=DE, buses=20, transmission_limit=1.0, contingency=pv, reductionto=0.5, duration=270, model=noinv
    resources: tmpdir=C:\Users\Jeremy\AppData\Local\Temp

[Sun May 26 14:39:23 2024]
Finished job 41.
61 of 73 steps (84%) done
Select jobs to execute...

[Sun May 26 14:39:23 2024]
rule solve_rollinghorizons:
    input: resources/DE_20_1.5_wind_0.5_90_inv.nc
    output: results/DE_20_1.5_wind_0.5_90_invroll.nc
    jobid: 97
    reason: Missing output files: results/DE_20_1.5_wind_0.5_90_invroll.nc
    wildcards: country=DE, buses=20, transmission_limit=1.5, contingency=wind, reductionto=0.5, duration=90, model=inv
    resources: tmpdir=C:\Users\Jeremy\AppData\Local\Temp

[Sun May 26 14:39:23 2024]
Finished job 97.
62 of 73 steps (85%) done
Select jobs to execute...

[Sun May 26 14:39:23 2024]
rule solve_rollinghorizons:
    input: resources/DE_20_1.5_pv_0.25_270_noinv.nc
    output: results/DE_20_1.5_pv_0.25_270_noinvroll.nc
    jobid: 119
    reason: Missing output files: results/DE_20_1.5_pv_0.25_270_noinvroll.nc
    wildcards: country=DE, buses=20, transmission_limit=1.5, contingency=pv, reductionto=0.25, duration=270, model=noinv
    resources: tmpdir=C:\Users\Jeremy\AppData\Local\Temp

[Sun May 26 14:39:23 2024]
Finished job 119.
63 of 73 steps (86%) done
Select jobs to execute...

[Sun May 26 14:39:23 2024]
rule solve_rollinghorizons:
    input: resources/DE_20_1.0_wind_0.5_180_inv.nc
    output: results/DE_20_1.0_wind_0.5_180_invroll.nc
    jobid: 27
    reason: Missing output files: results/DE_20_1.0_wind_0.5_180_invroll.nc
    wildcards: country=DE, buses=20, transmission_limit=1.0, contingency=wind, reductionto=0.5, duration=180, model=inv
    resources: tmpdir=C:\Users\Jeremy\AppData\Local\Temp

[Sun May 26 14:39:23 2024]
Finished job 27.
64 of 73 steps (88%) done
Select jobs to execute...

[Sun May 26 14:39:23 2024]
rule solve_rollinghorizons:
    input: resources/DE_20_1.5_pv_0.25_270_inv.nc
    output: results/DE_20_1.5_pv_0.25_270_invroll.nc
    jobid: 83
    reason: Missing output files: results/DE_20_1.5_pv_0.25_270_invroll.nc
    wildcards: country=DE, buses=20, transmission_limit=1.5, contingency=pv, reductionto=0.25, duration=270, model=inv
    resources: tmpdir=C:\Users\Jeremy\AppData\Local\Temp

[Sun May 26 14:39:23 2024]
Finished job 83.
65 of 73 steps (89%) done
Select jobs to execute...

[Sun May 26 14:39:23 2024]
rule solve_rollinghorizons:
    input: resources/DE_20_1.5_wind_0_90_noinv.nc
    output: results/DE_20_1.5_wind_0_90_noinvroll.nc
    jobid: 139
    reason: Missing output files: results/DE_20_1.5_wind_0_90_noinvroll.nc
    wildcards: country=DE, buses=20, transmission_limit=1.5, contingency=wind, reductionto=0, duration=90, model=noinv
    resources: tmpdir=C:\Users\Jeremy\AppData\Local\Temp

[Sun May 26 14:39:23 2024]
Finished job 139.
66 of 73 steps (90%) done
Select jobs to execute...

[Sun May 26 14:39:23 2024]
rule solve_rollinghorizons:
    input: resources/DE_20_1.0_wind_0_180_inv.nc
    output: results/DE_20_1.0_wind_0_180_invroll.nc
    jobid: 33
    reason: Missing output files: results/DE_20_1.0_wind_0_180_invroll.nc
    wildcards: country=DE, buses=20, transmission_limit=1.0, contingency=wind, reductionto=0, duration=180, model=inv
    resources: tmpdir=C:\Users\Jeremy\AppData\Local\Temp

[Sun May 26 14:39:23 2024]
Finished job 33.
67 of 73 steps (92%) done
Select jobs to execute...

[Sun May 26 14:39:23 2024]
rule solve_rollinghorizons:
    input: resources/DE_20_1.5_pv_0_270_inv.nc
    output: results/DE_20_1.5_pv_0_270_invroll.nc
    jobid: 89
    reason: Missing output files: results/DE_20_1.5_pv_0_270_invroll.nc
    wildcards: country=DE, buses=20, transmission_limit=1.5, contingency=pv, reductionto=0, duration=270, model=inv
    resources: tmpdir=C:\Users\Jeremy\AppData\Local\Temp

[Sun May 26 14:39:23 2024]
Finished job 89.
68 of 73 steps (93%) done
Select jobs to execute...

[Sun May 26 14:39:23 2024]
rule solve_rollinghorizons:
    input: resources/DE_20_1.0_pv_0_90_noinv.nc
    output: results/DE_20_1.0_pv_0_90_noinvroll.nc
    jobid: 49
    reason: Missing output files: results/DE_20_1.0_pv_0_90_noinvroll.nc
    wildcards: country=DE, buses=20, transmission_limit=1.0, contingency=pv, reductionto=0, duration=90, model=noinv
    resources: tmpdir=C:\Users\Jeremy\AppData\Local\Temp

[Sun May 26 14:39:23 2024]
Finished job 49.
69 of 73 steps (95%) done
Select jobs to execute...

[Sun May 26 14:39:23 2024]
rule solve_rollinghorizons:
    input: resources/DE_20_1.0_wind_0.5_180_noinv.nc
    output: results/DE_20_1.0_wind_0.5_180_noinvroll.nc
    jobid: 63
    reason: Missing output files: results/DE_20_1.0_wind_0.5_180_noinvroll.nc
    wildcards: country=DE, buses=20, transmission_limit=1.0, contingency=wind, reductionto=0.5, duration=180, model=noinv
    resources: tmpdir=C:\Users\Jeremy\AppData\Local\Temp

[Sun May 26 14:39:23 2024]
Finished job 63.
70 of 73 steps (96%) done
Select jobs to execute...

[Sun May 26 14:39:23 2024]
rule solve_rollinghorizons:
    input: resources/DE_20_1.5_wind_1.0_270_noinv.nc
    output: results/DE_20_1.5_wind_1.0_270_noinvroll.nc
    jobid: 131
    reason: Missing output files: results/DE_20_1.5_wind_1.0_270_noinvroll.nc
    wildcards: country=DE, buses=20, transmission_limit=1.5, contingency=wind, reductionto=1.0, duration=270, model=noinv
    resources: tmpdir=C:\Users\Jeremy\AppData\Local\Temp

[Sun May 26 14:39:23 2024]
Finished job 131.
71 of 73 steps (97%) done
Select jobs to execute...

[Sun May 26 14:39:23 2024]
rule solve_rollinghorizons:
    input: resources/DE_20_1.5_pv_0.5_180_inv.nc
    output: results/DE_20_1.5_pv_0.5_180_invroll.nc
    jobid: 75
    reason: Missing output files: results/DE_20_1.5_pv_0.5_180_invroll.nc
    wildcards: country=DE, buses=20, transmission_limit=1.5, contingency=pv, reductionto=0.5, duration=180, model=inv
    resources: tmpdir=C:\Users\Jeremy\AppData\Local\Temp

[Sun May 26 14:39:23 2024]
Finished job 75.
72 of 73 steps (99%) done
Select jobs to execute...

[Sun May 26 14:39:23 2024]
localrule all:
    input: results/DE_20_1.0_pv_0.5_90_invroll.nc, results/DE_20_1.0_pv_0.5_180_invroll.nc, results/DE_20_1.0_pv_0.5_270_invroll.nc, results/DE_20_1.0_pv_0.25_90_invroll.nc, results/DE_20_1.0_pv_0.25_180_invroll.nc, results/DE_20_1.0_pv_0.25_270_invroll.nc, results/DE_20_1.0_pv_0_90_invroll.nc, results/DE_20_1.0_pv_0_180_invroll.nc, results/DE_20_1.0_pv_0_270_invroll.nc, results/DE_20_1.0_wind_1.0_90_invroll.nc, results/DE_20_1.0_wind_1.0_180_invroll.nc, results/DE_20_1.0_wind_1.0_270_invroll.nc, results/DE_20_1.0_wind_0.5_90_invroll.nc, results/DE_20_1.0_wind_0.5_180_invroll.nc, results/DE_20_1.0_wind_0.5_270_invroll.nc, results/DE_20_1.0_wind_0_90_invroll.nc, results/DE_20_1.0_wind_0_180_invroll.nc, results/DE_20_1.0_wind_0_270_invroll.nc, results/DE_20_1.0_pv_0.5_90_noinvroll.nc, results/DE_20_1.0_pv_0.5_180_noinvroll.nc, results/DE_20_1.0_pv_0.5_270_noinvroll.nc, results/DE_20_1.0_pv_0.25_90_noinvroll.nc, results/DE_20_1.0_pv_0.25_180_noinvroll.nc, results/DE_20_1.0_pv_0.25_270_noinvroll.nc, results/DE_20_1.0_pv_0_90_noinvroll.nc, results/DE_20_1.0_pv_0_180_noinvroll.nc, results/DE_20_1.0_pv_0_270_noinvroll.nc, results/DE_20_1.0_wind_1.0_90_noinvroll.nc, results/DE_20_1.0_wind_1.0_180_noinvroll.nc, results/DE_20_1.0_wind_1.0_270_noinvroll.nc, results/DE_20_1.0_wind_0.5_90_noinvroll.nc, results/DE_20_1.0_wind_0.5_180_noinvroll.nc, results/DE_20_1.0_wind_0.5_270_noinvroll.nc, results/DE_20_1.0_wind_0_90_noinvroll.nc, results/DE_20_1.0_wind_0_180_noinvroll.nc, results/DE_20_1.0_wind_0_270_noinvroll.nc, results/DE_20_1.5_pv_0.5_90_invroll.nc, results/DE_20_1.5_pv_0.5_180_invroll.nc, results/DE_20_1.5_pv_0.5_270_invroll.nc, results/DE_20_1.5_pv_0.25_90_invroll.nc, results/DE_20_1.5_pv_0.25_180_invroll.nc, results/DE_20_1.5_pv_0.25_270_invroll.nc, results/DE_20_1.5_pv_0_90_invroll.nc, results/DE_20_1.5_pv_0_180_invroll.nc, results/DE_20_1.5_pv_0_270_invroll.nc, results/DE_20_1.5_wind_1.0_90_invroll.nc, results/DE_20_1.5_wind_1.0_180_invroll.nc, results/DE_20_1.5_wind_1.0_270_invroll.nc, results/DE_20_1.5_wind_0.5_90_invroll.nc, results/DE_20_1.5_wind_0.5_180_invroll.nc, results/DE_20_1.5_wind_0.5_270_invroll.nc, results/DE_20_1.5_wind_0_90_invroll.nc, results/DE_20_1.5_wind_0_180_invroll.nc, results/DE_20_1.5_wind_0_270_invroll.nc, results/DE_20_1.5_pv_0.5_90_noinvroll.nc, results/DE_20_1.5_pv_0.5_180_noinvroll.nc, results/DE_20_1.5_pv_0.5_270_noinvroll.nc, results/DE_20_1.5_pv_0.25_90_noinvroll.nc, results/DE_20_1.5_pv_0.25_180_noinvroll.nc, results/DE_20_1.5_pv_0.25_270_noinvroll.nc, results/DE_20_1.5_pv_0_90_noinvroll.nc, results/DE_20_1.5_pv_0_180_noinvroll.nc, results/DE_20_1.5_pv_0_270_noinvroll.nc, results/DE_20_1.5_wind_1.0_90_noinvroll.nc, results/DE_20_1.5_wind_1.0_180_noinvroll.nc, results/DE_20_1.5_wind_1.0_270_noinvroll.nc, results/DE_20_1.5_wind_0.5_90_noinvroll.nc, results/DE_20_1.5_wind_0.5_180_noinvroll.nc, results/DE_20_1.5_wind_0.5_270_noinvroll.nc, results/DE_20_1.5_wind_0_90_noinvroll.nc, results/DE_20_1.5_wind_0_180_noinvroll.nc, results/DE_20_1.5_wind_0_270_noinvroll.nc
    jobid: 0
    reason: Input files updated by another job: results/DE_20_1.5_pv_0.5_90_noinvroll.nc, results/DE_20_1.5_wind_0.5_90_noinvroll.nc, results/DE_20_1.0_pv_0_180_noinvroll.nc, results/DE_20_1.0_wind_1.0_180_noinvroll.nc, results/DE_20_1.5_wind_1.0_270_invroll.nc, results/DE_20_1.5_pv_0.25_180_invroll.nc, results/DE_20_1.0_pv_0.25_270_invroll.nc, results/DE_20_1.0_pv_0.5_90_invroll.nc, results/DE_20_1.5_wind_0_180_invroll.nc, results/DE_20_1.5_pv_0_270_invroll.nc, results/DE_20_1.5_wind_0.5_180_noinvroll.nc, results/DE_20_1.5_pv_0.5_270_noinvroll.nc, results/DE_20_1.0_wind_0.5_180_invroll.nc, results/DE_20_1.0_wind_1.0_90_invroll.nc, results/DE_20_1.0_wind_1.0_180_invroll.nc, results/DE_20_1.0_pv_0.25_270_noinvroll.nc, results/DE_20_1.5_pv_0.25_90_noinvroll.nc, results/DE_20_1.0_pv_0.5_180_noinvroll.nc, results/DE_20_1.0_wind_0_90_noinvroll.nc, results/DE_20_1.0_wind_0_90_invroll.nc, results/DE_20_1.0_wind_0_270_noinvroll.nc, results/DE_20_1.5_wind_0_180_noinvroll.nc, results/DE_20_1.5_pv_0_180_noinvroll.nc, results/DE_20_1.0_pv_0.5_270_invroll.nc, results/DE_20_1.5_wind_0_90_invroll.nc, results/DE_20_1.0_wind_1.0_270_noinvroll.nc, results/DE_20_1.5_pv_0_180_invroll.nc, results/DE_20_1.0_pv_0.5_180_invroll.nc, results/DE_20_1.5_pv_0_90_noinvroll.nc, results/DE_20_1.0_pv_0.25_180_invroll.nc, results/DE_20_1.5_wind_1.0_270_noinvroll.nc, results/DE_20_1.5_wind_0_90_noinvroll.nc, results/DE_20_1.5_wind_1.0_90_invroll.nc, results/DE_20_1.0_wind_0_180_invroll.nc, results/DE_20_1.0_pv_0_90_invroll.nc, results/DE_20_1.0_wind_0.5_270_invroll.nc, results/DE_20_1.5_pv_0.25_270_noinvroll.nc, results/DE_20_1.5_wind_1.0_180_noinvroll.nc, results/DE_20_1.5_pv_0.25_90_invroll.nc, results/DE_20_1.5_pv_0.25_180_noinvroll.nc, results/DE_20_1.0_pv_0.25_90_invroll.nc, results/DE_20_1.5_wind_0_270_noinvroll.nc, results/DE_20_1.0_wind_0_180_noinvroll.nc, results/DE_20_1.5_pv_0_270_noinvroll.nc, results/DE_20_1.0_pv_0_180_invroll.nc, results/DE_20_1.0_wind_1.0_90_noinvroll.nc, results/DE_20_1.0_pv_0_270_invroll.nc, results/DE_20_1.0_wind_0.5_180_noinvroll.nc, results/DE_20_1.5_pv_0.5_270_invroll.nc, results/DE_20_1.0_pv_0.25_180_noinvroll.nc, results/DE_20_1.0_wind_0.5_270_noinvroll.nc, results/DE_20_1.0_pv_0.5_90_noinvroll.nc, results/DE_20_1.5_wind_0.5_90_invroll.nc, results/DE_20_1.0_wind_0.5_90_noinvroll.nc, results/DE_20_1.5_pv_0.5_180_invroll.nc, results/DE_20_1.0_wind_0.5_90_invroll.nc, results/DE_20_1.5_pv_0.5_180_noinvroll.nc, results/DE_20_1.0_pv_0.5_270_noinvroll.nc, results/DE_20_1.5_wind_1.0_90_noinvroll.nc, results/DE_20_1.5_wind_1.0_180_invroll.nc, results/DE_20_1.5_pv_0.5_90_invroll.nc, results/DE_20_1.0_pv_0.25_90_noinvroll.nc, results/DE_20_1.5_pv_0_90_invroll.nc, results/DE_20_1.0_pv_0_90_noinvroll.nc, results/DE_20_1.5_wind_0.5_180_invroll.nc, results/DE_20_1.5_wind_0_270_invroll.nc, results/DE_20_1.0_wind_1.0_270_invroll.nc, results/DE_20_1.5_pv_0.25_270_invroll.nc, results/DE_20_1.5_wind_0.5_270_invroll.nc, results/DE_20_1.0_wind_0_270_invroll.nc, results/DE_20_1.5_wind_0.5_270_noinvroll.nc, results/DE_20_1.0_pv_0_270_noinvroll.nc
    resources: tmpdir=C:\Users\Jeremy\AppData\Local\Temp

[Sun May 26 14:39:23 2024]
Finished job 0.
73 of 73 steps (100%) done
Complete log: .snakemake\log\2024-05-26T143920.417869.snakemake.log
