Building DAG of jobs...
Provided cores: 4
Rules claiming more threads will be scaled down.
Job stats:
job              count
-------------  -------
all                  1
dynamic_solve       36
total               37

Select jobs to execute...

[Sun Jun 16 22:05:52 2024]
rule dynamic_solve:
    input: resources/DE_20_1.5_base_solved.nc
    output: resources/DE_20_1.5_pv_0.5_90_noinv.nc, results/DE_20_1.5_pv_0.5_90_noinvroll.nc
    jobid: 36
    reason: Missing output files: results/DE_20_1.5_pv_0.5_90_noinvroll.nc
    wildcards: country=DE, buses=20, transmission_limit=1.5, contingency=pv, reductionto=0.5, duration=90, model=noinv
    resources: tmpdir=C:\Users\Jeremy\AppData\Local\Temp


[Sun Jun 16 22:05:52 2024]
rule dynamic_solve:
    input: resources/DE_20_1.5_base_solved.nc
    output: resources/DE_20_1.5_pv_0.25_270_noinv.nc, results/DE_20_1.5_pv_0.25_270_noinvroll.nc
    jobid: 35
    reason: Missing output files: results/DE_20_1.5_pv_0.25_270_noinvroll.nc
    wildcards: country=DE, buses=20, transmission_limit=1.5, contingency=pv, reductionto=0.25, duration=270, model=noinv
    resources: tmpdir=C:\Users\Jeremy\AppData\Local\Temp


[Sun Jun 16 22:05:52 2024]
rule dynamic_solve:
    input: resources/DE_20_1.5_base_solved.nc
    output: resources/DE_20_1.5_pv_0.5_90_inv.nc, results/DE_20_1.5_pv_0.5_90_invroll.nc
    jobid: 27
    reason: Missing output files: results/DE_20_1.5_pv_0.5_90_invroll.nc
    wildcards: country=DE, buses=20, transmission_limit=1.5, contingency=pv, reductionto=0.5, duration=90, model=inv
    resources: tmpdir=C:\Users\Jeremy\AppData\Local\Temp

[Sun Jun 16 22:05:52 2024]
rule dynamic_solve:
    input: resources/DE_20_1.5_base_solved.nc
    output: resources/DE_20_1.5_pv_0_180_inv.nc, results/DE_20_1.5_pv_0_180_invroll.nc
    jobid: 22
    reason: Missing output files: results/DE_20_1.5_pv_0_180_invroll.nc
    wildcards: country=DE, buses=20, transmission_limit=1.5, contingency=pv, reductionto=0, duration=180, model=inv
    resources: tmpdir=C:\Users\Jeremy\AppData\Local\Temp

[Sun Jun 16 22:06:19 2024]
Finished job 36.
1 of 37 steps (3%) done
Select jobs to execute...

[Sun Jun 16 22:06:19 2024]
rule dynamic_solve:
    input: resources/DE_20_1.5_base_solved.nc
    output: resources/DE_20_1.5_pv_0.5_180_inv.nc, results/DE_20_1.5_pv_0.5_180_invroll.nc
    jobid: 28
    reason: Missing output files: results/DE_20_1.5_pv_0.5_180_invroll.nc; Code has changed since last execution
    wildcards: country=DE, buses=20, transmission_limit=1.5, contingency=pv, reductionto=0.5, duration=180, model=inv
    resources: tmpdir=C:\Users\Jeremy\AppData\Local\Temp

[Sun Jun 16 22:06:19 2024]
Finished job 35.
2 of 37 steps (5%) done
Select jobs to execute...

[Sun Jun 16 22:06:19 2024]
rule dynamic_solve:
    input: resources/DE_20_1.5_base_solved.nc
    output: resources/DE_20_1.5_pv_0.5_180_noinv.nc, results/DE_20_1.5_pv_0.5_180_noinvroll.nc
    jobid: 37
    reason: Missing output files: results/DE_20_1.5_pv_0.5_180_noinvroll.nc; Code has changed since last execution
    wildcards: country=DE, buses=20, transmission_limit=1.5, contingency=pv, reductionto=0.5, duration=180, model=noinv
    resources: tmpdir=C:\Users\Jeremy\AppData\Local\Temp

[Sun Jun 16 22:06:33 2024]
Finished job 22.
3 of 37 steps (8%) done
Select jobs to execute...

[Sun Jun 16 22:06:33 2024]
rule dynamic_solve:
    input: resources/DE_20_1.5_base_solved.nc
    output: resources/DE_20_1.5_pv_0.5_270_inv.nc, results/DE_20_1.5_pv_0.5_270_invroll.nc
    jobid: 29
    reason: Missing output files: results/DE_20_1.5_pv_0.5_270_invroll.nc; Code has changed since last execution
    wildcards: country=DE, buses=20, transmission_limit=1.5, contingency=pv, reductionto=0.5, duration=270, model=inv
    resources: tmpdir=C:\Users\Jeremy\AppData\Local\Temp

[Sun Jun 16 22:06:34 2024]
Finished job 27.
4 of 37 steps (11%) done
Select jobs to execute...

[Sun Jun 16 22:06:34 2024]
rule dynamic_solve:
    input: resources/DE_20_1.5_base_solved.nc
    output: resources/DE_20_1.5_pv_0_270_inv.nc, results/DE_20_1.5_pv_0_270_invroll.nc
    jobid: 23
    reason: Missing output files: results/DE_20_1.5_pv_0_270_invroll.nc; Code has changed since last execution
    wildcards: country=DE, buses=20, transmission_limit=1.5, contingency=pv, reductionto=0, duration=270, model=inv
    resources: tmpdir=C:\Users\Jeremy\AppData\Local\Temp

[Sun Jun 16 22:06:47 2024]
Finished job 37.
5 of 37 steps (14%) done
Select jobs to execute...

[Sun Jun 16 22:06:47 2024]
rule dynamic_solve:
    input: resources/DE_20_1.5_base_solved.nc
    output: resources/DE_20_1.5_pv_0.5_270_noinv.nc, results/DE_20_1.5_pv_0.5_270_noinvroll.nc
    jobid: 38
    reason: Missing output files: results/DE_20_1.5_pv_0.5_270_noinvroll.nc; Code has changed since last execution
    wildcards: country=DE, buses=20, transmission_limit=1.5, contingency=pv, reductionto=0.5, duration=270, model=noinv
    resources: tmpdir=C:\Users\Jeremy\AppData\Local\Temp

[Sun Jun 16 22:07:00 2024]
Finished job 28.
6 of 37 steps (16%) done
Select jobs to execute...

[Sun Jun 16 22:07:00 2024]
rule dynamic_solve:
    input: resources/DE_20_1.5_base_solved.nc
    output: resources/DE_20_1.5_pv_0_90_noinv.nc, results/DE_20_1.5_pv_0_90_noinvroll.nc
    jobid: 30
    reason: Missing output files: results/DE_20_1.5_pv_0_90_noinvroll.nc; Code has changed since last execution
    wildcards: country=DE, buses=20, transmission_limit=1.5, contingency=pv, reductionto=0, duration=90, model=noinv
    resources: tmpdir=C:\Users\Jeremy\AppData\Local\Temp

[Sun Jun 16 22:07:02 2024]
Error in rule dynamic_solve:
    jobid: 30
    input: resources/DE_20_1.5_base_solved.nc
    output: resources/DE_20_1.5_pv_0_90_noinv.nc, results/DE_20_1.5_pv_0_90_noinvroll.nc

RuleException:
CalledProcessError in file C:\Users\Jeremy\Documents\MasterThesis\Models\Snakefile, line 170:
Command 'python scripts/solve_pv.py resources/DE_20_1.5_base_solved.nc resources/DE_20_1.5_pv_0_90_noinv.nc results/DE_20_1.5_pv_0_90_noinvroll.nc pv 0 90 noinv 52 DE EQ0.95c 1.5 20' returned non-zero exit status 3221225786.
  File "C:\Users\Jeremy\Documents\MasterThesis\Models\Snakefile", line 170, in __rule_dynamic_solve
  File "C:\Users\Jeremy\anaconda3\envs\pypsa-eur\Lib\concurrent\futures\thread.py", line 58, in run
Terminating processes on user request, this might take some time.
[Sun Jun 16 22:07:02 2024]
Error in rule dynamic_solve:
    jobid: 38
    input: resources/DE_20_1.5_base_solved.nc
    output: resources/DE_20_1.5_pv_0.5_270_noinv.nc, results/DE_20_1.5_pv_0.5_270_noinvroll.nc

[Sun Jun 16 22:07:02 2024]
RuleException:
CalledProcessError in file C:\Users\Jeremy\Documents\MasterThesis\Models\Snakefile, line 170:
Command 'python scripts/solve_pv.py resources/DE_20_1.5_base_solved.nc resources/DE_20_1.5_pv_0.5_270_noinv.nc results/DE_20_1.5_pv_0.5_270_noinvroll.nc pv 0.5 270 noinv 52 DE EQ0.95c 1.5 20' returned non-zero exit status 3221225786.
  File "C:\Users\Jeremy\Documents\MasterThesis\Models\Snakefile", line 170, in __rule_dynamic_solve
  File "C:\Users\Jeremy\anaconda3\envs\pypsa-eur\Lib\concurrent\futures\thread.py", line 58, in run
Error in rule dynamic_solve:
    jobid: 23
    input: resources/DE_20_1.5_base_solved.nc
    output: resources/DE_20_1.5_pv_0_270_inv.nc, results/DE_20_1.5_pv_0_270_invroll.nc

RuleException:
CalledProcessError in file C:\Users\Jeremy\Documents\MasterThesis\Models\Snakefile, line 170:
Command 'python scripts/solve_pv.py resources/DE_20_1.5_base_solved.nc resources/DE_20_1.5_pv_0_270_inv.nc results/DE_20_1.5_pv_0_270_invroll.nc pv 0 270 inv 52 DE EQ0.95c 1.5 20' returned non-zero exit status 3221225786.
  File "C:\Users\Jeremy\Documents\MasterThesis\Models\Snakefile", line 170, in __rule_dynamic_solve
  File "C:\Users\Jeremy\anaconda3\envs\pypsa-eur\Lib\concurrent\futures\thread.py", line 58, in run
Cancelling snakemake on user request.
