Building DAG of jobs...
Provided cores: 1 (use --cores to define parallelism)
Rules claiming more threads will be scaled down.
Job stats:
job                    count
-------------------  -------
all                        1
solve_contingencies       16
total                     17

Select jobs to execute...

[Sat May 25 16:00:21 2024]
rule solve_contingencies:
    input: results/DE_20_1.0_base_solved.nc
    output: results/DE_20_1.0_pv_0.5_180_noinv.nc
    jobid: 5
    reason: Missing output files: results/DE_20_1.0_pv_0.5_180_noinv.nc
    wildcards: country=DE, buses=20, transmission_limit=1.0, contingency=pv, reductionto=0.5, duration=180, model=noinv
    resources: tmpdir=C:\Users\Jeremy\AppData\Local\Temp

[Sat May 25 16:00:26 2024]
Error in rule solve_contingencies:
    jobid: 5
    input: results/DE_20_1.0_base_solved.nc
    output: results/DE_20_1.0_pv_0.5_180_noinv.nc

RuleException:
CalledProcessError in file C:\Users\Jeremy\Documents\MasterThesis\Models\Snakefile, line 74:
Command 'python scripts/solve_contingencies.py results/DE_20_1.0_base_solved.nc results/DE_20_1.0_pv_0.5_180_noinv.nc pv 0.5 180 noinv 2013-02-01 00:00:00' returned non-zero exit status 1.
  File "C:\Users\Jeremy\Documents\MasterThesis\Models\Snakefile", line 74, in __rule_solve_contingencies
  File "C:\Users\Jeremy\anaconda3\envs\pypsa-eur\Lib\concurrent\futures\thread.py", line 58, in run
Shutting down, this might take some time.
Exiting because a job execution failed. Look above for error message
Complete log: .snakemake\log\2024-05-25T160020.541562.snakemake.log
