Building DAG of jobs...
Provided cores: 4
Rules claiming more threads will be scaled down.
Job stats:
job              count
-------------  -------
all                  1
dynamic_solve      168
total              169

Select jobs to execute...

[Sun Jun 16 23:01:01 2024]
rule dynamic_solve:
    input: resources/DE_20_1.5_base_solved.nc
    output: resources/DE_20_1.5_pv_0.75_270_noinv.nc, results/DE_20_1.5_pv_0.75_270_noinvroll.nc
    jobid: 173
    reason: Missing output files: results/DE_20_1.5_pv_0.75_270_noinvroll.nc
    wildcards: country=DE, buses=20, transmission_limit=1.5, contingency=pv, reductionto=0.75, duration=270, model=noinv
    resources: tmpdir=C:\Users\Jeremy\AppData\Local\Temp

[Sun Jun 16 23:01:01 2024]
rule dynamic_solve:
    input: resources/DE_20_1.5_base_solved.nc
    output: resources/DE_20_1.5_dispatchcut_0_180_noinv.nc, results/DE_20_1.5_dispatchcut_0_180_noinvroll.nc
    jobid: 202
    reason: Missing output files: results/DE_20_1.5_dispatchcut_0_180_noinvroll.nc; Code has changed since last execution; Params have changed since last execution
    wildcards: country=DE, buses=20, transmission_limit=1.5, contingency=dispatchcut, reductionto=0, duration=180, model=noinv
    resources: tmpdir=C:\Users\Jeremy\AppData\Local\Temp


[Sun Jun 16 23:01:01 2024]
rule dynamic_solve:
    input: resources/DE_20_1.5_base_solved.nc
    output: resources/DE_20_1.5_wind_0.25_270_inv.nc, results/DE_20_1.5_wind_0.25_270_invroll.nc
    jobid: 122
    reason: Missing output files: results/DE_20_1.5_wind_0.25_270_invroll.nc
    wildcards: country=DE, buses=20, transmission_limit=1.5, contingency=wind, reductionto=0.25, duration=270, model=inv
    resources: tmpdir=C:\Users\Jeremy\AppData\Local\Temp

[Sun Jun 16 23:01:01 2024]
rule dynamic_solve:
    input: resources/DE_20_1.5_base_solved.nc
    output: resources/DE_20_1.5_dispatchcut_0_90_noinv.nc, results/DE_20_1.5_dispatchcut_0_90_noinvroll.nc
    jobid: 201
    reason: Missing output files: results/DE_20_1.5_dispatchcut_0_90_noinvroll.nc
    wildcards: country=DE, buses=20, transmission_limit=1.5, contingency=dispatchcut, reductionto=0, duration=90, model=noinv
    resources: tmpdir=C:\Users\Jeremy\AppData\Local\Temp

[Sun Jun 16 23:01:08 2024]
Error in rule dynamic_solve:
    jobid: 201
    input: resources/DE_20_1.5_base_solved.nc
    output: resources/DE_20_1.5_dispatchcut_0_90_noinv.nc, results/DE_20_1.5_dispatchcut_0_90_noinvroll.nc

RuleException:
CalledProcessError in file C:\Users\Jeremy\Documents\MasterThesis\Models\Snakefile, line 202:
Command 'python scripts/solve_dispatchcut.py resources/DE_20_1.5_base_solved.nc resources/DE_20_1.5_dispatchcut_0_90_noinv.nc results/DE_20_1.5_dispatchcut_0_90_noinvroll.nc dispatchcut 0 90 noinv 52 DE EQ0.95c 1.5 20' returned non-zero exit status 1.
  File "C:\Users\Jeremy\Documents\MasterThesis\Models\Snakefile", line 202, in __rule_dynamic_solve
  File "C:\Users\Jeremy\anaconda3\envs\pypsa-eur\Lib\concurrent\futures\thread.py", line 58, in run
[Sun Jun 16 23:01:08 2024]
Error in rule dynamic_solve:
    jobid: 202
    input: resources/DE_20_1.5_base_solved.nc
    output: resources/DE_20_1.5_dispatchcut_0_180_noinv.nc, results/DE_20_1.5_dispatchcut_0_180_noinvroll.nc

RuleException:
CalledProcessError in file C:\Users\Jeremy\Documents\MasterThesis\Models\Snakefile, line 202:
Command 'python scripts/solve_dispatchcut.py resources/DE_20_1.5_base_solved.nc resources/DE_20_1.5_dispatchcut_0_180_noinv.nc results/DE_20_1.5_dispatchcut_0_180_noinvroll.nc dispatchcut 0 180 noinv 52 DE EQ0.95c 1.5 20' returned non-zero exit status 1.
  File "C:\Users\Jeremy\Documents\MasterThesis\Models\Snakefile", line 202, in __rule_dynamic_solve
  File "C:\Users\Jeremy\anaconda3\envs\pypsa-eur\Lib\concurrent\futures\thread.py", line 58, in run
[Sun Jun 16 23:01:23 2024]
Finished job 173.
1 of 169 steps (1%) done
[Sun Jun 16 23:01:30 2024]
Finished job 122.
2 of 169 steps (1%) done
Shutting down, this might take some time.
Exiting because a job execution failed. Look above for error message
Complete log: .snakemake\log\2024-06-16T230059.585480.snakemake.log
