Building DAG of jobs...
Provided cores: 1 (use --cores to define parallelism)
Rules claiming more threads will be scaled down.
Job stats:
job              count
-------------  -------
all                  1
dynamic_solve       60
total               61

Select jobs to execute...

[Fri May 31 22:53:13 2024]
rule dynamic_solve:
    input: resources/DE_20_1.0_base_solved.nc
    output: resources/DE_20_1.0_pv_0.0_90_inv.nc, results/DE_20_1.0_pv_0.0_90_invroll.nc
    jobid: 5
    reason: Missing output files: results/DE_20_1.0_pv_0.0_90_invroll.nc
    wildcards: country=DE, buses=20, transmission_limit=1.0, contingency=pv, reductionto=0.0, duration=90, model=inv
    resources: tmpdir=C:\Users\Jeremy\AppData\Local\Temp

[Fri May 31 22:53:13 2024]
Finished job 5.
1 of 61 steps (2%) done
Select jobs to execute...

[Fri May 31 22:53:13 2024]
rule dynamic_solve:
    input: resources/DE_20_1.0_base_solved.nc
    output: resources/DE_20_1.0_wind_0.5_270_noinv.nc, results/DE_20_1.0_wind_0.5_270_noinvroll.nc
    jobid: 28
    reason: Missing output files: results/DE_20_1.0_wind_0.5_270_noinvroll.nc
    wildcards: country=DE, buses=20, transmission_limit=1.0, contingency=wind, reductionto=0.5, duration=270, model=noinv
    resources: tmpdir=C:\Users\Jeremy\AppData\Local\Temp

[Fri May 31 22:53:13 2024]
Finished job 28.
2 of 61 steps (3%) done
Select jobs to execute...

[Fri May 31 22:53:13 2024]
rule dynamic_solve:
    input: resources/DE_20_1.0_base_solved.nc
    output: resources/DE_20_1.0_pv_0.0_180_noinv.nc, results/DE_20_1.0_pv_0.0_180_noinvroll.nc
    jobid: 21
    reason: Missing output files: results/DE_20_1.0_pv_0.0_180_noinvroll.nc
    wildcards: country=DE, buses=20, transmission_limit=1.0, contingency=pv, reductionto=0.0, duration=180, model=noinv
    resources: tmpdir=C:\Users\Jeremy\AppData\Local\Temp

[Fri May 31 22:53:13 2024]
Finished job 21.
3 of 61 steps (5%) done
Select jobs to execute...

[Fri May 31 22:53:13 2024]
rule dynamic_solve:
    input: resources/DE_20_1.0_base_solved.nc
    output: resources/DE_20_1.0_wind_0.75_270_inv.nc, results/DE_20_1.0_wind_0.75_270_invroll.nc
    jobid: 10
    reason: Missing output files: results/DE_20_1.0_wind_0.75_270_invroll.nc
    wildcards: country=DE, buses=20, transmission_limit=1.0, contingency=wind, reductionto=0.75, duration=270, model=inv
    resources: tmpdir=C:\Users\Jeremy\AppData\Local\Temp

[Fri May 31 22:53:13 2024]
Finished job 10.
4 of 61 steps (7%) done
Select jobs to execute...

[Fri May 31 22:53:13 2024]
rule dynamic_solve:
    input: resources/DE_20_1.0_base_solved.nc
    output: resources/DE_20_1.0_wind_0.5_180_inv.nc, results/DE_20_1.0_wind_0.5_180_invroll.nc
    jobid: 12
    reason: Missing output files: results/DE_20_1.0_wind_0.5_180_invroll.nc
    wildcards: country=DE, buses=20, transmission_limit=1.0, contingency=wind, reductionto=0.5, duration=180, model=inv
    resources: tmpdir=C:\Users\Jeremy\AppData\Local\Temp

[Fri May 31 22:53:13 2024]
Finished job 12.
5 of 61 steps (8%) done
Select jobs to execute...

[Fri May 31 22:53:13 2024]
rule dynamic_solve:
    input: resources/DE_20_1.0_base_solved.nc
    output: resources/DE_20_1.0_wind_0.5_270_inv.nc, results/DE_20_1.0_wind_0.5_270_invroll.nc
    jobid: 13
    reason: Missing output files: results/DE_20_1.0_wind_0.5_270_invroll.nc
    wildcards: country=DE, buses=20, transmission_limit=1.0, contingency=wind, reductionto=0.5, duration=270, model=inv
    resources: tmpdir=C:\Users\Jeremy\AppData\Local\Temp

[Fri May 31 22:53:13 2024]
Finished job 13.
6 of 61 steps (10%) done
Select jobs to execute...

[Fri May 31 22:53:13 2024]
rule dynamic_solve:
    input: resources/DE_20_1.0_base_solved.nc
    output: resources/DE_20_1.0_wind_0.25_90_noinv.nc, results/DE_20_1.0_wind_0.25_90_noinvroll.nc
    jobid: 29
    reason: Missing output files: results/DE_20_1.0_wind_0.25_90_noinvroll.nc
    wildcards: country=DE, buses=20, transmission_limit=1.0, contingency=wind, reductionto=0.25, duration=90, model=noinv
    resources: tmpdir=C:\Users\Jeremy\AppData\Local\Temp

[Fri May 31 22:53:13 2024]
Finished job 29.
7 of 61 steps (11%) done
Select jobs to execute...

[Fri May 31 22:53:13 2024]
rule dynamic_solve:
    input: resources/DE_20_1.0_base_solved.nc
    output: resources/DE_20_1.0_pv_0.0_270_noinv.nc, results/DE_20_1.0_pv_0.0_270_noinvroll.nc
    jobid: 22
    reason: Missing output files: results/DE_20_1.0_pv_0.0_270_noinvroll.nc
    wildcards: country=DE, buses=20, transmission_limit=1.0, contingency=pv, reductionto=0.0, duration=270, model=noinv
    resources: tmpdir=C:\Users\Jeremy\AppData\Local\Temp

[Fri May 31 22:53:13 2024]
Finished job 22.
8 of 61 steps (13%) done
Select jobs to execute...

[Fri May 31 22:53:13 2024]
rule dynamic_solve:
    input: resources/DE_20_1.0_base_solved.nc
    output: resources/DE_20_1.0_wind_0.25_180_inv.nc, results/DE_20_1.0_wind_0.25_180_invroll.nc
    jobid: 15
    reason: Missing output files: results/DE_20_1.0_wind_0.25_180_invroll.nc
    wildcards: country=DE, buses=20, transmission_limit=1.0, contingency=wind, reductionto=0.25, duration=180, model=inv
    resources: tmpdir=C:\Users\Jeremy\AppData\Local\Temp

[Fri May 31 22:53:13 2024]
Finished job 15.
9 of 61 steps (15%) done
Select jobs to execute...

[Fri May 31 22:53:13 2024]
rule dynamic_solve:
    input: resources/DE_20_1.0_base_solved.nc
    output: resources/DE_20_1.0_pv_0.0_270_inv.nc, results/DE_20_1.0_pv_0.0_270_invroll.nc
    jobid: 7
    reason: Missing output files: results/DE_20_1.0_pv_0.0_270_invroll.nc
    wildcards: country=DE, buses=20, transmission_limit=1.0, contingency=pv, reductionto=0.0, duration=270, model=inv
    resources: tmpdir=C:\Users\Jeremy\AppData\Local\Temp

[Fri May 31 22:53:13 2024]
Finished job 7.
10 of 61 steps (16%) done
Select jobs to execute...

[Fri May 31 22:53:13 2024]
rule dynamic_solve:
    input: resources/DE_20_1.0_base_solved.nc
    output: resources/DE_20_1.0_pv_0_90_inv.nc, results/DE_20_1.0_pv_0_90_invroll.nc
    jobid: 1
    reason: Missing output files: results/DE_20_1.0_pv_0_90_invroll.nc
    wildcards: country=DE, buses=20, transmission_limit=1.0, contingency=pv, reductionto=0, duration=90, model=inv
    resources: tmpdir=C:\Users\Jeremy\AppData\Local\Temp

[Fri May 31 22:53:13 2024]
Finished job 1.
11 of 61 steps (18%) done
Select jobs to execute...

[Fri May 31 22:53:13 2024]
rule dynamic_solve:
    input: resources/DE_20_1.0_base_solved.nc
    output: resources/DE_20_1.0_wind_0.25_180_noinv.nc, results/DE_20_1.0_wind_0.25_180_noinvroll.nc
    jobid: 30
    reason: Missing output files: results/DE_20_1.0_wind_0.25_180_noinvroll.nc
    wildcards: country=DE, buses=20, transmission_limit=1.0, contingency=wind, reductionto=0.25, duration=180, model=noinv
    resources: tmpdir=C:\Users\Jeremy\AppData\Local\Temp

[Fri May 31 22:53:13 2024]
Finished job 30.
12 of 61 steps (20%) done
Select jobs to execute...

[Fri May 31 22:53:13 2024]
rule dynamic_solve:
    input: resources/DE_20_1.0_base_solved.nc
    output: resources/DE_20_1.0_wind_0.75_90_noinv.nc, results/DE_20_1.0_wind_0.75_90_noinvroll.nc
    jobid: 23
    reason: Missing output files: results/DE_20_1.0_wind_0.75_90_noinvroll.nc
    wildcards: country=DE, buses=20, transmission_limit=1.0, contingency=wind, reductionto=0.75, duration=90, model=noinv
    resources: tmpdir=C:\Users\Jeremy\AppData\Local\Temp

[Fri May 31 22:53:13 2024]
Finished job 23.
13 of 61 steps (21%) done
Select jobs to execute...

[Fri May 31 22:53:13 2024]
rule dynamic_solve:
    input: resources/DE_20_1.0_base_solved.nc
    output: resources/DE_20_1.0_wind_0.25_270_inv.nc, results/DE_20_1.0_wind_0.25_270_invroll.nc
    jobid: 16
    reason: Missing output files: results/DE_20_1.0_wind_0.25_270_invroll.nc
    wildcards: country=DE, buses=20, transmission_limit=1.0, contingency=wind, reductionto=0.25, duration=270, model=inv
    resources: tmpdir=C:\Users\Jeremy\AppData\Local\Temp

[Fri May 31 22:53:13 2024]
Finished job 16.
14 of 61 steps (23%) done
Select jobs to execute...

[Fri May 31 22:53:13 2024]
rule dynamic_solve:
    input: resources/DE_20_1.0_base_solved.nc
    output: resources/DE_20_1.0_pv_0.0_180_inv.nc, results/DE_20_1.0_pv_0.0_180_invroll.nc
    jobid: 6
    reason: Missing output files: results/DE_20_1.0_pv_0.0_180_invroll.nc
    wildcards: country=DE, buses=20, transmission_limit=1.0, contingency=pv, reductionto=0.0, duration=180, model=inv
    resources: tmpdir=C:\Users\Jeremy\AppData\Local\Temp

[Fri May 31 22:53:13 2024]
Finished job 6.
15 of 61 steps (25%) done
Select jobs to execute...

[Fri May 31 22:53:13 2024]
rule dynamic_solve:
    input: resources/DE_20_1.0_base_solved.nc
    output: resources/DE_20_1.0_pv_0_180_inv.nc, results/DE_20_1.0_pv_0_180_invroll.nc
    jobid: 3
    reason: Missing output files: results/DE_20_1.0_pv_0_180_invroll.nc
    wildcards: country=DE, buses=20, transmission_limit=1.0, contingency=pv, reductionto=0, duration=180, model=inv
    resources: tmpdir=C:\Users\Jeremy\AppData\Local\Temp

[Fri May 31 22:53:13 2024]
Finished job 3.
16 of 61 steps (26%) done
Select jobs to execute...

[Fri May 31 22:53:13 2024]
rule dynamic_solve:
    input: resources/DE_20_1.0_base_solved.nc
    output: resources/DE_20_1.0_wind_0.25_270_noinv.nc, results/DE_20_1.0_wind_0.25_270_noinvroll.nc
    jobid: 31
    reason: Missing output files: results/DE_20_1.0_wind_0.25_270_noinvroll.nc
    wildcards: country=DE, buses=20, transmission_limit=1.0, contingency=wind, reductionto=0.25, duration=270, model=noinv
    resources: tmpdir=C:\Users\Jeremy\AppData\Local\Temp

[Fri May 31 22:53:13 2024]
Finished job 31.
17 of 61 steps (28%) done
Select jobs to execute...

[Fri May 31 22:53:13 2024]
rule dynamic_solve:
    input: resources/DE_20_1.0_base_solved.nc
    output: resources/DE_20_1.0_wind_0.75_180_noinv.nc, results/DE_20_1.0_wind_0.75_180_noinvroll.nc
    jobid: 24
    reason: Missing output files: results/DE_20_1.0_wind_0.75_180_noinvroll.nc
    wildcards: country=DE, buses=20, transmission_limit=1.0, contingency=wind, reductionto=0.75, duration=180, model=noinv
    resources: tmpdir=C:\Users\Jeremy\AppData\Local\Temp

[Fri May 31 22:53:13 2024]
Finished job 24.
18 of 61 steps (30%) done
Select jobs to execute...

[Fri May 31 22:53:13 2024]
rule dynamic_solve:
    input: resources/DE_20_1.0_base_solved.nc
    output: resources/DE_20_1.0_pv_0_90_noinv.nc, results/DE_20_1.0_pv_0_90_noinvroll.nc
    jobid: 17
    reason: Missing output files: results/DE_20_1.0_pv_0_90_noinvroll.nc
    wildcards: country=DE, buses=20, transmission_limit=1.0, contingency=pv, reductionto=0, duration=90, model=noinv
    resources: tmpdir=C:\Users\Jeremy\AppData\Local\Temp

[Fri May 31 22:53:13 2024]
Finished job 17.
19 of 61 steps (31%) done
Select jobs to execute...

[Fri May 31 22:53:13 2024]
rule dynamic_solve:
    input: resources/DE_20_1.0_base_solved.nc
    output: resources/DE_20_1.0_wind_0.75_270_noinv.nc, results/DE_20_1.0_wind_0.75_270_noinvroll.nc
    jobid: 25
    reason: Missing output files: results/DE_20_1.0_wind_0.75_270_noinvroll.nc
    wildcards: country=DE, buses=20, transmission_limit=1.0, contingency=wind, reductionto=0.75, duration=270, model=noinv
    resources: tmpdir=C:\Users\Jeremy\AppData\Local\Temp

[Fri May 31 22:53:13 2024]
Finished job 25.
20 of 61 steps (33%) done
Select jobs to execute...

[Fri May 31 22:53:13 2024]
rule dynamic_solve:
    input: resources/DE_20_1.0_base_solved.nc
    output: resources/DE_20_1.0_pv_0_180_noinv.nc, results/DE_20_1.0_pv_0_180_noinvroll.nc
    jobid: 18
    reason: Missing output files: results/DE_20_1.0_pv_0_180_noinvroll.nc
    wildcards: country=DE, buses=20, transmission_limit=1.0, contingency=pv, reductionto=0, duration=180, model=noinv
    resources: tmpdir=C:\Users\Jeremy\AppData\Local\Temp

[Fri May 31 22:53:13 2024]
Finished job 18.
21 of 61 steps (34%) done
Select jobs to execute...

[Fri May 31 22:53:13 2024]
rule dynamic_solve:
    input: resources/DE_20_1.0_base_solved.nc
    output: resources/DE_20_1.0_wind_0.5_90_inv.nc, results/DE_20_1.0_wind_0.5_90_invroll.nc
    jobid: 11
    reason: Missing output files: results/DE_20_1.0_wind_0.5_90_invroll.nc
    wildcards: country=DE, buses=20, transmission_limit=1.0, contingency=wind, reductionto=0.5, duration=90, model=inv
    resources: tmpdir=C:\Users\Jeremy\AppData\Local\Temp

[Fri May 31 22:53:13 2024]
Finished job 11.
22 of 61 steps (36%) done
Select jobs to execute...

[Fri May 31 22:53:13 2024]
rule dynamic_solve:
    input: resources/DE_20_1.0_base_solved.nc
    output: resources/DE_20_1.0_wind_0.25_90_inv.nc, results/DE_20_1.0_wind_0.25_90_invroll.nc
    jobid: 14
    reason: Missing output files: results/DE_20_1.0_wind_0.25_90_invroll.nc
    wildcards: country=DE, buses=20, transmission_limit=1.0, contingency=wind, reductionto=0.25, duration=90, model=inv
    resources: tmpdir=C:\Users\Jeremy\AppData\Local\Temp

[Fri May 31 22:53:13 2024]
Finished job 14.
23 of 61 steps (38%) done
Select jobs to execute...

[Fri May 31 22:53:13 2024]
rule dynamic_solve:
    input: resources/DE_20_1.0_base_solved.nc
    output: resources/DE_20_1.0_wind_0.5_90_noinv.nc, results/DE_20_1.0_wind_0.5_90_noinvroll.nc
    jobid: 26
    reason: Missing output files: results/DE_20_1.0_wind_0.5_90_noinvroll.nc
    wildcards: country=DE, buses=20, transmission_limit=1.0, contingency=wind, reductionto=0.5, duration=90, model=noinv
    resources: tmpdir=C:\Users\Jeremy\AppData\Local\Temp

[Fri May 31 22:53:13 2024]
Finished job 26.
24 of 61 steps (39%) done
Select jobs to execute...

[Fri May 31 22:53:13 2024]
rule dynamic_solve:
    input: resources/DE_20_1.0_base_solved.nc
    output: resources/DE_20_1.0_pv_0_270_noinv.nc, results/DE_20_1.0_pv_0_270_noinvroll.nc
    jobid: 19
    reason: Missing output files: results/DE_20_1.0_pv_0_270_noinvroll.nc
    wildcards: country=DE, buses=20, transmission_limit=1.0, contingency=pv, reductionto=0, duration=270, model=noinv
    resources: tmpdir=C:\Users\Jeremy\AppData\Local\Temp

[Fri May 31 22:53:13 2024]
Finished job 19.
25 of 61 steps (41%) done
Select jobs to execute...

[Fri May 31 22:53:13 2024]
rule dynamic_solve:
    input: resources/DE_20_1.0_base_solved.nc
    output: resources/DE_20_1.0_wind_0.75_90_inv.nc, results/DE_20_1.0_wind_0.75_90_invroll.nc
    jobid: 8
    reason: Missing output files: results/DE_20_1.0_wind_0.75_90_invroll.nc
    wildcards: country=DE, buses=20, transmission_limit=1.0, contingency=wind, reductionto=0.75, duration=90, model=inv
    resources: tmpdir=C:\Users\Jeremy\AppData\Local\Temp

[Fri May 31 22:53:13 2024]
Finished job 8.
26 of 61 steps (43%) done
Select jobs to execute...

[Fri May 31 22:53:13 2024]
rule dynamic_solve:
    input: resources/DE_20_1.0_base_solved.nc
    output: resources/DE_20_1.0_pv_0_270_inv.nc, results/DE_20_1.0_pv_0_270_invroll.nc
    jobid: 4
    reason: Missing output files: results/DE_20_1.0_pv_0_270_invroll.nc
    wildcards: country=DE, buses=20, transmission_limit=1.0, contingency=pv, reductionto=0, duration=270, model=inv
    resources: tmpdir=C:\Users\Jeremy\AppData\Local\Temp

[Fri May 31 22:53:13 2024]
Finished job 4.
27 of 61 steps (44%) done
Select jobs to execute...

[Fri May 31 22:53:13 2024]
rule dynamic_solve:
    input: resources/DE_20_1.0_base_solved.nc
    output: resources/DE_20_1.0_wind_0.5_180_noinv.nc, results/DE_20_1.0_wind_0.5_180_noinvroll.nc
    jobid: 27
    reason: Missing output files: results/DE_20_1.0_wind_0.5_180_noinvroll.nc
    wildcards: country=DE, buses=20, transmission_limit=1.0, contingency=wind, reductionto=0.5, duration=180, model=noinv
    resources: tmpdir=C:\Users\Jeremy\AppData\Local\Temp

[Fri May 31 22:53:13 2024]
Finished job 27.
28 of 61 steps (46%) done
Select jobs to execute...

[Fri May 31 22:53:13 2024]
rule dynamic_solve:
    input: resources/DE_20_1.0_base_solved.nc
    output: resources/DE_20_1.0_pv_0.0_90_noinv.nc, results/DE_20_1.0_pv_0.0_90_noinvroll.nc
    jobid: 20
    reason: Missing output files: results/DE_20_1.0_pv_0.0_90_noinvroll.nc
    wildcards: country=DE, buses=20, transmission_limit=1.0, contingency=pv, reductionto=0.0, duration=90, model=noinv
    resources: tmpdir=C:\Users\Jeremy\AppData\Local\Temp

[Fri May 31 22:53:13 2024]
Finished job 20.
29 of 61 steps (48%) done
Select jobs to execute...

[Fri May 31 22:53:13 2024]
rule dynamic_solve:
    input: resources/DE_20_1.0_base_solved.nc
    output: resources/DE_20_1.0_wind_0.75_180_inv.nc, results/DE_20_1.0_wind_0.75_180_invroll.nc
    jobid: 9
    reason: Missing output files: results/DE_20_1.0_wind_0.75_180_invroll.nc
    wildcards: country=DE, buses=20, transmission_limit=1.0, contingency=wind, reductionto=0.75, duration=180, model=inv
    resources: tmpdir=C:\Users\Jeremy\AppData\Local\Temp

[Fri May 31 22:53:13 2024]
Finished job 9.
30 of 61 steps (49%) done
Select jobs to execute...

[Fri May 31 22:53:13 2024]
rule dynamic_solve:
    input: resources/DE_20_1.5_base_solved.nc
    output: resources/DE_20_1.5_wind_0.25_270_noinv.nc, results/DE_20_1.5_wind_0.25_270_noinvroll.nc
    jobid: 62
    reason: Missing output files: results/DE_20_1.5_wind_0.25_270_noinvroll.nc
    wildcards: country=DE, buses=20, transmission_limit=1.5, contingency=wind, reductionto=0.25, duration=270, model=noinv
    resources: tmpdir=C:\Users\Jeremy\AppData\Local\Temp

[Fri May 31 22:53:13 2024]
Finished job 62.
31 of 61 steps (51%) done
Select jobs to execute...

[Fri May 31 22:53:13 2024]
rule dynamic_solve:
    input: resources/DE_20_1.5_base_solved.nc
    output: resources/DE_20_1.5_wind_0.75_180_noinv.nc, results/DE_20_1.5_wind_0.75_180_noinvroll.nc
    jobid: 55
    reason: Missing output files: results/DE_20_1.5_wind_0.75_180_noinvroll.nc
    wildcards: country=DE, buses=20, transmission_limit=1.5, contingency=wind, reductionto=0.75, duration=180, model=noinv
    resources: tmpdir=C:\Users\Jeremy\AppData\Local\Temp

[Fri May 31 22:53:13 2024]
Finished job 55.
32 of 61 steps (52%) done
Select jobs to execute...

[Fri May 31 22:53:13 2024]
rule dynamic_solve:
    input: resources/DE_20_1.5_base_solved.nc
    output: resources/DE_20_1.5_pv_0_90_noinv.nc, results/DE_20_1.5_pv_0_90_noinvroll.nc
    jobid: 48
    reason: Missing output files: results/DE_20_1.5_pv_0_90_noinvroll.nc
    wildcards: country=DE, buses=20, transmission_limit=1.5, contingency=pv, reductionto=0, duration=90, model=noinv
    resources: tmpdir=C:\Users\Jeremy\AppData\Local\Temp

[Fri May 31 22:53:13 2024]
Finished job 48.
33 of 61 steps (54%) done
Select jobs to execute...

[Fri May 31 22:53:13 2024]
rule dynamic_solve:
    input: resources/DE_20_1.5_base_solved.nc
    output: resources/DE_20_1.5_wind_0.75_270_inv.nc, results/DE_20_1.5_wind_0.75_270_invroll.nc
    jobid: 41
    reason: Missing output files: results/DE_20_1.5_wind_0.75_270_invroll.nc
    wildcards: country=DE, buses=20, transmission_limit=1.5, contingency=wind, reductionto=0.75, duration=270, model=inv
    resources: tmpdir=C:\Users\Jeremy\AppData\Local\Temp

[Fri May 31 22:53:13 2024]
Finished job 41.
34 of 61 steps (56%) done
Select jobs to execute...

[Fri May 31 22:53:13 2024]
rule dynamic_solve:
    input: resources/DE_20_1.5_base_solved.nc
    output: resources/DE_20_1.5_pv_0_270_inv.nc, results/DE_20_1.5_pv_0_270_invroll.nc
    jobid: 35
    reason: Missing output files: results/DE_20_1.5_pv_0_270_invroll.nc
    wildcards: country=DE, buses=20, transmission_limit=1.5, contingency=pv, reductionto=0, duration=270, model=inv
    resources: tmpdir=C:\Users\Jeremy\AppData\Local\Temp

[Fri May 31 22:53:13 2024]
Finished job 35.
35 of 61 steps (57%) done
Select jobs to execute...

[Fri May 31 22:53:13 2024]
rule dynamic_solve:
    input: resources/DE_20_1.5_base_solved.nc
    output: resources/DE_20_1.5_wind_0.75_270_noinv.nc, results/DE_20_1.5_wind_0.75_270_noinvroll.nc
    jobid: 56
    reason: Missing output files: results/DE_20_1.5_wind_0.75_270_noinvroll.nc
    wildcards: country=DE, buses=20, transmission_limit=1.5, contingency=wind, reductionto=0.75, duration=270, model=noinv
    resources: tmpdir=C:\Users\Jeremy\AppData\Local\Temp

[Fri May 31 22:53:13 2024]
Finished job 56.
36 of 61 steps (59%) done
Select jobs to execute...

[Fri May 31 22:53:13 2024]
rule dynamic_solve:
    input: resources/DE_20_1.5_base_solved.nc
    output: resources/DE_20_1.5_pv_0_180_noinv.nc, results/DE_20_1.5_pv_0_180_noinvroll.nc
    jobid: 49
    reason: Missing output files: results/DE_20_1.5_pv_0_180_noinvroll.nc
    wildcards: country=DE, buses=20, transmission_limit=1.5, contingency=pv, reductionto=0, duration=180, model=noinv
    resources: tmpdir=C:\Users\Jeremy\AppData\Local\Temp

[Fri May 31 22:53:13 2024]
Finished job 49.
37 of 61 steps (61%) done
Select jobs to execute...

[Fri May 31 22:53:13 2024]
rule dynamic_solve:
    input: resources/DE_20_1.5_base_solved.nc
    output: resources/DE_20_1.5_wind_0.5_90_inv.nc, results/DE_20_1.5_wind_0.5_90_invroll.nc
    jobid: 42
    reason: Missing output files: results/DE_20_1.5_wind_0.5_90_invroll.nc
    wildcards: country=DE, buses=20, transmission_limit=1.5, contingency=wind, reductionto=0.5, duration=90, model=inv
    resources: tmpdir=C:\Users\Jeremy\AppData\Local\Temp

[Fri May 31 22:53:13 2024]
Finished job 42.
38 of 61 steps (62%) done
Select jobs to execute...

[Fri May 31 22:53:13 2024]
rule dynamic_solve:
    input: resources/DE_20_1.5_base_solved.nc
    output: resources/DE_20_1.5_pv_0.0_90_inv.nc, results/DE_20_1.5_pv_0.0_90_invroll.nc
    jobid: 36
    reason: Missing output files: results/DE_20_1.5_pv_0.0_90_invroll.nc
    wildcards: country=DE, buses=20, transmission_limit=1.5, contingency=pv, reductionto=0.0, duration=90, model=inv
    resources: tmpdir=C:\Users\Jeremy\AppData\Local\Temp

[Fri May 31 22:53:13 2024]
Finished job 36.
39 of 61 steps (64%) done
Select jobs to execute...

[Fri May 31 22:53:13 2024]
rule dynamic_solve:
    input: resources/DE_20_1.5_base_solved.nc
    output: resources/DE_20_1.5_wind_0.5_90_noinv.nc, results/DE_20_1.5_wind_0.5_90_noinvroll.nc
    jobid: 57
    reason: Missing output files: results/DE_20_1.5_wind_0.5_90_noinvroll.nc
    wildcards: country=DE, buses=20, transmission_limit=1.5, contingency=wind, reductionto=0.5, duration=90, model=noinv
    resources: tmpdir=C:\Users\Jeremy\AppData\Local\Temp

[Fri May 31 22:53:13 2024]
Finished job 57.
40 of 61 steps (66%) done
Select jobs to execute...

[Fri May 31 22:53:13 2024]
rule dynamic_solve:
    input: resources/DE_20_1.5_base_solved.nc
    output: resources/DE_20_1.5_pv_0_270_noinv.nc, results/DE_20_1.5_pv_0_270_noinvroll.nc
    jobid: 50
    reason: Missing output files: results/DE_20_1.5_pv_0_270_noinvroll.nc
    wildcards: country=DE, buses=20, transmission_limit=1.5, contingency=pv, reductionto=0, duration=270, model=noinv
    resources: tmpdir=C:\Users\Jeremy\AppData\Local\Temp

[Fri May 31 22:53:13 2024]
Finished job 50.
41 of 61 steps (67%) done
Select jobs to execute...

[Fri May 31 22:53:13 2024]
rule dynamic_solve:
    input: resources/DE_20_1.5_base_solved.nc
    output: resources/DE_20_1.5_wind_0.5_180_inv.nc, results/DE_20_1.5_wind_0.5_180_invroll.nc
    jobid: 43
    reason: Missing output files: results/DE_20_1.5_wind_0.5_180_invroll.nc
    wildcards: country=DE, buses=20, transmission_limit=1.5, contingency=wind, reductionto=0.5, duration=180, model=inv
    resources: tmpdir=C:\Users\Jeremy\AppData\Local\Temp

[Fri May 31 22:53:13 2024]
Finished job 43.
42 of 61 steps (69%) done
Select jobs to execute...

[Fri May 31 22:53:13 2024]
rule dynamic_solve:
    input: resources/DE_20_1.5_base_solved.nc
    output: resources/DE_20_1.5_pv_0.0_270_inv.nc, results/DE_20_1.5_pv_0.0_270_invroll.nc
    jobid: 38
    reason: Missing output files: results/DE_20_1.5_pv_0.0_270_invroll.nc
    wildcards: country=DE, buses=20, transmission_limit=1.5, contingency=pv, reductionto=0.0, duration=270, model=inv
    resources: tmpdir=C:\Users\Jeremy\AppData\Local\Temp

[Fri May 31 22:53:13 2024]
Finished job 38.
43 of 61 steps (70%) done
Select jobs to execute...

[Fri May 31 22:53:13 2024]
rule dynamic_solve:
    input: resources/DE_20_1.5_base_solved.nc
    output: resources/DE_20_1.5_wind_0.25_270_inv.nc, results/DE_20_1.5_wind_0.25_270_invroll.nc
    jobid: 47
    reason: Missing output files: results/DE_20_1.5_wind_0.25_270_invroll.nc
    wildcards: country=DE, buses=20, transmission_limit=1.5, contingency=wind, reductionto=0.25, duration=270, model=inv
    resources: tmpdir=C:\Users\Jeremy\AppData\Local\Temp

[Fri May 31 22:53:13 2024]
Finished job 47.
44 of 61 steps (72%) done
Select jobs to execute...

[Fri May 31 22:53:13 2024]
rule dynamic_solve:
    input: resources/DE_20_1.5_base_solved.nc
    output: resources/DE_20_1.5_wind_0.75_90_inv.nc, results/DE_20_1.5_wind_0.75_90_invroll.nc
    jobid: 39
    reason: Missing output files: results/DE_20_1.5_wind_0.75_90_invroll.nc
    wildcards: country=DE, buses=20, transmission_limit=1.5, contingency=wind, reductionto=0.75, duration=90, model=inv
    resources: tmpdir=C:\Users\Jeremy\AppData\Local\Temp

[Fri May 31 22:53:13 2024]
Finished job 39.
45 of 61 steps (74%) done
Select jobs to execute...

[Fri May 31 22:53:13 2024]
rule dynamic_solve:
    input: resources/DE_20_1.5_base_solved.nc
    output: resources/DE_20_1.5_pv_0_180_inv.nc, results/DE_20_1.5_pv_0_180_invroll.nc
    jobid: 34
    reason: Missing output files: results/DE_20_1.5_pv_0_180_invroll.nc
    wildcards: country=DE, buses=20, transmission_limit=1.5, contingency=pv, reductionto=0, duration=180, model=inv
    resources: tmpdir=C:\Users\Jeremy\AppData\Local\Temp

[Fri May 31 22:53:13 2024]
Finished job 34.
46 of 61 steps (75%) done
Select jobs to execute...

[Fri May 31 22:53:13 2024]
rule dynamic_solve:
    input: resources/DE_20_1.5_base_solved.nc
    output: resources/DE_20_1.5_wind_0.5_270_noinv.nc, results/DE_20_1.5_wind_0.5_270_noinvroll.nc
    jobid: 59
    reason: Missing output files: results/DE_20_1.5_wind_0.5_270_noinvroll.nc
    wildcards: country=DE, buses=20, transmission_limit=1.5, contingency=wind, reductionto=0.5, duration=270, model=noinv
    resources: tmpdir=C:\Users\Jeremy\AppData\Local\Temp

[Fri May 31 22:53:14 2024]
Finished job 59.
47 of 61 steps (77%) done
Select jobs to execute...

[Fri May 31 22:53:14 2024]
rule dynamic_solve:
    input: resources/DE_20_1.5_base_solved.nc
    output: resources/DE_20_1.5_pv_0.0_180_noinv.nc, results/DE_20_1.5_pv_0.0_180_noinvroll.nc
    jobid: 52
    reason: Missing output files: results/DE_20_1.5_pv_0.0_180_noinvroll.nc
    wildcards: country=DE, buses=20, transmission_limit=1.5, contingency=pv, reductionto=0.0, duration=180, model=noinv
    resources: tmpdir=C:\Users\Jeremy\AppData\Local\Temp

[Fri May 31 22:53:14 2024]
Finished job 52.
48 of 61 steps (79%) done
Select jobs to execute...

[Fri May 31 22:53:14 2024]
rule dynamic_solve:
    input: resources/DE_20_1.5_base_solved.nc
    output: resources/DE_20_1.5_pv_0.0_180_inv.nc, results/DE_20_1.5_pv_0.0_180_invroll.nc
    jobid: 37
    reason: Missing output files: results/DE_20_1.5_pv_0.0_180_invroll.nc
    wildcards: country=DE, buses=20, transmission_limit=1.5, contingency=pv, reductionto=0.0, duration=180, model=inv
    resources: tmpdir=C:\Users\Jeremy\AppData\Local\Temp

[Fri May 31 22:53:14 2024]
Finished job 37.
49 of 61 steps (80%) done
Select jobs to execute...

[Fri May 31 22:53:14 2024]
rule dynamic_solve:
    input: resources/DE_20_1.5_base_solved.nc
    output: resources/DE_20_1.5_wind_0.25_180_noinv.nc, results/DE_20_1.5_wind_0.25_180_noinvroll.nc
    jobid: 61
    reason: Missing output files: results/DE_20_1.5_wind_0.25_180_noinvroll.nc
    wildcards: country=DE, buses=20, transmission_limit=1.5, contingency=wind, reductionto=0.25, duration=180, model=noinv
    resources: tmpdir=C:\Users\Jeremy\AppData\Local\Temp

[Fri May 31 22:53:14 2024]
Finished job 61.
50 of 61 steps (82%) done
Select jobs to execute...

[Fri May 31 22:53:14 2024]
rule dynamic_solve:
    input: resources/DE_20_1.5_base_solved.nc
    output: resources/DE_20_1.5_wind_0.25_180_inv.nc, results/DE_20_1.5_wind_0.25_180_invroll.nc
    jobid: 46
    reason: Missing output files: results/DE_20_1.5_wind_0.25_180_invroll.nc
    wildcards: country=DE, buses=20, transmission_limit=1.5, contingency=wind, reductionto=0.25, duration=180, model=inv
    resources: tmpdir=C:\Users\Jeremy\AppData\Local\Temp

[Fri May 31 22:53:14 2024]
Finished job 46.
51 of 61 steps (84%) done
Select jobs to execute...

[Fri May 31 22:53:14 2024]
rule dynamic_solve:
    input: resources/DE_20_1.5_base_solved.nc
    output: resources/DE_20_1.5_wind_0.75_90_noinv.nc, results/DE_20_1.5_wind_0.75_90_noinvroll.nc
    jobid: 54
    reason: Missing output files: results/DE_20_1.5_wind_0.75_90_noinvroll.nc
    wildcards: country=DE, buses=20, transmission_limit=1.5, contingency=wind, reductionto=0.75, duration=90, model=noinv
    resources: tmpdir=C:\Users\Jeremy\AppData\Local\Temp

[Fri May 31 22:53:14 2024]
Finished job 54.
52 of 61 steps (85%) done
Select jobs to execute...

[Fri May 31 22:53:14 2024]
rule dynamic_solve:
    input: resources/DE_20_1.5_base_solved.nc
    output: resources/DE_20_1.5_wind_0.5_270_inv.nc, results/DE_20_1.5_wind_0.5_270_invroll.nc
    jobid: 44
    reason: Missing output files: results/DE_20_1.5_wind_0.5_270_invroll.nc
    wildcards: country=DE, buses=20, transmission_limit=1.5, contingency=wind, reductionto=0.5, duration=270, model=inv
    resources: tmpdir=C:\Users\Jeremy\AppData\Local\Temp

[Fri May 31 22:53:14 2024]
Finished job 44.
53 of 61 steps (87%) done
Select jobs to execute...

[Fri May 31 22:53:14 2024]
rule dynamic_solve:
    input: resources/DE_20_1.5_base_solved.nc
    output: resources/DE_20_1.5_pv_0_90_inv.nc, results/DE_20_1.5_pv_0_90_invroll.nc
    jobid: 32
    reason: Missing output files: results/DE_20_1.5_pv_0_90_invroll.nc
    wildcards: country=DE, buses=20, transmission_limit=1.5, contingency=pv, reductionto=0, duration=90, model=inv
    resources: tmpdir=C:\Users\Jeremy\AppData\Local\Temp

[Fri May 31 22:53:14 2024]
Finished job 32.
54 of 61 steps (89%) done
Select jobs to execute...

[Fri May 31 22:53:14 2024]
rule dynamic_solve:
    input: resources/DE_20_1.5_base_solved.nc
    output: resources/DE_20_1.5_wind_0.75_180_inv.nc, results/DE_20_1.5_wind_0.75_180_invroll.nc
    jobid: 40
    reason: Missing output files: results/DE_20_1.5_wind_0.75_180_invroll.nc
    wildcards: country=DE, buses=20, transmission_limit=1.5, contingency=wind, reductionto=0.75, duration=180, model=inv
    resources: tmpdir=C:\Users\Jeremy\AppData\Local\Temp

[Fri May 31 22:53:14 2024]
Finished job 40.
55 of 61 steps (90%) done
Select jobs to execute...

[Fri May 31 22:53:14 2024]
rule dynamic_solve:
    input: resources/DE_20_1.5_base_solved.nc
    output: resources/DE_20_1.5_wind_0.25_90_inv.nc, results/DE_20_1.5_wind_0.25_90_invroll.nc
    jobid: 45
    reason: Missing output files: results/DE_20_1.5_wind_0.25_90_invroll.nc
    wildcards: country=DE, buses=20, transmission_limit=1.5, contingency=wind, reductionto=0.25, duration=90, model=inv
    resources: tmpdir=C:\Users\Jeremy\AppData\Local\Temp

[Fri May 31 22:53:14 2024]
Finished job 45.
56 of 61 steps (92%) done
Select jobs to execute...

[Fri May 31 22:53:14 2024]
rule dynamic_solve:
    input: resources/DE_20_1.5_base_solved.nc
    output: resources/DE_20_1.5_wind_0.5_180_noinv.nc, results/DE_20_1.5_wind_0.5_180_noinvroll.nc
    jobid: 58
    reason: Missing output files: results/DE_20_1.5_wind_0.5_180_noinvroll.nc
    wildcards: country=DE, buses=20, transmission_limit=1.5, contingency=wind, reductionto=0.5, duration=180, model=noinv
    resources: tmpdir=C:\Users\Jeremy\AppData\Local\Temp

[Fri May 31 22:53:14 2024]
Finished job 58.
57 of 61 steps (93%) done
Select jobs to execute...

[Fri May 31 22:53:14 2024]
rule dynamic_solve:
    input: resources/DE_20_1.5_base_solved.nc
    output: resources/DE_20_1.5_pv_0.0_90_noinv.nc, results/DE_20_1.5_pv_0.0_90_noinvroll.nc
    jobid: 51
    reason: Missing output files: results/DE_20_1.5_pv_0.0_90_noinvroll.nc
    wildcards: country=DE, buses=20, transmission_limit=1.5, contingency=pv, reductionto=0.0, duration=90, model=noinv
    resources: tmpdir=C:\Users\Jeremy\AppData\Local\Temp

[Fri May 31 22:53:14 2024]
Finished job 51.
58 of 61 steps (95%) done
Select jobs to execute...

[Fri May 31 22:53:14 2024]
rule dynamic_solve:
    input: resources/DE_20_1.5_base_solved.nc
    output: resources/DE_20_1.5_wind_0.25_90_noinv.nc, results/DE_20_1.5_wind_0.25_90_noinvroll.nc
    jobid: 60
    reason: Missing output files: results/DE_20_1.5_wind_0.25_90_noinvroll.nc
    wildcards: country=DE, buses=20, transmission_limit=1.5, contingency=wind, reductionto=0.25, duration=90, model=noinv
    resources: tmpdir=C:\Users\Jeremy\AppData\Local\Temp

[Fri May 31 22:53:14 2024]
Finished job 60.
59 of 61 steps (97%) done
Select jobs to execute...

[Fri May 31 22:53:14 2024]
rule dynamic_solve:
    input: resources/DE_20_1.5_base_solved.nc
    output: resources/DE_20_1.5_pv_0.0_270_noinv.nc, results/DE_20_1.5_pv_0.0_270_noinvroll.nc
    jobid: 53
    reason: Missing output files: results/DE_20_1.5_pv_0.0_270_noinvroll.nc
    wildcards: country=DE, buses=20, transmission_limit=1.5, contingency=pv, reductionto=0.0, duration=270, model=noinv
    resources: tmpdir=C:\Users\Jeremy\AppData\Local\Temp

[Fri May 31 22:53:14 2024]
Finished job 53.
60 of 61 steps (98%) done
Select jobs to execute...

[Fri May 31 22:53:14 2024]
localrule all:
    input: results/DE_20_1.0_pv_0_90_invroll.nc, results/DE_20_1.0_pv_0_180_invroll.nc, results/DE_20_1.0_pv_0_270_invroll.nc, results/DE_20_1.0_pv_0_90_invroll.nc, results/DE_20_1.0_pv_0_180_invroll.nc, results/DE_20_1.0_pv_0_270_invroll.nc, results/DE_20_1.0_pv_0.0_90_invroll.nc, results/DE_20_1.0_pv_0.0_180_invroll.nc, results/DE_20_1.0_pv_0.0_270_invroll.nc, results/DE_20_1.0_wind_0.75_90_invroll.nc, results/DE_20_1.0_wind_0.75_180_invroll.nc, results/DE_20_1.0_wind_0.75_270_invroll.nc, results/DE_20_1.0_wind_0.5_90_invroll.nc, results/DE_20_1.0_wind_0.5_180_invroll.nc, results/DE_20_1.0_wind_0.5_270_invroll.nc, results/DE_20_1.0_wind_0.25_90_invroll.nc, results/DE_20_1.0_wind_0.25_180_invroll.nc, results/DE_20_1.0_wind_0.25_270_invroll.nc, results/DE_20_1.0_pv_0_90_noinvroll.nc, results/DE_20_1.0_pv_0_180_noinvroll.nc, results/DE_20_1.0_pv_0_270_noinvroll.nc, results/DE_20_1.0_pv_0_90_noinvroll.nc, results/DE_20_1.0_pv_0_180_noinvroll.nc, results/DE_20_1.0_pv_0_270_noinvroll.nc, results/DE_20_1.0_pv_0.0_90_noinvroll.nc, results/DE_20_1.0_pv_0.0_180_noinvroll.nc, results/DE_20_1.0_pv_0.0_270_noinvroll.nc, results/DE_20_1.0_wind_0.75_90_noinvroll.nc, results/DE_20_1.0_wind_0.75_180_noinvroll.nc, results/DE_20_1.0_wind_0.75_270_noinvroll.nc, results/DE_20_1.0_wind_0.5_90_noinvroll.nc, results/DE_20_1.0_wind_0.5_180_noinvroll.nc, results/DE_20_1.0_wind_0.5_270_noinvroll.nc, results/DE_20_1.0_wind_0.25_90_noinvroll.nc, results/DE_20_1.0_wind_0.25_180_noinvroll.nc, results/DE_20_1.0_wind_0.25_270_noinvroll.nc, results/DE_20_1.5_pv_0_90_invroll.nc, results/DE_20_1.5_pv_0_180_invroll.nc, results/DE_20_1.5_pv_0_270_invroll.nc, results/DE_20_1.5_pv_0_90_invroll.nc, results/DE_20_1.5_pv_0_180_invroll.nc, results/DE_20_1.5_pv_0_270_invroll.nc, results/DE_20_1.5_pv_0.0_90_invroll.nc, results/DE_20_1.5_pv_0.0_180_invroll.nc, results/DE_20_1.5_pv_0.0_270_invroll.nc, results/DE_20_1.5_wind_0.75_90_invroll.nc, results/DE_20_1.5_wind_0.75_180_invroll.nc, results/DE_20_1.5_wind_0.75_270_invroll.nc, results/DE_20_1.5_wind_0.5_90_invroll.nc, results/DE_20_1.5_wind_0.5_180_invroll.nc, results/DE_20_1.5_wind_0.5_270_invroll.nc, results/DE_20_1.5_wind_0.25_90_invroll.nc, results/DE_20_1.5_wind_0.25_180_invroll.nc, results/DE_20_1.5_wind_0.25_270_invroll.nc, results/DE_20_1.5_pv_0_90_noinvroll.nc, results/DE_20_1.5_pv_0_180_noinvroll.nc, results/DE_20_1.5_pv_0_270_noinvroll.nc, results/DE_20_1.5_pv_0_90_noinvroll.nc, results/DE_20_1.5_pv_0_180_noinvroll.nc, results/DE_20_1.5_pv_0_270_noinvroll.nc, results/DE_20_1.5_pv_0.0_90_noinvroll.nc, results/DE_20_1.5_pv_0.0_180_noinvroll.nc, results/DE_20_1.5_pv_0.0_270_noinvroll.nc, results/DE_20_1.5_wind_0.75_90_noinvroll.nc, results/DE_20_1.5_wind_0.75_180_noinvroll.nc, results/DE_20_1.5_wind_0.75_270_noinvroll.nc, results/DE_20_1.5_wind_0.5_90_noinvroll.nc, results/DE_20_1.5_wind_0.5_180_noinvroll.nc, results/DE_20_1.5_wind_0.5_270_noinvroll.nc, results/DE_20_1.5_wind_0.25_90_noinvroll.nc, results/DE_20_1.5_wind_0.25_180_noinvroll.nc, results/DE_20_1.5_wind_0.25_270_noinvroll.nc
    jobid: 0
    reason: Input files updated by another job: results/DE_20_1.5_wind_0.75_180_noinvroll.nc, results/DE_20_1.0_wind_0.25_90_invroll.nc, results/DE_20_1.5_pv_0.0_90_noinvroll.nc, results/DE_20_1.0_pv_0.0_180_invroll.nc, results/DE_20_1.5_pv_0_90_invroll.nc, results/DE_20_1.0_pv_0_270_invroll.nc, results/DE_20_1.5_pv_0.0_270_invroll.nc, results/DE_20_1.5_wind_0.25_180_invroll.nc, results/DE_20_1.0_pv_0_90_invroll.nc, results/DE_20_1.0_pv_0.0_90_noinvroll.nc, results/DE_20_1.5_wind_0.5_270_invroll.nc, results/DE_20_1.0_wind_0.5_270_noinvroll.nc, results/DE_20_1.0_wind_0.75_180_noinvroll.nc, results/DE_20_1.0_wind_0.75_270_noinvroll.nc, results/DE_20_1.5_pv_0_180_invroll.nc, results/DE_20_1.5_pv_0.0_180_noinvroll.nc, results/DE_20_1.0_wind_0.75_180_invroll.nc, results/DE_20_1.5_pv_0_180_noinvroll.nc, results/DE_20_1.5_wind_0.5_90_noinvroll.nc, results/DE_20_1.0_wind_0.75_90_invroll.nc, results/DE_20_1.0_wind_0.5_90_invroll.nc, results/DE_20_1.5_wind_0.25_180_noinvroll.nc, results/DE_20_1.5_wind_0.5_270_noinvroll.nc, results/DE_20_1.5_wind_0.75_90_invroll.nc, results/DE_20_1.5_wind_0.75_270_noinvroll.nc, results/DE_20_1.0_pv_0_180_invroll.nc, results/DE_20_1.5_pv_0.0_90_invroll.nc, results/DE_20_1.5_wind_0.25_90_noinvroll.nc, results/DE_20_1.0_pv_0.0_270_noinvroll.nc, results/DE_20_1.0_wind_0.25_270_noinvroll.nc, results/DE_20_1.5_pv_0_270_noinvroll.nc, results/DE_20_1.5_pv_0.0_180_invroll.nc, results/DE_20_1.5_wind_0.5_180_noinvroll.nc, results/DE_20_1.0_wind_0.75_90_noinvroll.nc, results/DE_20_1.5_pv_0.0_270_noinvroll.nc, results/DE_20_1.0_pv_0.0_270_invroll.nc, results/DE_20_1.0_pv_0_90_noinvroll.nc, results/DE_20_1.0_wind_0.25_270_invroll.nc, results/DE_20_1.0_wind_0.5_180_noinvroll.nc, results/DE_20_1.5_wind_0.25_270_invroll.nc, results/DE_20_1.5_wind_0.75_90_noinvroll.nc, results/DE_20_1.0_wind_0.5_270_invroll.nc, results/DE_20_1.5_wind_0.75_270_invroll.nc, results/DE_20_1.5_wind_0.5_90_invroll.nc, results/DE_20_1.5_wind_0.75_180_invroll.nc, results/DE_20_1.5_wind_0.5_180_invroll.nc, results/DE_20_1.0_pv_0.0_180_noinvroll.nc, results/DE_20_1.0_pv_0.0_90_invroll.nc, results/DE_20_1.5_wind_0.25_90_invroll.nc, results/DE_20_1.0_wind_0.5_180_invroll.nc, results/DE_20_1.0_wind_0.25_90_noinvroll.nc, results/DE_20_1.0_wind_0.75_270_invroll.nc, results/DE_20_1.0_pv_0_180_noinvroll.nc, results/DE_20_1.0_wind_0.5_90_noinvroll.nc, results/DE_20_1.5_pv_0_270_invroll.nc, results/DE_20_1.0_wind_0.25_180_invroll.nc, results/DE_20_1.5_pv_0_90_noinvroll.nc, results/DE_20_1.5_wind_0.25_270_noinvroll.nc, results/DE_20_1.0_wind_0.25_180_noinvroll.nc, results/DE_20_1.0_pv_0_270_noinvroll.nc
    resources: tmpdir=C:\Users\Jeremy\AppData\Local\Temp

[Fri May 31 22:53:14 2024]
Finished job 0.
61 of 61 steps (100%) done
Complete log: .snakemake\log\2024-05-31T225311.505917.snakemake.log
