Building DAG of jobs...
Provided cores: 1 (use --cores to define parallelism)
Rules claiming more threads will be scaled down.
Job stats:
job           count
----------  -------
all               1
solve_base        1
total             2

Select jobs to execute...

[Fri May 24 13:44:37 2024]
rule solve_base:
    input: resources/DE_20_1.0_base.nc
    output: results/DE_20_1.0_base_solved.nc
    jobid: 1
    reason: Missing output files: results/DE_20_1.0_base_solved.nc
    wildcards: country=DE, buses=20, transmission_limit=1.0
    resources: tmpdir=C:\Users\Jeremy\AppData\Local\Temp

[Fri May 24 13:44:42 2024]
Error in rule solve_base:
    jobid: 1
    input: resources/DE_20_1.0_base.nc
    output: results/DE_20_1.0_base_solved.nc

RuleException:
CalledProcessError in file C:\Users\Jeremy\Documents\MasterThesis\Models\Snakefile, line 39:
Command 'python scripts/solve_base.py resources/DE_20_1.0_base.nc results/DE_20_1.0_base_solved.nc' returned non-zero exit status 1.
  File "C:\Users\Jeremy\Documents\MasterThesis\Models\Snakefile", line 39, in __rule_solve_base
  File "C:\Users\Jeremy\anaconda3\envs\pypsa-eur\Lib\concurrent\futures\thread.py", line 58, in run
Shutting down, this might take some time.
Exiting because a job execution failed. Look above for error message
Complete log: .snakemake\log\2024-05-24T134436.560744.snakemake.log
